ARM GAS  C:\Users\Gemma\AppData\Local\Temp\ccKGFMoU.s 			page 1


   1              		.syntax unified
   2              		.cpu cortex-m3
   3              		.fpu softvfp
   4              		.eabi_attribute 20, 1
   5              		.eabi_attribute 21, 1
   6              		.eabi_attribute 23, 3
   7              		.eabi_attribute 24, 1
   8              		.eabi_attribute 25, 1
   9              		.eabi_attribute 26, 1
  10              		.eabi_attribute 30, 1
  11              		.eabi_attribute 34, 1
  12              		.eabi_attribute 18, 4
  13              		.thumb
  14              		.syntax unified
  15              		.file	"cymetadata.c"
  16              		.text
  17              	.Ltext0:
  18              		.cfi_sections	.debug_frame
  19              		.global	cy_metadata
  20              		.global	cy_meta_flashprotect
  21              		.global	cy_meta_wonvl
  22              		.global	cy_meta_custnvl
  23              		.global	cy_meta_configecc
  24              		.section	.cyconfigecc,"a",%progbits
  25              		.align	2
  26              		.type	cy_meta_configecc, %object
  27              		.size	cy_meta_configecc, 1396
  28              	cy_meta_configecc:
  29 0000 01       		.byte	1
  30 0001 64       		.byte	100
  31 0002 00       		.byte	0
  32 0003 40       		.byte	64
  33 0004 03       		.byte	3
  34 0005 65       		.byte	101
  35 0006 00       		.byte	0
  36 0007 40       		.byte	64
  37 0008 01       		.byte	1
  38 0009 05       		.byte	5
  39 000a 01       		.byte	1
  40 000b 40       		.byte	64
  41 000c 65       		.byte	101
  42 000d 08       		.byte	8
  43 000e 01       		.byte	1
  44 000f 40       		.byte	64
  45 0010 49       		.byte	73
  46 0011 09       		.byte	9
  47 0012 01       		.byte	1
  48 0013 40       		.byte	64
  49 0014 2C       		.byte	44
  50 0015 0A       		.byte	10
  51 0016 01       		.byte	1
  52 0017 40       		.byte	64
  53 0018 34       		.byte	52
  54 0019 0B       		.byte	11
  55 001a 01       		.byte	1
  56 001b 40       		.byte	64
  57 001c 4C       		.byte	76
ARM GAS  C:\Users\Gemma\AppData\Local\Temp\ccKGFMoU.s 			page 2


  58 001d 18       		.byte	24
  59 001e 01       		.byte	1
  60 001f 40       		.byte	64
  61 0020 40       		.byte	64
  62 0021 19       		.byte	25
  63 0022 01       		.byte	1
  64 0023 40       		.byte	64
  65 0024 48       		.byte	72
  66 0025 1A       		.byte	26
  67 0026 01       		.byte	1
  68 0027 40       		.byte	64
  69 0028 46       		.byte	70
  70 0029 1B       		.byte	27
  71 002a 01       		.byte	1
  72 002b 40       		.byte	64
  73 002c 03       		.byte	3
  74 002d 42       		.byte	66
  75 002e 01       		.byte	1
  76 002f 40       		.byte	64
  77 0030 02       		.byte	2
  78 0031 44       		.byte	68
  79 0032 01       		.byte	1
  80 0033 40       		.byte	64
  81 0034 01       		.byte	1
  82 0035 45       		.byte	69
  83 0036 01       		.byte	1
  84 0037 40       		.byte	64
  85 0038 01       		.byte	1
  86 0039 46       		.byte	70
  87 003a 01       		.byte	1
  88 003b 40       		.byte	64
  89 003c 01       		.byte	1
  90 003d 47       		.byte	71
  91 003e 01       		.byte	1
  92 003f 40       		.byte	64
  93 0040 02       		.byte	2
  94 0041 4C       		.byte	76
  95 0042 01       		.byte	1
  96 0043 40       		.byte	64
  97 0044 0A       		.byte	10
  98 0045 4D       		.byte	77
  99 0046 01       		.byte	1
 100 0047 40       		.byte	64
 101 0048 04       		.byte	4
 102 0049 50       		.byte	80
 103 004a 01       		.byte	1
 104 004b 40       		.byte	64
 105 004c 8A       		.byte	-118
 106 004d 0F       		.byte	15
 107 004e 89       		.byte	-119
 108 004f 72       		.byte	114
 109 0050 8A       		.byte	-118
 110 0051 38       		.byte	56
 111 0052 8B       		.byte	-117
 112 0053 1F       		.byte	31
 113 0054 E2       		.byte	-30
 114 0055 40       		.byte	64
ARM GAS  C:\Users\Gemma\AppData\Local\Temp\ccKGFMoU.s 			page 3


 115 0056 04       		.byte	4
 116 0057 4C       		.byte	76
 117 0058 06       		.byte	6
 118 0059 33       		.byte	51
 119 005a 0C       		.byte	12
 120 005b 1D       		.byte	29
 121 005c 0E       		.byte	14
 122 005d 60       		.byte	96
 123 005e 16       		.byte	22
 124 005f 02       		.byte	2
 125 0060 1C       		.byte	28
 126 0061 10       		.byte	16
 127 0062 1E       		.byte	30
 128 0063 68       		.byte	104
 129 0064 24       		.byte	36
 130 0065 2C       		.byte	44
 131 0066 26       		.byte	38
 132 0067 53       		.byte	83
 133 0068 27       		.byte	39
 134 0069 02       		.byte	2
 135 006a 2B       		.byte	43
 136 006b 01       		.byte	1
 137 006c 2F       		.byte	47
 138 006d 02       		.byte	2
 139 006e 30       		.byte	48
 140 006f 04       		.byte	4
 141 0070 31       		.byte	49
 142 0071 03       		.byte	3
 143 0072 32       		.byte	50
 144 0073 03       		.byte	3
 145 0074 36       		.byte	54
 146 0075 78       		.byte	120
 147 0076 3A       		.byte	58
 148 0077 80       		.byte	-128
 149 0078 3B       		.byte	59
 150 0079 20       		.byte	32
 151 007a 3E       		.byte	62
 152 007b 01       		.byte	1
 153 007c 3F       		.byte	63
 154 007d 01       		.byte	1
 155 007e 40       		.byte	64
 156 007f 25       		.byte	37
 157 0080 41       		.byte	65
 158 0081 03       		.byte	3
 159 0082 42       		.byte	66
 160 0083 06       		.byte	6
 161 0084 44       		.byte	68
 162 0085 01       		.byte	1
 163 0086 46       		.byte	70
 164 0087 C0       		.byte	-64
 165 0088 47       		.byte	71
 166 0089 E0       		.byte	-32
 167 008a 48       		.byte	72
 168 008b 28       		.byte	40
 169 008c 49       		.byte	73
 170 008d FF       		.byte	-1
 171 008e 4A       		.byte	74
ARM GAS  C:\Users\Gemma\AppData\Local\Temp\ccKGFMoU.s 			page 4


 172 008f FF       		.byte	-1
 173 0090 4B       		.byte	75
 174 0091 FF       		.byte	-1
 175 0092 4C       		.byte	76
 176 0093 62       		.byte	98
 177 0094 4D       		.byte	77
 178 0095 A0       		.byte	-96
 179 0096 4E       		.byte	78
 180 0097 F0       		.byte	-16
 181 0098 4F       		.byte	79
 182 0099 41       		.byte	65
 183 009a 50       		.byte	80
 184 009b 0C       		.byte	12
 185 009c 54       		.byte	84
 186 009d 09       		.byte	9
 187 009e 58       		.byte	88
 188 009f 04       		.byte	4
 189 00a0 59       		.byte	89
 190 00a1 04       		.byte	4
 191 00a2 5A       		.byte	90
 192 00a3 04       		.byte	4
 193 00a4 5B       		.byte	91
 194 00a5 04       		.byte	4
 195 00a6 5C       		.byte	92
 196 00a7 10       		.byte	16
 197 00a8 5D       		.byte	93
 198 00a9 01       		.byte	1
 199 00aa 5F       		.byte	95
 200 00ab 01       		.byte	1
 201 00ac 66       		.byte	102
 202 00ad 40       		.byte	64
 203 00ae 67       		.byte	103
 204 00af 02       		.byte	2
 205 00b0 69       		.byte	105
 206 00b1 10       		.byte	16
 207 00b2 6A       		.byte	106
 208 00b3 30       		.byte	48
 209 00b4 6B       		.byte	107
 210 00b5 10       		.byte	16
 211 00b6 6D       		.byte	109
 212 00b7 10       		.byte	16
 213 00b8 6E       		.byte	110
 214 00b9 10       		.byte	16
 215 00ba 6F       		.byte	111
 216 00bb 12       		.byte	18
 217 00bc 84       		.byte	-124
 218 00bd 0C       		.byte	12
 219 00be 85       		.byte	-123
 220 00bf 13       		.byte	19
 221 00c0 86       		.byte	-122
 222 00c1 71       		.byte	113
 223 00c2 87       		.byte	-121
 224 00c3 E4       		.byte	-28
 225 00c4 8C       		.byte	-116
 226 00c5 DC       		.byte	-36
 227 00c6 8D       		.byte	-115
 228 00c7 CA       		.byte	-54
ARM GAS  C:\Users\Gemma\AppData\Local\Temp\ccKGFMoU.s 			page 5


 229 00c8 8E       		.byte	-114
 230 00c9 22       		.byte	34
 231 00ca 8F       		.byte	-113
 232 00cb 34       		.byte	52
 233 00cc 92       		.byte	-110
 234 00cd 03       		.byte	3
 235 00ce 94       		.byte	-108
 236 00cf 14       		.byte	20
 237 00d0 95       		.byte	-107
 238 00d1 13       		.byte	19
 239 00d2 97       		.byte	-105
 240 00d3 6C       		.byte	108
 241 00d4 99       		.byte	-103
 242 00d5 03       		.byte	3
 243 00d6 9B       		.byte	-101
 244 00d7 04       		.byte	4
 245 00d8 9C       		.byte	-100
 246 00d9 09       		.byte	9
 247 00da 9E       		.byte	-98
 248 00db D0       		.byte	-48
 249 00dc A2       		.byte	-94
 250 00dd 20       		.byte	32
 251 00de A3       		.byte	-93
 252 00df C8       		.byte	-56
 253 00e0 A4       		.byte	-92
 254 00e1 10       		.byte	16
 255 00e2 A6       		.byte	-90
 256 00e3 40       		.byte	64
 257 00e4 A7       		.byte	-89
 258 00e5 80       		.byte	-128
 259 00e6 A8       		.byte	-88
 260 00e7 10       		.byte	16
 261 00e8 AA       		.byte	-86
 262 00e9 AC       		.byte	-84
 263 00ea AF       		.byte	-81
 264 00eb 35       		.byte	53
 265 00ec B0       		.byte	-80
 266 00ed 1F       		.byte	31
 267 00ee B1       		.byte	-79
 268 00ef F0       		.byte	-16
 269 00f0 B3       		.byte	-77
 270 00f1 0F       		.byte	15
 271 00f2 B4       		.byte	-76
 272 00f3 E0       		.byte	-32
 273 00f4 BA       		.byte	-70
 274 00f5 20       		.byte	32
 275 00f6 BB       		.byte	-69
 276 00f7 0A       		.byte	10
 277 00f8 C0       		.byte	-64
 278 00f9 34       		.byte	52
 279 00fa C1       		.byte	-63
 280 00fb 02       		.byte	2
 281 00fc C6       		.byte	-58
 282 00fd C0       		.byte	-64
 283 00fe C7       		.byte	-57
 284 00ff EB       		.byte	-21
 285 0100 C8       		.byte	-56
ARM GAS  C:\Users\Gemma\AppData\Local\Temp\ccKGFMoU.s 			page 6


 286 0101 38       		.byte	56
 287 0102 C9       		.byte	-55
 288 0103 FF       		.byte	-1
 289 0104 CA       		.byte	-54
 290 0105 FF       		.byte	-1
 291 0106 CB       		.byte	-53
 292 0107 FF       		.byte	-1
 293 0108 CE       		.byte	-50
 294 0109 F0       		.byte	-16
 295 010a CF       		.byte	-49
 296 010b 44       		.byte	68
 297 010c D0       		.byte	-48
 298 010d 0C       		.byte	12
 299 010e D8       		.byte	-40
 300 010f 04       		.byte	4
 301 0110 D9       		.byte	-39
 302 0111 04       		.byte	4
 303 0112 DA       		.byte	-38
 304 0113 04       		.byte	4
 305 0114 DC       		.byte	-36
 306 0115 11       		.byte	17
 307 0116 DD       		.byte	-35
 308 0117 01       		.byte	1
 309 0118 DF       		.byte	-33
 310 0119 01       		.byte	1
 311 011a E6       		.byte	-26
 312 011b C0       		.byte	-64
 313 011c EA       		.byte	-22
 314 011d 40       		.byte	64
 315 011e EB       		.byte	-21
 316 011f 02       		.byte	2
 317 0120 00       		.byte	0
 318 0121 84       		.byte	-124
 319 0122 05       		.byte	5
 320 0123 04       		.byte	4
 321 0124 07       		.byte	7
 322 0125 01       		.byte	1
 323 0126 08       		.byte	8
 324 0127 42       		.byte	66
 325 0128 09       		.byte	9
 326 0129 08       		.byte	8
 327 012a 0A       		.byte	10
 328 012b 41       		.byte	65
 329 012c 0D       		.byte	13
 330 012d 80       		.byte	-128
 331 012e 0E       		.byte	14
 332 012f 10       		.byte	16
 333 0130 10       		.byte	16
 334 0131 10       		.byte	16
 335 0132 12       		.byte	18
 336 0133 48       		.byte	72
 337 0134 17       		.byte	23
 338 0135 04       		.byte	4
 339 0136 18       		.byte	24
 340 0137 04       		.byte	4
 341 0138 1A       		.byte	26
 342 0139 40       		.byte	64
ARM GAS  C:\Users\Gemma\AppData\Local\Temp\ccKGFMoU.s 			page 7


 343 013a 1D       		.byte	29
 344 013b 80       		.byte	-128
 345 013c 1E       		.byte	30
 346 013d 10       		.byte	16
 347 013e 1F       		.byte	31
 348 013f 41       		.byte	65
 349 0140 20       		.byte	32
 350 0141 A0       		.byte	-96
 351 0142 21       		.byte	33
 352 0143 04       		.byte	4
 353 0144 22       		.byte	34
 354 0145 08       		.byte	8
 355 0146 23       		.byte	35
 356 0147 40       		.byte	64
 357 0148 25       		.byte	37
 358 0149 20       		.byte	32
 359 014a 27       		.byte	39
 360 014b 48       		.byte	72
 361 014c 28       		.byte	40
 362 014d 50       		.byte	80
 363 014e 29       		.byte	41
 364 014f 08       		.byte	8
 365 0150 2A       		.byte	42
 366 0151 40       		.byte	64
 367 0152 2D       		.byte	45
 368 0153 80       		.byte	-128
 369 0154 2F       		.byte	47
 370 0155 14       		.byte	20
 371 0156 30       		.byte	48
 372 0157 20       		.byte	32
 373 0158 32       		.byte	50
 374 0159 08       		.byte	8
 375 015a 38       		.byte	56
 376 015b 04       		.byte	4
 377 015c 3B       		.byte	59
 378 015d 40       		.byte	64
 379 015e 40       		.byte	64
 380 015f 04       		.byte	4
 381 0160 41       		.byte	65
 382 0161 04       		.byte	4
 383 0162 42       		.byte	66
 384 0163 80       		.byte	-128
 385 0164 46       		.byte	70
 386 0165 C0       		.byte	-64
 387 0166 47       		.byte	71
 388 0167 68       		.byte	104
 389 0168 4D       		.byte	77
 390 0169 40       		.byte	64
 391 016a 4F       		.byte	79
 392 016b 20       		.byte	32
 393 016c 50       		.byte	80
 394 016d 20       		.byte	32
 395 016e 51       		.byte	81
 396 016f 08       		.byte	8
 397 0170 52       		.byte	82
 398 0171 02       		.byte	2
 399 0172 55       		.byte	85
ARM GAS  C:\Users\Gemma\AppData\Local\Temp\ccKGFMoU.s 			page 8


 400 0173 01       		.byte	1
 401 0174 56       		.byte	86
 402 0175 10       		.byte	16
 403 0176 5D       		.byte	93
 404 0177 15       		.byte	21
 405 0178 5E       		.byte	94
 406 0179 80       		.byte	-128
 407 017a 67       		.byte	103
 408 017b 02       		.byte	2
 409 017c 79       		.byte	121
 410 017d 40       		.byte	64
 411 017e 7B       		.byte	123
 412 017f 01       		.byte	1
 413 0180 91       		.byte	-111
 414 0181 15       		.byte	21
 415 0182 92       		.byte	-110
 416 0183 01       		.byte	1
 417 0184 94       		.byte	-108
 418 0185 04       		.byte	4
 419 0186 99       		.byte	-103
 420 0187 24       		.byte	36
 421 0188 9A       		.byte	-102
 422 0189 09       		.byte	9
 423 018a 9B       		.byte	-101
 424 018b 05       		.byte	5
 425 018c 9C       		.byte	-100
 426 018d 20       		.byte	32
 427 018e 9E       		.byte	-98
 428 018f 42       		.byte	66
 429 0190 A4       		.byte	-92
 430 0191 F0       		.byte	-16
 431 0192 A5       		.byte	-91
 432 0193 40       		.byte	64
 433 0194 A6       		.byte	-90
 434 0195 06       		.byte	6
 435 0196 A7       		.byte	-89
 436 0197 0A       		.byte	10
 437 0198 A9       		.byte	-87
 438 0199 40       		.byte	64
 439 019a B6       		.byte	-74
 440 019b 48       		.byte	72
 441 019c C0       		.byte	-64
 442 019d A5       		.byte	-91
 443 019e C2       		.byte	-62
 444 019f AD       		.byte	-83
 445 01a0 C4       		.byte	-60
 446 01a1 2E       		.byte	46
 447 01a2 CA       		.byte	-54
 448 01a3 7B       		.byte	123
 449 01a4 CC       		.byte	-52
 450 01a5 06       		.byte	6
 451 01a6 CE       		.byte	-50
 452 01a7 0A       		.byte	10
 453 01a8 D0       		.byte	-48
 454 01a9 77       		.byte	119
 455 01aa D2       		.byte	-46
 456 01ab 30       		.byte	48
ARM GAS  C:\Users\Gemma\AppData\Local\Temp\ccKGFMoU.s 			page 9


 457 01ac D6       		.byte	-42
 458 01ad F0       		.byte	-16
 459 01ae D8       		.byte	-40
 460 01af 10       		.byte	16
 461 01b0 EA       		.byte	-22
 462 01b1 01       		.byte	1
 463 01b2 04       		.byte	4
 464 01b3 3A       		.byte	58
 465 01b4 08       		.byte	8
 466 01b5 3A       		.byte	58
 467 01b6 0C       		.byte	12
 468 01b7 10       		.byte	16
 469 01b8 0E       		.byte	14
 470 01b9 22       		.byte	34
 471 01ba 20       		.byte	32
 472 01bb 04       		.byte	4
 473 01bc 22       		.byte	34
 474 01bd 28       		.byte	40
 475 01be 26       		.byte	38
 476 01bf 20       		.byte	32
 477 01c0 2C       		.byte	44
 478 01c1 01       		.byte	1
 479 01c2 30       		.byte	48
 480 01c3 20       		.byte	32
 481 01c4 32       		.byte	50
 482 01c5 01       		.byte	1
 483 01c6 34       		.byte	52
 484 01c7 18       		.byte	24
 485 01c8 36       		.byte	54
 486 01c9 06       		.byte	6
 487 01ca 38       		.byte	56
 488 01cb A0       		.byte	-96
 489 01cc 3E       		.byte	62
 490 01cd 15       		.byte	21
 491 01ce 40       		.byte	64
 492 01cf 25       		.byte	37
 493 01d0 41       		.byte	65
 494 01d1 04       		.byte	4
 495 01d2 42       		.byte	66
 496 01d3 30       		.byte	48
 497 01d4 44       		.byte	68
 498 01d5 01       		.byte	1
 499 01d6 49       		.byte	73
 500 01d7 FF       		.byte	-1
 501 01d8 4A       		.byte	74
 502 01d9 FF       		.byte	-1
 503 01da 4B       		.byte	75
 504 01db FF       		.byte	-1
 505 01dc 4C       		.byte	76
 506 01dd 02       		.byte	2
 507 01de 4E       		.byte	78
 508 01df 70       		.byte	112
 509 01e0 4F       		.byte	79
 510 01e1 08       		.byte	8
 511 01e2 50       		.byte	80
 512 01e3 04       		.byte	4
 513 01e4 54       		.byte	84
ARM GAS  C:\Users\Gemma\AppData\Local\Temp\ccKGFMoU.s 			page 10


 514 01e5 01       		.byte	1
 515 01e6 58       		.byte	88
 516 01e7 04       		.byte	4
 517 01e8 5A       		.byte	90
 518 01e9 04       		.byte	4
 519 01ea 5B       		.byte	91
 520 01eb 04       		.byte	4
 521 01ec 5C       		.byte	92
 522 01ed 01       		.byte	1
 523 01ee 5D       		.byte	93
 524 01ef 10       		.byte	16
 525 01f0 5F       		.byte	95
 526 01f1 01       		.byte	1
 527 01f2 62       		.byte	98
 528 01f3 C0       		.byte	-64
 529 01f4 64       		.byte	100
 530 01f5 40       		.byte	64
 531 01f6 65       		.byte	101
 532 01f7 01       		.byte	1
 533 01f8 66       		.byte	102
 534 01f9 10       		.byte	16
 535 01fa 67       		.byte	103
 536 01fb 11       		.byte	17
 537 01fc 68       		.byte	104
 538 01fd C0       		.byte	-64
 539 01fe 69       		.byte	105
 540 01ff 01       		.byte	1
 541 0200 6B       		.byte	107
 542 0201 11       		.byte	17
 543 0202 6C       		.byte	108
 544 0203 40       		.byte	64
 545 0204 6D       		.byte	109
 546 0205 01       		.byte	1
 547 0206 6E       		.byte	110
 548 0207 40       		.byte	64
 549 0208 6F       		.byte	111
 550 0209 01       		.byte	1
 551 020a 00       		.byte	0
 552 020b A4       		.byte	-92
 553 020c 05       		.byte	5
 554 020d 14       		.byte	20
 555 020e 07       		.byte	7
 556 020f 01       		.byte	1
 557 0210 10       		.byte	16
 558 0211 31       		.byte	49
 559 0212 12       		.byte	18
 560 0213 42       		.byte	66
 561 0214 15       		.byte	21
 562 0215 10       		.byte	16
 563 0216 16       		.byte	22
 564 0217 04       		.byte	4
 565 0218 17       		.byte	23
 566 0219 04       		.byte	4
 567 021a 19       		.byte	25
 568 021b 28       		.byte	40
 569 021c 1A       		.byte	26
 570 021d 41       		.byte	65
ARM GAS  C:\Users\Gemma\AppData\Local\Temp\ccKGFMoU.s 			page 11


 571 021e 1D       		.byte	29
 572 021f 14       		.byte	20
 573 0220 1E       		.byte	30
 574 0221 20       		.byte	32
 575 0222 25       		.byte	37
 576 0223 38       		.byte	56
 577 0224 26       		.byte	38
 578 0225 08       		.byte	8
 579 0226 27       		.byte	39
 580 0227 05       		.byte	5
 581 0228 2C       		.byte	44
 582 0229 80       		.byte	-128
 583 022a 2F       		.byte	47
 584 022b 0A       		.byte	10
 585 022c 36       		.byte	54
 586 022d 14       		.byte	20
 587 022e 37       		.byte	55
 588 022f 01       		.byte	1
 589 0230 3D       		.byte	61
 590 0231 A8       		.byte	-88
 591 0232 3E       		.byte	62
 592 0233 02       		.byte	2
 593 0234 41       		.byte	65
 594 0235 E8       		.byte	-24
 595 0236 43       		.byte	67
 596 0237 01       		.byte	1
 597 0238 45       		.byte	69
 598 0239 A8       		.byte	-88
 599 023a 47       		.byte	71
 600 023b 01       		.byte	1
 601 023c 4A       		.byte	74
 602 023d 01       		.byte	1
 603 023e 4B       		.byte	75
 604 023f 40       		.byte	64
 605 0240 4D       		.byte	77
 606 0241 04       		.byte	4
 607 0242 4E       		.byte	78
 608 0243 40       		.byte	64
 609 0244 4F       		.byte	79
 610 0245 41       		.byte	65
 611 0246 55       		.byte	85
 612 0247 04       		.byte	4
 613 0248 56       		.byte	86
 614 0249 15       		.byte	21
 615 024a 58       		.byte	88
 616 024b 11       		.byte	17
 617 024c 59       		.byte	89
 618 024d 08       		.byte	8
 619 024e 5A       		.byte	90
 620 024f 40       		.byte	64
 621 0250 64       		.byte	100
 622 0251 20       		.byte	32
 623 0252 66       		.byte	102
 624 0253 10       		.byte	16
 625 0254 67       		.byte	103
 626 0255 01       		.byte	1
 627 0256 89       		.byte	-119
ARM GAS  C:\Users\Gemma\AppData\Local\Temp\ccKGFMoU.s 			page 12


 628 0257 01       		.byte	1
 629 0258 8A       		.byte	-118
 630 0259 08       		.byte	8
 631 025a 8D       		.byte	-115
 632 025b 14       		.byte	20
 633 025c 8E       		.byte	-114
 634 025d 01       		.byte	1
 635 025e C0       		.byte	-64
 636 025f E7       		.byte	-25
 637 0260 C4       		.byte	-60
 638 0261 6D       		.byte	109
 639 0262 CA       		.byte	-54
 640 0263 B0       		.byte	-80
 641 0264 CC       		.byte	-52
 642 0265 E0       		.byte	-32
 643 0266 CE       		.byte	-50
 644 0267 F0       		.byte	-16
 645 0268 D0       		.byte	-48
 646 0269 FF       		.byte	-1
 647 026a D2       		.byte	-46
 648 026b 18       		.byte	24
 649 026c D6       		.byte	-42
 650 026d 0F       		.byte	15
 651 026e D8       		.byte	-40
 652 026f 70       		.byte	112
 653 0270 E2       		.byte	-30
 654 0271 40       		.byte	64
 655 0272 00       		.byte	0
 656 0273 04       		.byte	4
 657 0274 04       		.byte	4
 658 0275 56       		.byte	86
 659 0276 06       		.byte	6
 660 0277 09       		.byte	9
 661 0278 08       		.byte	8
 662 0279 01       		.byte	1
 663 027a 0C       		.byte	12
 664 027b 04       		.byte	4
 665 027c 10       		.byte	16
 666 027d 04       		.byte	4
 667 027e 16       		.byte	22
 668 027f 04       		.byte	4
 669 0280 18       		.byte	24
 670 0281 04       		.byte	4
 671 0282 1C       		.byte	28
 672 0283 04       		.byte	4
 673 0284 20       		.byte	32
 674 0285 07       		.byte	7
 675 0286 22       		.byte	34
 676 0287 38       		.byte	56
 677 0288 24       		.byte	36
 678 0289 0A       		.byte	10
 679 028a 26       		.byte	38
 680 028b 10       		.byte	16
 681 028c 2C       		.byte	44
 682 028d 60       		.byte	96
 683 028e 30       		.byte	48
 684 028f 08       		.byte	8
ARM GAS  C:\Users\Gemma\AppData\Local\Temp\ccKGFMoU.s 			page 13


 685 0290 34       		.byte	52
 686 0291 7F       		.byte	127
 687 0292 38       		.byte	56
 688 0293 20       		.byte	32
 689 0294 3E       		.byte	62
 690 0295 01       		.byte	1
 691 0296 58       		.byte	88
 692 0297 04       		.byte	4
 693 0298 5F       		.byte	95
 694 0299 01       		.byte	1
 695 029a 81       		.byte	-127
 696 029b 08       		.byte	8
 697 029c 82       		.byte	-126
 698 029d 02       		.byte	2
 699 029e 85       		.byte	-123
 700 029f 63       		.byte	99
 701 02a0 86       		.byte	-122
 702 02a1 01       		.byte	1
 703 02a2 89       		.byte	-119
 704 02a3 0C       		.byte	12
 705 02a4 8C       		.byte	-116
 706 02a5 04       		.byte	4
 707 02a6 8D       		.byte	-115
 708 02a7 0F       		.byte	15
 709 02a8 8F       		.byte	-113
 710 02a9 60       		.byte	96
 711 02aa 91       		.byte	-111
 712 02ab 04       		.byte	4
 713 02ac 92       		.byte	-110
 714 02ad 01       		.byte	1
 715 02ae 94       		.byte	-108
 716 02af 01       		.byte	1
 717 02b0 95       		.byte	-107
 718 02b1 63       		.byte	99
 719 02b2 97       		.byte	-105
 720 02b3 0C       		.byte	12
 721 02b4 98       		.byte	-104
 722 02b5 01       		.byte	1
 723 02b6 99       		.byte	-103
 724 02b7 6F       		.byte	111
 725 02b8 9F       		.byte	-97
 726 02b9 63       		.byte	99
 727 02ba A1       		.byte	-95
 728 02bb 42       		.byte	66
 729 02bc A2       		.byte	-94
 730 02bd 02       		.byte	2
 731 02be A4       		.byte	-92
 732 02bf 04       		.byte	4
 733 02c0 A5       		.byte	-91
 734 02c1 0C       		.byte	12
 735 02c2 A7       		.byte	-89
 736 02c3 63       		.byte	99
 737 02c4 A8       		.byte	-88
 738 02c5 04       		.byte	4
 739 02c6 A9       		.byte	-87
 740 02c7 21       		.byte	33
 741 02c8 AB       		.byte	-85
ARM GAS  C:\Users\Gemma\AppData\Local\Temp\ccKGFMoU.s 			page 14


 742 02c9 10       		.byte	16
 743 02ca B0       		.byte	-80
 744 02cb 04       		.byte	4
 745 02cc B1       		.byte	-79
 746 02cd 60       		.byte	96
 747 02ce B3       		.byte	-77
 748 02cf 0F       		.byte	15
 749 02d0 B4       		.byte	-76
 750 02d1 02       		.byte	2
 751 02d2 B6       		.byte	-74
 752 02d3 01       		.byte	1
 753 02d4 B7       		.byte	-73
 754 02d5 10       		.byte	16
 755 02d6 B8       		.byte	-72
 756 02d7 80       		.byte	-128
 757 02d8 BB       		.byte	-69
 758 02d9 08       		.byte	8
 759 02da BE       		.byte	-66
 760 02db 10       		.byte	16
 761 02dc C0       		.byte	-64
 762 02dd 06       		.byte	6
 763 02de C5       		.byte	-59
 764 02df 04       		.byte	4
 765 02e0 C9       		.byte	-55
 766 02e1 FF       		.byte	-1
 767 02e2 CA       		.byte	-54
 768 02e3 07       		.byte	7
 769 02e4 CB       		.byte	-53
 770 02e5 FF       		.byte	-1
 771 02e6 CC       		.byte	-52
 772 02e7 40       		.byte	64
 773 02e8 CD       		.byte	-51
 774 02e9 20       		.byte	32
 775 02ea CE       		.byte	-50
 776 02eb F0       		.byte	-16
 777 02ec CF       		.byte	-49
 778 02ed 05       		.byte	5
 779 02ee D0       		.byte	-48
 780 02ef 08       		.byte	8
 781 02f0 D6       		.byte	-42
 782 02f1 02       		.byte	2
 783 02f2 D7       		.byte	-41
 784 02f3 10       		.byte	16
 785 02f4 D8       		.byte	-40
 786 02f5 04       		.byte	4
 787 02f6 D9       		.byte	-39
 788 02f7 04       		.byte	4
 789 02f8 DA       		.byte	-38
 790 02f9 04       		.byte	4
 791 02fa DB       		.byte	-37
 792 02fb 04       		.byte	4
 793 02fc DC       		.byte	-36
 794 02fd 11       		.byte	17
 795 02fe DD       		.byte	-35
 796 02ff 11       		.byte	17
 797 0300 DF       		.byte	-33
 798 0301 01       		.byte	1
ARM GAS  C:\Users\Gemma\AppData\Local\Temp\ccKGFMoU.s 			page 15


 799 0302 E0       		.byte	-32
 800 0303 40       		.byte	64
 801 0304 E1       		.byte	-31
 802 0305 A8       		.byte	-88
 803 0306 E2       		.byte	-30
 804 0307 40       		.byte	64
 805 0308 E3       		.byte	-29
 806 0309 20       		.byte	32
 807 030a 01       		.byte	1
 808 030b 40       		.byte	64
 809 030c 03       		.byte	3
 810 030d A0       		.byte	-96
 811 030e 04       		.byte	4
 812 030f 42       		.byte	66
 813 0310 05       		.byte	5
 814 0311 14       		.byte	20
 815 0312 07       		.byte	7
 816 0313 10       		.byte	16
 817 0314 09       		.byte	9
 818 0315 28       		.byte	40
 819 0316 0B       		.byte	11
 820 0317 40       		.byte	64
 821 0318 0C       		.byte	12
 822 0319 81       		.byte	-127
 823 031a 0E       		.byte	14
 824 031b 28       		.byte	40
 825 031c 11       		.byte	17
 826 031d 16       		.byte	22
 827 031e 16       		.byte	22
 828 031f 01       		.byte	1
 829 0320 17       		.byte	23
 830 0321 05       		.byte	5
 831 0322 18       		.byte	24
 832 0323 04       		.byte	4
 833 0324 1A       		.byte	26
 834 0325 C0       		.byte	-64
 835 0326 1B       		.byte	27
 836 0327 81       		.byte	-127
 837 0328 1D       		.byte	29
 838 0329 10       		.byte	16
 839 032a 1E       		.byte	30
 840 032b 80       		.byte	-128
 841 032c 21       		.byte	33
 842 032d 08       		.byte	8
 843 032e 22       		.byte	34
 844 032f 81       		.byte	-127
 845 0330 23       		.byte	35
 846 0331 20       		.byte	32
 847 0332 28       		.byte	40
 848 0333 80       		.byte	-128
 849 0334 2A       		.byte	42
 850 0335 20       		.byte	32
 851 0336 2B       		.byte	43
 852 0337 20       		.byte	32
 853 0338 31       		.byte	49
 854 0339 28       		.byte	40
 855 033a 32       		.byte	50
ARM GAS  C:\Users\Gemma\AppData\Local\Temp\ccKGFMoU.s 			page 16


 856 033b 42       		.byte	66
 857 033c 38       		.byte	56
 858 033d 80       		.byte	-128
 859 033e 3B       		.byte	59
 860 033f 59       		.byte	89
 861 0340 3C       		.byte	60
 862 0341 40       		.byte	64
 863 0342 3D       		.byte	61
 864 0343 80       		.byte	-128
 865 0344 44       		.byte	68
 866 0345 01       		.byte	1
 867 0346 46       		.byte	70
 868 0347 02       		.byte	2
 869 0348 49       		.byte	73
 870 0349 28       		.byte	40
 871 034a 52       		.byte	82
 872 034b 40       		.byte	64
 873 034c 59       		.byte	89
 874 034d 40       		.byte	64
 875 034e 69       		.byte	105
 876 034f 54       		.byte	84
 877 0350 71       		.byte	113
 878 0351 80       		.byte	-128
 879 0352 73       		.byte	115
 880 0353 15       		.byte	21
 881 0354 8A       		.byte	-118
 882 0355 02       		.byte	2
 883 0356 8B       		.byte	-117
 884 0357 04       		.byte	4
 885 0358 8E       		.byte	-114
 886 0359 10       		.byte	16
 887 035a 92       		.byte	-110
 888 035b 10       		.byte	16
 889 035c 93       		.byte	-109
 890 035d 80       		.byte	-128
 891 035e 97       		.byte	-105
 892 035f 28       		.byte	40
 893 0360 98       		.byte	-104
 894 0361 02       		.byte	2
 895 0362 99       		.byte	-103
 896 0363 24       		.byte	36
 897 0364 9A       		.byte	-102
 898 0365 19       		.byte	25
 899 0366 9B       		.byte	-101
 900 0367 05       		.byte	5
 901 0368 9C       		.byte	-100
 902 0369 20       		.byte	32
 903 036a 9D       		.byte	-99
 904 036b 88       		.byte	-120
 905 036c 9E       		.byte	-98
 906 036d 42       		.byte	66
 907 036e 9F       		.byte	-97
 908 036f 20       		.byte	32
 909 0370 A1       		.byte	-95
 910 0371 21       		.byte	33
 911 0372 A4       		.byte	-92
 912 0373 80       		.byte	-128
ARM GAS  C:\Users\Gemma\AppData\Local\Temp\ccKGFMoU.s 			page 17


 913 0374 A5       		.byte	-91
 914 0375 40       		.byte	64
 915 0376 A6       		.byte	-90
 916 0377 44       		.byte	68
 917 0378 A7       		.byte	-89
 918 0379 1B       		.byte	27
 919 037a C0       		.byte	-64
 920 037b FD       		.byte	-3
 921 037c C2       		.byte	-62
 922 037d FE       		.byte	-2
 923 037e C4       		.byte	-60
 924 037f BE       		.byte	-66
 925 0380 CA       		.byte	-54
 926 0381 07       		.byte	7
 927 0382 CC       		.byte	-52
 928 0383 0F       		.byte	15
 929 0384 CE       		.byte	-50
 930 0385 0F       		.byte	15
 931 0386 D2       		.byte	-46
 932 0387 04       		.byte	4
 933 0388 D6       		.byte	-42
 934 0389 08       		.byte	8
 935 038a 00       		.byte	0
 936 038b C6       		.byte	-58
 937 038c 02       		.byte	2
 938 038d 19       		.byte	25
 939 038e 04       		.byte	4
 940 038f CE       		.byte	-50
 941 0390 06       		.byte	6
 942 0391 21       		.byte	33
 943 0392 0B       		.byte	11
 944 0393 01       		.byte	1
 945 0394 0C       		.byte	12
 946 0395 40       		.byte	64
 947 0396 12       		.byte	18
 948 0397 39       		.byte	57
 949 0398 14       		.byte	20
 950 0399 F9       		.byte	-7
 951 039a 16       		.byte	22
 952 039b 06       		.byte	6
 953 039c 18       		.byte	24
 954 039d FF       		.byte	-1
 955 039e 1C       		.byte	28
 956 039f 04       		.byte	4
 957 03a0 22       		.byte	34
 958 03a1 40       		.byte	64
 959 03a2 24       		.byte	36
 960 03a3 02       		.byte	2
 961 03a4 27       		.byte	39
 962 03a5 01       		.byte	1
 963 03a6 28       		.byte	40
 964 03a7 06       		.byte	6
 965 03a8 2D       		.byte	45
 966 03a9 02       		.byte	2
 967 03aa 30       		.byte	48
 968 03ab 07       		.byte	7
 969 03ac 31       		.byte	49
ARM GAS  C:\Users\Gemma\AppData\Local\Temp\ccKGFMoU.s 			page 18


 970 03ad 01       		.byte	1
 971 03ae 32       		.byte	50
 972 03af 0E       		.byte	14
 973 03b0 33       		.byte	51
 974 03b1 02       		.byte	2
 975 03b2 34       		.byte	52
 976 03b3 76       		.byte	118
 977 03b4 36       		.byte	54
 978 03b5 80       		.byte	-128
 979 03b6 3A       		.byte	58
 980 03b7 22       		.byte	34
 981 03b8 3E       		.byte	62
 982 03b9 40       		.byte	64
 983 03ba 3F       		.byte	63
 984 03bb 05       		.byte	5
 985 03bc 54       		.byte	84
 986 03bd 18       		.byte	24
 987 03be 58       		.byte	88
 988 03bf 04       		.byte	4
 989 03c0 59       		.byte	89
 990 03c1 04       		.byte	4
 991 03c2 5B       		.byte	91
 992 03c3 04       		.byte	4
 993 03c4 5C       		.byte	92
 994 03c5 01       		.byte	1
 995 03c6 5D       		.byte	93
 996 03c7 10       		.byte	16
 997 03c8 5F       		.byte	95
 998 03c9 01       		.byte	1
 999 03ca 81       		.byte	-127
 1000 03cb EC       		.byte	-20
 1001 03cc 84       		.byte	-124
 1002 03cd 0A       		.byte	10
 1003 03ce 86       		.byte	-122
 1004 03cf 11       		.byte	17
 1005 03d0 87       		.byte	-121
 1006 03d1 80       		.byte	-128
 1007 03d2 89       		.byte	-119
 1008 03d3 10       		.byte	16
 1009 03d4 8B       		.byte	-117
 1010 03d5 68       		.byte	104
 1011 03d6 8D       		.byte	-115
 1012 03d7 01       		.byte	1
 1013 03d8 8F       		.byte	-113
 1014 03d9 06       		.byte	6
 1015 03da 91       		.byte	-111
 1016 03db 08       		.byte	8
 1017 03dc 93       		.byte	-109
 1018 03dd 13       		.byte	19
 1019 03de 94       		.byte	-108
 1020 03df 01       		.byte	1
 1021 03e0 95       		.byte	-107
 1022 03e1 11       		.byte	17
 1023 03e2 96       		.byte	-106
 1024 03e3 06       		.byte	6
 1025 03e4 97       		.byte	-105
 1026 03e5 26       		.byte	38
ARM GAS  C:\Users\Gemma\AppData\Local\Temp\ccKGFMoU.s 			page 19


 1027 03e6 98       		.byte	-104
 1028 03e7 14       		.byte	20
 1029 03e8 99       		.byte	-103
 1030 03e9 17       		.byte	23
 1031 03ea 9A       		.byte	-102
 1032 03eb 09       		.byte	9
 1033 03ec 9B       		.byte	-101
 1034 03ed 40       		.byte	64
 1035 03ee A1       		.byte	-95
 1036 03ef EC       		.byte	-20
 1037 03f0 A4       		.byte	-92
 1038 03f1 1F       		.byte	31
 1039 03f2 A5       		.byte	-91
 1040 03f3 EC       		.byte	-20
 1041 03f4 A8       		.byte	-88
 1042 03f5 1F       		.byte	31
 1043 03f6 A9       		.byte	-87
 1044 03f7 E8       		.byte	-24
 1045 03f8 AB       		.byte	-85
 1046 03f9 04       		.byte	4
 1047 03fa AD       		.byte	-83
 1048 03fb 6C       		.byte	108
 1049 03fc AF       		.byte	-81
 1050 03fd 80       		.byte	-128
 1051 03fe B2       		.byte	-78
 1052 03ff 07       		.byte	7
 1053 0400 B3       		.byte	-77
 1054 0401 80       		.byte	-128
 1055 0402 B4       		.byte	-76
 1056 0403 18       		.byte	24
 1057 0404 B5       		.byte	-75
 1058 0405 78       		.byte	120
 1059 0406 B7       		.byte	-73
 1060 0407 07       		.byte	7
 1061 0408 BB       		.byte	-69
 1062 0409 A0       		.byte	-96
 1063 040a BF       		.byte	-65
 1064 040b 04       		.byte	4
 1065 040c D6       		.byte	-42
 1066 040d 02       		.byte	2
 1067 040e D7       		.byte	-41
 1068 040f 2C       		.byte	44
 1069 0410 D8       		.byte	-40
 1070 0411 04       		.byte	4
 1071 0412 D9       		.byte	-39
 1072 0413 04       		.byte	4
 1073 0414 DB       		.byte	-37
 1074 0415 04       		.byte	4
 1075 0416 DC       		.byte	-36
 1076 0417 01       		.byte	1
 1077 0418 DF       		.byte	-33
 1078 0419 01       		.byte	1
 1079 041a 01       		.byte	1
 1080 041b 82       		.byte	-126
 1081 041c 03       		.byte	3
 1082 041d 20       		.byte	32
 1083 041e 06       		.byte	6
ARM GAS  C:\Users\Gemma\AppData\Local\Temp\ccKGFMoU.s 			page 20


 1084 041f 20       		.byte	32
 1085 0420 09       		.byte	9
 1086 0421 A8       		.byte	-88
 1087 0422 0A       		.byte	10
 1088 0423 40       		.byte	64
 1089 0424 0E       		.byte	14
 1090 0425 14       		.byte	20
 1091 0426 12       		.byte	18
 1092 0427 80       		.byte	-128
 1093 0428 13       		.byte	19
 1094 0429 14       		.byte	20
 1095 042a 15       		.byte	21
 1096 042b 14       		.byte	20
 1097 042c 18       		.byte	24
 1098 042d 80       		.byte	-128
 1099 042e 19       		.byte	25
 1100 042f 46       		.byte	70
 1101 0430 1B       		.byte	27
 1102 0431 20       		.byte	32
 1103 0432 1E       		.byte	30
 1104 0433 14       		.byte	20
 1105 0434 1F       		.byte	31
 1106 0435 14       		.byte	20
 1107 0436 22       		.byte	34
 1108 0437 08       		.byte	8
 1109 0438 23       		.byte	35
 1110 0439 40       		.byte	64
 1111 043a 25       		.byte	37
 1112 043b 54       		.byte	84
 1113 043c 28       		.byte	40
 1114 043d 02       		.byte	2
 1115 043e 29       		.byte	41
 1116 043f 04       		.byte	4
 1117 0440 2B       		.byte	43
 1118 0441 10       		.byte	16
 1119 0442 2C       		.byte	44
 1120 0443 20       		.byte	32
 1121 0444 2E       		.byte	46
 1122 0445 02       		.byte	2
 1123 0446 2F       		.byte	47
 1124 0447 0A       		.byte	10
 1125 0448 37       		.byte	55
 1126 0449 15       		.byte	21
 1127 044a 3A       		.byte	58
 1128 044b 50       		.byte	80
 1129 044c 3B       		.byte	59
 1130 044d 40       		.byte	64
 1131 044e 3D       		.byte	61
 1132 044f A0       		.byte	-96
 1133 0450 3E       		.byte	62
 1134 0451 09       		.byte	9
 1135 0452 44       		.byte	68
 1136 0453 20       		.byte	32
 1137 0454 45       		.byte	69
 1138 0455 04       		.byte	4
 1139 0456 5A       		.byte	90
 1140 0457 02       		.byte	2
ARM GAS  C:\Users\Gemma\AppData\Local\Temp\ccKGFMoU.s 			page 21


 1141 0458 60       		.byte	96
 1142 0459 04       		.byte	4
 1143 045a 62       		.byte	98
 1144 045b 40       		.byte	64
 1145 045c 67       		.byte	103
 1146 045d 80       		.byte	-128
 1147 045e 6C       		.byte	108
 1148 045f A1       		.byte	-95
 1149 0460 6E       		.byte	110
 1150 0461 29       		.byte	41
 1151 0462 6F       		.byte	111
 1152 0463 0A       		.byte	10
 1153 0464 76       		.byte	118
 1154 0465 02       		.byte	2
 1155 0466 86       		.byte	-122
 1156 0467 08       		.byte	8
 1157 0468 89       		.byte	-119
 1158 0469 80       		.byte	-128
 1159 046a 8A       		.byte	-118
 1160 046b 20       		.byte	32
 1161 046c 90       		.byte	-112
 1162 046d 04       		.byte	4
 1163 046e 91       		.byte	-111
 1164 046f 14       		.byte	20
 1165 0470 92       		.byte	-110
 1166 0471 42       		.byte	66
 1167 0472 93       		.byte	-109
 1168 0473 94       		.byte	-108
 1169 0474 94       		.byte	-108
 1170 0475 82       		.byte	-126
 1171 0476 97       		.byte	-105
 1172 0477 28       		.byte	40
 1173 0478 98       		.byte	-104
 1174 0479 02       		.byte	2
 1175 047a 9A       		.byte	-102
 1176 047b 18       		.byte	24
 1177 047c 9B       		.byte	-101
 1178 047d 15       		.byte	21
 1179 047e 9C       		.byte	-100
 1180 047f 20       		.byte	32
 1181 0480 9D       		.byte	-99
 1182 0481 C0       		.byte	-64
 1183 0482 9E       		.byte	-98
 1184 0483 22       		.byte	34
 1185 0484 A1       		.byte	-95
 1186 0485 A8       		.byte	-88
 1187 0486 A2       		.byte	-94
 1188 0487 80       		.byte	-128
 1189 0488 A4       		.byte	-92
 1190 0489 80       		.byte	-128
 1191 048a A5       		.byte	-91
 1192 048b 40       		.byte	64
 1193 048c A6       		.byte	-90
 1194 048d 14       		.byte	20
 1195 048e A7       		.byte	-89
 1196 048f 3A       		.byte	58
 1197 0490 B0       		.byte	-80
ARM GAS  C:\Users\Gemma\AppData\Local\Temp\ccKGFMoU.s 			page 22


 1198 0491 80       		.byte	-128
 1199 0492 B3       		.byte	-77
 1200 0493 10       		.byte	16
 1201 0494 C0       		.byte	-64
 1202 0495 2D       		.byte	45
 1203 0496 C2       		.byte	-62
 1204 0497 6F       		.byte	111
 1205 0498 C4       		.byte	-60
 1206 0499 6E       		.byte	110
 1207 049a CA       		.byte	-54
 1208 049b FA       		.byte	-6
 1209 049c CC       		.byte	-52
 1210 049d E0       		.byte	-32
 1211 049e CE       		.byte	-50
 1212 049f F4       		.byte	-12
 1213 04a0 D6       		.byte	-42
 1214 04a1 01       		.byte	1
 1215 04a2 D8       		.byte	-40
 1216 04a3 8C       		.byte	-116
 1217 04a4 E0       		.byte	-32
 1218 04a5 08       		.byte	8
 1219 04a6 52       		.byte	82
 1220 04a7 80       		.byte	-128
 1221 04a8 8E       		.byte	-114
 1222 04a9 80       		.byte	-128
 1223 04aa D4       		.byte	-44
 1224 04ab 20       		.byte	32
 1225 04ac 13       		.byte	19
 1226 04ad 01       		.byte	1
 1227 04ae C4       		.byte	-60
 1228 04af 08       		.byte	8
 1229 04b0 93       		.byte	-109
 1230 04b1 01       		.byte	1
 1231 04b2 93       		.byte	-109
 1232 04b3 01       		.byte	1
 1233 04b4 AB       		.byte	-85
 1234 04b5 01       		.byte	1
 1235 04b6 8C       		.byte	-116
 1236 04b7 08       		.byte	8
 1237 04b8 E4       		.byte	-28
 1238 04b9 08       		.byte	8
 1239 04ba 11       		.byte	17
 1240 04bb 01       		.byte	1
 1241 04bc 70       		.byte	112
 1242 04bd 08       		.byte	8
 1243 04be 76       		.byte	118
 1244 04bf 20       		.byte	32
 1245 04c0 86       		.byte	-122
 1246 04c1 20       		.byte	32
 1247 04c2 89       		.byte	-119
 1248 04c3 01       		.byte	1
 1249 04c4 A0       		.byte	-96
 1250 04c5 08       		.byte	8
 1251 04c6 C4       		.byte	-60
 1252 04c7 08       		.byte	8
 1253 04c8 DC       		.byte	-36
 1254 04c9 01       		.byte	1
ARM GAS  C:\Users\Gemma\AppData\Local\Temp\ccKGFMoU.s 			page 23


 1255 04ca DE       		.byte	-34
 1256 04cb 04       		.byte	4
 1257 04cc E6       		.byte	-26
 1258 04cd 01       		.byte	1
 1259 04ce 00       		.byte	0
 1260 04cf 03       		.byte	3
 1261 04d0 0C       		.byte	12
 1262 04d1 03       		.byte	3
 1263 04d2 10       		.byte	16
 1264 04d3 03       		.byte	3
 1265 04d4 1C       		.byte	28
 1266 04d5 03       		.byte	3
 1267 04d6 00       		.byte	0
 1268 04d7 00       		.byte	0
 1269 04d8 80       		.byte	-128
 1270 04d9 A8       		.byte	-88
 1271 04da 00       		.byte	0
 1272 04db 00       		.byte	0
 1273 04dc 40       		.byte	64
 1274 04dd 00       		.byte	0
 1275 04de 00       		.byte	0
 1276 04df 00       		.byte	0
 1277 04e0 00       		.byte	0
 1278 04e1 35       		.byte	53
 1279 04e2 00       		.byte	0
 1280 04e3 00       		.byte	0
 1281 04e4 44       		.byte	68
 1282 04e5 04       		.byte	4
 1283 04e6 09       		.byte	9
 1284 04e7 00       		.byte	0
 1285 04e8 0E       		.byte	14
 1286 04e9 02       		.byte	2
 1287 04ea 00       		.byte	0
 1288 04eb 30       		.byte	48
 1289 04ec 13       		.byte	19
 1290 04ed 30       		.byte	48
 1291 04ee 24       		.byte	36
 1292 04ef 00       		.byte	0
 1293 04f0 00       		.byte	0
 1294 04f1 26       		.byte	38
 1295 04f2 00       		.byte	0
 1296 04f3 08       		.byte	8
 1297 04f4 00       		.byte	0
 1298 04f5 31       		.byte	49
 1299 04f6 00       		.byte	0
 1300 04f7 04       		.byte	4
 1301 04f8 00       		.byte	0
 1302 04f9 38       		.byte	56
 1303 04fa 00       		.byte	0
 1304 04fb 06       		.byte	6
 1305 04fc 00       		.byte	0
 1306 04fd 00       		.byte	0
 1307 04fe 00       		.byte	0
 1308 04ff 00       		.byte	0
 1309 0500 00       		.byte	0
 1310 0501 35       		.byte	53
 1311 0502 00       		.byte	0
ARM GAS  C:\Users\Gemma\AppData\Local\Temp\ccKGFMoU.s 			page 24


 1312 0503 00       		.byte	0
 1313 0504 65       		.byte	101
 1314 0505 00       		.byte	0
 1315 0506 1A       		.byte	26
 1316 0507 00       		.byte	0
 1317 0508 40       		.byte	64
 1318 0509 05       		.byte	5
 1319 050a 00       		.byte	0
 1320 050b 30       		.byte	48
 1321 050c 00       		.byte	0
 1322 050d 30       		.byte	48
 1323 050e 00       		.byte	0
 1324 050f 05       		.byte	5
 1325 0510 00       		.byte	0
 1326 0511 00       		.byte	0
 1327 0512 70       		.byte	112
 1328 0513 01       		.byte	1
 1329 0514 0F       		.byte	15
 1330 0515 1E       		.byte	30
 1331 0516 00       		.byte	0
 1332 0517 26       		.byte	38
 1333 0518 20       		.byte	32
 1334 0519 00       		.byte	0
 1335 051a 08       		.byte	8
 1336 051b 20       		.byte	32
 1337 051c 00       		.byte	0
 1338 051d 00       		.byte	0
 1339 051e 00       		.byte	0
 1340 051f 04       		.byte	4
 1341 0520 25       		.byte	37
 1342 0521 04       		.byte	4
 1343 0522 30       		.byte	48
 1344 0523 00       		.byte	0
 1345 0524 01       		.byte	1
 1346 0525 DE       		.byte	-34
 1347 0526 F0       		.byte	-16
 1348 0527 BC       		.byte	-68
 1349 0528 3B       		.byte	59
 1350 0529 FF       		.byte	-1
 1351 052a FF       		.byte	-1
 1352 052b FF       		.byte	-1
 1353 052c 23       		.byte	35
 1354 052d 00       		.byte	0
 1355 052e F0       		.byte	-16
 1356 052f 08       		.byte	8
 1357 0530 04       		.byte	4
 1358 0531 00       		.byte	0
 1359 0532 00       		.byte	0
 1360 0533 00       		.byte	0
 1361 0534 40       		.byte	64
 1362 0535 00       		.byte	0
 1363 0536 00       		.byte	0
 1364 0537 00       		.byte	0
 1365 0538 04       		.byte	4
 1366 0539 04       		.byte	4
 1367 053a 04       		.byte	4
 1368 053b 04       		.byte	4
ARM GAS  C:\Users\Gemma\AppData\Local\Temp\ccKGFMoU.s 			page 25


 1369 053c 00       		.byte	0
 1370 053d 00       		.byte	0
 1371 053e 00       		.byte	0
 1372 053f 01       		.byte	1
 1373 0540 00       		.byte	0
 1374 0541 00       		.byte	0
 1375 0542 C0       		.byte	-64
 1376 0543 00       		.byte	0
 1377 0544 40       		.byte	64
 1378 0545 01       		.byte	1
 1379 0546 10       		.byte	16
 1380 0547 11       		.byte	17
 1381 0548 C0       		.byte	-64
 1382 0549 01       		.byte	1
 1383 054a 00       		.byte	0
 1384 054b 11       		.byte	17
 1385 054c 40       		.byte	64
 1386 054d 01       		.byte	1
 1387 054e 40       		.byte	64
 1388 054f 01       		.byte	1
 1389 0550 00       		.byte	0
 1390 0551 00       		.byte	0
 1391 0552 00       		.byte	0
 1392 0553 00       		.byte	0
 1393 0554 00       		.byte	0
 1394 0555 00       		.byte	0
 1395 0556 00       		.byte	0
 1396 0557 00       		.byte	0
 1397 0558 00       		.byte	0
 1398 0559 00       		.byte	0
 1399 055a 00       		.byte	0
 1400 055b 00       		.byte	0
 1401 055c 00       		.byte	0
 1402 055d 00       		.byte	0
 1403 055e 00       		.byte	0
 1404 055f 00       		.byte	0
 1405 0560 80       		.byte	-128
 1406 0561 00       		.byte	0
 1407 0562 50       		.byte	80
 1408 0563 A8       		.byte	-88
 1409 0564 A8       		.byte	-88
 1410 0565 00       		.byte	0
 1411 0566 A8       		.byte	-88
 1412 0567 00       		.byte	0
 1413 0568 00       		.byte	0
 1414 0569 00       		.byte	0
 1415 056a 00       		.byte	0
 1416 056b 00       		.byte	0
 1417 056c 00       		.byte	0
 1418 056d 0B       		.byte	11
 1419 056e 0B       		.byte	11
 1420 056f 00       		.byte	0
 1421 0570 00       		.byte	0
 1422 0571 00       		.byte	0
 1423 0572 00       		.byte	0
 1424 0573 00       		.byte	0
 1425              		.section	.cywolatch,"a",%progbits
ARM GAS  C:\Users\Gemma\AppData\Local\Temp\ccKGFMoU.s 			page 26


 1426              		.align	2
 1427              		.type	cy_meta_wonvl, %object
 1428              		.size	cy_meta_wonvl, 4
 1429              	cy_meta_wonvl:
 1430 0000 BC       		.byte	-68
 1431 0001 90       		.byte	-112
 1432 0002 AC       		.byte	-84
 1433 0003 AF       		.byte	-81
 1434              		.section	.cycustnvl,"a",%progbits
 1435              		.align	2
 1436              		.type	cy_meta_custnvl, %object
 1437              		.size	cy_meta_custnvl, 4
 1438              	cy_meta_custnvl:
 1439 0000 00       		.byte	0
 1440 0001 00       		.byte	0
 1441 0002 40       		.byte	64
 1442 0003 05       		.byte	5
 1443              		.section	.cymeta,"a",%progbits
 1444              		.align	2
 1445              		.type	cy_metadata, %object
 1446              		.size	cy_metadata, 12
 1447              	cy_metadata:
 1448 0000 00       		.byte	0
 1449 0001 01       		.byte	1
 1450 0002 2E       		.byte	46
 1451 0003 16       		.byte	22
 1452 0004 10       		.byte	16
 1453 0005 69       		.byte	105
 1454 0006 00       		.byte	0
 1455 0007 01       		.byte	1
 1456 0008 00       		.byte	0
 1457 0009 00       		.byte	0
 1458 000a 00       		.byte	0
 1459 000b 00       		.byte	0
 1460              		.section	.cyflashprotect,"a",%progbits
 1461              		.align	2
 1462              		.type	cy_meta_flashprotect, %object
 1463              		.size	cy_meta_flashprotect, 256
 1464              	cy_meta_flashprotect:
 1465 0000 00000000 		.space	256
 1465      00000000 
 1465      00000000 
 1465      00000000 
 1465      00000000 
 1466              		.text
 1467              	.Letext0:
 1468              		.file 1 "c:\\program files (x86)\\cypress\\psoc creator\\4.2\\psoc creator\\import\\gnu\\arm\\5.4.
 1469              		.file 2 "c:\\program files (x86)\\cypress\\psoc creator\\4.2\\psoc creator\\import\\gnu\\arm\\5.4.
 1470              		.file 3 "Generated_Source\\PSoC5\\cymetadata.c"
 1471              		.section	.debug_info,"",%progbits
 1472              	.Ldebug_info0:
 1473 0000 32010000 		.4byte	0x132
 1474 0004 0400     		.2byte	0x4
 1475 0006 00000000 		.4byte	.Ldebug_abbrev0
 1476 000a 04       		.byte	0x4
 1477 000b 01       		.uleb128 0x1
 1478 000c 64000000 		.4byte	.LASF17
ARM GAS  C:\Users\Gemma\AppData\Local\Temp\ccKGFMoU.s 			page 27


 1479 0010 0C       		.byte	0xc
 1480 0011 BE010000 		.4byte	.LASF18
 1481 0015 16000000 		.4byte	.LASF19
 1482 0019 00000000 		.4byte	.Ldebug_line0
 1483 001d 02       		.uleb128 0x2
 1484 001e 01       		.byte	0x1
 1485 001f 06       		.byte	0x6
 1486 0020 B2010000 		.4byte	.LASF0
 1487 0024 03       		.uleb128 0x3
 1488 0025 00000000 		.4byte	.LASF9
 1489 0029 01       		.byte	0x1
 1490 002a 1D       		.byte	0x1d
 1491 002b 2F000000 		.4byte	0x2f
 1492 002f 02       		.uleb128 0x2
 1493 0030 01       		.byte	0x1
 1494 0031 08       		.byte	0x8
 1495 0032 56000000 		.4byte	.LASF1
 1496 0036 02       		.uleb128 0x2
 1497 0037 02       		.byte	0x2
 1498 0038 05       		.byte	0x5
 1499 0039 9F010000 		.4byte	.LASF2
 1500 003d 02       		.uleb128 0x2
 1501 003e 02       		.byte	0x2
 1502 003f 07       		.byte	0x7
 1503 0040 04010000 		.4byte	.LASF3
 1504 0044 02       		.uleb128 0x2
 1505 0045 04       		.byte	0x4
 1506 0046 05       		.byte	0x5
 1507 0047 A9010000 		.4byte	.LASF4
 1508 004b 02       		.uleb128 0x2
 1509 004c 04       		.byte	0x4
 1510 004d 07       		.byte	0x7
 1511 004e F2000000 		.4byte	.LASF5
 1512 0052 02       		.uleb128 0x2
 1513 0053 08       		.byte	0x8
 1514 0054 05       		.byte	0x5
 1515 0055 91010000 		.4byte	.LASF6
 1516 0059 02       		.uleb128 0x2
 1517 005a 08       		.byte	0x8
 1518 005b 07       		.byte	0x7
 1519 005c 46010000 		.4byte	.LASF7
 1520 0060 04       		.uleb128 0x4
 1521 0061 04       		.byte	0x4
 1522 0062 05       		.byte	0x5
 1523 0063 696E7400 		.ascii	"int\000"
 1524 0067 02       		.uleb128 0x2
 1525 0068 04       		.byte	0x4
 1526 0069 07       		.byte	0x7
 1527 006a 39010000 		.4byte	.LASF8
 1528 006e 03       		.uleb128 0x3
 1529 006f 5D010000 		.4byte	.LASF10
 1530 0073 02       		.byte	0x2
 1531 0074 18       		.byte	0x18
 1532 0075 24000000 		.4byte	0x24
 1533 0079 05       		.uleb128 0x5
 1534 007a 91000000 		.4byte	0x91
 1535 007e 8A000000 		.4byte	0x8a
ARM GAS  C:\Users\Gemma\AppData\Local\Temp\ccKGFMoU.s 			page 28


 1536 0082 06       		.uleb128 0x6
 1537 0083 8A000000 		.4byte	0x8a
 1538 0087 7305     		.2byte	0x573
 1539 0089 00       		.byte	0
 1540 008a 02       		.uleb128 0x2
 1541 008b 04       		.byte	0x4
 1542 008c 07       		.byte	0x7
 1543 008d 88010000 		.4byte	.LASF11
 1544 0091 07       		.uleb128 0x7
 1545 0092 6E000000 		.4byte	0x6e
 1546 0096 08       		.uleb128 0x8
 1547 0097 27010000 		.4byte	.LASF12
 1548 009b 03       		.byte	0x3
 1549 009c 1F       		.byte	0x1f
 1550 009d A7000000 		.4byte	0xa7
 1551 00a1 05       		.uleb128 0x5
 1552 00a2 03       		.byte	0x3
 1553 00a3 00000000 		.4byte	cy_meta_configecc
 1554 00a7 07       		.uleb128 0x7
 1555 00a8 79000000 		.4byte	0x79
 1556 00ac 05       		.uleb128 0x5
 1557 00ad 91000000 		.4byte	0x91
 1558 00b1 BC000000 		.4byte	0xbc
 1559 00b5 09       		.uleb128 0x9
 1560 00b6 8A000000 		.4byte	0x8a
 1561 00ba 03       		.byte	0x3
 1562 00bb 00       		.byte	0
 1563 00bc 08       		.uleb128 0x8
 1564 00bd 17010000 		.4byte	.LASF13
 1565 00c1 03       		.byte	0x3
 1566 00c2 DB       		.byte	0xdb
 1567 00c3 CD000000 		.4byte	0xcd
 1568 00c7 05       		.uleb128 0x5
 1569 00c8 03       		.byte	0x3
 1570 00c9 00000000 		.4byte	cy_meta_custnvl
 1571 00cd 07       		.uleb128 0x7
 1572 00ce AC000000 		.4byte	0xac
 1573 00d2 08       		.uleb128 0x8
 1574 00d3 7A010000 		.4byte	.LASF14
 1575 00d7 03       		.byte	0x3
 1576 00d8 E9       		.byte	0xe9
 1577 00d9 E3000000 		.4byte	0xe3
 1578 00dd 05       		.uleb128 0x5
 1579 00de 03       		.byte	0x3
 1580 00df 00000000 		.4byte	cy_meta_wonvl
 1581 00e3 07       		.uleb128 0x7
 1582 00e4 AC000000 		.4byte	0xac
 1583 00e8 05       		.uleb128 0x5
 1584 00e9 91000000 		.4byte	0x91
 1585 00ed F8000000 		.4byte	0xf8
 1586 00f1 09       		.uleb128 0x9
 1587 00f2 8A000000 		.4byte	0x8a
 1588 00f6 FF       		.byte	0xff
 1589 00f7 00       		.byte	0
 1590 00f8 08       		.uleb128 0x8
 1591 00f9 65010000 		.4byte	.LASF15
 1592 00fd 03       		.byte	0x3
ARM GAS  C:\Users\Gemma\AppData\Local\Temp\ccKGFMoU.s 			page 29


 1593 00fe F7       		.byte	0xf7
 1594 00ff 09010000 		.4byte	0x109
 1595 0103 05       		.uleb128 0x5
 1596 0104 03       		.byte	0x3
 1597 0105 00000000 		.4byte	cy_meta_flashprotect
 1598 0109 07       		.uleb128 0x7
 1599 010a E8000000 		.4byte	0xe8
 1600 010e 05       		.uleb128 0x5
 1601 010f 91000000 		.4byte	0x91
 1602 0113 1E010000 		.4byte	0x11e
 1603 0117 09       		.uleb128 0x9
 1604 0118 8A000000 		.4byte	0x8a
 1605 011c 0B       		.byte	0xb
 1606 011d 00       		.byte	0
 1607 011e 0A       		.uleb128 0xa
 1608 011f 0A000000 		.4byte	.LASF16
 1609 0123 03       		.byte	0x3
 1610 0124 2401     		.2byte	0x124
 1611 0126 30010000 		.4byte	0x130
 1612 012a 05       		.uleb128 0x5
 1613 012b 03       		.byte	0x3
 1614 012c 00000000 		.4byte	cy_metadata
 1615 0130 07       		.uleb128 0x7
 1616 0131 0E010000 		.4byte	0x10e
 1617 0135 00       		.byte	0
 1618              		.section	.debug_abbrev,"",%progbits
 1619              	.Ldebug_abbrev0:
 1620 0000 01       		.uleb128 0x1
 1621 0001 11       		.uleb128 0x11
 1622 0002 01       		.byte	0x1
 1623 0003 25       		.uleb128 0x25
 1624 0004 0E       		.uleb128 0xe
 1625 0005 13       		.uleb128 0x13
 1626 0006 0B       		.uleb128 0xb
 1627 0007 03       		.uleb128 0x3
 1628 0008 0E       		.uleb128 0xe
 1629 0009 1B       		.uleb128 0x1b
 1630 000a 0E       		.uleb128 0xe
 1631 000b 10       		.uleb128 0x10
 1632 000c 17       		.uleb128 0x17
 1633 000d 00       		.byte	0
 1634 000e 00       		.byte	0
 1635 000f 02       		.uleb128 0x2
 1636 0010 24       		.uleb128 0x24
 1637 0011 00       		.byte	0
 1638 0012 0B       		.uleb128 0xb
 1639 0013 0B       		.uleb128 0xb
 1640 0014 3E       		.uleb128 0x3e
 1641 0015 0B       		.uleb128 0xb
 1642 0016 03       		.uleb128 0x3
 1643 0017 0E       		.uleb128 0xe
 1644 0018 00       		.byte	0
 1645 0019 00       		.byte	0
 1646 001a 03       		.uleb128 0x3
 1647 001b 16       		.uleb128 0x16
 1648 001c 00       		.byte	0
 1649 001d 03       		.uleb128 0x3
ARM GAS  C:\Users\Gemma\AppData\Local\Temp\ccKGFMoU.s 			page 30


 1650 001e 0E       		.uleb128 0xe
 1651 001f 3A       		.uleb128 0x3a
 1652 0020 0B       		.uleb128 0xb
 1653 0021 3B       		.uleb128 0x3b
 1654 0022 0B       		.uleb128 0xb
 1655 0023 49       		.uleb128 0x49
 1656 0024 13       		.uleb128 0x13
 1657 0025 00       		.byte	0
 1658 0026 00       		.byte	0
 1659 0027 04       		.uleb128 0x4
 1660 0028 24       		.uleb128 0x24
 1661 0029 00       		.byte	0
 1662 002a 0B       		.uleb128 0xb
 1663 002b 0B       		.uleb128 0xb
 1664 002c 3E       		.uleb128 0x3e
 1665 002d 0B       		.uleb128 0xb
 1666 002e 03       		.uleb128 0x3
 1667 002f 08       		.uleb128 0x8
 1668 0030 00       		.byte	0
 1669 0031 00       		.byte	0
 1670 0032 05       		.uleb128 0x5
 1671 0033 01       		.uleb128 0x1
 1672 0034 01       		.byte	0x1
 1673 0035 49       		.uleb128 0x49
 1674 0036 13       		.uleb128 0x13
 1675 0037 01       		.uleb128 0x1
 1676 0038 13       		.uleb128 0x13
 1677 0039 00       		.byte	0
 1678 003a 00       		.byte	0
 1679 003b 06       		.uleb128 0x6
 1680 003c 21       		.uleb128 0x21
 1681 003d 00       		.byte	0
 1682 003e 49       		.uleb128 0x49
 1683 003f 13       		.uleb128 0x13
 1684 0040 2F       		.uleb128 0x2f
 1685 0041 05       		.uleb128 0x5
 1686 0042 00       		.byte	0
 1687 0043 00       		.byte	0
 1688 0044 07       		.uleb128 0x7
 1689 0045 26       		.uleb128 0x26
 1690 0046 00       		.byte	0
 1691 0047 49       		.uleb128 0x49
 1692 0048 13       		.uleb128 0x13
 1693 0049 00       		.byte	0
 1694 004a 00       		.byte	0
 1695 004b 08       		.uleb128 0x8
 1696 004c 34       		.uleb128 0x34
 1697 004d 00       		.byte	0
 1698 004e 03       		.uleb128 0x3
 1699 004f 0E       		.uleb128 0xe
 1700 0050 3A       		.uleb128 0x3a
 1701 0051 0B       		.uleb128 0xb
 1702 0052 3B       		.uleb128 0x3b
 1703 0053 0B       		.uleb128 0xb
 1704 0054 49       		.uleb128 0x49
 1705 0055 13       		.uleb128 0x13
 1706 0056 3F       		.uleb128 0x3f
ARM GAS  C:\Users\Gemma\AppData\Local\Temp\ccKGFMoU.s 			page 31


 1707 0057 19       		.uleb128 0x19
 1708 0058 02       		.uleb128 0x2
 1709 0059 18       		.uleb128 0x18
 1710 005a 00       		.byte	0
 1711 005b 00       		.byte	0
 1712 005c 09       		.uleb128 0x9
 1713 005d 21       		.uleb128 0x21
 1714 005e 00       		.byte	0
 1715 005f 49       		.uleb128 0x49
 1716 0060 13       		.uleb128 0x13
 1717 0061 2F       		.uleb128 0x2f
 1718 0062 0B       		.uleb128 0xb
 1719 0063 00       		.byte	0
 1720 0064 00       		.byte	0
 1721 0065 0A       		.uleb128 0xa
 1722 0066 34       		.uleb128 0x34
 1723 0067 00       		.byte	0
 1724 0068 03       		.uleb128 0x3
 1725 0069 0E       		.uleb128 0xe
 1726 006a 3A       		.uleb128 0x3a
 1727 006b 0B       		.uleb128 0xb
 1728 006c 3B       		.uleb128 0x3b
 1729 006d 05       		.uleb128 0x5
 1730 006e 49       		.uleb128 0x49
 1731 006f 13       		.uleb128 0x13
 1732 0070 3F       		.uleb128 0x3f
 1733 0071 19       		.uleb128 0x19
 1734 0072 02       		.uleb128 0x2
 1735 0073 18       		.uleb128 0x18
 1736 0074 00       		.byte	0
 1737 0075 00       		.byte	0
 1738 0076 00       		.byte	0
 1739              		.section	.debug_aranges,"",%progbits
 1740 0000 14000000 		.4byte	0x14
 1741 0004 0200     		.2byte	0x2
 1742 0006 00000000 		.4byte	.Ldebug_info0
 1743 000a 04       		.byte	0x4
 1744 000b 00       		.byte	0
 1745 000c 0000     		.2byte	0
 1746 000e 0000     		.2byte	0
 1747 0010 00000000 		.4byte	0
 1748 0014 00000000 		.4byte	0
 1749              		.section	.debug_line,"",%progbits
 1750              	.Ldebug_line0:
 1751 0000 3D010000 		.section	.debug_str,"MS",%progbits,1
 1751      02003701 
 1751      00000201 
 1751      FB0E0D00 
 1751      01010101 
 1752              	.LASF9:
 1753 0000 5F5F7569 		.ascii	"__uint8_t\000"
 1753      6E74385F 
 1753      7400
 1754              	.LASF16:
 1755 000a 63795F6D 		.ascii	"cy_metadata\000"
 1755      65746164 
 1755      61746100 
ARM GAS  C:\Users\Gemma\AppData\Local\Temp\ccKGFMoU.s 			page 32


 1756              	.LASF19:
 1757 0016 433A5C55 		.ascii	"C:\\Users\\Gemma\\Desktop\\PSoC\\SPI_Connection\\SP"
 1757      73657273 
 1757      5C47656D 
 1757      6D615C44 
 1757      65736B74 
 1758 0043 495F436F 		.ascii	"I_Connection.cydsn\000"
 1758      6E6E6563 
 1758      74696F6E 
 1758      2E637964 
 1758      736E00
 1759              	.LASF1:
 1760 0056 756E7369 		.ascii	"unsigned char\000"
 1760      676E6564 
 1760      20636861 
 1760      7200
 1761              	.LASF17:
 1762 0064 474E5520 		.ascii	"GNU C11 5.4.1 20160609 (release) [ARM/embedded-5-br"
 1762      43313120 
 1762      352E342E 
 1762      31203230 
 1762      31363036 
 1763 0097 616E6368 		.ascii	"anch revision 237715] -mcpu=cortex-m3 -mthumb -g -O"
 1763      20726576 
 1763      6973696F 
 1763      6E203233 
 1763      37373135 
 1764 00ca 67202D66 		.ascii	"g -ffunction-sections -ffat-lto-objects\000"
 1764      66756E63 
 1764      74696F6E 
 1764      2D736563 
 1764      74696F6E 
 1765              	.LASF5:
 1766 00f2 6C6F6E67 		.ascii	"long unsigned int\000"
 1766      20756E73 
 1766      69676E65 
 1766      6420696E 
 1766      7400
 1767              	.LASF3:
 1768 0104 73686F72 		.ascii	"short unsigned int\000"
 1768      7420756E 
 1768      7369676E 
 1768      65642069 
 1768      6E7400
 1769              	.LASF13:
 1770 0117 63795F6D 		.ascii	"cy_meta_custnvl\000"
 1770      6574615F 
 1770      63757374 
 1770      6E766C00 
 1771              	.LASF12:
 1772 0127 63795F6D 		.ascii	"cy_meta_configecc\000"
 1772      6574615F 
 1772      636F6E66 
 1772      69676563 
 1772      6300
 1773              	.LASF8:
 1774 0139 756E7369 		.ascii	"unsigned int\000"
ARM GAS  C:\Users\Gemma\AppData\Local\Temp\ccKGFMoU.s 			page 33


 1774      676E6564 
 1774      20696E74 
 1774      00
 1775              	.LASF7:
 1776 0146 6C6F6E67 		.ascii	"long long unsigned int\000"
 1776      206C6F6E 
 1776      6720756E 
 1776      7369676E 
 1776      65642069 
 1777              	.LASF10:
 1778 015d 75696E74 		.ascii	"uint8_t\000"
 1778      385F7400 
 1779              	.LASF15:
 1780 0165 63795F6D 		.ascii	"cy_meta_flashprotect\000"
 1780      6574615F 
 1780      666C6173 
 1780      6870726F 
 1780      74656374 
 1781              	.LASF14:
 1782 017a 63795F6D 		.ascii	"cy_meta_wonvl\000"
 1782      6574615F 
 1782      776F6E76 
 1782      6C00
 1783              	.LASF11:
 1784 0188 73697A65 		.ascii	"sizetype\000"
 1784      74797065 
 1784      00
 1785              	.LASF6:
 1786 0191 6C6F6E67 		.ascii	"long long int\000"
 1786      206C6F6E 
 1786      6720696E 
 1786      7400
 1787              	.LASF2:
 1788 019f 73686F72 		.ascii	"short int\000"
 1788      7420696E 
 1788      7400
 1789              	.LASF4:
 1790 01a9 6C6F6E67 		.ascii	"long int\000"
 1790      20696E74 
 1790      00
 1791              	.LASF0:
 1792 01b2 7369676E 		.ascii	"signed char\000"
 1792      65642063 
 1792      68617200 
 1793              	.LASF18:
 1794 01be 47656E65 		.ascii	"Generated_Source\\PSoC5\\cymetadata.c\000"
 1794      72617465 
 1794      645F536F 
 1794      75726365 
 1794      5C50536F 
 1795              		.ident	"GCC: (GNU Tools for ARM Embedded Processors) 5.4.1 20160609 (release) [ARM/embedded-5-bran
