ARM GAS  C:\Users\Gemma\AppData\Local\Temp\cc5RL53p.s 			page 1


   1              		.syntax unified
   2              		.cpu cortex-m3
   3              		.fpu softvfp
   4              		.eabi_attribute 20, 1
   5              		.eabi_attribute 21, 1
   6              		.eabi_attribute 23, 3
   7              		.eabi_attribute 24, 1
   8              		.eabi_attribute 25, 1
   9              		.eabi_attribute 26, 1
  10              		.eabi_attribute 30, 1
  11              		.eabi_attribute 34, 1
  12              		.eabi_attribute 18, 4
  13              		.thumb
  14              		.syntax unified
  15              		.file	"main.c"
  16              		.text
  17              	.Ltext0:
  18              		.cfi_sections	.debug_frame
  19              		.global	__aeabi_ui2f
  20              		.global	__aeabi_fdiv
  21              		.global	__aeabi_f2d
  22              		.section	.text.main,"ax",%progbits
  23              		.align	2
  24              		.global	main
  25              		.thumb
  26              		.thumb_func
  27              		.type	main, %function
  28              	main:
  29              	.LFB64:
  30              		.file 1 "main.c"
   1:main.c        **** /* ========================================
   2:main.c        ****  *
   3:main.c        ****  * Copyright YOUR COMPANY, THE YEAR
   4:main.c        ****  * All Rights Reserved
   5:main.c        ****  * UNPUBLISHED, LICENSED SOFTWARE.
   6:main.c        ****  *
   7:main.c        ****  * CONFIDENTIAL AND PROPRIETARY INFORMATION
   8:main.c        ****  * WHICH IS THE PROPERTY OF your company.
   9:main.c        ****  *
  10:main.c        ****  * ========================================
  11:main.c        **** */
  12:main.c        **** 
  13:main.c        **** #include <stdio.h>
  14:main.c        **** #include "project.h"
  15:main.c        **** 
  16:main.c        **** int main(void)
  17:main.c        **** {
  31              		.loc 1 17 0
  32              		.cfi_startproc
  33              		@ args = 0, pretend = 0, frame = 32
  34              		@ frame_needed = 0, uses_anonymous_args = 0
  35 0000 10B5     		push	{r4, lr}
  36              		.cfi_def_cfa_offset 8
  37              		.cfi_offset 4, -8
  38              		.cfi_offset 14, -4
  39 0002 8AB0     		sub	sp, sp, #40
  40              		.cfi_def_cfa_offset 48
ARM GAS  C:\Users\Gemma\AppData\Local\Temp\cc5RL53p.s 			page 2


  18:main.c        ****     CyGlobalIntEnable; /* Enable global interrupts. */
  41              		.loc 1 18 0
  42              		.syntax unified
  43              	@ 18 "main.c" 1
  44 0004 62B6     		CPSIE   i
  45              	@ 0 "" 2
  19:main.c        ****     
  20:main.c        ****     volatile uint16 sSPIval;
  21:main.c        ****     float32 SPI_temp;
  22:main.c        ****     char buffer[30];
  23:main.c        ****     
  24:main.c        ****     UART_Start();
  46              		.loc 1 24 0
  47              		.thumb
  48              		.syntax unified
  49 0006 FFF7FEFF 		bl	UART_Start
  50              	.LVL0:
  25:main.c        ****     SPI_Start();
  51              		.loc 1 25 0
  52 000a FFF7FEFF 		bl	SPI_Start
  53              	.LVL1:
  26:main.c        **** 
  27:main.c        ****     /* Place your initialization/startup code here (e.g. MyInst_Start()) */
  28:main.c        **** 
  29:main.c        ****     UART_PutString("COM Port Open\r\n");
  54              		.loc 1 29 0
  55 000e 1848     		ldr	r0, .L4
  56 0010 FFF7FEFF 		bl	UART_PutString
  57              	.LVL2:
  58              	.L2:
  30:main.c        ****     
  31:main.c        ****     for(;;)
  32:main.c        ****     {
  33:main.c        ****         sSPIval = 0x0000;
  59              		.loc 1 33 0 discriminator 1
  60 0014 0023     		movs	r3, #0
  61 0016 ADF82630 		strh	r3, [sp, #38]	@ movhi
  34:main.c        ****         //CyGlobalIntDisable;
  35:main.c        ****         SPI_WriteTxData(sSPIval);
  62              		.loc 1 35 0 discriminator 1
  63 001a BDF82600 		ldrh	r0, [sp, #38]
  64 001e 80B2     		uxth	r0, r0
  65 0020 FFF7FEFF 		bl	SPI_WriteTxData
  66              	.LVL3:
  36:main.c        ****         CyDelay(10);
  67              		.loc 1 36 0 discriminator 1
  68 0024 0A20     		movs	r0, #10
  69 0026 FFF7FEFF 		bl	CyDelay
  70              	.LVL4:
  37:main.c        ****         sSPIval = SPI_ReadRxData();
  71              		.loc 1 37 0 discriminator 1
  72 002a FFF7FEFF 		bl	SPI_ReadRxData
  73              	.LVL5:
  74 002e ADF82600 		strh	r0, [sp, #38]	@ movhi
  38:main.c        ****         sSPIval = (sSPIval >> 1) & 0x0fff;
  75              		.loc 1 38 0 discriminator 1
  76 0032 BDF82630 		ldrh	r3, [sp, #38]
ARM GAS  C:\Users\Gemma\AppData\Local\Temp\cc5RL53p.s 			page 3


  77 0036 C3F34B03 		ubfx	r3, r3, #1, #12
  78 003a ADF82630 		strh	r3, [sp, #38]	@ movhi
  39:main.c        ****         //CyGlobalIntEnable;
  40:main.c        ****         
  41:main.c        ****         SPI_temp = (float)sSPIval / 10;
  79              		.loc 1 41 0 discriminator 1
  80 003e BDF82600 		ldrh	r0, [sp, #38]
  81 0042 80B2     		uxth	r0, r0
  82 0044 FFF7FEFF 		bl	__aeabi_ui2f
  83              	.LVL6:
  84 0048 0A49     		ldr	r1, .L4+4
  85 004a FFF7FEFF 		bl	__aeabi_fdiv
  86              	.LVL7:
  42:main.c        ****         sprintf(buffer, "Value: %d, Temp: %.1f \r\n", sSPIval, SPI_temp);
  87              		.loc 1 42 0 discriminator 1
  88 004e BDF82640 		ldrh	r4, [sp, #38]
  89 0052 A4B2     		uxth	r4, r4
  90 0054 FFF7FEFF 		bl	__aeabi_f2d
  91              	.LVL8:
  92 0058 CDE90001 		strd	r0, [sp]
  93 005c 2246     		mov	r2, r4
  94 005e 0649     		ldr	r1, .L4+8
  95 0060 02A8     		add	r0, sp, #8
  96 0062 FFF7FEFF 		bl	sprintf
  97              	.LVL9:
  43:main.c        ****         UART_PutString(buffer);
  98              		.loc 1 43 0 discriminator 1
  99 0066 02A8     		add	r0, sp, #8
 100 0068 FFF7FEFF 		bl	UART_PutString
 101              	.LVL10:
 102 006c D2E7     		b	.L2
 103              	.L5:
 104 006e 00BF     		.align	2
 105              	.L4:
 106 0070 00000000 		.word	.LC0
 107 0074 00002041 		.word	1092616192
 108 0078 10000000 		.word	.LC1
 109              		.cfi_endproc
 110              	.LFE64:
 111              		.size	main, .-main
 112              		.section	.rodata.str1.4,"aMS",%progbits,1
 113              		.align	2
 114              	.LC0:
 115 0000 434F4D20 		.ascii	"COM Port Open\015\012\000"
 115      506F7274 
 115      204F7065 
 115      6E0D0A00 
 116              	.LC1:
 117 0010 56616C75 		.ascii	"Value: %d, Temp: %.1f \015\012\000"
 117      653A2025 
 117      642C2054 
 117      656D703A 
 117      20252E31 
 118              		.text
 119              	.Letext0:
 120              		.file 2 "c:\\program files (x86)\\cypress\\psoc creator\\4.2\\psoc creator\\import\\gnu\\arm\\5.4.
 121              		.file 3 "c:\\program files (x86)\\cypress\\psoc creator\\4.2\\psoc creator\\import\\gnu\\arm\\5.4.
ARM GAS  C:\Users\Gemma\AppData\Local\Temp\cc5RL53p.s 			page 4


 122              		.file 4 "Generated_Source\\PSoC5/cytypes.h"
 123              		.file 5 "Generated_Source\\PSoC5/UART.h"
 124              		.file 6 "Generated_Source\\PSoC5/SPI.h"
 125              		.file 7 "Generated_Source\\PSoC5/CyLib.h"
 126              		.file 8 "c:\\program files (x86)\\cypress\\psoc creator\\4.2\\psoc creator\\import\\gnu\\arm\\5.4.
 127              		.file 9 "Generated_Source\\PSoC5/core_cm3.h"
 128              		.section	.debug_info,"",%progbits
 129              	.Ldebug_info0:
 130 0000 F2010000 		.4byte	0x1f2
 131 0004 0400     		.2byte	0x4
 132 0006 00000000 		.4byte	.Ldebug_abbrev0
 133 000a 04       		.byte	0x4
 134 000b 01       		.uleb128 0x1
 135 000c 86000000 		.4byte	.LASF28
 136 0010 0C       		.byte	0xc
 137 0011 B8010000 		.4byte	.LASF29
 138 0015 32000000 		.4byte	.LASF30
 139 0019 00000000 		.4byte	.Ldebug_ranges0+0
 140 001d 00000000 		.4byte	0
 141 0021 00000000 		.4byte	.Ldebug_line0
 142 0025 02       		.uleb128 0x2
 143 0026 01       		.byte	0x1
 144 0027 06       		.byte	0x6
 145 0028 E9010000 		.4byte	.LASF0
 146 002c 02       		.uleb128 0x2
 147 002d 01       		.byte	0x1
 148 002e 08       		.byte	0x8
 149 002f 78000000 		.4byte	.LASF1
 150 0033 02       		.uleb128 0x2
 151 0034 02       		.byte	0x2
 152 0035 05       		.byte	0x5
 153 0036 C4010000 		.4byte	.LASF2
 154 003a 02       		.uleb128 0x2
 155 003b 02       		.byte	0x2
 156 003c 07       		.byte	0x7
 157 003d 26010000 		.4byte	.LASF3
 158 0041 03       		.uleb128 0x3
 159 0042 10000000 		.4byte	.LASF12
 160 0046 02       		.byte	0x2
 161 0047 3F       		.byte	0x3f
 162 0048 4C000000 		.4byte	0x4c
 163 004c 02       		.uleb128 0x2
 164 004d 04       		.byte	0x4
 165 004e 05       		.byte	0x5
 166 004f 44010000 		.4byte	.LASF4
 167 0053 02       		.uleb128 0x2
 168 0054 04       		.byte	0x4
 169 0055 07       		.byte	0x7
 170 0056 14010000 		.4byte	.LASF5
 171 005a 02       		.uleb128 0x2
 172 005b 08       		.byte	0x8
 173 005c 05       		.byte	0x5
 174 005d AA010000 		.4byte	.LASF6
 175 0061 02       		.uleb128 0x2
 176 0062 08       		.byte	0x8
 177 0063 07       		.byte	0x7
 178 0064 82010000 		.4byte	.LASF7
ARM GAS  C:\Users\Gemma\AppData\Local\Temp\cc5RL53p.s 			page 5


 179 0068 04       		.uleb128 0x4
 180 0069 04       		.byte	0x4
 181 006a 05       		.byte	0x5
 182 006b 696E7400 		.ascii	"int\000"
 183 006f 02       		.uleb128 0x2
 184 0070 04       		.byte	0x4
 185 0071 07       		.byte	0x7
 186 0072 75010000 		.4byte	.LASF8
 187 0076 02       		.uleb128 0x2
 188 0077 08       		.byte	0x8
 189 0078 04       		.byte	0x4
 190 0079 DD010000 		.4byte	.LASF9
 191 007d 02       		.uleb128 0x2
 192 007e 04       		.byte	0x4
 193 007f 07       		.byte	0x7
 194 0080 A1010000 		.4byte	.LASF10
 195 0084 02       		.uleb128 0x2
 196 0085 01       		.byte	0x1
 197 0086 08       		.byte	0x8
 198 0087 BF010000 		.4byte	.LASF11
 199 008b 03       		.uleb128 0x3
 200 008c 99010000 		.4byte	.LASF13
 201 0090 03       		.byte	0x3
 202 0091 2C       		.byte	0x2c
 203 0092 41000000 		.4byte	0x41
 204 0096 05       		.uleb128 0x5
 205 0097 61010000 		.4byte	.LASF14
 206 009b 04       		.byte	0x4
 207 009c E501     		.2byte	0x1e5
 208 009e 3A000000 		.4byte	0x3a
 209 00a2 05       		.uleb128 0x5
 210 00a3 D5010000 		.4byte	.LASF15
 211 00a7 04       		.byte	0x4
 212 00a8 EA01     		.2byte	0x1ea
 213 00aa AE000000 		.4byte	0xae
 214 00ae 02       		.uleb128 0x2
 215 00af 04       		.byte	0x4
 216 00b0 04       		.byte	0x4
 217 00b1 72000000 		.4byte	.LASF16
 218 00b5 02       		.uleb128 0x2
 219 00b6 08       		.byte	0x8
 220 00b7 04       		.byte	0x4
 221 00b8 5A010000 		.4byte	.LASF17
 222 00bc 06       		.uleb128 0x6
 223 00bd 96000000 		.4byte	0x96
 224 00c1 07       		.uleb128 0x7
 225 00c2 68010000 		.4byte	.LASF31
 226 00c6 01       		.byte	0x1
 227 00c7 10       		.byte	0x10
 228 00c8 68000000 		.4byte	0x68
 229 00cc 00000000 		.4byte	.LFB64
 230 00d0 7C000000 		.4byte	.LFE64-.LFB64
 231 00d4 01       		.uleb128 0x1
 232 00d5 9C       		.byte	0x9c
 233 00d6 87010000 		.4byte	0x187
 234 00da 08       		.uleb128 0x8
 235 00db 6D010000 		.4byte	.LASF18
ARM GAS  C:\Users\Gemma\AppData\Local\Temp\cc5RL53p.s 			page 6


 236 00df 01       		.byte	0x1
 237 00e0 14       		.byte	0x14
 238 00e1 BC000000 		.4byte	0xbc
 239 00e5 02       		.uleb128 0x2
 240 00e6 91       		.byte	0x91
 241 00e7 76       		.sleb128 -10
 242 00e8 09       		.uleb128 0x9
 243 00e9 29000000 		.4byte	.LASF19
 244 00ed 01       		.byte	0x1
 245 00ee 15       		.byte	0x15
 246 00ef A2000000 		.4byte	0xa2
 247 00f3 00000000 		.4byte	.LLST0
 248 00f7 08       		.uleb128 0x8
 249 00f8 CE010000 		.4byte	.LASF20
 250 00fc 01       		.byte	0x1
 251 00fd 16       		.byte	0x16
 252 00fe 87010000 		.4byte	0x187
 253 0102 02       		.uleb128 0x2
 254 0103 91       		.byte	0x91
 255 0104 58       		.sleb128 -40
 256 0105 0A       		.uleb128 0xa
 257 0106 0A000000 		.4byte	.LVL0
 258 010a A8010000 		.4byte	0x1a8
 259 010e 0A       		.uleb128 0xa
 260 010f 0E000000 		.4byte	.LVL1
 261 0113 B3010000 		.4byte	0x1b3
 262 0117 0B       		.uleb128 0xb
 263 0118 14000000 		.4byte	.LVL2
 264 011c BE010000 		.4byte	0x1be
 265 0120 2E010000 		.4byte	0x12e
 266 0124 0C       		.uleb128 0xc
 267 0125 01       		.uleb128 0x1
 268 0126 50       		.byte	0x50
 269 0127 05       		.uleb128 0x5
 270 0128 03       		.byte	0x3
 271 0129 00000000 		.4byte	.LC0
 272 012d 00       		.byte	0
 273 012e 0A       		.uleb128 0xa
 274 012f 24000000 		.4byte	.LVL3
 275 0133 C9010000 		.4byte	0x1c9
 276 0137 0B       		.uleb128 0xb
 277 0138 2A000000 		.4byte	.LVL4
 278 013c D4010000 		.4byte	0x1d4
 279 0140 4A010000 		.4byte	0x14a
 280 0144 0C       		.uleb128 0xc
 281 0145 01       		.uleb128 0x1
 282 0146 50       		.byte	0x50
 283 0147 01       		.uleb128 0x1
 284 0148 3A       		.byte	0x3a
 285 0149 00       		.byte	0
 286 014a 0A       		.uleb128 0xa
 287 014b 2E000000 		.4byte	.LVL5
 288 014f DF010000 		.4byte	0x1df
 289 0153 0B       		.uleb128 0xb
 290 0154 66000000 		.4byte	.LVL9
 291 0158 EA010000 		.4byte	0x1ea
 292 015c 76010000 		.4byte	0x176
ARM GAS  C:\Users\Gemma\AppData\Local\Temp\cc5RL53p.s 			page 7


 293 0160 0C       		.uleb128 0xc
 294 0161 01       		.uleb128 0x1
 295 0162 50       		.byte	0x50
 296 0163 02       		.uleb128 0x2
 297 0164 91       		.byte	0x91
 298 0165 58       		.sleb128 -40
 299 0166 0C       		.uleb128 0xc
 300 0167 01       		.uleb128 0x1
 301 0168 51       		.byte	0x51
 302 0169 05       		.uleb128 0x5
 303 016a 03       		.byte	0x3
 304 016b 10000000 		.4byte	.LC1
 305 016f 0C       		.uleb128 0xc
 306 0170 01       		.uleb128 0x1
 307 0171 52       		.byte	0x52
 308 0172 02       		.uleb128 0x2
 309 0173 74       		.byte	0x74
 310 0174 00       		.sleb128 0
 311 0175 00       		.byte	0
 312 0176 0D       		.uleb128 0xd
 313 0177 6C000000 		.4byte	.LVL10
 314 017b BE010000 		.4byte	0x1be
 315 017f 0C       		.uleb128 0xc
 316 0180 01       		.uleb128 0x1
 317 0181 50       		.byte	0x50
 318 0182 02       		.uleb128 0x2
 319 0183 91       		.byte	0x91
 320 0184 58       		.sleb128 -40
 321 0185 00       		.byte	0
 322 0186 00       		.byte	0
 323 0187 0E       		.uleb128 0xe
 324 0188 84000000 		.4byte	0x84
 325 018c 97010000 		.4byte	0x197
 326 0190 0F       		.uleb128 0xf
 327 0191 7D000000 		.4byte	0x7d
 328 0195 1D       		.byte	0x1d
 329 0196 00       		.byte	0
 330 0197 10       		.uleb128 0x10
 331 0198 4D010000 		.4byte	.LASF32
 332 019c 09       		.byte	0x9
 333 019d 1207     		.2byte	0x712
 334 019f A3010000 		.4byte	0x1a3
 335 01a3 06       		.uleb128 0x6
 336 01a4 8B000000 		.4byte	0x8b
 337 01a8 11       		.uleb128 0x11
 338 01a9 39010000 		.4byte	.LASF21
 339 01ad 39010000 		.4byte	.LASF21
 340 01b1 05       		.byte	0x5
 341 01b2 54       		.byte	0x54
 342 01b3 11       		.uleb128 0x11
 343 01b4 04020000 		.4byte	.LASF22
 344 01b8 04020000 		.4byte	.LASF22
 345 01bc 06       		.byte	0x6
 346 01bd 4D       		.byte	0x4d
 347 01be 11       		.uleb128 0x11
 348 01bf F5010000 		.4byte	.LASF23
 349 01c3 F5010000 		.4byte	.LASF23
ARM GAS  C:\Users\Gemma\AppData\Local\Temp\cc5RL53p.s 			page 8


 350 01c7 05       		.byte	0x5
 351 01c8 8B       		.byte	0x8b
 352 01c9 11       		.uleb128 0x11
 353 01ca 00000000 		.4byte	.LASF24
 354 01ce 00000000 		.4byte	.LASF24
 355 01d2 06       		.byte	0x6
 356 01d3 5E       		.byte	0x5e
 357 01d4 11       		.uleb128 0x11
 358 01d5 16020000 		.4byte	.LASF25
 359 01d9 16020000 		.4byte	.LASF25
 360 01dd 07       		.byte	0x7
 361 01de 76       		.byte	0x76
 362 01df 11       		.uleb128 0x11
 363 01e0 1A000000 		.4byte	.LASF26
 364 01e4 1A000000 		.4byte	.LASF26
 365 01e8 06       		.byte	0x6
 366 01e9 60       		.byte	0x60
 367 01ea 11       		.uleb128 0x11
 368 01eb 0E020000 		.4byte	.LASF27
 369 01ef 0E020000 		.4byte	.LASF27
 370 01f3 08       		.byte	0x8
 371 01f4 E7       		.byte	0xe7
 372 01f5 00       		.byte	0
 373              		.section	.debug_abbrev,"",%progbits
 374              	.Ldebug_abbrev0:
 375 0000 01       		.uleb128 0x1
 376 0001 11       		.uleb128 0x11
 377 0002 01       		.byte	0x1
 378 0003 25       		.uleb128 0x25
 379 0004 0E       		.uleb128 0xe
 380 0005 13       		.uleb128 0x13
 381 0006 0B       		.uleb128 0xb
 382 0007 03       		.uleb128 0x3
 383 0008 0E       		.uleb128 0xe
 384 0009 1B       		.uleb128 0x1b
 385 000a 0E       		.uleb128 0xe
 386 000b 55       		.uleb128 0x55
 387 000c 17       		.uleb128 0x17
 388 000d 11       		.uleb128 0x11
 389 000e 01       		.uleb128 0x1
 390 000f 10       		.uleb128 0x10
 391 0010 17       		.uleb128 0x17
 392 0011 00       		.byte	0
 393 0012 00       		.byte	0
 394 0013 02       		.uleb128 0x2
 395 0014 24       		.uleb128 0x24
 396 0015 00       		.byte	0
 397 0016 0B       		.uleb128 0xb
 398 0017 0B       		.uleb128 0xb
 399 0018 3E       		.uleb128 0x3e
 400 0019 0B       		.uleb128 0xb
 401 001a 03       		.uleb128 0x3
 402 001b 0E       		.uleb128 0xe
 403 001c 00       		.byte	0
 404 001d 00       		.byte	0
 405 001e 03       		.uleb128 0x3
 406 001f 16       		.uleb128 0x16
ARM GAS  C:\Users\Gemma\AppData\Local\Temp\cc5RL53p.s 			page 9


 407 0020 00       		.byte	0
 408 0021 03       		.uleb128 0x3
 409 0022 0E       		.uleb128 0xe
 410 0023 3A       		.uleb128 0x3a
 411 0024 0B       		.uleb128 0xb
 412 0025 3B       		.uleb128 0x3b
 413 0026 0B       		.uleb128 0xb
 414 0027 49       		.uleb128 0x49
 415 0028 13       		.uleb128 0x13
 416 0029 00       		.byte	0
 417 002a 00       		.byte	0
 418 002b 04       		.uleb128 0x4
 419 002c 24       		.uleb128 0x24
 420 002d 00       		.byte	0
 421 002e 0B       		.uleb128 0xb
 422 002f 0B       		.uleb128 0xb
 423 0030 3E       		.uleb128 0x3e
 424 0031 0B       		.uleb128 0xb
 425 0032 03       		.uleb128 0x3
 426 0033 08       		.uleb128 0x8
 427 0034 00       		.byte	0
 428 0035 00       		.byte	0
 429 0036 05       		.uleb128 0x5
 430 0037 16       		.uleb128 0x16
 431 0038 00       		.byte	0
 432 0039 03       		.uleb128 0x3
 433 003a 0E       		.uleb128 0xe
 434 003b 3A       		.uleb128 0x3a
 435 003c 0B       		.uleb128 0xb
 436 003d 3B       		.uleb128 0x3b
 437 003e 05       		.uleb128 0x5
 438 003f 49       		.uleb128 0x49
 439 0040 13       		.uleb128 0x13
 440 0041 00       		.byte	0
 441 0042 00       		.byte	0
 442 0043 06       		.uleb128 0x6
 443 0044 35       		.uleb128 0x35
 444 0045 00       		.byte	0
 445 0046 49       		.uleb128 0x49
 446 0047 13       		.uleb128 0x13
 447 0048 00       		.byte	0
 448 0049 00       		.byte	0
 449 004a 07       		.uleb128 0x7
 450 004b 2E       		.uleb128 0x2e
 451 004c 01       		.byte	0x1
 452 004d 3F       		.uleb128 0x3f
 453 004e 19       		.uleb128 0x19
 454 004f 03       		.uleb128 0x3
 455 0050 0E       		.uleb128 0xe
 456 0051 3A       		.uleb128 0x3a
 457 0052 0B       		.uleb128 0xb
 458 0053 3B       		.uleb128 0x3b
 459 0054 0B       		.uleb128 0xb
 460 0055 27       		.uleb128 0x27
 461 0056 19       		.uleb128 0x19
 462 0057 49       		.uleb128 0x49
 463 0058 13       		.uleb128 0x13
ARM GAS  C:\Users\Gemma\AppData\Local\Temp\cc5RL53p.s 			page 10


 464 0059 8701     		.uleb128 0x87
 465 005b 19       		.uleb128 0x19
 466 005c 11       		.uleb128 0x11
 467 005d 01       		.uleb128 0x1
 468 005e 12       		.uleb128 0x12
 469 005f 06       		.uleb128 0x6
 470 0060 40       		.uleb128 0x40
 471 0061 18       		.uleb128 0x18
 472 0062 9642     		.uleb128 0x2116
 473 0064 19       		.uleb128 0x19
 474 0065 01       		.uleb128 0x1
 475 0066 13       		.uleb128 0x13
 476 0067 00       		.byte	0
 477 0068 00       		.byte	0
 478 0069 08       		.uleb128 0x8
 479 006a 34       		.uleb128 0x34
 480 006b 00       		.byte	0
 481 006c 03       		.uleb128 0x3
 482 006d 0E       		.uleb128 0xe
 483 006e 3A       		.uleb128 0x3a
 484 006f 0B       		.uleb128 0xb
 485 0070 3B       		.uleb128 0x3b
 486 0071 0B       		.uleb128 0xb
 487 0072 49       		.uleb128 0x49
 488 0073 13       		.uleb128 0x13
 489 0074 02       		.uleb128 0x2
 490 0075 18       		.uleb128 0x18
 491 0076 00       		.byte	0
 492 0077 00       		.byte	0
 493 0078 09       		.uleb128 0x9
 494 0079 34       		.uleb128 0x34
 495 007a 00       		.byte	0
 496 007b 03       		.uleb128 0x3
 497 007c 0E       		.uleb128 0xe
 498 007d 3A       		.uleb128 0x3a
 499 007e 0B       		.uleb128 0xb
 500 007f 3B       		.uleb128 0x3b
 501 0080 0B       		.uleb128 0xb
 502 0081 49       		.uleb128 0x49
 503 0082 13       		.uleb128 0x13
 504 0083 02       		.uleb128 0x2
 505 0084 17       		.uleb128 0x17
 506 0085 00       		.byte	0
 507 0086 00       		.byte	0
 508 0087 0A       		.uleb128 0xa
 509 0088 898201   		.uleb128 0x4109
 510 008b 00       		.byte	0
 511 008c 11       		.uleb128 0x11
 512 008d 01       		.uleb128 0x1
 513 008e 31       		.uleb128 0x31
 514 008f 13       		.uleb128 0x13
 515 0090 00       		.byte	0
 516 0091 00       		.byte	0
 517 0092 0B       		.uleb128 0xb
 518 0093 898201   		.uleb128 0x4109
 519 0096 01       		.byte	0x1
 520 0097 11       		.uleb128 0x11
ARM GAS  C:\Users\Gemma\AppData\Local\Temp\cc5RL53p.s 			page 11


 521 0098 01       		.uleb128 0x1
 522 0099 31       		.uleb128 0x31
 523 009a 13       		.uleb128 0x13
 524 009b 01       		.uleb128 0x1
 525 009c 13       		.uleb128 0x13
 526 009d 00       		.byte	0
 527 009e 00       		.byte	0
 528 009f 0C       		.uleb128 0xc
 529 00a0 8A8201   		.uleb128 0x410a
 530 00a3 00       		.byte	0
 531 00a4 02       		.uleb128 0x2
 532 00a5 18       		.uleb128 0x18
 533 00a6 9142     		.uleb128 0x2111
 534 00a8 18       		.uleb128 0x18
 535 00a9 00       		.byte	0
 536 00aa 00       		.byte	0
 537 00ab 0D       		.uleb128 0xd
 538 00ac 898201   		.uleb128 0x4109
 539 00af 01       		.byte	0x1
 540 00b0 11       		.uleb128 0x11
 541 00b1 01       		.uleb128 0x1
 542 00b2 31       		.uleb128 0x31
 543 00b3 13       		.uleb128 0x13
 544 00b4 00       		.byte	0
 545 00b5 00       		.byte	0
 546 00b6 0E       		.uleb128 0xe
 547 00b7 01       		.uleb128 0x1
 548 00b8 01       		.byte	0x1
 549 00b9 49       		.uleb128 0x49
 550 00ba 13       		.uleb128 0x13
 551 00bb 01       		.uleb128 0x1
 552 00bc 13       		.uleb128 0x13
 553 00bd 00       		.byte	0
 554 00be 00       		.byte	0
 555 00bf 0F       		.uleb128 0xf
 556 00c0 21       		.uleb128 0x21
 557 00c1 00       		.byte	0
 558 00c2 49       		.uleb128 0x49
 559 00c3 13       		.uleb128 0x13
 560 00c4 2F       		.uleb128 0x2f
 561 00c5 0B       		.uleb128 0xb
 562 00c6 00       		.byte	0
 563 00c7 00       		.byte	0
 564 00c8 10       		.uleb128 0x10
 565 00c9 34       		.uleb128 0x34
 566 00ca 00       		.byte	0
 567 00cb 03       		.uleb128 0x3
 568 00cc 0E       		.uleb128 0xe
 569 00cd 3A       		.uleb128 0x3a
 570 00ce 0B       		.uleb128 0xb
 571 00cf 3B       		.uleb128 0x3b
 572 00d0 05       		.uleb128 0x5
 573 00d1 49       		.uleb128 0x49
 574 00d2 13       		.uleb128 0x13
 575 00d3 3F       		.uleb128 0x3f
 576 00d4 19       		.uleb128 0x19
 577 00d5 3C       		.uleb128 0x3c
ARM GAS  C:\Users\Gemma\AppData\Local\Temp\cc5RL53p.s 			page 12


 578 00d6 19       		.uleb128 0x19
 579 00d7 00       		.byte	0
 580 00d8 00       		.byte	0
 581 00d9 11       		.uleb128 0x11
 582 00da 2E       		.uleb128 0x2e
 583 00db 00       		.byte	0
 584 00dc 3F       		.uleb128 0x3f
 585 00dd 19       		.uleb128 0x19
 586 00de 3C       		.uleb128 0x3c
 587 00df 19       		.uleb128 0x19
 588 00e0 6E       		.uleb128 0x6e
 589 00e1 0E       		.uleb128 0xe
 590 00e2 03       		.uleb128 0x3
 591 00e3 0E       		.uleb128 0xe
 592 00e4 3A       		.uleb128 0x3a
 593 00e5 0B       		.uleb128 0xb
 594 00e6 3B       		.uleb128 0x3b
 595 00e7 0B       		.uleb128 0xb
 596 00e8 00       		.byte	0
 597 00e9 00       		.byte	0
 598 00ea 00       		.byte	0
 599              		.section	.debug_loc,"",%progbits
 600              	.Ldebug_loc0:
 601              	.LLST0:
 602 0000 4E000000 		.4byte	.LVL7
 603 0004 57000000 		.4byte	.LVL8-1
 604 0008 0100     		.2byte	0x1
 605 000a 50       		.byte	0x50
 606 000b 00000000 		.4byte	0
 607 000f 00000000 		.4byte	0
 608              		.section	.debug_aranges,"",%progbits
 609 0000 1C000000 		.4byte	0x1c
 610 0004 0200     		.2byte	0x2
 611 0006 00000000 		.4byte	.Ldebug_info0
 612 000a 04       		.byte	0x4
 613 000b 00       		.byte	0
 614 000c 0000     		.2byte	0
 615 000e 0000     		.2byte	0
 616 0010 00000000 		.4byte	.LFB64
 617 0014 7C000000 		.4byte	.LFE64-.LFB64
 618 0018 00000000 		.4byte	0
 619 001c 00000000 		.4byte	0
 620              		.section	.debug_ranges,"",%progbits
 621              	.Ldebug_ranges0:
 622 0000 00000000 		.4byte	.LFB64
 623 0004 7C000000 		.4byte	.LFE64
 624 0008 00000000 		.4byte	0
 625 000c 00000000 		.4byte	0
 626              		.section	.debug_line,"",%progbits
 627              	.Ldebug_line0:
 628 0000 1E020000 		.section	.debug_str,"MS",%progbits,1
 628      0200DD01 
 628      00000201 
 628      FB0E0D00 
 628      01010101 
 629              	.LASF24:
 630 0000 5350495F 		.ascii	"SPI_WriteTxData\000"
ARM GAS  C:\Users\Gemma\AppData\Local\Temp\cc5RL53p.s 			page 13


 630      57726974 
 630      65547844 
 630      61746100 
 631              	.LASF12:
 632 0010 5F5F696E 		.ascii	"__int32_t\000"
 632      7433325F 
 632      7400
 633              	.LASF26:
 634 001a 5350495F 		.ascii	"SPI_ReadRxData\000"
 634      52656164 
 634      52784461 
 634      746100
 635              	.LASF19:
 636 0029 5350495F 		.ascii	"SPI_temp\000"
 636      74656D70 
 636      00
 637              	.LASF30:
 638 0032 433A5C55 		.ascii	"C:\\Users\\Gemma\\Desktop\\PSoC\\SPI_Connection\\SP"
 638      73657273 
 638      5C47656D 
 638      6D615C44 
 638      65736B74 
 639 005f 495F436F 		.ascii	"I_Connection.cydsn\000"
 639      6E6E6563 
 639      74696F6E 
 639      2E637964 
 639      736E00
 640              	.LASF16:
 641 0072 666C6F61 		.ascii	"float\000"
 641      7400
 642              	.LASF1:
 643 0078 756E7369 		.ascii	"unsigned char\000"
 643      676E6564 
 643      20636861 
 643      7200
 644              	.LASF28:
 645 0086 474E5520 		.ascii	"GNU C11 5.4.1 20160609 (release) [ARM/embedded-5-br"
 645      43313120 
 645      352E342E 
 645      31203230 
 645      31363036 
 646 00b9 616E6368 		.ascii	"anch revision 237715] -mcpu=cortex-m3 -mthumb -g -O"
 646      20726576 
 646      6973696F 
 646      6E203233 
 646      37373135 
 647 00ec 67202D66 		.ascii	"g -ffunction-sections -ffat-lto-objects\000"
 647      66756E63 
 647      74696F6E 
 647      2D736563 
 647      74696F6E 
 648              	.LASF5:
 649 0114 6C6F6E67 		.ascii	"long unsigned int\000"
 649      20756E73 
 649      69676E65 
 649      6420696E 
 649      7400
ARM GAS  C:\Users\Gemma\AppData\Local\Temp\cc5RL53p.s 			page 14


 650              	.LASF3:
 651 0126 73686F72 		.ascii	"short unsigned int\000"
 651      7420756E 
 651      7369676E 
 651      65642069 
 651      6E7400
 652              	.LASF21:
 653 0139 55415254 		.ascii	"UART_Start\000"
 653      5F537461 
 653      727400
 654              	.LASF4:
 655 0144 6C6F6E67 		.ascii	"long int\000"
 655      20696E74 
 655      00
 656              	.LASF32:
 657 014d 49544D5F 		.ascii	"ITM_RxBuffer\000"
 657      52784275 
 657      66666572 
 657      00
 658              	.LASF17:
 659 015a 646F7562 		.ascii	"double\000"
 659      6C6500
 660              	.LASF14:
 661 0161 75696E74 		.ascii	"uint16\000"
 661      313600
 662              	.LASF31:
 663 0168 6D61696E 		.ascii	"main\000"
 663      00
 664              	.LASF18:
 665 016d 73535049 		.ascii	"sSPIval\000"
 665      76616C00 
 666              	.LASF8:
 667 0175 756E7369 		.ascii	"unsigned int\000"
 667      676E6564 
 667      20696E74 
 667      00
 668              	.LASF7:
 669 0182 6C6F6E67 		.ascii	"long long unsigned int\000"
 669      206C6F6E 
 669      6720756E 
 669      7369676E 
 669      65642069 
 670              	.LASF13:
 671 0199 696E7433 		.ascii	"int32_t\000"
 671      325F7400 
 672              	.LASF10:
 673 01a1 73697A65 		.ascii	"sizetype\000"
 673      74797065 
 673      00
 674              	.LASF6:
 675 01aa 6C6F6E67 		.ascii	"long long int\000"
 675      206C6F6E 
 675      6720696E 
 675      7400
 676              	.LASF29:
 677 01b8 6D61696E 		.ascii	"main.c\000"
 677      2E6300
ARM GAS  C:\Users\Gemma\AppData\Local\Temp\cc5RL53p.s 			page 15


 678              	.LASF11:
 679 01bf 63686172 		.ascii	"char\000"
 679      00
 680              	.LASF2:
 681 01c4 73686F72 		.ascii	"short int\000"
 681      7420696E 
 681      7400
 682              	.LASF20:
 683 01ce 62756666 		.ascii	"buffer\000"
 683      657200
 684              	.LASF15:
 685 01d5 666C6F61 		.ascii	"float32\000"
 685      74333200 
 686              	.LASF9:
 687 01dd 6C6F6E67 		.ascii	"long double\000"
 687      20646F75 
 687      626C6500 
 688              	.LASF0:
 689 01e9 7369676E 		.ascii	"signed char\000"
 689      65642063 
 689      68617200 
 690              	.LASF23:
 691 01f5 55415254 		.ascii	"UART_PutString\000"
 691      5F507574 
 691      53747269 
 691      6E6700
 692              	.LASF22:
 693 0204 5350495F 		.ascii	"SPI_Start\000"
 693      53746172 
 693      7400
 694              	.LASF27:
 695 020e 73707269 		.ascii	"sprintf\000"
 695      6E746600 
 696              	.LASF25:
 697 0216 43794465 		.ascii	"CyDelay\000"
 697      6C617900 
 698              		.ident	"GCC: (GNU Tools for ARM Embedded Processors) 5.4.1 20160609 (release) [ARM/embedded-5-bran
