ARM GAS  C:\Users\Gemma\AppData\Local\Temp\ccEbPw2L.s 			page 1


   1              		.syntax unified
   2              		.cpu cortex-m3
   3              		.fpu softvfp
   4              		.eabi_attribute 20, 1
   5              		.eabi_attribute 21, 1
   6              		.eabi_attribute 23, 3
   7              		.eabi_attribute 24, 1
   8              		.eabi_attribute 25, 1
   9              		.eabi_attribute 26, 1
  10              		.eabi_attribute 30, 1
  11              		.eabi_attribute 34, 1
  12              		.eabi_attribute 18, 4
  13              		.thumb
  14              		.syntax unified
  15              		.file	"cymetadata.c"
  16              		.text
  17              	.Ltext0:
  18              		.cfi_sections	.debug_frame
  19              		.global	cy_metadata
  20              		.global	cy_meta_flashprotect
  21              		.global	cy_meta_wonvl
  22              		.global	cy_meta_custnvl
  23              		.global	cy_meta_configecc
  24              		.section	.cyconfigecc,"a",%progbits
  25              		.align	2
  26              		.type	cy_meta_configecc, %object
  27              		.size	cy_meta_configecc, 1112
  28              	cy_meta_configecc:
  29 0000 01       		.byte	1
  30 0001 45       		.byte	69
  31 0002 00       		.byte	0
  32 0003 40       		.byte	64
  33 0004 01       		.byte	1
  34 0005 52       		.byte	82
  35 0006 00       		.byte	0
  36 0007 40       		.byte	64
  37 0008 02       		.byte	2
  38 0009 64       		.byte	100
  39 000a 00       		.byte	0
  40 000b 40       		.byte	64
  41 000c 02       		.byte	2
  42 000d 65       		.byte	101
  43 000e 00       		.byte	0
  44 000f 40       		.byte	64
  45 0010 01       		.byte	1
  46 0011 03       		.byte	3
  47 0012 01       		.byte	1
  48 0013 40       		.byte	64
  49 0014 5E       		.byte	94
  50 0015 08       		.byte	8
  51 0016 01       		.byte	1
  52 0017 40       		.byte	64
  53 0018 32       		.byte	50
  54 0019 09       		.byte	9
  55 001a 01       		.byte	1
  56 001b 40       		.byte	64
  57 001c 03       		.byte	3
ARM GAS  C:\Users\Gemma\AppData\Local\Temp\ccEbPw2L.s 			page 2


  58 001d 0B       		.byte	11
  59 001e 01       		.byte	1
  60 001f 40       		.byte	64
  61 0020 3C       		.byte	60
  62 0021 0C       		.byte	12
  63 0022 01       		.byte	1
  64 0023 40       		.byte	64
  65 0024 20       		.byte	32
  66 0025 0D       		.byte	13
  67 0026 01       		.byte	1
  68 0027 40       		.byte	64
  69 0028 29       		.byte	41
  70 0029 19       		.byte	25
  71 002a 01       		.byte	1
  72 002b 40       		.byte	64
  73 002c 41       		.byte	65
  74 002d 1A       		.byte	26
  75 002e 01       		.byte	1
  76 002f 40       		.byte	64
  77 0030 3B       		.byte	59
  78 0031 1B       		.byte	27
  79 0032 01       		.byte	1
  80 0033 40       		.byte	64
  81 0034 02       		.byte	2
  82 0035 40       		.byte	64
  83 0036 01       		.byte	1
  84 0037 40       		.byte	64
  85 0038 03       		.byte	3
  86 0039 41       		.byte	65
  87 003a 01       		.byte	1
  88 003b 40       		.byte	64
  89 003c 02       		.byte	2
  90 003d 45       		.byte	69
  91 003e 01       		.byte	1
  92 003f 40       		.byte	64
  93 0040 01       		.byte	1
  94 0041 46       		.byte	70
  95 0042 01       		.byte	1
  96 0043 40       		.byte	64
  97 0044 07       		.byte	7
  98 0045 4D       		.byte	77
  99 0046 01       		.byte	1
 100 0047 40       		.byte	64
 101 0048 05       		.byte	5
 102 0049 50       		.byte	80
 103 004a 01       		.byte	1
 104 004b 40       		.byte	64
 105 004c 01       		.byte	1
 106 004d 51       		.byte	81
 107 004e 01       		.byte	1
 108 004f 40       		.byte	64
 109 0050 12       		.byte	18
 110 0051 03       		.byte	3
 111 0052 11       		.byte	17
 112 0053 01       		.byte	1
 113 0054 88       		.byte	-120
 114 0055 0F       		.byte	15
ARM GAS  C:\Users\Gemma\AppData\Local\Temp\ccEbPw2L.s 			page 3


 115 0056 8D       		.byte	-115
 116 0057 0D       		.byte	13
 117 0058 88       		.byte	-120
 118 0059 72       		.byte	114
 119 005a 8B       		.byte	-117
 120 005b 38       		.byte	56
 121 005c E6       		.byte	-26
 122 005d 02       		.byte	2
 123 005e 00       		.byte	0
 124 005f 13       		.byte	19
 125 0060 02       		.byte	2
 126 0061 04       		.byte	4
 127 0062 06       		.byte	6
 128 0063 15       		.byte	21
 129 0064 0C       		.byte	12
 130 0065 13       		.byte	19
 131 0066 0E       		.byte	14
 132 0067 0C       		.byte	12
 133 0068 0F       		.byte	15
 134 0069 01       		.byte	1
 135 006a 10       		.byte	16
 136 006b 0A       		.byte	10
 137 006c 11       		.byte	17
 138 006d 01       		.byte	1
 139 006e 12       		.byte	18
 140 006f 14       		.byte	20
 141 0070 1C       		.byte	28
 142 0071 20       		.byte	32
 143 0072 1D       		.byte	29
 144 0073 01       		.byte	1
 145 0074 24       		.byte	36
 146 0075 03       		.byte	3
 147 0076 26       		.byte	38
 148 0077 14       		.byte	20
 149 0078 29       		.byte	41
 150 0079 02       		.byte	2
 151 007a 2E       		.byte	46
 152 007b 08       		.byte	8
 153 007c 30       		.byte	48
 154 007d 10       		.byte	16
 155 007e 31       		.byte	49
 156 007f 03       		.byte	3
 157 0080 34       		.byte	52
 158 0081 20       		.byte	32
 159 0082 36       		.byte	54
 160 0083 0F       		.byte	15
 161 0084 39       		.byte	57
 162 0085 02       		.byte	2
 163 0086 3A       		.byte	58
 164 0087 80       		.byte	-128
 165 0088 3E       		.byte	62
 166 0089 11       		.byte	17
 167 008a 40       		.byte	64
 168 008b 46       		.byte	70
 169 008c 41       		.byte	65
 170 008d 01       		.byte	1
 171 008e 46       		.byte	70
ARM GAS  C:\Users\Gemma\AppData\Local\Temp\ccEbPw2L.s 			page 4


 172 008f CE       		.byte	-50
 173 0090 47       		.byte	71
 174 0091 0B       		.byte	11
 175 0092 48       		.byte	72
 176 0093 1C       		.byte	28
 177 0094 49       		.byte	73
 178 0095 FF       		.byte	-1
 179 0096 4A       		.byte	74
 180 0097 FF       		.byte	-1
 181 0098 4B       		.byte	75
 182 0099 FF       		.byte	-1
 183 009a 4E       		.byte	78
 184 009b F0       		.byte	-16
 185 009c 4F       		.byte	79
 186 009d 44       		.byte	68
 187 009e 50       		.byte	80
 188 009f 0C       		.byte	12
 189 00a0 54       		.byte	84
 190 00a1 01       		.byte	1
 191 00a2 58       		.byte	88
 192 00a3 04       		.byte	4
 193 00a4 59       		.byte	89
 194 00a5 04       		.byte	4
 195 00a6 5A       		.byte	90
 196 00a7 04       		.byte	4
 197 00a8 5B       		.byte	91
 198 00a9 04       		.byte	4
 199 00aa 5C       		.byte	92
 200 00ab 11       		.byte	17
 201 00ac 5D       		.byte	93
 202 00ad 11       		.byte	17
 203 00ae 5F       		.byte	95
 204 00af 01       		.byte	1
 205 00b0 66       		.byte	102
 206 00b1 C0       		.byte	-64
 207 00b2 6A       		.byte	106
 208 00b3 40       		.byte	64
 209 00b4 6B       		.byte	107
 210 00b5 02       		.byte	2
 211 00b6 80       		.byte	-128
 212 00b7 10       		.byte	16
 213 00b8 82       		.byte	-126
 214 00b9 AC       		.byte	-84
 215 00ba 86       		.byte	-122
 216 00bb 03       		.byte	3
 217 00bc 87       		.byte	-121
 218 00bd 13       		.byte	19
 219 00be 8C       		.byte	-116
 220 00bf 0C       		.byte	12
 221 00c0 8D       		.byte	-115
 222 00c1 2C       		.byte	44
 223 00c2 8E       		.byte	-114
 224 00c3 71       		.byte	113
 225 00c4 8F       		.byte	-113
 226 00c5 03       		.byte	3
 227 00c6 90       		.byte	-112
 228 00c7 DC       		.byte	-36
ARM GAS  C:\Users\Gemma\AppData\Local\Temp\ccEbPw2L.s 			page 5


 229 00c8 92       		.byte	-110
 230 00c9 22       		.byte	34
 231 00ca 98       		.byte	-104
 232 00cb 10       		.byte	16
 233 00cc 9A       		.byte	-102
 234 00cd 40       		.byte	64
 235 00ce 9B       		.byte	-101
 236 00cf 08       		.byte	8
 237 00d0 9F       		.byte	-97
 238 00d1 0C       		.byte	12
 239 00d2 A0       		.byte	-96
 240 00d3 09       		.byte	9
 241 00d4 A1       		.byte	-95
 242 00d5 31       		.byte	49
 243 00d6 A2       		.byte	-94
 244 00d7 D0       		.byte	-48
 245 00d8 A3       		.byte	-93
 246 00d9 0E       		.byte	14
 247 00da A4       		.byte	-92
 248 00db 14       		.byte	20
 249 00dc AA       		.byte	-86
 250 00dd 20       		.byte	32
 251 00de AD       		.byte	-83
 252 00df 31       		.byte	49
 253 00e0 AF       		.byte	-81
 254 00e1 06       		.byte	6
 255 00e2 B0       		.byte	-80
 256 00e3 E0       		.byte	-32
 257 00e4 B1       		.byte	-79
 258 00e5 0F       		.byte	15
 259 00e6 B3       		.byte	-77
 260 00e7 30       		.byte	48
 261 00e8 B4       		.byte	-76
 262 00e9 1F       		.byte	31
 263 00ea B9       		.byte	-71
 264 00eb 08       		.byte	8
 265 00ec BA       		.byte	-70
 266 00ed 02       		.byte	2
 267 00ee BB       		.byte	-69
 268 00ef 02       		.byte	2
 269 00f0 BF       		.byte	-65
 270 00f1 04       		.byte	4
 271 00f2 C0       		.byte	-64
 272 00f3 03       		.byte	3
 273 00f4 C5       		.byte	-59
 274 00f5 04       		.byte	4
 275 00f6 C9       		.byte	-55
 276 00f7 FF       		.byte	-1
 277 00f8 CA       		.byte	-54
 278 00f9 07       		.byte	7
 279 00fa CB       		.byte	-53
 280 00fb FF       		.byte	-1
 281 00fc CC       		.byte	-52
 282 00fd 40       		.byte	64
 283 00fe CD       		.byte	-51
 284 00ff 20       		.byte	32
 285 0100 CE       		.byte	-50
ARM GAS  C:\Users\Gemma\AppData\Local\Temp\ccEbPw2L.s 			page 6


 286 0101 F0       		.byte	-16
 287 0102 CF       		.byte	-49
 288 0103 05       		.byte	5
 289 0104 D0       		.byte	-48
 290 0105 08       		.byte	8
 291 0106 D8       		.byte	-40
 292 0107 04       		.byte	4
 293 0108 D9       		.byte	-39
 294 0109 04       		.byte	4
 295 010a DA       		.byte	-38
 296 010b 04       		.byte	4
 297 010c DC       		.byte	-36
 298 010d 11       		.byte	17
 299 010e DD       		.byte	-35
 300 010f 01       		.byte	1
 301 0110 DF       		.byte	-33
 302 0111 01       		.byte	1
 303 0112 E0       		.byte	-32
 304 0113 40       		.byte	64
 305 0114 E1       		.byte	-31
 306 0115 A8       		.byte	-88
 307 0116 E2       		.byte	-30
 308 0117 40       		.byte	64
 309 0118 E3       		.byte	-29
 310 0119 20       		.byte	32
 311 011a 00       		.byte	0
 312 011b 04       		.byte	4
 313 011c 02       		.byte	2
 314 011d 41       		.byte	65
 315 011e 04       		.byte	4
 316 011f 08       		.byte	8
 317 0120 05       		.byte	5
 318 0121 41       		.byte	65
 319 0122 0B       		.byte	11
 320 0123 44       		.byte	68
 321 0124 0C       		.byte	12
 322 0125 80       		.byte	-128
 323 0126 0E       		.byte	14
 324 0127 01       		.byte	1
 325 0128 0F       		.byte	15
 326 0129 40       		.byte	64
 327 012a 10       		.byte	16
 328 012b 08       		.byte	8
 329 012c 11       		.byte	17
 330 012d 0A       		.byte	10
 331 012e 14       		.byte	20
 332 012f 20       		.byte	32
 333 0130 16       		.byte	22
 334 0131 20       		.byte	32
 335 0132 17       		.byte	23
 336 0133 40       		.byte	64
 337 0134 18       		.byte	24
 338 0135 04       		.byte	4
 339 0136 19       		.byte	25
 340 0137 01       		.byte	1
 341 0138 1D       		.byte	29
 342 0139 40       		.byte	64
ARM GAS  C:\Users\Gemma\AppData\Local\Temp\ccEbPw2L.s 			page 7


 343 013a 1E       		.byte	30
 344 013b 48       		.byte	72
 345 013c 20       		.byte	32
 346 013d 40       		.byte	64
 347 013e 21       		.byte	33
 348 013f 04       		.byte	4
 349 0140 23       		.byte	35
 350 0141 40       		.byte	64
 351 0142 25       		.byte	37
 352 0143 01       		.byte	1
 353 0144 27       		.byte	39
 354 0145 40       		.byte	64
 355 0146 29       		.byte	41
 356 0147 41       		.byte	65
 357 0148 2A       		.byte	42
 358 0149 41       		.byte	65
 359 014a 2C       		.byte	44
 360 014b 08       		.byte	8
 361 014c 30       		.byte	48
 362 014d 20       		.byte	32
 363 014e 33       		.byte	51
 364 014f 40       		.byte	64
 365 0150 35       		.byte	53
 366 0151 41       		.byte	65
 367 0152 38       		.byte	56
 368 0153 48       		.byte	72
 369 0154 3F       		.byte	63
 370 0155 40       		.byte	64
 371 0156 41       		.byte	65
 372 0157 04       		.byte	4
 373 0158 46       		.byte	70
 374 0159 41       		.byte	65
 375 015a 48       		.byte	72
 376 015b 20       		.byte	32
 377 015c 4B       		.byte	75
 378 015d 04       		.byte	4
 379 015e 4C       		.byte	76
 380 015f 04       		.byte	4
 381 0160 50       		.byte	80
 382 0161 0C       		.byte	12
 383 0162 54       		.byte	84
 384 0163 80       		.byte	-128
 385 0164 55       		.byte	85
 386 0165 04       		.byte	4
 387 0166 56       		.byte	86
 388 0167 20       		.byte	32
 389 0168 5C       		.byte	92
 390 0169 20       		.byte	32
 391 016a 5E       		.byte	94
 392 016b 49       		.byte	73
 393 016c C0       		.byte	-64
 394 016d BD       		.byte	-67
 395 016e C2       		.byte	-62
 396 016f 9A       		.byte	-102
 397 0170 C4       		.byte	-60
 398 0171 AE       		.byte	-82
 399 0172 CA       		.byte	-54
ARM GAS  C:\Users\Gemma\AppData\Local\Temp\ccEbPw2L.s 			page 8


 400 0173 29       		.byte	41
 401 0174 CC       		.byte	-52
 402 0175 9C       		.byte	-100
 403 0176 CE       		.byte	-50
 404 0177 1A       		.byte	26
 405 0178 D0       		.byte	-48
 406 0179 92       		.byte	-110
 407 017a D2       		.byte	-46
 408 017b 20       		.byte	32
 409 017c D6       		.byte	-42
 410 017d F0       		.byte	-16
 411 017e AB       		.byte	-85
 412 017f 80       		.byte	-128
 413 0180 B4       		.byte	-76
 414 0181 48       		.byte	72
 415 0182 EC       		.byte	-20
 416 0183 04       		.byte	4
 417 0184 40       		.byte	64
 418 0185 60       		.byte	96
 419 0186 41       		.byte	65
 420 0187 02       		.byte	2
 421 0188 49       		.byte	73
 422 0189 FF       		.byte	-1
 423 018a 4A       		.byte	74
 424 018b FF       		.byte	-1
 425 018c 4B       		.byte	75
 426 018d FF       		.byte	-1
 427 018e 4D       		.byte	77
 428 018f A0       		.byte	-96
 429 0190 4F       		.byte	79
 430 0191 04       		.byte	4
 431 0192 50       		.byte	80
 432 0193 18       		.byte	24
 433 0194 5A       		.byte	90
 434 0195 04       		.byte	4
 435 0196 5F       		.byte	95
 436 0197 01       		.byte	1
 437 0198 60       		.byte	96
 438 0199 40       		.byte	64
 439 019a 62       		.byte	98
 440 019b C0       		.byte	-64
 441 019c 64       		.byte	100
 442 019d 40       		.byte	64
 443 019e 65       		.byte	101
 444 019f 40       		.byte	64
 445 01a0 66       		.byte	102
 446 01a1 C0       		.byte	-64
 447 01a2 68       		.byte	104
 448 01a3 C0       		.byte	-64
 449 01a4 6A       		.byte	106
 450 01a5 C0       		.byte	-64
 451 01a6 6C       		.byte	108
 452 01a7 C0       		.byte	-64
 453 01a8 6E       		.byte	110
 454 01a9 C0       		.byte	-64
 455 01aa 92       		.byte	-110
 456 01ab 01       		.byte	1
ARM GAS  C:\Users\Gemma\AppData\Local\Temp\ccEbPw2L.s 			page 9


 457 01ac 9A       		.byte	-102
 458 01ad 06       		.byte	6
 459 01ae 9B       		.byte	-101
 460 01af 01       		.byte	1
 461 01b0 A5       		.byte	-91
 462 01b1 01       		.byte	1
 463 01b2 A6       		.byte	-90
 464 01b3 0C       		.byte	12
 465 01b4 AA       		.byte	-86
 466 01b5 02       		.byte	2
 467 01b6 B0       		.byte	-80
 468 01b7 02       		.byte	2
 469 01b8 B2       		.byte	-78
 470 01b9 08       		.byte	8
 471 01ba B4       		.byte	-76
 472 01bb 01       		.byte	1
 473 01bc B6       		.byte	-74
 474 01bd 04       		.byte	4
 475 01be B7       		.byte	-73
 476 01bf 01       		.byte	1
 477 01c0 BE       		.byte	-66
 478 01c1 01       		.byte	1
 479 01c2 C0       		.byte	-64
 480 01c3 20       		.byte	32
 481 01c4 C1       		.byte	-63
 482 01c5 06       		.byte	6
 483 01c6 C5       		.byte	-59
 484 01c7 D1       		.byte	-47
 485 01c8 C7       		.byte	-57
 486 01c9 02       		.byte	2
 487 01ca C8       		.byte	-56
 488 01cb 13       		.byte	19
 489 01cc C9       		.byte	-55
 490 01cd FF       		.byte	-1
 491 01ce CA       		.byte	-54
 492 01cf FF       		.byte	-1
 493 01d0 CB       		.byte	-53
 494 01d1 FF       		.byte	-1
 495 01d2 CD       		.byte	-51
 496 01d3 AF       		.byte	-81
 497 01d4 CE       		.byte	-50
 498 01d5 0F       		.byte	15
 499 01d6 CF       		.byte	-49
 500 01d7 04       		.byte	4
 501 01d8 D0       		.byte	-48
 502 01d9 18       		.byte	24
 503 01da D2       		.byte	-46
 504 01db 80       		.byte	-128
 505 01dc D4       		.byte	-44
 506 01dd 05       		.byte	5
 507 01de D6       		.byte	-42
 508 01df 04       		.byte	4
 509 01e0 D8       		.byte	-40
 510 01e1 04       		.byte	4
 511 01e2 D9       		.byte	-39
 512 01e3 04       		.byte	4
 513 01e4 DA       		.byte	-38
ARM GAS  C:\Users\Gemma\AppData\Local\Temp\ccEbPw2L.s 			page 10


 514 01e5 04       		.byte	4
 515 01e6 DB       		.byte	-37
 516 01e7 04       		.byte	4
 517 01e8 DF       		.byte	-33
 518 01e9 01       		.byte	1
 519 01ea E0       		.byte	-32
 520 01eb 40       		.byte	64
 521 01ec E2       		.byte	-30
 522 01ed C0       		.byte	-64
 523 01ee E4       		.byte	-28
 524 01ef 40       		.byte	64
 525 01f0 E5       		.byte	-27
 526 01f1 40       		.byte	64
 527 01f2 E6       		.byte	-26
 528 01f3 C0       		.byte	-64
 529 01f4 E8       		.byte	-24
 530 01f5 C0       		.byte	-64
 531 01f6 EA       		.byte	-22
 532 01f7 C0       		.byte	-64
 533 01f8 EC       		.byte	-20
 534 01f9 C0       		.byte	-64
 535 01fa EE       		.byte	-18
 536 01fb C0       		.byte	-64
 537 01fc 09       		.byte	9
 538 01fd 02       		.byte	2
 539 01fe 0A       		.byte	10
 540 01ff 04       		.byte	4
 541 0200 10       		.byte	16
 542 0201 20       		.byte	32
 543 0202 12       		.byte	18
 544 0203 04       		.byte	4
 545 0204 18       		.byte	24
 546 0205 40       		.byte	64
 547 0206 19       		.byte	25
 548 0207 08       		.byte	8
 549 0208 1A       		.byte	26
 550 0209 04       		.byte	4
 551 020a 1B       		.byte	27
 552 020b 90       		.byte	-112
 553 020c 22       		.byte	34
 554 020d 40       		.byte	64
 555 020e 29       		.byte	41
 556 020f 08       		.byte	8
 557 0210 30       		.byte	48
 558 0211 20       		.byte	32
 559 0212 42       		.byte	66
 560 0213 04       		.byte	4
 561 0214 46       		.byte	70
 562 0215 04       		.byte	4
 563 0216 48       		.byte	72
 564 0217 28       		.byte	40
 565 0218 49       		.byte	73
 566 0219 01       		.byte	1
 567 021a 4F       		.byte	79
 568 021b 20       		.byte	32
 569 021c 50       		.byte	80
 570 021d 08       		.byte	8
ARM GAS  C:\Users\Gemma\AppData\Local\Temp\ccEbPw2L.s 			page 11


 571 021e 52       		.byte	82
 572 021f 04       		.byte	4
 573 0220 58       		.byte	88
 574 0221 08       		.byte	8
 575 0222 59       		.byte	89
 576 0223 01       		.byte	1
 577 0224 5A       		.byte	90
 578 0225 80       		.byte	-128
 579 0226 63       		.byte	99
 580 0227 40       		.byte	64
 581 0228 71       		.byte	113
 582 0229 02       		.byte	2
 583 022a 87       		.byte	-121
 584 022b 40       		.byte	64
 585 022c C2       		.byte	-62
 586 022d 0A       		.byte	10
 587 022e C4       		.byte	-60
 588 022f 06       		.byte	6
 589 0230 CA       		.byte	-54
 590 0231 02       		.byte	2
 591 0232 CC       		.byte	-52
 592 0233 04       		.byte	4
 593 0234 D0       		.byte	-48
 594 0235 24       		.byte	36
 595 0236 D2       		.byte	-46
 596 0237 24       		.byte	36
 597 0238 D6       		.byte	-42
 598 0239 0B       		.byte	11
 599 023a D8       		.byte	-40
 600 023b 01       		.byte	1
 601 023c 04       		.byte	4
 602 023d 12       		.byte	18
 603 023e 05       		.byte	5
 604 023f 48       		.byte	72
 605 0240 0E       		.byte	14
 606 0241 69       		.byte	105
 607 0242 15       		.byte	21
 608 0243 02       		.byte	2
 609 0244 17       		.byte	23
 610 0245 28       		.byte	40
 611 0246 1D       		.byte	29
 612 0247 83       		.byte	-125
 613 0248 1E       		.byte	30
 614 0249 44       		.byte	68
 615 024a 24       		.byte	36
 616 024b 02       		.byte	2
 617 024c 25       		.byte	37
 618 024d 20       		.byte	32
 619 024e 26       		.byte	38
 620 024f 18       		.byte	24
 621 0250 27       		.byte	39
 622 0251 15       		.byte	21
 623 0252 2C       		.byte	44
 624 0253 08       		.byte	8
 625 0254 2E       		.byte	46
 626 0255 48       		.byte	72
 627 0256 35       		.byte	53
ARM GAS  C:\Users\Gemma\AppData\Local\Temp\ccEbPw2L.s 			page 12


 628 0257 40       		.byte	64
 629 0258 36       		.byte	54
 630 0259 14       		.byte	20
 631 025a 37       		.byte	55
 632 025b 01       		.byte	1
 633 025c 3D       		.byte	61
 634 025d 54       		.byte	84
 635 025e 3E       		.byte	62
 636 025f 01       		.byte	1
 637 0260 45       		.byte	69
 638 0261 A2       		.byte	-94
 639 0262 4C       		.byte	76
 640 0263 01       		.byte	1
 641 0264 4E       		.byte	78
 642 0265 08       		.byte	8
 643 0266 55       		.byte	85
 644 0267 08       		.byte	8
 645 0268 56       		.byte	86
 646 0269 01       		.byte	1
 647 026a 5E       		.byte	94
 648 026b 04       		.byte	4
 649 026c 6C       		.byte	108
 650 026d 20       		.byte	32
 651 026e 6D       		.byte	109
 652 026f 54       		.byte	84
 653 0270 6F       		.byte	111
 654 0271 08       		.byte	8
 655 0272 74       		.byte	116
 656 0273 08       		.byte	8
 657 0274 75       		.byte	117
 658 0275 40       		.byte	64
 659 0276 76       		.byte	118
 660 0277 08       		.byte	8
 661 0278 77       		.byte	119
 662 0279 28       		.byte	40
 663 027a 90       		.byte	-112
 664 027b 04       		.byte	4
 665 027c C0       		.byte	-64
 666 027d F0       		.byte	-16
 667 027e C2       		.byte	-62
 668 027f F0       		.byte	-16
 669 0280 C4       		.byte	-60
 670 0281 70       		.byte	112
 671 0282 CA       		.byte	-54
 672 0283 70       		.byte	112
 673 0284 CC       		.byte	-52
 674 0285 F0       		.byte	-16
 675 0286 CE       		.byte	-50
 676 0287 F0       		.byte	-16
 677 0288 D0       		.byte	-48
 678 0289 B0       		.byte	-80
 679 028a D2       		.byte	-46
 680 028b 30       		.byte	48
 681 028c D6       		.byte	-42
 682 028d 40       		.byte	64
 683 028e 05       		.byte	5
 684 028f 01       		.byte	1
ARM GAS  C:\Users\Gemma\AppData\Local\Temp\ccEbPw2L.s 			page 13


 685 0290 09       		.byte	9
 686 0291 24       		.byte	36
 687 0292 0B       		.byte	11
 688 0293 0A       		.byte	10
 689 0294 0D       		.byte	13
 690 0295 08       		.byte	8
 691 0296 0F       		.byte	15
 692 0297 30       		.byte	48
 693 0298 19       		.byte	25
 694 0299 3E       		.byte	62
 695 029a 25       		.byte	37
 696 029b 12       		.byte	18
 697 029c 27       		.byte	39
 698 029d 0C       		.byte	12
 699 029e 29       		.byte	41
 700 029f 3E       		.byte	62
 701 02a0 31       		.byte	49
 702 02a1 38       		.byte	56
 703 02a2 33       		.byte	51
 704 02a3 06       		.byte	6
 705 02a4 37       		.byte	55
 706 02a5 01       		.byte	1
 707 02a6 3F       		.byte	63
 708 02a7 40       		.byte	64
 709 02a8 59       		.byte	89
 710 02a9 04       		.byte	4
 711 02aa 5C       		.byte	92
 712 02ab 10       		.byte	16
 713 02ac 5F       		.byte	95
 714 02ad 01       		.byte	1
 715 02ae 80       		.byte	-128
 716 02af 09       		.byte	9
 717 02b0 81       		.byte	-127
 718 02b1 20       		.byte	32
 719 02b2 82       		.byte	-126
 720 02b3 30       		.byte	48
 721 02b4 84       		.byte	-124
 722 02b5 30       		.byte	48
 723 02b6 85       		.byte	-123
 724 02b7 10       		.byte	16
 725 02b8 88       		.byte	-120
 726 02b9 10       		.byte	16
 727 02ba 89       		.byte	-119
 728 02bb 38       		.byte	56
 729 02bc 8B       		.byte	-117
 730 02bd C4       		.byte	-60
 731 02be 8C       		.byte	-116
 732 02bf 20       		.byte	32
 733 02c0 8D       		.byte	-115
 734 02c1 C0       		.byte	-64
 735 02c2 92       		.byte	-110
 736 02c3 02       		.byte	2
 737 02c4 93       		.byte	-109
 738 02c5 C6       		.byte	-58
 739 02c6 95       		.byte	-107
 740 02c7 FE       		.byte	-2
 741 02c8 96       		.byte	-106
ARM GAS  C:\Users\Gemma\AppData\Local\Temp\ccEbPw2L.s 			page 14


 742 02c9 02       		.byte	2
 743 02ca 98       		.byte	-104
 744 02cb 39       		.byte	57
 745 02cc 99       		.byte	-103
 746 02cd 30       		.byte	48
 747 02ce 9C       		.byte	-100
 748 02cf 30       		.byte	48
 749 02d0 9E       		.byte	-98
 750 02d1 09       		.byte	9
 751 02d2 9F       		.byte	-97
 752 02d3 08       		.byte	8
 753 02d4 A1       		.byte	-95
 754 02d5 38       		.byte	56
 755 02d6 A2       		.byte	-94
 756 02d7 08       		.byte	8
 757 02d8 A3       		.byte	-93
 758 02d9 C2       		.byte	-62
 759 02da A4       		.byte	-92
 760 02db 30       		.byte	48
 761 02dc A5       		.byte	-91
 762 02dd 48       		.byte	72
 763 02de A6       		.byte	-90
 764 02df 09       		.byte	9
 765 02e0 A7       		.byte	-89
 766 02e1 01       		.byte	1
 767 02e2 A9       		.byte	-87
 768 02e3 80       		.byte	-128
 769 02e4 AA       		.byte	-86
 770 02e5 04       		.byte	4
 771 02e6 AD       		.byte	-83
 772 02e7 CE       		.byte	-50
 773 02e8 AE       		.byte	-82
 774 02e9 04       		.byte	4
 775 02ea AF       		.byte	-81
 776 02eb 30       		.byte	48
 777 02ec B0       		.byte	-80
 778 02ed 01       		.byte	1
 779 02ee B1       		.byte	-79
 780 02ef 01       		.byte	1
 781 02f0 B2       		.byte	-78
 782 02f1 02       		.byte	2
 783 02f2 B3       		.byte	-77
 784 02f3 3E       		.byte	62
 785 02f4 B4       		.byte	-76
 786 02f5 04       		.byte	4
 787 02f6 B6       		.byte	-74
 788 02f7 38       		.byte	56
 789 02f8 B7       		.byte	-73
 790 02f9 C0       		.byte	-64
 791 02fa B8       		.byte	-72
 792 02fb 02       		.byte	2
 793 02fc BA       		.byte	-70
 794 02fd 80       		.byte	-128
 795 02fe BB       		.byte	-69
 796 02ff 08       		.byte	8
 797 0300 BE       		.byte	-66
 798 0301 14       		.byte	20
ARM GAS  C:\Users\Gemma\AppData\Local\Temp\ccEbPw2L.s 			page 15


 799 0302 D4       		.byte	-44
 800 0303 18       		.byte	24
 801 0304 D8       		.byte	-40
 802 0305 04       		.byte	4
 803 0306 D9       		.byte	-39
 804 0307 04       		.byte	4
 805 0308 DB       		.byte	-37
 806 0309 04       		.byte	4
 807 030a DC       		.byte	-36
 808 030b 11       		.byte	17
 809 030c DD       		.byte	-35
 810 030d 10       		.byte	16
 811 030e DF       		.byte	-33
 812 030f 01       		.byte	1
 813 0310 05       		.byte	5
 814 0311 41       		.byte	65
 815 0312 06       		.byte	6
 816 0313 0A       		.byte	10
 817 0314 07       		.byte	7
 818 0315 20       		.byte	32
 819 0316 0D       		.byte	13
 820 0317 2A       		.byte	42
 821 0318 0E       		.byte	14
 822 0319 01       		.byte	1
 823 031a 16       		.byte	22
 824 031b 01       		.byte	1
 825 031c 17       		.byte	23
 826 031d 19       		.byte	25
 827 031e 1D       		.byte	29
 828 031f 02       		.byte	2
 829 0320 1E       		.byte	30
 830 0321 05       		.byte	5
 831 0322 1F       		.byte	31
 832 0323 04       		.byte	4
 833 0324 20       		.byte	32
 834 0325 10       		.byte	16
 835 0326 21       		.byte	33
 836 0327 81       		.byte	-127
 837 0328 23       		.byte	35
 838 0329 40       		.byte	64
 839 032a 24       		.byte	36
 840 032b 01       		.byte	1
 841 032c 26       		.byte	38
 842 032d 04       		.byte	4
 843 032e 27       		.byte	39
 844 032f 40       		.byte	64
 845 0330 29       		.byte	41
 846 0331 08       		.byte	8
 847 0332 2B       		.byte	43
 848 0333 08       		.byte	8
 849 0334 2D       		.byte	45
 850 0335 08       		.byte	8
 851 0336 2E       		.byte	46
 852 0337 61       		.byte	97
 853 0338 30       		.byte	48
 854 0339 20       		.byte	32
 855 033a 37       		.byte	55
ARM GAS  C:\Users\Gemma\AppData\Local\Temp\ccEbPw2L.s 			page 16


 856 033b 65       		.byte	101
 857 033c 38       		.byte	56
 858 033d 14       		.byte	20
 859 033e 3A       		.byte	58
 860 033f 20       		.byte	32
 861 0340 3B       		.byte	59
 862 0341 40       		.byte	64
 863 0342 3E       		.byte	62
 864 0343 0A       		.byte	10
 865 0344 3F       		.byte	63
 866 0345 50       		.byte	80
 867 0346 4A       		.byte	74
 868 0347 04       		.byte	4
 869 0348 4B       		.byte	75
 870 0349 10       		.byte	16
 871 034a 5C       		.byte	92
 872 034b 01       		.byte	1
 873 034c 5E       		.byte	94
 874 034d 08       		.byte	8
 875 034e 5F       		.byte	95
 876 034f 08       		.byte	8
 877 0350 66       		.byte	102
 878 0351 80       		.byte	-128
 879 0352 67       		.byte	103
 880 0353 08       		.byte	8
 881 0354 85       		.byte	-123
 882 0355 80       		.byte	-128
 883 0356 89       		.byte	-119
 884 0357 08       		.byte	8
 885 0358 8A       		.byte	-118
 886 0359 84       		.byte	-124
 887 035a 90       		.byte	-112
 888 035b 04       		.byte	4
 889 035c 92       		.byte	-110
 890 035d 40       		.byte	64
 891 035e 94       		.byte	-108
 892 035f 10       		.byte	16
 893 0360 95       		.byte	-107
 894 0361 02       		.byte	2
 895 0362 96       		.byte	-106
 896 0363 01       		.byte	1
 897 0364 99       		.byte	-103
 898 0365 41       		.byte	65
 899 0366 9A       		.byte	-102
 900 0367 09       		.byte	9
 901 0368 9B       		.byte	-101
 902 0369 35       		.byte	53
 903 036a 9D       		.byte	-99
 904 036b 08       		.byte	8
 905 036c A0       		.byte	-96
 906 036d 20       		.byte	32
 907 036e A1       		.byte	-95
 908 036f 28       		.byte	40
 909 0370 A3       		.byte	-93
 910 0371 08       		.byte	8
 911 0372 A6       		.byte	-90
 912 0373 04       		.byte	4
ARM GAS  C:\Users\Gemma\AppData\Local\Temp\ccEbPw2L.s 			page 17


 913 0374 C0       		.byte	-64
 914 0375 F0       		.byte	-16
 915 0376 C2       		.byte	-62
 916 0377 F0       		.byte	-16
 917 0378 C4       		.byte	-60
 918 0379 F0       		.byte	-16
 919 037a CA       		.byte	-54
 920 037b F6       		.byte	-10
 921 037c CC       		.byte	-52
 922 037d F4       		.byte	-12
 923 037e CE       		.byte	-50
 924 037f FE       		.byte	-2
 925 0380 D6       		.byte	-42
 926 0381 80       		.byte	-128
 927 0382 D8       		.byte	-40
 928 0383 30       		.byte	48
 929 0384 E4       		.byte	-28
 930 0385 02       		.byte	2
 931 0386 32       		.byte	50
 932 0387 20       		.byte	32
 933 0388 CC       		.byte	-52
 934 0389 10       		.byte	16
 935 038a 86       		.byte	-122
 936 038b 20       		.byte	32
 937 038c A6       		.byte	-90
 938 038d 20       		.byte	32
 939 038e E6       		.byte	-26
 940 038f 40       		.byte	64
 941 0390 53       		.byte	83
 942 0391 01       		.byte	1
 943 0392 D4       		.byte	-44
 944 0393 01       		.byte	1
 945 0394 AB       		.byte	-85
 946 0395 01       		.byte	1
 947 0396 10       		.byte	16
 948 0397 40       		.byte	64
 949 0398 74       		.byte	116
 950 0399 04       		.byte	4
 951 039a 84       		.byte	-124
 952 039b 04       		.byte	4
 953 039c 88       		.byte	-120
 954 039d 40       		.byte	64
 955 039e C4       		.byte	-60
 956 039f 08       		.byte	8
 957 03a0 DE       		.byte	-34
 958 03a1 04       		.byte	4
 959 03a2 E2       		.byte	-30
 960 03a3 01       		.byte	1
 961 03a4 00       		.byte	0
 962 03a5 03       		.byte	3
 963 03a6 0C       		.byte	12
 964 03a7 02       		.byte	2
 965 03a8 0E       		.byte	14
 966 03a9 01       		.byte	1
 967 03aa 10       		.byte	16
 968 03ab 02       		.byte	2
 969 03ac 1C       		.byte	28
ARM GAS  C:\Users\Gemma\AppData\Local\Temp\ccEbPw2L.s 			page 18


 970 03ad 02       		.byte	2
 971 03ae 00       		.byte	0
 972 03af 03       		.byte	3
 973 03b0 80       		.byte	-128
 974 03b1 80       		.byte	-128
 975 03b2 00       		.byte	0
 976 03b3 00       		.byte	0
 977 03b4 40       		.byte	64
 978 03b5 00       		.byte	0
 979 03b6 00       		.byte	0
 980 03b7 00       		.byte	0
 981 03b8 00       		.byte	0
 982 03b9 06       		.byte	6
 983 03ba 03       		.byte	3
 984 03bb 01       		.byte	1
 985 03bc 01       		.byte	1
 986 03bd 08       		.byte	8
 987 03be 40       		.byte	64
 988 03bf 00       		.byte	0
 989 03c0 02       		.byte	2
 990 03c1 08       		.byte	8
 991 03c2 40       		.byte	64
 992 03c3 00       		.byte	0
 993 03c4 08       		.byte	8
 994 03c5 08       		.byte	8
 995 03c6 00       		.byte	0
 996 03c7 00       		.byte	0
 997 03c8 13       		.byte	19
 998 03c9 00       		.byte	0
 999 03ca 0C       		.byte	12
 1000 03cb 01       		.byte	1
 1001 03cc 1F       		.byte	31
 1002 03cd 07       		.byte	7
 1003 03ce 00       		.byte	0
 1004 03cf 00       		.byte	0
 1005 03d0 1C       		.byte	28
 1006 03d1 07       		.byte	7
 1007 03d2 03       		.byte	3
 1008 03d3 00       		.byte	0
 1009 03d4 1F       		.byte	31
 1010 03d5 04       		.byte	4
 1011 03d6 00       		.byte	0
 1012 03d7 00       		.byte	0
 1013 03d8 03       		.byte	3
 1014 03d9 00       		.byte	0
 1015 03da 20       		.byte	32
 1016 03db 00       		.byte	0
 1017 03dc 04       		.byte	4
 1018 03dd 02       		.byte	2
 1019 03de 00       		.byte	0
 1020 03df 00       		.byte	0
 1021 03e0 0C       		.byte	12
 1022 03e1 06       		.byte	6
 1023 03e2 00       		.byte	0
 1024 03e3 00       		.byte	0
 1025 03e4 00       		.byte	0
 1026 03e5 01       		.byte	1
ARM GAS  C:\Users\Gemma\AppData\Local\Temp\ccEbPw2L.s 			page 19


 1027 03e6 00       		.byte	0
 1028 03e7 06       		.byte	6
 1029 03e8 0F       		.byte	15
 1030 03e9 00       		.byte	0
 1031 03ea 00       		.byte	0
 1032 03eb 07       		.byte	7
 1033 03ec 10       		.byte	16
 1034 03ed 00       		.byte	0
 1035 03ee 60       		.byte	96
 1036 03ef 08       		.byte	8
 1037 03f0 00       		.byte	0
 1038 03f1 00       		.byte	0
 1039 03f2 02       		.byte	2
 1040 03f3 20       		.byte	32
 1041 03f4 00       		.byte	0
 1042 03f5 00       		.byte	0
 1043 03f6 50       		.byte	80
 1044 03f7 00       		.byte	0
 1045 03f8 45       		.byte	69
 1046 03f9 02       		.byte	2
 1047 03fa 06       		.byte	6
 1048 03fb 00       		.byte	0
 1049 03fc 01       		.byte	1
 1050 03fd 00       		.byte	0
 1051 03fe 00       		.byte	0
 1052 03ff CE       		.byte	-50
 1053 0400 30       		.byte	48
 1054 0401 FF       		.byte	-1
 1055 0402 FF       		.byte	-1
 1056 0403 FF       		.byte	-1
 1057 0404 62       		.byte	98
 1058 0405 A0       		.byte	-96
 1059 0406 F0       		.byte	-16
 1060 0407 41       		.byte	65
 1061 0408 0C       		.byte	12
 1062 0409 00       		.byte	0
 1063 040a 00       		.byte	0
 1064 040b 00       		.byte	0
 1065 040c 00       		.byte	0
 1066 040d 00       		.byte	0
 1067 040e 02       		.byte	2
 1068 040f 12       		.byte	18
 1069 0410 04       		.byte	4
 1070 0411 04       		.byte	4
 1071 0412 04       		.byte	4
 1072 0413 04       		.byte	4
 1073 0414 11       		.byte	17
 1074 0415 11       		.byte	17
 1075 0416 00       		.byte	0
 1076 0417 01       		.byte	1
 1077 0418 00       		.byte	0
 1078 0419 00       		.byte	0
 1079 041a 00       		.byte	0
 1080 041b 00       		.byte	0
 1081 041c 00       		.byte	0
 1082 041d 00       		.byte	0
 1083 041e 40       		.byte	64
ARM GAS  C:\Users\Gemma\AppData\Local\Temp\ccEbPw2L.s 			page 20


 1084 041f 02       		.byte	2
 1085 0420 00       		.byte	0
 1086 0421 10       		.byte	16
 1087 0422 30       		.byte	48
 1088 0423 10       		.byte	16
 1089 0424 00       		.byte	0
 1090 0425 10       		.byte	16
 1091 0426 10       		.byte	16
 1092 0427 12       		.byte	18
 1093 0428 00       		.byte	0
 1094 0429 00       		.byte	0
 1095 042a 00       		.byte	0
 1096 042b 00       		.byte	0
 1097 042c 00       		.byte	0
 1098 042d 00       		.byte	0
 1099 042e 00       		.byte	0
 1100 042f 00       		.byte	0
 1101 0430 00       		.byte	0
 1102 0431 00       		.byte	0
 1103 0432 00       		.byte	0
 1104 0433 00       		.byte	0
 1105 0434 00       		.byte	0
 1106 0435 00       		.byte	0
 1107 0436 00       		.byte	0
 1108 0437 00       		.byte	0
 1109 0438 80       		.byte	-128
 1110 0439 00       		.byte	0
 1111 043a 40       		.byte	64
 1112 043b 80       		.byte	-128
 1113 043c 80       		.byte	-128
 1114 043d 00       		.byte	0
 1115 043e 80       		.byte	-128
 1116 043f 00       		.byte	0
 1117 0440 00       		.byte	0
 1118 0441 00       		.byte	0
 1119 0442 00       		.byte	0
 1120 0443 00       		.byte	0
 1121 0444 00       		.byte	0
 1122 0445 0B       		.byte	11
 1123 0446 0B       		.byte	11
 1124 0447 00       		.byte	0
 1125 0448 00       		.byte	0
 1126 0449 00       		.byte	0
 1127 044a 00       		.byte	0
 1128 044b 00       		.byte	0
 1129 044c 04       		.byte	4
 1130 044d 00       		.byte	0
 1131 044e 00       		.byte	0
 1132 044f 07       		.byte	7
 1133 0450 03       		.byte	3
 1134 0451 00       		.byte	0
 1135 0452 01       		.byte	1
 1136 0453 00       		.byte	0
 1137 0454 00       		.byte	0
 1138 0455 00       		.byte	0
 1139 0456 00       		.byte	0
 1140 0457 00       		.byte	0
ARM GAS  C:\Users\Gemma\AppData\Local\Temp\ccEbPw2L.s 			page 21


 1141              		.section	.cywolatch,"a",%progbits
 1142              		.align	2
 1143              		.type	cy_meta_wonvl, %object
 1144              		.size	cy_meta_wonvl, 4
 1145              	cy_meta_wonvl:
 1146 0000 BC       		.byte	-68
 1147 0001 90       		.byte	-112
 1148 0002 AC       		.byte	-84
 1149 0003 AF       		.byte	-81
 1150              		.section	.cycustnvl,"a",%progbits
 1151              		.align	2
 1152              		.type	cy_meta_custnvl, %object
 1153              		.size	cy_meta_custnvl, 4
 1154              	cy_meta_custnvl:
 1155 0000 20       		.byte	32
 1156 0001 00       		.byte	0
 1157 0002 40       		.byte	64
 1158 0003 05       		.byte	5
 1159              		.section	.cymeta,"a",%progbits
 1160              		.align	2
 1161              		.type	cy_metadata, %object
 1162              		.size	cy_metadata, 12
 1163              	cy_metadata:
 1164 0000 00       		.byte	0
 1165 0001 01       		.byte	1
 1166 0002 2E       		.byte	46
 1167 0003 16       		.byte	22
 1168 0004 10       		.byte	16
 1169 0005 69       		.byte	105
 1170 0006 00       		.byte	0
 1171 0007 01       		.byte	1
 1172 0008 00       		.byte	0
 1173 0009 00       		.byte	0
 1174 000a 00       		.byte	0
 1175 000b 00       		.byte	0
 1176              		.section	.cyflashprotect,"a",%progbits
 1177              		.align	2
 1178              		.type	cy_meta_flashprotect, %object
 1179              		.size	cy_meta_flashprotect, 256
 1180              	cy_meta_flashprotect:
 1181 0000 00000000 		.space	256
 1181      00000000 
 1181      00000000 
 1181      00000000 
 1181      00000000 
 1182              		.text
 1183              	.Letext0:
 1184              		.file 1 "c:\\program files (x86)\\cypress\\psoc creator\\4.2\\psoc creator\\import\\gnu\\arm\\5.4.
 1185              		.file 2 "c:\\program files (x86)\\cypress\\psoc creator\\4.2\\psoc creator\\import\\gnu\\arm\\5.4.
 1186              		.file 3 "Generated_Source\\PSoC5\\cymetadata.c"
 1187              		.section	.debug_info,"",%progbits
 1188              	.Ldebug_info0:
 1189 0000 32010000 		.4byte	0x132
 1190 0004 0400     		.2byte	0x4
 1191 0006 00000000 		.4byte	.Ldebug_abbrev0
 1192 000a 04       		.byte	0x4
 1193 000b 01       		.uleb128 0x1
ARM GAS  C:\Users\Gemma\AppData\Local\Temp\ccEbPw2L.s 			page 22


 1194 000c 24000000 		.4byte	.LASF17
 1195 0010 0C       		.byte	0xc
 1196 0011 DC010000 		.4byte	.LASF18
 1197 0015 D7000000 		.4byte	.LASF19
 1198 0019 00000000 		.4byte	.Ldebug_line0
 1199 001d 02       		.uleb128 0x2
 1200 001e 01       		.byte	0x1
 1201 001f 06       		.byte	0x6
 1202 0020 D0010000 		.4byte	.LASF0
 1203 0024 03       		.uleb128 0x3
 1204 0025 00000000 		.4byte	.LASF9
 1205 0029 01       		.byte	0x1
 1206 002a 1D       		.byte	0x1d
 1207 002b 2F000000 		.4byte	0x2f
 1208 002f 02       		.uleb128 0x2
 1209 0030 01       		.byte	0x1
 1210 0031 08       		.byte	0x8
 1211 0032 16000000 		.4byte	.LASF1
 1212 0036 02       		.uleb128 0x2
 1213 0037 02       		.byte	0x2
 1214 0038 05       		.byte	0x5
 1215 0039 BD010000 		.4byte	.LASF2
 1216 003d 02       		.uleb128 0x2
 1217 003e 02       		.byte	0x2
 1218 003f 07       		.byte	0x7
 1219 0040 C4000000 		.4byte	.LASF3
 1220 0044 02       		.uleb128 0x2
 1221 0045 04       		.byte	0x4
 1222 0046 05       		.byte	0x5
 1223 0047 C7010000 		.4byte	.LASF4
 1224 004b 02       		.uleb128 0x2
 1225 004c 04       		.byte	0x4
 1226 004d 07       		.byte	0x7
 1227 004e B2000000 		.4byte	.LASF5
 1228 0052 02       		.uleb128 0x2
 1229 0053 08       		.byte	0x8
 1230 0054 05       		.byte	0x5
 1231 0055 AF010000 		.4byte	.LASF6
 1232 0059 02       		.uleb128 0x2
 1233 005a 08       		.byte	0x8
 1234 005b 07       		.byte	0x7
 1235 005c 64010000 		.4byte	.LASF7
 1236 0060 04       		.uleb128 0x4
 1237 0061 04       		.byte	0x4
 1238 0062 05       		.byte	0x5
 1239 0063 696E7400 		.ascii	"int\000"
 1240 0067 02       		.uleb128 0x2
 1241 0068 04       		.byte	0x4
 1242 0069 07       		.byte	0x7
 1243 006a 57010000 		.4byte	.LASF8
 1244 006e 03       		.uleb128 0x3
 1245 006f 7B010000 		.4byte	.LASF10
 1246 0073 02       		.byte	0x2
 1247 0074 18       		.byte	0x18
 1248 0075 24000000 		.4byte	0x24
 1249 0079 05       		.uleb128 0x5
 1250 007a 91000000 		.4byte	0x91
ARM GAS  C:\Users\Gemma\AppData\Local\Temp\ccEbPw2L.s 			page 23


 1251 007e 8A000000 		.4byte	0x8a
 1252 0082 06       		.uleb128 0x6
 1253 0083 8A000000 		.4byte	0x8a
 1254 0087 5704     		.2byte	0x457
 1255 0089 00       		.byte	0
 1256 008a 02       		.uleb128 0x2
 1257 008b 04       		.byte	0x4
 1258 008c 07       		.byte	0x7
 1259 008d A6010000 		.4byte	.LASF11
 1260 0091 07       		.uleb128 0x7
 1261 0092 6E000000 		.4byte	0x6e
 1262 0096 08       		.uleb128 0x8
 1263 0097 45010000 		.4byte	.LASF12
 1264 009b 03       		.byte	0x3
 1265 009c 1F       		.byte	0x1f
 1266 009d A7000000 		.4byte	0xa7
 1267 00a1 05       		.uleb128 0x5
 1268 00a2 03       		.byte	0x3
 1269 00a3 00000000 		.4byte	cy_meta_configecc
 1270 00a7 07       		.uleb128 0x7
 1271 00a8 79000000 		.4byte	0x79
 1272 00ac 05       		.uleb128 0x5
 1273 00ad 91000000 		.4byte	0x91
 1274 00b1 BC000000 		.4byte	0xbc
 1275 00b5 09       		.uleb128 0x9
 1276 00b6 8A000000 		.4byte	0x8a
 1277 00ba 03       		.byte	0x3
 1278 00bb 00       		.byte	0
 1279 00bc 08       		.uleb128 0x8
 1280 00bd 35010000 		.4byte	.LASF13
 1281 00c1 03       		.byte	0x3
 1282 00c2 B7       		.byte	0xb7
 1283 00c3 CD000000 		.4byte	0xcd
 1284 00c7 05       		.uleb128 0x5
 1285 00c8 03       		.byte	0x3
 1286 00c9 00000000 		.4byte	cy_meta_custnvl
 1287 00cd 07       		.uleb128 0x7
 1288 00ce AC000000 		.4byte	0xac
 1289 00d2 08       		.uleb128 0x8
 1290 00d3 98010000 		.4byte	.LASF14
 1291 00d7 03       		.byte	0x3
 1292 00d8 C5       		.byte	0xc5
 1293 00d9 E3000000 		.4byte	0xe3
 1294 00dd 05       		.uleb128 0x5
 1295 00de 03       		.byte	0x3
 1296 00df 00000000 		.4byte	cy_meta_wonvl
 1297 00e3 07       		.uleb128 0x7
 1298 00e4 AC000000 		.4byte	0xac
 1299 00e8 05       		.uleb128 0x5
 1300 00e9 91000000 		.4byte	0x91
 1301 00ed F8000000 		.4byte	0xf8
 1302 00f1 09       		.uleb128 0x9
 1303 00f2 8A000000 		.4byte	0x8a
 1304 00f6 FF       		.byte	0xff
 1305 00f7 00       		.byte	0
 1306 00f8 08       		.uleb128 0x8
 1307 00f9 83010000 		.4byte	.LASF15
ARM GAS  C:\Users\Gemma\AppData\Local\Temp\ccEbPw2L.s 			page 24


 1308 00fd 03       		.byte	0x3
 1309 00fe D3       		.byte	0xd3
 1310 00ff 09010000 		.4byte	0x109
 1311 0103 05       		.uleb128 0x5
 1312 0104 03       		.byte	0x3
 1313 0105 00000000 		.4byte	cy_meta_flashprotect
 1314 0109 07       		.uleb128 0x7
 1315 010a E8000000 		.4byte	0xe8
 1316 010e 05       		.uleb128 0x5
 1317 010f 91000000 		.4byte	0x91
 1318 0113 1E010000 		.4byte	0x11e
 1319 0117 09       		.uleb128 0x9
 1320 0118 8A000000 		.4byte	0x8a
 1321 011c 0B       		.byte	0xb
 1322 011d 00       		.byte	0
 1323 011e 0A       		.uleb128 0xa
 1324 011f 0A000000 		.4byte	.LASF16
 1325 0123 03       		.byte	0x3
 1326 0124 0001     		.2byte	0x100
 1327 0126 30010000 		.4byte	0x130
 1328 012a 05       		.uleb128 0x5
 1329 012b 03       		.byte	0x3
 1330 012c 00000000 		.4byte	cy_metadata
 1331 0130 07       		.uleb128 0x7
 1332 0131 0E010000 		.4byte	0x10e
 1333 0135 00       		.byte	0
 1334              		.section	.debug_abbrev,"",%progbits
 1335              	.Ldebug_abbrev0:
 1336 0000 01       		.uleb128 0x1
 1337 0001 11       		.uleb128 0x11
 1338 0002 01       		.byte	0x1
 1339 0003 25       		.uleb128 0x25
 1340 0004 0E       		.uleb128 0xe
 1341 0005 13       		.uleb128 0x13
 1342 0006 0B       		.uleb128 0xb
 1343 0007 03       		.uleb128 0x3
 1344 0008 0E       		.uleb128 0xe
 1345 0009 1B       		.uleb128 0x1b
 1346 000a 0E       		.uleb128 0xe
 1347 000b 10       		.uleb128 0x10
 1348 000c 17       		.uleb128 0x17
 1349 000d 00       		.byte	0
 1350 000e 00       		.byte	0
 1351 000f 02       		.uleb128 0x2
 1352 0010 24       		.uleb128 0x24
 1353 0011 00       		.byte	0
 1354 0012 0B       		.uleb128 0xb
 1355 0013 0B       		.uleb128 0xb
 1356 0014 3E       		.uleb128 0x3e
 1357 0015 0B       		.uleb128 0xb
 1358 0016 03       		.uleb128 0x3
 1359 0017 0E       		.uleb128 0xe
 1360 0018 00       		.byte	0
 1361 0019 00       		.byte	0
 1362 001a 03       		.uleb128 0x3
 1363 001b 16       		.uleb128 0x16
 1364 001c 00       		.byte	0
ARM GAS  C:\Users\Gemma\AppData\Local\Temp\ccEbPw2L.s 			page 25


 1365 001d 03       		.uleb128 0x3
 1366 001e 0E       		.uleb128 0xe
 1367 001f 3A       		.uleb128 0x3a
 1368 0020 0B       		.uleb128 0xb
 1369 0021 3B       		.uleb128 0x3b
 1370 0022 0B       		.uleb128 0xb
 1371 0023 49       		.uleb128 0x49
 1372 0024 13       		.uleb128 0x13
 1373 0025 00       		.byte	0
 1374 0026 00       		.byte	0
 1375 0027 04       		.uleb128 0x4
 1376 0028 24       		.uleb128 0x24
 1377 0029 00       		.byte	0
 1378 002a 0B       		.uleb128 0xb
 1379 002b 0B       		.uleb128 0xb
 1380 002c 3E       		.uleb128 0x3e
 1381 002d 0B       		.uleb128 0xb
 1382 002e 03       		.uleb128 0x3
 1383 002f 08       		.uleb128 0x8
 1384 0030 00       		.byte	0
 1385 0031 00       		.byte	0
 1386 0032 05       		.uleb128 0x5
 1387 0033 01       		.uleb128 0x1
 1388 0034 01       		.byte	0x1
 1389 0035 49       		.uleb128 0x49
 1390 0036 13       		.uleb128 0x13
 1391 0037 01       		.uleb128 0x1
 1392 0038 13       		.uleb128 0x13
 1393 0039 00       		.byte	0
 1394 003a 00       		.byte	0
 1395 003b 06       		.uleb128 0x6
 1396 003c 21       		.uleb128 0x21
 1397 003d 00       		.byte	0
 1398 003e 49       		.uleb128 0x49
 1399 003f 13       		.uleb128 0x13
 1400 0040 2F       		.uleb128 0x2f
 1401 0041 05       		.uleb128 0x5
 1402 0042 00       		.byte	0
 1403 0043 00       		.byte	0
 1404 0044 07       		.uleb128 0x7
 1405 0045 26       		.uleb128 0x26
 1406 0046 00       		.byte	0
 1407 0047 49       		.uleb128 0x49
 1408 0048 13       		.uleb128 0x13
 1409 0049 00       		.byte	0
 1410 004a 00       		.byte	0
 1411 004b 08       		.uleb128 0x8
 1412 004c 34       		.uleb128 0x34
 1413 004d 00       		.byte	0
 1414 004e 03       		.uleb128 0x3
 1415 004f 0E       		.uleb128 0xe
 1416 0050 3A       		.uleb128 0x3a
 1417 0051 0B       		.uleb128 0xb
 1418 0052 3B       		.uleb128 0x3b
 1419 0053 0B       		.uleb128 0xb
 1420 0054 49       		.uleb128 0x49
 1421 0055 13       		.uleb128 0x13
ARM GAS  C:\Users\Gemma\AppData\Local\Temp\ccEbPw2L.s 			page 26


 1422 0056 3F       		.uleb128 0x3f
 1423 0057 19       		.uleb128 0x19
 1424 0058 02       		.uleb128 0x2
 1425 0059 18       		.uleb128 0x18
 1426 005a 00       		.byte	0
 1427 005b 00       		.byte	0
 1428 005c 09       		.uleb128 0x9
 1429 005d 21       		.uleb128 0x21
 1430 005e 00       		.byte	0
 1431 005f 49       		.uleb128 0x49
 1432 0060 13       		.uleb128 0x13
 1433 0061 2F       		.uleb128 0x2f
 1434 0062 0B       		.uleb128 0xb
 1435 0063 00       		.byte	0
 1436 0064 00       		.byte	0
 1437 0065 0A       		.uleb128 0xa
 1438 0066 34       		.uleb128 0x34
 1439 0067 00       		.byte	0
 1440 0068 03       		.uleb128 0x3
 1441 0069 0E       		.uleb128 0xe
 1442 006a 3A       		.uleb128 0x3a
 1443 006b 0B       		.uleb128 0xb
 1444 006c 3B       		.uleb128 0x3b
 1445 006d 05       		.uleb128 0x5
 1446 006e 49       		.uleb128 0x49
 1447 006f 13       		.uleb128 0x13
 1448 0070 3F       		.uleb128 0x3f
 1449 0071 19       		.uleb128 0x19
 1450 0072 02       		.uleb128 0x2
 1451 0073 18       		.uleb128 0x18
 1452 0074 00       		.byte	0
 1453 0075 00       		.byte	0
 1454 0076 00       		.byte	0
 1455              		.section	.debug_aranges,"",%progbits
 1456 0000 14000000 		.4byte	0x14
 1457 0004 0200     		.2byte	0x2
 1458 0006 00000000 		.4byte	.Ldebug_info0
 1459 000a 04       		.byte	0x4
 1460 000b 00       		.byte	0
 1461 000c 0000     		.2byte	0
 1462 000e 0000     		.2byte	0
 1463 0010 00000000 		.4byte	0
 1464 0014 00000000 		.4byte	0
 1465              		.section	.debug_line,"",%progbits
 1466              	.Ldebug_line0:
 1467 0000 3D010000 		.section	.debug_str,"MS",%progbits,1
 1467      02003701 
 1467      00000201 
 1467      FB0E0D00 
 1467      01010101 
 1468              	.LASF9:
 1469 0000 5F5F7569 		.ascii	"__uint8_t\000"
 1469      6E74385F 
 1469      7400
 1470              	.LASF16:
 1471 000a 63795F6D 		.ascii	"cy_metadata\000"
 1471      65746164 
ARM GAS  C:\Users\Gemma\AppData\Local\Temp\ccEbPw2L.s 			page 27


 1471      61746100 
 1472              	.LASF1:
 1473 0016 756E7369 		.ascii	"unsigned char\000"
 1473      676E6564 
 1473      20636861 
 1473      7200
 1474              	.LASF17:
 1475 0024 474E5520 		.ascii	"GNU C11 5.4.1 20160609 (release) [ARM/embedded-5-br"
 1475      43313120 
 1475      352E342E 
 1475      31203230 
 1475      31363036 
 1476 0057 616E6368 		.ascii	"anch revision 237715] -mcpu=cortex-m3 -mthumb -g -O"
 1476      20726576 
 1476      6973696F 
 1476      6E203233 
 1476      37373135 
 1477 008a 67202D66 		.ascii	"g -ffunction-sections -ffat-lto-objects\000"
 1477      66756E63 
 1477      74696F6E 
 1477      2D736563 
 1477      74696F6E 
 1478              	.LASF5:
 1479 00b2 6C6F6E67 		.ascii	"long unsigned int\000"
 1479      20756E73 
 1479      69676E65 
 1479      6420696E 
 1479      7400
 1480              	.LASF3:
 1481 00c4 73686F72 		.ascii	"short unsigned int\000"
 1481      7420756E 
 1481      7369676E 
 1481      65642069 
 1481      6E7400
 1482              	.LASF19:
 1483 00d7 433A5C55 		.ascii	"C:\\Users\\Gemma\\Desktop\\PSoC\\GemmaQ_Assignment2"
 1483      73657273 
 1483      5C47656D 
 1483      6D615C44 
 1483      65736B74 
 1484 0105 5F50536F 		.ascii	"_PSoC5Servo\\GemmaQ_Assignment2_PSoC5Servo.cydsn\000"
 1484      43355365 
 1484      72766F5C 
 1484      47656D6D 
 1484      61515F41 
 1485              	.LASF13:
 1486 0135 63795F6D 		.ascii	"cy_meta_custnvl\000"
 1486      6574615F 
 1486      63757374 
 1486      6E766C00 
 1487              	.LASF12:
 1488 0145 63795F6D 		.ascii	"cy_meta_configecc\000"
 1488      6574615F 
 1488      636F6E66 
 1488      69676563 
 1488      6300
 1489              	.LASF8:
ARM GAS  C:\Users\Gemma\AppData\Local\Temp\ccEbPw2L.s 			page 28


 1490 0157 756E7369 		.ascii	"unsigned int\000"
 1490      676E6564 
 1490      20696E74 
 1490      00
 1491              	.LASF7:
 1492 0164 6C6F6E67 		.ascii	"long long unsigned int\000"
 1492      206C6F6E 
 1492      6720756E 
 1492      7369676E 
 1492      65642069 
 1493              	.LASF10:
 1494 017b 75696E74 		.ascii	"uint8_t\000"
 1494      385F7400 
 1495              	.LASF15:
 1496 0183 63795F6D 		.ascii	"cy_meta_flashprotect\000"
 1496      6574615F 
 1496      666C6173 
 1496      6870726F 
 1496      74656374 
 1497              	.LASF14:
 1498 0198 63795F6D 		.ascii	"cy_meta_wonvl\000"
 1498      6574615F 
 1498      776F6E76 
 1498      6C00
 1499              	.LASF11:
 1500 01a6 73697A65 		.ascii	"sizetype\000"
 1500      74797065 
 1500      00
 1501              	.LASF6:
 1502 01af 6C6F6E67 		.ascii	"long long int\000"
 1502      206C6F6E 
 1502      6720696E 
 1502      7400
 1503              	.LASF2:
 1504 01bd 73686F72 		.ascii	"short int\000"
 1504      7420696E 
 1504      7400
 1505              	.LASF4:
 1506 01c7 6C6F6E67 		.ascii	"long int\000"
 1506      20696E74 
 1506      00
 1507              	.LASF0:
 1508 01d0 7369676E 		.ascii	"signed char\000"
 1508      65642063 
 1508      68617200 
 1509              	.LASF18:
 1510 01dc 47656E65 		.ascii	"Generated_Source\\PSoC5\\cymetadata.c\000"
 1510      72617465 
 1510      645F536F 
 1510      75726365 
 1510      5C50536F 
 1511              		.ident	"GCC: (GNU Tools for ARM Embedded Processors) 5.4.1 20160609 (release) [ARM/embedded-5-bran
