ARM GAS  C:\Users\Gemma\AppData\Local\Temp\cc8ZgC3A.s 			page 1


   1              		.syntax unified
   2              		.cpu cortex-m3
   3              		.fpu softvfp
   4              		.eabi_attribute 20, 1
   5              		.eabi_attribute 21, 1
   6              		.eabi_attribute 23, 3
   7              		.eabi_attribute 24, 1
   8              		.eabi_attribute 25, 1
   9              		.eabi_attribute 26, 1
  10              		.eabi_attribute 30, 1
  11              		.eabi_attribute 34, 1
  12              		.eabi_attribute 18, 4
  13              		.thumb
  14              		.syntax unified
  15              		.file	"main.c"
  16              		.text
  17              	.Ltext0:
  18              		.cfi_sections	.debug_frame
  19              		.section	.text.MyButtonISR,"ax",%progbits
  20              		.align	2
  21              		.global	MyButtonISR
  22              		.thumb
  23              		.thumb_func
  24              		.type	MyButtonISR, %function
  25              	MyButtonISR:
  26              	.LFB65:
  27              		.file 1 "main.c"
   1:main.c        **** /* ================================================================
   2:main.c        ****  *
   3:main.c        ****  * Copyright: Gemma Qin,  Metropolia UAS, Finland, 2024
   4:main.c        ****  *
   5:main.c        ****  * PSoC Design Course 2024: Exercise 2, Timers and Interrupts
   6:main.c        ****  *
   7:main.c        ****  * Exercise description: 
   8:main.c        ****  *   - (When program initialized motor changed from turning to stop.)
   9:main.c        ****  *   - Servo motor starts turning when button is pressed. Speed increases 
  10:main.c        ****  *     gradually to final speed. Maintain rotation until new button press.
  11:main.c        ****  *   - If button is pressed when motor is turning, motor decreases speed 
  12:main.c        ****  *     gradually until it stops and waits for new button press to start. 
  13:main.c        ****  *
  14:main.c        ****  * CC-NA-SA 4.0 
  15:main.c        ****  *
  16:main.c        ****  * ================================================================
  17:main.c        **** */
  18:main.c        **** 
  19:main.c        **** #include <stdio.h>
  20:main.c        **** #include "project.h"
  21:main.c        **** 
  22:main.c        **** /* Project Defines */
  23:main.c        **** #define NUM_SPEEDS 4
  24:main.c        **** #define MIN_SPEED 1000
  25:main.c        **** #define MAX_SPEED 2400
  26:main.c        **** #define SPEED_STEP 5
  27:main.c        **** 
  28:main.c        **** /* Global variables */
  29:main.c        **** uint8_t current_speed_index = 0;
  30:main.c        **** uint16_t speeds[NUM_SPEEDS] = {1000, 1475, 1525, 2200};
ARM GAS  C:\Users\Gemma\AppData\Local\Temp\cc8ZgC3A.s 			page 2


  31:main.c        **** 
  32:main.c        **** /* Interrupt service routine declarations */
  33:main.c        **** CY_ISR_PROTO(MyButtonISR);
  34:main.c        **** CY_ISR_PROTO(MyPWMISR);
  35:main.c        **** 
  36:main.c        **** /*******************************************************************************
  37:main.c        **** * Function Name: main
  38:main.c        **** ********************************************************************************
  39:main.c        **** *
  40:main.c        **** * Summary:
  41:main.c        **** *  Initializes PWM and interrupts.
  42:main.c        **** *
  43:main.c        **** * Parameters:
  44:main.c        **** *  None.
  45:main.c        **** *
  46:main.c        **** * Return:
  47:main.c        **** *  None.
  48:main.c        **** *
  49:main.c        **** * Remarks: 
  50:main.c        **** *  - Specification: 
  51:main.c        **** *       - PWM: 2[0] PWMOut, PWM_Clock 1 MHz, 16-bit UDB, interrupt: PWM_Isr
  52:main.c        **** *       - Button: 2[2], interrupt: BTN_Isr
  53:main.c        **** *
  54:main.c        **** *******************************************************************************/
  55:main.c        **** int main(void)
  56:main.c        **** {
  57:main.c        ****     CyGlobalIntEnable; /* Enable global interrupts. */
  58:main.c        ****     
  59:main.c        ****     PWM_Start();
  60:main.c        ****     
  61:main.c        ****     BTN_Isr_StartEx(MyButtonISR);
  62:main.c        ****     PWM_Isr_StartEx(MyPWMISR);
  63:main.c        **** 
  64:main.c        ****     for(;;)  /* Forever loop */
  65:main.c        ****     {
  66:main.c        ****         // :)
  67:main.c        ****     }
  68:main.c        **** }
  69:main.c        **** 
  70:main.c        **** /*******************************************************************************
  71:main.c        **** * Function Name: MyButtonISR
  72:main.c        **** ********************************************************************************
  73:main.c        **** *
  74:main.c        **** * Summary:
  75:main.c        **** *  Increment speeds' index. Resets index, if max index reached.
  76:main.c        **** *  Clears interrupt.
  77:main.c        **** *
  78:main.c        **** * Parameters:
  79:main.c        **** *  None.
  80:main.c        **** *
  81:main.c        **** * Return:
  82:main.c        **** *  None.
  83:main.c        **** *
  84:main.c        **** *******************************************************************************/
  85:main.c        **** CY_ISR(MyButtonISR) {
  28              		.loc 1 85 0
  29              		.cfi_startproc
ARM GAS  C:\Users\Gemma\AppData\Local\Temp\cc8ZgC3A.s 			page 3


  30              		@ args = 0, pretend = 0, frame = 0
  31              		@ frame_needed = 0, uses_anonymous_args = 0
  32 0000 08B5     		push	{r3, lr}
  33              		.cfi_def_cfa_offset 8
  34              		.cfi_offset 3, -8
  35              		.cfi_offset 14, -4
  86:main.c        ****     /* Increment and check speed index */
  87:main.c        ****     if (++current_speed_index >= NUM_SPEEDS) {
  36              		.loc 1 87 0
  37 0002 064A     		ldr	r2, .L4
  38 0004 1378     		ldrb	r3, [r2]	@ zero_extendqisi2
  39 0006 0133     		adds	r3, r3, #1
  40 0008 DBB2     		uxtb	r3, r3
  41 000a 1370     		strb	r3, [r2]
  42 000c 032B     		cmp	r3, #3
  43 000e 02D9     		bls	.L2
  88:main.c        ****         current_speed_index = 0;    
  44              		.loc 1 88 0
  45 0010 0022     		movs	r2, #0
  46 0012 024B     		ldr	r3, .L4
  47 0014 1A70     		strb	r2, [r3]
  48              	.L2:
  89:main.c        ****     }
  90:main.c        ****     Button_ClearInterrupt();        // Clears the pending interrupt.
  49              		.loc 1 90 0
  50 0016 FFF7FEFF 		bl	Button_ClearInterrupt
  51              	.LVL0:
  52 001a 08BD     		pop	{r3, pc}
  53              	.L5:
  54              		.align	2
  55              	.L4:
  56 001c 00000000 		.word	.LANCHOR0
  57              		.cfi_endproc
  58              	.LFE65:
  59              		.size	MyButtonISR, .-MyButtonISR
  60              		.section	.text.MyPWMISR,"ax",%progbits
  61              		.align	2
  62              		.global	MyPWMISR
  63              		.thumb
  64              		.thumb_func
  65              		.type	MyPWMISR, %function
  66              	MyPWMISR:
  67              	.LFB66:
  91:main.c        **** }
  92:main.c        **** 
  93:main.c        **** /*******************************************************************************
  94:main.c        **** * Function Name: MyPWMISR
  95:main.c        **** ********************************************************************************
  96:main.c        **** *
  97:main.c        **** * Summary:
  98:main.c        **** *  Smoothly increase / decrease speed towards the desired value of servo motor.
  99:main.c        **** *
 100:main.c        **** * Parameters:
 101:main.c        **** *  None.
 102:main.c        **** *
 103:main.c        **** * Return:
 104:main.c        **** *  None.
ARM GAS  C:\Users\Gemma\AppData\Local\Temp\cc8ZgC3A.s 			page 4


 105:main.c        **** *
 106:main.c        **** *******************************************************************************/
 107:main.c        **** CY_ISR(MyPWMISR) {
  68              		.loc 1 107 0
  69              		.cfi_startproc
  70              		@ args = 0, pretend = 0, frame = 0
  71              		@ frame_needed = 0, uses_anonymous_args = 0
  72 0000 08B5     		push	{r3, lr}
  73              		.cfi_def_cfa_offset 8
  74              		.cfi_offset 3, -8
  75              		.cfi_offset 14, -4
 108:main.c        ****     static uint16_t current_speed = MIN_SPEED;
 109:main.c        ****     if (PWM_ReadStatusRegister() & PWM_STATUS_TC) {
  76              		.loc 1 109 0
  77 0002 FFF7FEFF 		bl	PWM_ReadStatusRegister
  78              	.LVL1:
  79 0006 10F0040F 		tst	r0, #4
  80 000a 20D0     		beq	.L6
 110:main.c        ****         if (current_speed < speeds[current_speed_index]) {
  81              		.loc 1 110 0
  82 000c 104B     		ldr	r3, .L12
  83 000e 114A     		ldr	r2, .L12+4
  84 0010 1278     		ldrb	r2, [r2]	@ zero_extendqisi2
  85 0012 33F81220 		ldrh	r2, [r3, r2, lsl #1]
  86 0016 1B89     		ldrh	r3, [r3, #8]
  87 0018 9A42     		cmp	r2, r3
  88 001a 0BD9     		bls	.L8
 111:main.c        ****             current_speed += SPEED_STEP;
  89              		.loc 1 111 0
  90 001c 0533     		adds	r3, r3, #5
  91 001e 9BB2     		uxth	r3, r3
  92 0020 0B49     		ldr	r1, .L12
  93 0022 0B81     		strh	r3, [r1, #8]	@ movhi
 112:main.c        ****             if (current_speed > speeds[current_speed_index]) {
  94              		.loc 1 112 0
  95 0024 9A42     		cmp	r2, r3
  96 0026 00D2     		bcs	.L9
 113:main.c        ****                 current_speed = speeds[current_speed_index];
  97              		.loc 1 113 0
  98 0028 0A81     		strh	r2, [r1, #8]	@ movhi
  99              	.L9:
 114:main.c        ****             }
 115:main.c        ****             PWM_WriteCompare(current_speed);
 100              		.loc 1 115 0
 101 002a 094B     		ldr	r3, .L12
 102 002c 1889     		ldrh	r0, [r3, #8]
 103 002e FFF7FEFF 		bl	PWM_WriteCompare
 104              	.LVL2:
 105 0032 08BD     		pop	{r3, pc}
 106              	.L8:
 116:main.c        ****         } else if (current_speed > speeds[current_speed_index]) {
 107              		.loc 1 116 0
 108 0034 9A42     		cmp	r2, r3
 109 0036 0AD2     		bcs	.L6
 117:main.c        ****             current_speed -= SPEED_STEP;
 110              		.loc 1 117 0
 111 0038 053B     		subs	r3, r3, #5
ARM GAS  C:\Users\Gemma\AppData\Local\Temp\cc8ZgC3A.s 			page 5


 112 003a 9BB2     		uxth	r3, r3
 113 003c 0449     		ldr	r1, .L12
 114 003e 0B81     		strh	r3, [r1, #8]	@ movhi
 118:main.c        ****             if (current_speed < speeds[current_speed_index]) {
 115              		.loc 1 118 0
 116 0040 9A42     		cmp	r2, r3
 117 0042 00D9     		bls	.L10
 119:main.c        ****                 current_speed = speeds[current_speed_index];
 118              		.loc 1 119 0
 119 0044 0A81     		strh	r2, [r1, #8]	@ movhi
 120              	.L10:
 120:main.c        ****             }
 121:main.c        ****             PWM_WriteCompare(current_speed);
 121              		.loc 1 121 0
 122 0046 024B     		ldr	r3, .L12
 123 0048 1889     		ldrh	r0, [r3, #8]
 124 004a FFF7FEFF 		bl	PWM_WriteCompare
 125              	.LVL3:
 126              	.L6:
 127 004e 08BD     		pop	{r3, pc}
 128              	.L13:
 129              		.align	2
 130              	.L12:
 131 0050 00000000 		.word	.LANCHOR1
 132 0054 00000000 		.word	.LANCHOR0
 133              		.cfi_endproc
 134              	.LFE66:
 135              		.size	MyPWMISR, .-MyPWMISR
 136              		.section	.text.main,"ax",%progbits
 137              		.align	2
 138              		.global	main
 139              		.thumb
 140              		.thumb_func
 141              		.type	main, %function
 142              	main:
 143              	.LFB64:
  56:main.c        ****     CyGlobalIntEnable; /* Enable global interrupts. */
 144              		.loc 1 56 0
 145              		.cfi_startproc
 146              		@ Volatile: function does not return.
 147              		@ args = 0, pretend = 0, frame = 0
 148              		@ frame_needed = 0, uses_anonymous_args = 0
 149 0000 08B5     		push	{r3, lr}
 150              		.cfi_def_cfa_offset 8
 151              		.cfi_offset 3, -8
 152              		.cfi_offset 14, -4
  57:main.c        ****     
 153              		.loc 1 57 0
 154              		.syntax unified
 155              	@ 57 "main.c" 1
 156 0002 62B6     		CPSIE   i
 157              	@ 0 "" 2
  59:main.c        ****     
 158              		.loc 1 59 0
 159              		.thumb
 160              		.syntax unified
 161 0004 FFF7FEFF 		bl	PWM_Start
ARM GAS  C:\Users\Gemma\AppData\Local\Temp\cc8ZgC3A.s 			page 6


 162              	.LVL4:
  61:main.c        ****     PWM_Isr_StartEx(MyPWMISR);
 163              		.loc 1 61 0
 164 0008 0348     		ldr	r0, .L17
 165 000a FFF7FEFF 		bl	BTN_Isr_StartEx
 166              	.LVL5:
  62:main.c        **** 
 167              		.loc 1 62 0
 168 000e 0348     		ldr	r0, .L17+4
 169 0010 FFF7FEFF 		bl	PWM_Isr_StartEx
 170              	.LVL6:
 171              	.L15:
 172 0014 FEE7     		b	.L15
 173              	.L18:
 174 0016 00BF     		.align	2
 175              	.L17:
 176 0018 00000000 		.word	MyButtonISR
 177 001c 00000000 		.word	MyPWMISR
 178              		.cfi_endproc
 179              	.LFE64:
 180              		.size	main, .-main
 181              		.global	speeds
 182              		.global	current_speed_index
 183              		.data
 184              		.align	2
 185              		.set	.LANCHOR1,. + 0
 186              		.type	speeds, %object
 187              		.size	speeds, 8
 188              	speeds:
 189 0000 E803     		.short	1000
 190 0002 C305     		.short	1475
 191 0004 F505     		.short	1525
 192 0006 9808     		.short	2200
 193              		.type	current_speed.6450, %object
 194              		.size	current_speed.6450, 2
 195              	current_speed.6450:
 196 0008 E803     		.short	1000
 197              		.bss
 198              		.set	.LANCHOR0,. + 0
 199              		.type	current_speed_index, %object
 200              		.size	current_speed_index, 1
 201              	current_speed_index:
 202 0000 00       		.space	1
 203              		.text
 204              	.Letext0:
 205              		.file 2 "c:\\program files (x86)\\cypress\\psoc creator\\4.2\\psoc creator\\import\\gnu\\arm\\5.4.
 206              		.file 3 "c:\\program files (x86)\\cypress\\psoc creator\\4.2\\psoc creator\\import\\gnu\\arm\\5.4.
 207              		.file 4 "Generated_Source\\PSoC5/cytypes.h"
 208              		.file 5 "Generated_Source\\PSoC5/core_cm3.h"
 209              		.file 6 "Generated_Source\\PSoC5/Button.h"
 210              		.file 7 "Generated_Source\\PSoC5/PWM.h"
 211              		.file 8 "Generated_Source\\PSoC5/BTN_Isr.h"
 212              		.file 9 "Generated_Source\\PSoC5/PWM_Isr.h"
 213              		.section	.debug_info,"",%progbits
 214              	.Ldebug_info0:
 215 0000 0C020000 		.4byte	0x20c
 216 0004 0400     		.2byte	0x4
ARM GAS  C:\Users\Gemma\AppData\Local\Temp\cc8ZgC3A.s 			page 7


 217 0006 00000000 		.4byte	.Ldebug_abbrev0
 218 000a 04       		.byte	0x4
 219 000b 01       		.uleb128 0x1
 220 000c 65000000 		.4byte	.LASF32
 221 0010 0C       		.byte	0xc
 222 0011 24020000 		.4byte	.LASF33
 223 0015 48010000 		.4byte	.LASF34
 224 0019 00000000 		.4byte	.Ldebug_ranges0+0
 225 001d 00000000 		.4byte	0
 226 0021 00000000 		.4byte	.Ldebug_line0
 227 0025 02       		.uleb128 0x2
 228 0026 01       		.byte	0x1
 229 0027 06       		.byte	0x6
 230 0028 3F000000 		.4byte	.LASF0
 231 002c 03       		.uleb128 0x3
 232 002d 00000000 		.4byte	.LASF3
 233 0031 02       		.byte	0x2
 234 0032 1D       		.byte	0x1d
 235 0033 37000000 		.4byte	0x37
 236 0037 02       		.uleb128 0x2
 237 0038 01       		.byte	0x1
 238 0039 08       		.byte	0x8
 239 003a 57000000 		.4byte	.LASF1
 240 003e 02       		.uleb128 0x2
 241 003f 02       		.byte	0x2
 242 0040 05       		.byte	0x5
 243 0041 39020000 		.4byte	.LASF2
 244 0045 03       		.uleb128 0x3
 245 0046 25010000 		.4byte	.LASF4
 246 004a 02       		.byte	0x2
 247 004b 2B       		.byte	0x2b
 248 004c 50000000 		.4byte	0x50
 249 0050 02       		.uleb128 0x2
 250 0051 02       		.byte	0x2
 251 0052 07       		.byte	0x7
 252 0053 05010000 		.4byte	.LASF5
 253 0057 03       		.uleb128 0x3
 254 0058 18000000 		.4byte	.LASF6
 255 005c 02       		.byte	0x2
 256 005d 3F       		.byte	0x3f
 257 005e 62000000 		.4byte	0x62
 258 0062 02       		.uleb128 0x2
 259 0063 04       		.byte	0x4
 260 0064 05       		.byte	0x5
 261 0065 5D020000 		.4byte	.LASF7
 262 0069 02       		.uleb128 0x2
 263 006a 04       		.byte	0x4
 264 006b 07       		.byte	0x7
 265 006c F3000000 		.4byte	.LASF8
 266 0070 02       		.uleb128 0x2
 267 0071 08       		.byte	0x8
 268 0072 05       		.byte	0x5
 269 0073 16020000 		.4byte	.LASF9
 270 0077 02       		.uleb128 0x2
 271 0078 08       		.byte	0x8
 272 0079 07       		.byte	0x7
 273 007a CC010000 		.4byte	.LASF10
ARM GAS  C:\Users\Gemma\AppData\Local\Temp\cc8ZgC3A.s 			page 8


 274 007e 04       		.uleb128 0x4
 275 007f 04       		.byte	0x4
 276 0080 05       		.byte	0x5
 277 0081 696E7400 		.ascii	"int\000"
 278 0085 02       		.uleb128 0x2
 279 0086 04       		.byte	0x4
 280 0087 07       		.byte	0x7
 281 0088 BF010000 		.4byte	.LASF11
 282 008c 02       		.uleb128 0x2
 283 008d 08       		.byte	0x8
 284 008e 04       		.byte	0x4
 285 008f 01020000 		.4byte	.LASF12
 286 0093 02       		.uleb128 0x2
 287 0094 04       		.byte	0x4
 288 0095 07       		.byte	0x7
 289 0096 0D020000 		.4byte	.LASF13
 290 009a 02       		.uleb128 0x2
 291 009b 01       		.byte	0x1
 292 009c 08       		.byte	0x8
 293 009d 2B020000 		.4byte	.LASF14
 294 00a1 03       		.uleb128 0x3
 295 00a2 E3010000 		.4byte	.LASF15
 296 00a6 03       		.byte	0x3
 297 00a7 18       		.byte	0x18
 298 00a8 2C000000 		.4byte	0x2c
 299 00ac 03       		.uleb128 0x3
 300 00ad 30020000 		.4byte	.LASF16
 301 00b1 03       		.byte	0x3
 302 00b2 24       		.byte	0x24
 303 00b3 45000000 		.4byte	0x45
 304 00b7 03       		.uleb128 0x3
 305 00b8 28000000 		.4byte	.LASF17
 306 00bc 03       		.byte	0x3
 307 00bd 2C       		.byte	0x2c
 308 00be 57000000 		.4byte	0x57
 309 00c2 05       		.uleb128 0x5
 310 00c3 22000000 		.4byte	.LASF18
 311 00c7 04       		.byte	0x4
 312 00c8 E401     		.2byte	0x1e4
 313 00ca 37000000 		.4byte	0x37
 314 00ce 02       		.uleb128 0x2
 315 00cf 04       		.byte	0x4
 316 00d0 04       		.byte	0x4
 317 00d1 39000000 		.4byte	.LASF19
 318 00d5 02       		.uleb128 0x2
 319 00d6 08       		.byte	0x8
 320 00d7 04       		.byte	0x4
 321 00d8 30010000 		.4byte	.LASF20
 322 00dc 06       		.uleb128 0x6
 323 00dd 4B000000 		.4byte	.LASF21
 324 00e1 01       		.byte	0x1
 325 00e2 55       		.byte	0x55
 326 00e3 00000000 		.4byte	.LFB65
 327 00e7 20000000 		.4byte	.LFE65-.LFB65
 328 00eb 01       		.uleb128 0x1
 329 00ec 9C       		.byte	0x9c
 330 00ed FB000000 		.4byte	0xfb
ARM GAS  C:\Users\Gemma\AppData\Local\Temp\cc8ZgC3A.s 			page 9


 331 00f1 07       		.uleb128 0x7
 332 00f2 1A000000 		.4byte	.LVL0
 333 00f6 CD010000 		.4byte	0x1cd
 334 00fa 00       		.byte	0
 335 00fb 06       		.uleb128 0x6
 336 00fc 30000000 		.4byte	.LASF22
 337 0100 01       		.byte	0x1
 338 0101 6B       		.byte	0x6b
 339 0102 00000000 		.4byte	.LFB66
 340 0106 58000000 		.4byte	.LFE66-.LFB66
 341 010a 01       		.uleb128 0x1
 342 010b 9C       		.byte	0x9c
 343 010c 3D010000 		.4byte	0x13d
 344 0110 08       		.uleb128 0x8
 345 0111 0A000000 		.4byte	.LASF35
 346 0115 01       		.byte	0x1
 347 0116 6C       		.byte	0x6c
 348 0117 AC000000 		.4byte	0xac
 349 011b 05       		.uleb128 0x5
 350 011c 03       		.byte	0x3
 351 011d 08000000 		.4byte	current_speed.6450
 352 0121 07       		.uleb128 0x7
 353 0122 06000000 		.4byte	.LVL1
 354 0126 D8010000 		.4byte	0x1d8
 355 012a 07       		.uleb128 0x7
 356 012b 32000000 		.4byte	.LVL2
 357 012f E3010000 		.4byte	0x1e3
 358 0133 07       		.uleb128 0x7
 359 0134 4E000000 		.4byte	.LVL3
 360 0138 E3010000 		.4byte	0x1e3
 361 013c 00       		.byte	0
 362 013d 09       		.uleb128 0x9
 363 013e A6010000 		.4byte	.LASF36
 364 0142 01       		.byte	0x1
 365 0143 37       		.byte	0x37
 366 0144 7E000000 		.4byte	0x7e
 367 0148 00000000 		.4byte	.LFB64
 368 014c 20000000 		.4byte	.LFE64-.LFB64
 369 0150 01       		.uleb128 0x1
 370 0151 9C       		.byte	0x9c
 371 0152 8A010000 		.4byte	0x18a
 372 0156 07       		.uleb128 0x7
 373 0157 08000000 		.4byte	.LVL4
 374 015b EE010000 		.4byte	0x1ee
 375 015f 0A       		.uleb128 0xa
 376 0160 0E000000 		.4byte	.LVL5
 377 0164 F9010000 		.4byte	0x1f9
 378 0168 76010000 		.4byte	0x176
 379 016c 0B       		.uleb128 0xb
 380 016d 01       		.uleb128 0x1
 381 016e 50       		.byte	0x50
 382 016f 05       		.uleb128 0x5
 383 0170 03       		.byte	0x3
 384 0171 00000000 		.4byte	MyButtonISR
 385 0175 00       		.byte	0
 386 0176 0C       		.uleb128 0xc
 387 0177 14000000 		.4byte	.LVL6
ARM GAS  C:\Users\Gemma\AppData\Local\Temp\cc8ZgC3A.s 			page 10


 388 017b 04020000 		.4byte	0x204
 389 017f 0B       		.uleb128 0xb
 390 0180 01       		.uleb128 0x1
 391 0181 50       		.byte	0x50
 392 0182 05       		.uleb128 0x5
 393 0183 03       		.byte	0x3
 394 0184 00000000 		.4byte	MyPWMISR
 395 0188 00       		.byte	0
 396 0189 00       		.byte	0
 397 018a 0D       		.uleb128 0xd
 398 018b 18010000 		.4byte	.LASF23
 399 018f 05       		.byte	0x5
 400 0190 1207     		.2byte	0x712
 401 0192 96010000 		.4byte	0x196
 402 0196 0E       		.uleb128 0xe
 403 0197 B7000000 		.4byte	0xb7
 404 019b 0F       		.uleb128 0xf
 405 019c AB010000 		.4byte	.LASF24
 406 01a0 01       		.byte	0x1
 407 01a1 1D       		.byte	0x1d
 408 01a2 A1000000 		.4byte	0xa1
 409 01a6 05       		.uleb128 0x5
 410 01a7 03       		.byte	0x3
 411 01a8 00000000 		.4byte	current_speed_index
 412 01ac 10       		.uleb128 0x10
 413 01ad AC000000 		.4byte	0xac
 414 01b1 BC010000 		.4byte	0x1bc
 415 01b5 11       		.uleb128 0x11
 416 01b6 93000000 		.4byte	0x93
 417 01ba 03       		.byte	0x3
 418 01bb 00       		.byte	0
 419 01bc 0F       		.uleb128 0xf
 420 01bd 76020000 		.4byte	.LASF25
 421 01c1 01       		.byte	0x1
 422 01c2 1E       		.byte	0x1e
 423 01c3 AC010000 		.4byte	0x1ac
 424 01c7 05       		.uleb128 0x5
 425 01c8 03       		.byte	0x3
 426 01c9 00000000 		.4byte	speeds
 427 01cd 12       		.uleb128 0x12
 428 01ce EB010000 		.4byte	.LASF26
 429 01d2 EB010000 		.4byte	.LASF26
 430 01d6 06       		.byte	0x6
 431 01d7 2B       		.byte	0x2b
 432 01d8 12       		.uleb128 0x12
 433 01d9 7D020000 		.4byte	.LASF27
 434 01dd 7D020000 		.4byte	.LASF27
 435 01e1 07       		.byte	0x7
 436 01e2 97       		.byte	0x97
 437 01e3 12       		.uleb128 0x12
 438 01e4 37010000 		.4byte	.LASF28
 439 01e8 37010000 		.4byte	.LASF28
 440 01ec 07       		.byte	0x7
 441 01ed C3       		.byte	0xc3
 442 01ee 12       		.uleb128 0x12
 443 01ef 53020000 		.4byte	.LASF29
 444 01f3 53020000 		.4byte	.LASF29
ARM GAS  C:\Users\Gemma\AppData\Local\Temp\cc8ZgC3A.s 			page 11


 445 01f7 07       		.byte	0x7
 446 01f8 92       		.byte	0x92
 447 01f9 12       		.uleb128 0x12
 448 01fa 43020000 		.4byte	.LASF30
 449 01fe 43020000 		.4byte	.LASF30
 450 0202 08       		.byte	0x8
 451 0203 18       		.byte	0x18
 452 0204 12       		.uleb128 0x12
 453 0205 66020000 		.4byte	.LASF31
 454 0209 66020000 		.4byte	.LASF31
 455 020d 09       		.byte	0x9
 456 020e 18       		.byte	0x18
 457 020f 00       		.byte	0
 458              		.section	.debug_abbrev,"",%progbits
 459              	.Ldebug_abbrev0:
 460 0000 01       		.uleb128 0x1
 461 0001 11       		.uleb128 0x11
 462 0002 01       		.byte	0x1
 463 0003 25       		.uleb128 0x25
 464 0004 0E       		.uleb128 0xe
 465 0005 13       		.uleb128 0x13
 466 0006 0B       		.uleb128 0xb
 467 0007 03       		.uleb128 0x3
 468 0008 0E       		.uleb128 0xe
 469 0009 1B       		.uleb128 0x1b
 470 000a 0E       		.uleb128 0xe
 471 000b 55       		.uleb128 0x55
 472 000c 17       		.uleb128 0x17
 473 000d 11       		.uleb128 0x11
 474 000e 01       		.uleb128 0x1
 475 000f 10       		.uleb128 0x10
 476 0010 17       		.uleb128 0x17
 477 0011 00       		.byte	0
 478 0012 00       		.byte	0
 479 0013 02       		.uleb128 0x2
 480 0014 24       		.uleb128 0x24
 481 0015 00       		.byte	0
 482 0016 0B       		.uleb128 0xb
 483 0017 0B       		.uleb128 0xb
 484 0018 3E       		.uleb128 0x3e
 485 0019 0B       		.uleb128 0xb
 486 001a 03       		.uleb128 0x3
 487 001b 0E       		.uleb128 0xe
 488 001c 00       		.byte	0
 489 001d 00       		.byte	0
 490 001e 03       		.uleb128 0x3
 491 001f 16       		.uleb128 0x16
 492 0020 00       		.byte	0
 493 0021 03       		.uleb128 0x3
 494 0022 0E       		.uleb128 0xe
 495 0023 3A       		.uleb128 0x3a
 496 0024 0B       		.uleb128 0xb
 497 0025 3B       		.uleb128 0x3b
 498 0026 0B       		.uleb128 0xb
 499 0027 49       		.uleb128 0x49
 500 0028 13       		.uleb128 0x13
 501 0029 00       		.byte	0
ARM GAS  C:\Users\Gemma\AppData\Local\Temp\cc8ZgC3A.s 			page 12


 502 002a 00       		.byte	0
 503 002b 04       		.uleb128 0x4
 504 002c 24       		.uleb128 0x24
 505 002d 00       		.byte	0
 506 002e 0B       		.uleb128 0xb
 507 002f 0B       		.uleb128 0xb
 508 0030 3E       		.uleb128 0x3e
 509 0031 0B       		.uleb128 0xb
 510 0032 03       		.uleb128 0x3
 511 0033 08       		.uleb128 0x8
 512 0034 00       		.byte	0
 513 0035 00       		.byte	0
 514 0036 05       		.uleb128 0x5
 515 0037 16       		.uleb128 0x16
 516 0038 00       		.byte	0
 517 0039 03       		.uleb128 0x3
 518 003a 0E       		.uleb128 0xe
 519 003b 3A       		.uleb128 0x3a
 520 003c 0B       		.uleb128 0xb
 521 003d 3B       		.uleb128 0x3b
 522 003e 05       		.uleb128 0x5
 523 003f 49       		.uleb128 0x49
 524 0040 13       		.uleb128 0x13
 525 0041 00       		.byte	0
 526 0042 00       		.byte	0
 527 0043 06       		.uleb128 0x6
 528 0044 2E       		.uleb128 0x2e
 529 0045 01       		.byte	0x1
 530 0046 3F       		.uleb128 0x3f
 531 0047 19       		.uleb128 0x19
 532 0048 03       		.uleb128 0x3
 533 0049 0E       		.uleb128 0xe
 534 004a 3A       		.uleb128 0x3a
 535 004b 0B       		.uleb128 0xb
 536 004c 3B       		.uleb128 0x3b
 537 004d 0B       		.uleb128 0xb
 538 004e 27       		.uleb128 0x27
 539 004f 19       		.uleb128 0x19
 540 0050 11       		.uleb128 0x11
 541 0051 01       		.uleb128 0x1
 542 0052 12       		.uleb128 0x12
 543 0053 06       		.uleb128 0x6
 544 0054 40       		.uleb128 0x40
 545 0055 18       		.uleb128 0x18
 546 0056 9742     		.uleb128 0x2117
 547 0058 19       		.uleb128 0x19
 548 0059 01       		.uleb128 0x1
 549 005a 13       		.uleb128 0x13
 550 005b 00       		.byte	0
 551 005c 00       		.byte	0
 552 005d 07       		.uleb128 0x7
 553 005e 898201   		.uleb128 0x4109
 554 0061 00       		.byte	0
 555 0062 11       		.uleb128 0x11
 556 0063 01       		.uleb128 0x1
 557 0064 31       		.uleb128 0x31
 558 0065 13       		.uleb128 0x13
ARM GAS  C:\Users\Gemma\AppData\Local\Temp\cc8ZgC3A.s 			page 13


 559 0066 00       		.byte	0
 560 0067 00       		.byte	0
 561 0068 08       		.uleb128 0x8
 562 0069 34       		.uleb128 0x34
 563 006a 00       		.byte	0
 564 006b 03       		.uleb128 0x3
 565 006c 0E       		.uleb128 0xe
 566 006d 3A       		.uleb128 0x3a
 567 006e 0B       		.uleb128 0xb
 568 006f 3B       		.uleb128 0x3b
 569 0070 0B       		.uleb128 0xb
 570 0071 49       		.uleb128 0x49
 571 0072 13       		.uleb128 0x13
 572 0073 02       		.uleb128 0x2
 573 0074 18       		.uleb128 0x18
 574 0075 00       		.byte	0
 575 0076 00       		.byte	0
 576 0077 09       		.uleb128 0x9
 577 0078 2E       		.uleb128 0x2e
 578 0079 01       		.byte	0x1
 579 007a 3F       		.uleb128 0x3f
 580 007b 19       		.uleb128 0x19
 581 007c 03       		.uleb128 0x3
 582 007d 0E       		.uleb128 0xe
 583 007e 3A       		.uleb128 0x3a
 584 007f 0B       		.uleb128 0xb
 585 0080 3B       		.uleb128 0x3b
 586 0081 0B       		.uleb128 0xb
 587 0082 27       		.uleb128 0x27
 588 0083 19       		.uleb128 0x19
 589 0084 49       		.uleb128 0x49
 590 0085 13       		.uleb128 0x13
 591 0086 8701     		.uleb128 0x87
 592 0088 19       		.uleb128 0x19
 593 0089 11       		.uleb128 0x11
 594 008a 01       		.uleb128 0x1
 595 008b 12       		.uleb128 0x12
 596 008c 06       		.uleb128 0x6
 597 008d 40       		.uleb128 0x40
 598 008e 18       		.uleb128 0x18
 599 008f 9742     		.uleb128 0x2117
 600 0091 19       		.uleb128 0x19
 601 0092 01       		.uleb128 0x1
 602 0093 13       		.uleb128 0x13
 603 0094 00       		.byte	0
 604 0095 00       		.byte	0
 605 0096 0A       		.uleb128 0xa
 606 0097 898201   		.uleb128 0x4109
 607 009a 01       		.byte	0x1
 608 009b 11       		.uleb128 0x11
 609 009c 01       		.uleb128 0x1
 610 009d 31       		.uleb128 0x31
 611 009e 13       		.uleb128 0x13
 612 009f 01       		.uleb128 0x1
 613 00a0 13       		.uleb128 0x13
 614 00a1 00       		.byte	0
 615 00a2 00       		.byte	0
ARM GAS  C:\Users\Gemma\AppData\Local\Temp\cc8ZgC3A.s 			page 14


 616 00a3 0B       		.uleb128 0xb
 617 00a4 8A8201   		.uleb128 0x410a
 618 00a7 00       		.byte	0
 619 00a8 02       		.uleb128 0x2
 620 00a9 18       		.uleb128 0x18
 621 00aa 9142     		.uleb128 0x2111
 622 00ac 18       		.uleb128 0x18
 623 00ad 00       		.byte	0
 624 00ae 00       		.byte	0
 625 00af 0C       		.uleb128 0xc
 626 00b0 898201   		.uleb128 0x4109
 627 00b3 01       		.byte	0x1
 628 00b4 11       		.uleb128 0x11
 629 00b5 01       		.uleb128 0x1
 630 00b6 31       		.uleb128 0x31
 631 00b7 13       		.uleb128 0x13
 632 00b8 00       		.byte	0
 633 00b9 00       		.byte	0
 634 00ba 0D       		.uleb128 0xd
 635 00bb 34       		.uleb128 0x34
 636 00bc 00       		.byte	0
 637 00bd 03       		.uleb128 0x3
 638 00be 0E       		.uleb128 0xe
 639 00bf 3A       		.uleb128 0x3a
 640 00c0 0B       		.uleb128 0xb
 641 00c1 3B       		.uleb128 0x3b
 642 00c2 05       		.uleb128 0x5
 643 00c3 49       		.uleb128 0x49
 644 00c4 13       		.uleb128 0x13
 645 00c5 3F       		.uleb128 0x3f
 646 00c6 19       		.uleb128 0x19
 647 00c7 3C       		.uleb128 0x3c
 648 00c8 19       		.uleb128 0x19
 649 00c9 00       		.byte	0
 650 00ca 00       		.byte	0
 651 00cb 0E       		.uleb128 0xe
 652 00cc 35       		.uleb128 0x35
 653 00cd 00       		.byte	0
 654 00ce 49       		.uleb128 0x49
 655 00cf 13       		.uleb128 0x13
 656 00d0 00       		.byte	0
 657 00d1 00       		.byte	0
 658 00d2 0F       		.uleb128 0xf
 659 00d3 34       		.uleb128 0x34
 660 00d4 00       		.byte	0
 661 00d5 03       		.uleb128 0x3
 662 00d6 0E       		.uleb128 0xe
 663 00d7 3A       		.uleb128 0x3a
 664 00d8 0B       		.uleb128 0xb
 665 00d9 3B       		.uleb128 0x3b
 666 00da 0B       		.uleb128 0xb
 667 00db 49       		.uleb128 0x49
 668 00dc 13       		.uleb128 0x13
 669 00dd 3F       		.uleb128 0x3f
 670 00de 19       		.uleb128 0x19
 671 00df 02       		.uleb128 0x2
 672 00e0 18       		.uleb128 0x18
ARM GAS  C:\Users\Gemma\AppData\Local\Temp\cc8ZgC3A.s 			page 15


 673 00e1 00       		.byte	0
 674 00e2 00       		.byte	0
 675 00e3 10       		.uleb128 0x10
 676 00e4 01       		.uleb128 0x1
 677 00e5 01       		.byte	0x1
 678 00e6 49       		.uleb128 0x49
 679 00e7 13       		.uleb128 0x13
 680 00e8 01       		.uleb128 0x1
 681 00e9 13       		.uleb128 0x13
 682 00ea 00       		.byte	0
 683 00eb 00       		.byte	0
 684 00ec 11       		.uleb128 0x11
 685 00ed 21       		.uleb128 0x21
 686 00ee 00       		.byte	0
 687 00ef 49       		.uleb128 0x49
 688 00f0 13       		.uleb128 0x13
 689 00f1 2F       		.uleb128 0x2f
 690 00f2 0B       		.uleb128 0xb
 691 00f3 00       		.byte	0
 692 00f4 00       		.byte	0
 693 00f5 12       		.uleb128 0x12
 694 00f6 2E       		.uleb128 0x2e
 695 00f7 00       		.byte	0
 696 00f8 3F       		.uleb128 0x3f
 697 00f9 19       		.uleb128 0x19
 698 00fa 3C       		.uleb128 0x3c
 699 00fb 19       		.uleb128 0x19
 700 00fc 6E       		.uleb128 0x6e
 701 00fd 0E       		.uleb128 0xe
 702 00fe 03       		.uleb128 0x3
 703 00ff 0E       		.uleb128 0xe
 704 0100 3A       		.uleb128 0x3a
 705 0101 0B       		.uleb128 0xb
 706 0102 3B       		.uleb128 0x3b
 707 0103 0B       		.uleb128 0xb
 708 0104 00       		.byte	0
 709 0105 00       		.byte	0
 710 0106 00       		.byte	0
 711              		.section	.debug_aranges,"",%progbits
 712 0000 2C000000 		.4byte	0x2c
 713 0004 0200     		.2byte	0x2
 714 0006 00000000 		.4byte	.Ldebug_info0
 715 000a 04       		.byte	0x4
 716 000b 00       		.byte	0
 717 000c 0000     		.2byte	0
 718 000e 0000     		.2byte	0
 719 0010 00000000 		.4byte	.LFB65
 720 0014 20000000 		.4byte	.LFE65-.LFB65
 721 0018 00000000 		.4byte	.LFB66
 722 001c 58000000 		.4byte	.LFE66-.LFB66
 723 0020 00000000 		.4byte	.LFB64
 724 0024 20000000 		.4byte	.LFE64-.LFB64
 725 0028 00000000 		.4byte	0
 726 002c 00000000 		.4byte	0
 727              		.section	.debug_ranges,"",%progbits
 728              	.Ldebug_ranges0:
 729 0000 00000000 		.4byte	.LFB65
ARM GAS  C:\Users\Gemma\AppData\Local\Temp\cc8ZgC3A.s 			page 16


 730 0004 20000000 		.4byte	.LFE65
 731 0008 00000000 		.4byte	.LFB66
 732 000c 58000000 		.4byte	.LFE66
 733 0010 00000000 		.4byte	.LFB64
 734 0014 20000000 		.4byte	.LFE64
 735 0018 00000000 		.4byte	0
 736 001c 00000000 		.4byte	0
 737              		.section	.debug_line,"",%progbits
 738              	.Ldebug_line0:
 739 0000 C2010000 		.section	.debug_str,"MS",%progbits,1
 739      02007B01 
 739      00000201 
 739      FB0E0D00 
 739      01010101 
 740              	.LASF3:
 741 0000 5F5F7569 		.ascii	"__uint8_t\000"
 741      6E74385F 
 741      7400
 742              	.LASF35:
 743 000a 63757272 		.ascii	"current_speed\000"
 743      656E745F 
 743      73706565 
 743      6400
 744              	.LASF6:
 745 0018 5F5F696E 		.ascii	"__int32_t\000"
 745      7433325F 
 745      7400
 746              	.LASF18:
 747 0022 75696E74 		.ascii	"uint8\000"
 747      3800
 748              	.LASF17:
 749 0028 696E7433 		.ascii	"int32_t\000"
 749      325F7400 
 750              	.LASF22:
 751 0030 4D795057 		.ascii	"MyPWMISR\000"
 751      4D495352 
 751      00
 752              	.LASF19:
 753 0039 666C6F61 		.ascii	"float\000"
 753      7400
 754              	.LASF0:
 755 003f 7369676E 		.ascii	"signed char\000"
 755      65642063 
 755      68617200 
 756              	.LASF21:
 757 004b 4D794275 		.ascii	"MyButtonISR\000"
 757      74746F6E 
 757      49535200 
 758              	.LASF1:
 759 0057 756E7369 		.ascii	"unsigned char\000"
 759      676E6564 
 759      20636861 
 759      7200
 760              	.LASF32:
 761 0065 474E5520 		.ascii	"GNU C11 5.4.1 20160609 (release) [ARM/embedded-5-br"
 761      43313120 
 761      352E342E 
ARM GAS  C:\Users\Gemma\AppData\Local\Temp\cc8ZgC3A.s 			page 17


 761      31203230 
 761      31363036 
 762 0098 616E6368 		.ascii	"anch revision 237715] -mcpu=cortex-m3 -mthumb -g -O"
 762      20726576 
 762      6973696F 
 762      6E203233 
 762      37373135 
 763 00cb 67202D66 		.ascii	"g -ffunction-sections -ffat-lto-objects\000"
 763      66756E63 
 763      74696F6E 
 763      2D736563 
 763      74696F6E 
 764              	.LASF8:
 765 00f3 6C6F6E67 		.ascii	"long unsigned int\000"
 765      20756E73 
 765      69676E65 
 765      6420696E 
 765      7400
 766              	.LASF5:
 767 0105 73686F72 		.ascii	"short unsigned int\000"
 767      7420756E 
 767      7369676E 
 767      65642069 
 767      6E7400
 768              	.LASF23:
 769 0118 49544D5F 		.ascii	"ITM_RxBuffer\000"
 769      52784275 
 769      66666572 
 769      00
 770              	.LASF4:
 771 0125 5F5F7569 		.ascii	"__uint16_t\000"
 771      6E743136 
 771      5F7400
 772              	.LASF20:
 773 0130 646F7562 		.ascii	"double\000"
 773      6C6500
 774              	.LASF28:
 775 0137 50574D5F 		.ascii	"PWM_WriteCompare\000"
 775      57726974 
 775      65436F6D 
 775      70617265 
 775      00
 776              	.LASF34:
 777 0148 433A5C55 		.ascii	"C:\\Users\\Gemma\\Desktop\\PSoC\\GemmaQ_Assignment2"
 777      73657273 
 777      5C47656D 
 777      6D615C44 
 777      65736B74 
 778 0176 5F50536F 		.ascii	"_PSoC5Servo\\GemmaQ_Assignment2_PSoC5Servo.cydsn\000"
 778      43355365 
 778      72766F5C 
 778      47656D6D 
 778      61515F41 
 779              	.LASF36:
 780 01a6 6D61696E 		.ascii	"main\000"
 780      00
 781              	.LASF24:
ARM GAS  C:\Users\Gemma\AppData\Local\Temp\cc8ZgC3A.s 			page 18


 782 01ab 63757272 		.ascii	"current_speed_index\000"
 782      656E745F 
 782      73706565 
 782      645F696E 
 782      64657800 
 783              	.LASF11:
 784 01bf 756E7369 		.ascii	"unsigned int\000"
 784      676E6564 
 784      20696E74 
 784      00
 785              	.LASF10:
 786 01cc 6C6F6E67 		.ascii	"long long unsigned int\000"
 786      206C6F6E 
 786      6720756E 
 786      7369676E 
 786      65642069 
 787              	.LASF15:
 788 01e3 75696E74 		.ascii	"uint8_t\000"
 788      385F7400 
 789              	.LASF26:
 790 01eb 42757474 		.ascii	"Button_ClearInterrupt\000"
 790      6F6E5F43 
 790      6C656172 
 790      496E7465 
 790      72727570 
 791              	.LASF12:
 792 0201 6C6F6E67 		.ascii	"long double\000"
 792      20646F75 
 792      626C6500 
 793              	.LASF13:
 794 020d 73697A65 		.ascii	"sizetype\000"
 794      74797065 
 794      00
 795              	.LASF9:
 796 0216 6C6F6E67 		.ascii	"long long int\000"
 796      206C6F6E 
 796      6720696E 
 796      7400
 797              	.LASF33:
 798 0224 6D61696E 		.ascii	"main.c\000"
 798      2E6300
 799              	.LASF14:
 800 022b 63686172 		.ascii	"char\000"
 800      00
 801              	.LASF16:
 802 0230 75696E74 		.ascii	"uint16_t\000"
 802      31365F74 
 802      00
 803              	.LASF2:
 804 0239 73686F72 		.ascii	"short int\000"
 804      7420696E 
 804      7400
 805              	.LASF30:
 806 0243 42544E5F 		.ascii	"BTN_Isr_StartEx\000"
 806      4973725F 
 806      53746172 
 806      74457800 
ARM GAS  C:\Users\Gemma\AppData\Local\Temp\cc8ZgC3A.s 			page 19


 807              	.LASF29:
 808 0253 50574D5F 		.ascii	"PWM_Start\000"
 808      53746172 
 808      7400
 809              	.LASF7:
 810 025d 6C6F6E67 		.ascii	"long int\000"
 810      20696E74 
 810      00
 811              	.LASF31:
 812 0266 50574D5F 		.ascii	"PWM_Isr_StartEx\000"
 812      4973725F 
 812      53746172 
 812      74457800 
 813              	.LASF25:
 814 0276 73706565 		.ascii	"speeds\000"
 814      647300
 815              	.LASF27:
 816 027d 50574D5F 		.ascii	"PWM_ReadStatusRegister\000"
 816      52656164 
 816      53746174 
 816      75735265 
 816      67697374 
 817              		.ident	"GCC: (GNU Tools for ARM Embedded Processors) 5.4.1 20160609 (release) [ARM/embedded-5-bran
