ARM GAS  C:\Users\Gemma\AppData\Local\Temp\ccbbBv0l.s 			page 1


   1              		.syntax unified
   2              		.cpu cortex-m3
   3              		.fpu softvfp
   4              		.eabi_attribute 20, 1
   5              		.eabi_attribute 21, 1
   6              		.eabi_attribute 23, 3
   7              		.eabi_attribute 24, 1
   8              		.eabi_attribute 25, 1
   9              		.eabi_attribute 26, 1
  10              		.eabi_attribute 30, 1
  11              		.eabi_attribute 34, 1
  12              		.eabi_attribute 18, 4
  13              		.thumb
  14              		.syntax unified
  15              		.file	"cymetadata.c"
  16              		.text
  17              	.Ltext0:
  18              		.cfi_sections	.debug_frame
  19              		.global	cy_metadata
  20              		.global	cy_meta_flashprotect
  21              		.global	cy_meta_wonvl
  22              		.global	cy_meta_custnvl
  23              		.global	cy_meta_configecc
  24              		.section	.cyconfigecc,"a",%progbits
  25              		.align	2
  26              		.type	cy_meta_configecc, %object
  27              		.size	cy_meta_configecc, 2052
  28              	cy_meta_configecc:
  29 0000 03       		.byte	3
  30 0001 64       		.byte	100
  31 0002 00       		.byte	0
  32 0003 40       		.byte	64
  33 0004 03       		.byte	3
  34 0005 65       		.byte	101
  35 0006 00       		.byte	0
  36 0007 40       		.byte	64
  37 0008 55       		.byte	85
  38 0009 00       		.byte	0
  39 000a 01       		.byte	1
  40 000b 40       		.byte	64
  41 000c 39       		.byte	57
  42 000d 01       		.byte	1
  43 000e 01       		.byte	1
  44 000f 40       		.byte	64
  45 0010 1F       		.byte	31
  46 0011 02       		.byte	2
  47 0012 01       		.byte	1
  48 0013 40       		.byte	64
  49 0014 4B       		.byte	75
  50 0015 03       		.byte	3
  51 0016 01       		.byte	1
  52 0017 40       		.byte	64
  53 0018 64       		.byte	100
  54 0019 04       		.byte	4
  55 001a 01       		.byte	1
  56 001b 40       		.byte	64
  57 001c 4A       		.byte	74
ARM GAS  C:\Users\Gemma\AppData\Local\Temp\ccbbBv0l.s 			page 2


  58 001d 05       		.byte	5
  59 001e 01       		.byte	1
  60 001f 40       		.byte	64
  61 0020 5E       		.byte	94
  62 0021 06       		.byte	6
  63 0022 01       		.byte	1
  64 0023 40       		.byte	64
  65 0024 44       		.byte	68
  66 0025 07       		.byte	7
  67 0026 01       		.byte	1
  68 0027 40       		.byte	64
  69 0028 42       		.byte	66
  70 0029 14       		.byte	20
  71 002a 01       		.byte	1
  72 002b 40       		.byte	64
  73 002c 44       		.byte	68
  74 002d 15       		.byte	21
  75 002e 01       		.byte	1
  76 002f 40       		.byte	64
  77 0030 55       		.byte	85
  78 0031 16       		.byte	22
  79 0032 01       		.byte	1
  80 0033 40       		.byte	64
  81 0034 3E       		.byte	62
  82 0035 17       		.byte	23
  83 0036 01       		.byte	1
  84 0037 40       		.byte	64
  85 0038 02       		.byte	2
  86 0039 1B       		.byte	27
  87 003a 01       		.byte	1
  88 003b 40       		.byte	64
  89 003c 04       		.byte	4
  90 003d 40       		.byte	64
  91 003e 01       		.byte	1
  92 003f 40       		.byte	64
  93 0040 05       		.byte	5
  94 0041 42       		.byte	66
  95 0042 01       		.byte	1
  96 0043 40       		.byte	64
  97 0044 0A       		.byte	10
  98 0045 49       		.byte	73
  99 0046 01       		.byte	1
 100 0047 40       		.byte	64
 101 0048 08       		.byte	8
 102 0049 4D       		.byte	77
 103 004a 01       		.byte	1
 104 004b 40       		.byte	64
 105 004c 05       		.byte	5
 106 004d 50       		.byte	80
 107 004e 01       		.byte	1
 108 004f 40       		.byte	64
 109 0050 01       		.byte	1
 110 0051 51       		.byte	81
 111 0052 01       		.byte	1
 112 0053 40       		.byte	64
 113 0054 20       		.byte	32
 114 0055 0F       		.byte	15
ARM GAS  C:\Users\Gemma\AppData\Local\Temp\ccbbBv0l.s 			page 3


 115 0056 22       		.byte	34
 116 0057 04       		.byte	4
 117 0058 30       		.byte	48
 118 0059 08       		.byte	8
 119 005a 84       		.byte	-124
 120 005b 72       		.byte	114
 121 005c 86       		.byte	-122
 122 005d 0F       		.byte	15
 123 005e 87       		.byte	-121
 124 005f 38       		.byte	56
 125 0060 00       		.byte	0
 126 0061 02       		.byte	2
 127 0062 05       		.byte	5
 128 0063 01       		.byte	1
 129 0064 14       		.byte	20
 130 0065 03       		.byte	3
 131 0066 24       		.byte	36
 132 0067 03       		.byte	3
 133 0068 30       		.byte	48
 134 0069 02       		.byte	2
 135 006a 32       		.byte	50
 136 006b 01       		.byte	1
 137 006c 37       		.byte	55
 138 006d 01       		.byte	1
 139 006e 38       		.byte	56
 140 006f 0A       		.byte	10
 141 0070 3E       		.byte	62
 142 0071 04       		.byte	4
 143 0072 40       		.byte	64
 144 0073 34       		.byte	52
 145 0074 46       		.byte	70
 146 0075 20       		.byte	32
 147 0076 47       		.byte	71
 148 0077 50       		.byte	80
 149 0078 48       		.byte	72
 150 0079 28       		.byte	40
 151 007a 49       		.byte	73
 152 007b FF       		.byte	-1
 153 007c 4A       		.byte	74
 154 007d FF       		.byte	-1
 155 007e 4B       		.byte	75
 156 007f FF       		.byte	-1
 157 0080 4C       		.byte	76
 158 0081 42       		.byte	66
 159 0082 4D       		.byte	77
 160 0083 A0       		.byte	-96
 161 0084 4E       		.byte	78
 162 0085 70       		.byte	112
 163 0086 50       		.byte	80
 164 0087 08       		.byte	8
 165 0088 51       		.byte	81
 166 0089 10       		.byte	16
 167 008a 58       		.byte	88
 168 008b 04       		.byte	4
 169 008c 59       		.byte	89
 170 008d 04       		.byte	4
 171 008e 5A       		.byte	90
ARM GAS  C:\Users\Gemma\AppData\Local\Temp\ccbbBv0l.s 			page 4


 172 008f 04       		.byte	4
 173 0090 5C       		.byte	92
 174 0091 11       		.byte	17
 175 0092 5D       		.byte	93
 176 0093 01       		.byte	1
 177 0094 5F       		.byte	95
 178 0095 01       		.byte	1
 179 0096 61       		.byte	97
 180 0097 48       		.byte	72
 181 0098 62       		.byte	98
 182 0099 40       		.byte	64
 183 009a 63       		.byte	99
 184 009b 48       		.byte	72
 185 009c 64       		.byte	100
 186 009d 80       		.byte	-128
 187 009e 65       		.byte	101
 188 009f 48       		.byte	72
 189 00a0 66       		.byte	102
 190 00a1 80       		.byte	-128
 191 00a2 67       		.byte	103
 192 00a3 48       		.byte	72
 193 00a4 80       		.byte	-128
 194 00a5 90       		.byte	-112
 195 00a6 82       		.byte	-126
 196 00a7 0B       		.byte	11
 197 00a8 83       		.byte	-125
 198 00a9 01       		.byte	1
 199 00aa 84       		.byte	-124
 200 00ab 01       		.byte	1
 201 00ac 87       		.byte	-121
 202 00ad 02       		.byte	2
 203 00ae 88       		.byte	-120
 204 00af 40       		.byte	64
 205 00b0 89       		.byte	-119
 206 00b1 02       		.byte	2
 207 00b2 8A       		.byte	-118
 208 00b3 14       		.byte	20
 209 00b4 8C       		.byte	-116
 210 00b5 48       		.byte	72
 211 00b6 8E       		.byte	-114
 212 00b7 02       		.byte	2
 213 00b8 8F       		.byte	-113
 214 00b9 04       		.byte	4
 215 00ba 90       		.byte	-112
 216 00bb 03       		.byte	3
 217 00bc 91       		.byte	-111
 218 00bd 4D       		.byte	77
 219 00be 93       		.byte	-109
 220 00bf 92       		.byte	-110
 221 00c0 94       		.byte	-108
 222 00c1 4F       		.byte	79
 223 00c2 95       		.byte	-107
 224 00c3 04       		.byte	4
 225 00c4 98       		.byte	-104
 226 00c5 42       		.byte	66
 227 00c6 99       		.byte	-103
 228 00c7 A9       		.byte	-87
ARM GAS  C:\Users\Gemma\AppData\Local\Temp\ccbbBv0l.s 			page 5


 229 00c8 9A       		.byte	-102
 230 00c9 09       		.byte	9
 231 00ca 9B       		.byte	-101
 232 00cb 54       		.byte	84
 233 00cc 9C       		.byte	-100
 234 00cd 03       		.byte	3
 235 00ce 9D       		.byte	-99
 236 00cf FF       		.byte	-1
 237 00d0 9E       		.byte	-98
 238 00d1 20       		.byte	32
 239 00d2 A0       		.byte	-96
 240 00d3 40       		.byte	64
 241 00d4 A1       		.byte	-95
 242 00d5 CC       		.byte	-52
 243 00d6 A2       		.byte	-94
 244 00d7 0B       		.byte	11
 245 00d8 A3       		.byte	-93
 246 00d9 13       		.byte	19
 247 00da A4       		.byte	-92
 248 00db 01       		.byte	1
 249 00dc A5       		.byte	-91
 250 00dd A5       		.byte	-91
 251 00de A7       		.byte	-89
 252 00df 4A       		.byte	74
 253 00e0 A9       		.byte	-87
 254 00e1 1A       		.byte	26
 255 00e2 AA       		.byte	-86
 256 00e3 01       		.byte	1
 257 00e4 AB       		.byte	-85
 258 00e5 60       		.byte	96
 259 00e6 AC       		.byte	-84
 260 00e7 1F       		.byte	31
 261 00e8 AF       		.byte	-81
 262 00e9 B5       		.byte	-75
 263 00ea B1       		.byte	-79
 264 00eb FF       		.byte	-1
 265 00ec B2       		.byte	-78
 266 00ed E0       		.byte	-32
 267 00ee B4       		.byte	-76
 268 00ef 1F       		.byte	31
 269 00f0 B6       		.byte	-74
 270 00f1 40       		.byte	64
 271 00f2 B8       		.byte	-72
 272 00f3 88       		.byte	-120
 273 00f4 BE       		.byte	-66
 274 00f5 44       		.byte	68
 275 00f6 BF       		.byte	-65
 276 00f7 01       		.byte	1
 277 00f8 D2       		.byte	-46
 278 00f9 F6       		.byte	-10
 279 00fa D4       		.byte	-44
 280 00fb 20       		.byte	32
 281 00fc D6       		.byte	-42
 282 00fd 04       		.byte	4
 283 00fe D8       		.byte	-40
 284 00ff 04       		.byte	4
 285 0100 D9       		.byte	-39
ARM GAS  C:\Users\Gemma\AppData\Local\Temp\ccbbBv0l.s 			page 6


 286 0101 04       		.byte	4
 287 0102 DB       		.byte	-37
 288 0103 04       		.byte	4
 289 0104 DC       		.byte	-36
 290 0105 01       		.byte	1
 291 0106 DD       		.byte	-35
 292 0107 10       		.byte	16
 293 0108 DF       		.byte	-33
 294 0109 01       		.byte	1
 295 010a 02       		.byte	2
 296 010b 88       		.byte	-120
 297 010c 03       		.byte	3
 298 010d 08       		.byte	8
 299 010e 04       		.byte	4
 300 010f 80       		.byte	-128
 301 0110 05       		.byte	5
 302 0111 11       		.byte	17
 303 0112 06       		.byte	6
 304 0113 60       		.byte	96
 305 0114 07       		.byte	7
 306 0115 02       		.byte	2
 307 0116 0A       		.byte	10
 308 0117 20       		.byte	32
 309 0118 0C       		.byte	12
 310 0119 08       		.byte	8
 311 011a 0D       		.byte	13
 312 011b 02       		.byte	2
 313 011c 0E       		.byte	14
 314 011d 2C       		.byte	44
 315 011e 0F       		.byte	15
 316 011f 02       		.byte	2
 317 0120 12       		.byte	18
 318 0121 10       		.byte	16
 319 0122 15       		.byte	21
 320 0123 83       		.byte	-125
 321 0124 17       		.byte	23
 322 0125 14       		.byte	20
 323 0126 18       		.byte	24
 324 0127 10       		.byte	16
 325 0128 19       		.byte	25
 326 0129 01       		.byte	1
 327 012a 1B       		.byte	27
 328 012b 02       		.byte	2
 329 012c 1D       		.byte	29
 330 012d 50       		.byte	80
 331 012e 1F       		.byte	31
 332 012f 08       		.byte	8
 333 0130 21       		.byte	33
 334 0131 40       		.byte	64
 335 0132 22       		.byte	34
 336 0133 80       		.byte	-128
 337 0134 26       		.byte	38
 338 0135 02       		.byte	2
 339 0136 2C       		.byte	44
 340 0137 08       		.byte	8
 341 0138 2D       		.byte	45
 342 0139 01       		.byte	1
ARM GAS  C:\Users\Gemma\AppData\Local\Temp\ccbbBv0l.s 			page 7


 343 013a 2E       		.byte	46
 344 013b 04       		.byte	4
 345 013c 2F       		.byte	47
 346 013d 02       		.byte	2
 347 013e 35       		.byte	53
 348 013f 10       		.byte	16
 349 0140 36       		.byte	54
 350 0141 80       		.byte	-128
 351 0142 37       		.byte	55
 352 0143 06       		.byte	6
 353 0144 38       		.byte	56
 354 0145 08       		.byte	8
 355 0146 3C       		.byte	60
 356 0147 8A       		.byte	-118
 357 0148 3D       		.byte	61
 358 0149 20       		.byte	32
 359 014a 40       		.byte	64
 360 014b 10       		.byte	16
 361 014c 43       		.byte	67
 362 014d 01       		.byte	1
 363 014e 50       		.byte	80
 364 014f 10       		.byte	16
 365 0150 52       		.byte	82
 366 0151 11       		.byte	17
 367 0152 5C       		.byte	92
 368 0153 80       		.byte	-128
 369 0154 5E       		.byte	94
 370 0155 02       		.byte	2
 371 0156 5F       		.byte	95
 372 0157 18       		.byte	24
 373 0158 64       		.byte	100
 374 0159 40       		.byte	64
 375 015a 65       		.byte	101
 376 015b 40       		.byte	64
 377 015c 67       		.byte	103
 378 015d 08       		.byte	8
 379 015e 6C       		.byte	108
 380 015f 04       		.byte	4
 381 0160 6F       		.byte	111
 382 0161 10       		.byte	16
 383 0162 74       		.byte	116
 384 0163 65       		.byte	101
 385 0164 76       		.byte	118
 386 0165 20       		.byte	32
 387 0166 77       		.byte	119
 388 0167 04       		.byte	4
 389 0168 84       		.byte	-124
 390 0169 40       		.byte	64
 391 016a C0       		.byte	-64
 392 016b F8       		.byte	-8
 393 016c C2       		.byte	-62
 394 016d F4       		.byte	-12
 395 016e C4       		.byte	-60
 396 016f F4       		.byte	-12
 397 0170 CA       		.byte	-54
 398 0171 F0       		.byte	-16
 399 0172 CC       		.byte	-52
ARM GAS  C:\Users\Gemma\AppData\Local\Temp\ccbbBv0l.s 			page 8


 400 0173 F0       		.byte	-16
 401 0174 CE       		.byte	-50
 402 0175 F2       		.byte	-14
 403 0176 D0       		.byte	-48
 404 0177 03       		.byte	3
 405 0178 D6       		.byte	-42
 406 0179 F0       		.byte	-16
 407 017a D8       		.byte	-40
 408 017b B0       		.byte	-80
 409 017c 80       		.byte	-128
 410 017d 0D       		.byte	13
 411 017e 84       		.byte	-124
 412 017f 01       		.byte	1
 413 0180 85       		.byte	-123
 414 0181 02       		.byte	2
 415 0182 87       		.byte	-121
 416 0183 04       		.byte	4
 417 0184 88       		.byte	-120
 418 0185 3D       		.byte	61
 419 0186 89       		.byte	-119
 420 0187 01       		.byte	1
 421 0188 8A       		.byte	-118
 422 0189 C2       		.byte	-62
 423 018a 8E       		.byte	-114
 424 018b 02       		.byte	2
 425 018c 90       		.byte	-112
 426 018d 40       		.byte	64
 427 018e 92       		.byte	-110
 428 018f 1D       		.byte	29
 429 0190 94       		.byte	-108
 430 0191 5D       		.byte	93
 431 0192 96       		.byte	-106
 432 0193 A2       		.byte	-94
 433 0194 98       		.byte	-104
 434 0195 E2       		.byte	-30
 435 0196 99       		.byte	-103
 436 0197 01       		.byte	1
 437 0198 9C       		.byte	-100
 438 0199 04       		.byte	4
 439 019a 9E       		.byte	-98
 440 019b E0       		.byte	-32
 441 019c A2       		.byte	-94
 442 019d FF       		.byte	-1
 443 019e A4       		.byte	-92
 444 019f 01       		.byte	1
 445 01a0 A9       		.byte	-87
 446 01a1 02       		.byte	2
 447 01a2 AA       		.byte	-86
 448 01a3 08       		.byte	8
 449 01a4 AB       		.byte	-85
 450 01a5 04       		.byte	4
 451 01a6 AC       		.byte	-84
 452 01a7 92       		.byte	-110
 453 01a8 AE       		.byte	-82
 454 01a9 60       		.byte	96
 455 01aa B3       		.byte	-77
 456 01ab 07       		.byte	7
ARM GAS  C:\Users\Gemma\AppData\Local\Temp\ccbbBv0l.s 			page 9


 457 01ac B6       		.byte	-74
 458 01ad FF       		.byte	-1
 459 01ae B9       		.byte	-71
 460 01af 08       		.byte	8
 461 01b0 BE       		.byte	-66
 462 01b1 40       		.byte	64
 463 01b2 BF       		.byte	-65
 464 01b3 04       		.byte	4
 465 01b4 D8       		.byte	-40
 466 01b5 04       		.byte	4
 467 01b6 D9       		.byte	-39
 468 01b7 04       		.byte	4
 469 01b8 DF       		.byte	-33
 470 01b9 01       		.byte	1
 471 01ba 00       		.byte	0
 472 01bb 8A       		.byte	-118
 473 01bc 02       		.byte	2
 474 01bd 10       		.byte	16
 475 01be 03       		.byte	3
 476 01bf 04       		.byte	4
 477 01c0 05       		.byte	5
 478 01c1 10       		.byte	16
 479 01c2 06       		.byte	6
 480 01c3 52       		.byte	82
 481 01c4 08       		.byte	8
 482 01c5 24       		.byte	36
 483 01c6 0A       		.byte	10
 484 01c7 49       		.byte	73
 485 01c8 0B       		.byte	11
 486 01c9 06       		.byte	6
 487 01ca 0C       		.byte	12
 488 01cb 08       		.byte	8
 489 01cc 0E       		.byte	14
 490 01cd 41       		.byte	65
 491 01ce 0F       		.byte	15
 492 01cf 0C       		.byte	12
 493 01d0 10       		.byte	16
 494 01d1 29       		.byte	41
 495 01d2 11       		.byte	17
 496 01d3 20       		.byte	32
 497 01d4 12       		.byte	18
 498 01d5 40       		.byte	64
 499 01d6 13       		.byte	19
 500 01d7 48       		.byte	72
 501 01d8 15       		.byte	21
 502 01d9 82       		.byte	-126
 503 01da 17       		.byte	23
 504 01db 18       		.byte	24
 505 01dc 1B       		.byte	27
 506 01dd 80       		.byte	-128
 507 01de 1E       		.byte	30
 508 01df 04       		.byte	4
 509 01e0 1F       		.byte	31
 510 01e1 40       		.byte	64
 511 01e2 21       		.byte	33
 512 01e3 08       		.byte	8
 513 01e4 24       		.byte	36
ARM GAS  C:\Users\Gemma\AppData\Local\Temp\ccbbBv0l.s 			page 10


 514 01e5 08       		.byte	8
 515 01e6 26       		.byte	38
 516 01e7 90       		.byte	-112
 517 01e8 27       		.byte	39
 518 01e9 04       		.byte	4
 519 01ea 28       		.byte	40
 520 01eb 04       		.byte	4
 521 01ec 29       		.byte	41
 522 01ed 10       		.byte	16
 523 01ee 2C       		.byte	44
 524 01ef 04       		.byte	4
 525 01f0 2E       		.byte	46
 526 01f1 40       		.byte	64
 527 01f2 2F       		.byte	47
 528 01f3 60       		.byte	96
 529 01f4 32       		.byte	50
 530 01f5 10       		.byte	16
 531 01f6 34       		.byte	52
 532 01f7 21       		.byte	33
 533 01f8 36       		.byte	54
 534 01f9 80       		.byte	-128
 535 01fa 37       		.byte	55
 536 01fb 04       		.byte	4
 537 01fc 38       		.byte	56
 538 01fd 28       		.byte	40
 539 01fe 3C       		.byte	60
 540 01ff 80       		.byte	-128
 541 0200 3D       		.byte	61
 542 0201 20       		.byte	32
 543 0202 3E       		.byte	62
 544 0203 04       		.byte	4
 545 0204 3F       		.byte	63
 546 0205 01       		.byte	1
 547 0206 45       		.byte	69
 548 0207 08       		.byte	8
 549 0208 47       		.byte	71
 550 0209 40       		.byte	64
 551 020a 4D       		.byte	77
 552 020b 10       		.byte	16
 553 020c 4E       		.byte	78
 554 020d 08       		.byte	8
 555 020e 4F       		.byte	79
 556 020f 01       		.byte	1
 557 0210 54       		.byte	84
 558 0211 01       		.byte	1
 559 0212 56       		.byte	86
 560 0213 02       		.byte	2
 561 0214 57       		.byte	87
 562 0215 01       		.byte	1
 563 0216 90       		.byte	-112
 564 0217 20       		.byte	32
 565 0218 92       		.byte	-110
 566 0219 08       		.byte	8
 567 021a 94       		.byte	-108
 568 021b 80       		.byte	-128
 569 021c 95       		.byte	-107
 570 021d 02       		.byte	2
ARM GAS  C:\Users\Gemma\AppData\Local\Temp\ccbbBv0l.s 			page 11


 571 021e 96       		.byte	-106
 572 021f 20       		.byte	32
 573 0220 97       		.byte	-105
 574 0221 18       		.byte	24
 575 0222 99       		.byte	-103
 576 0223 10       		.byte	16
 577 0224 9A       		.byte	-102
 578 0225 41       		.byte	65
 579 0226 9B       		.byte	-101
 580 0227 10       		.byte	16
 581 0228 9C       		.byte	-100
 582 0229 80       		.byte	-128
 583 022a 9D       		.byte	-99
 584 022b 80       		.byte	-128
 585 022c 9F       		.byte	-97
 586 022d 01       		.byte	1
 587 022e A0       		.byte	-96
 588 022f 64       		.byte	100
 589 0230 A2       		.byte	-94
 590 0231 0A       		.byte	10
 591 0232 A3       		.byte	-93
 592 0233 02       		.byte	2
 593 0234 A5       		.byte	-91
 594 0235 10       		.byte	16
 595 0236 A6       		.byte	-90
 596 0237 15       		.byte	21
 597 0238 A7       		.byte	-89
 598 0239 01       		.byte	1
 599 023a A9       		.byte	-87
 600 023b 92       		.byte	-110
 601 023c AB       		.byte	-85
 602 023d 08       		.byte	8
 603 023e B2       		.byte	-78
 604 023f 84       		.byte	-124
 605 0240 C0       		.byte	-64
 606 0241 FF       		.byte	-1
 607 0242 C2       		.byte	-62
 608 0243 FF       		.byte	-1
 609 0244 C4       		.byte	-60
 610 0245 FF       		.byte	-1
 611 0246 CA       		.byte	-54
 612 0247 F4       		.byte	-12
 613 0248 CC       		.byte	-52
 614 0249 F4       		.byte	-12
 615 024a CE       		.byte	-50
 616 024b F6       		.byte	-10
 617 024c D0       		.byte	-48
 618 024d 50       		.byte	80
 619 024e D2       		.byte	-46
 620 024f 20       		.byte	32
 621 0250 02       		.byte	2
 622 0251 40       		.byte	64
 623 0252 03       		.byte	3
 624 0253 01       		.byte	1
 625 0254 04       		.byte	4
 626 0255 07       		.byte	7
 627 0256 05       		.byte	5
ARM GAS  C:\Users\Gemma\AppData\Local\Temp\ccbbBv0l.s 			page 12


 628 0257 0E       		.byte	14
 629 0258 06       		.byte	6
 630 0259 10       		.byte	16
 631 025a 07       		.byte	7
 632 025b 30       		.byte	48
 633 025c 09       		.byte	9
 634 025d 2A       		.byte	42
 635 025e 0B       		.byte	11
 636 025f 54       		.byte	84
 637 0260 0C       		.byte	12
 638 0261 01       		.byte	1
 639 0262 0D       		.byte	13
 640 0263 46       		.byte	70
 641 0264 0E       		.byte	14
 642 0265 0E       		.byte	14
 643 0266 0F       		.byte	15
 644 0267 A9       		.byte	-87
 645 0268 10       		.byte	16
 646 0269 03       		.byte	3
 647 026a 11       		.byte	17
 648 026b 80       		.byte	-128
 649 026c 12       		.byte	18
 650 026d 34       		.byte	52
 651 026e 13       		.byte	19
 652 026f 56       		.byte	86
 653 0270 14       		.byte	20
 654 0271 02       		.byte	2
 655 0272 16       		.byte	22
 656 0273 05       		.byte	5
 657 0274 18       		.byte	24
 658 0275 01       		.byte	1
 659 0276 19       		.byte	25
 660 0277 33       		.byte	51
 661 0278 1A       		.byte	26
 662 0279 28       		.byte	40
 663 027a 1B       		.byte	27
 664 027b 0C       		.byte	12
 665 027c 21       		.byte	33
 666 027d 40       		.byte	64
 667 027e 22       		.byte	34
 668 027f 10       		.byte	16
 669 0280 23       		.byte	35
 670 0281 13       		.byte	19
 671 0282 28       		.byte	40
 672 0283 07       		.byte	7
 673 0284 29       		.byte	41
 674 0285 FF       		.byte	-1
 675 0286 2A       		.byte	42
 676 0287 10       		.byte	16
 677 0288 2C       		.byte	44
 678 0289 06       		.byte	6
 679 028a 2E       		.byte	46
 680 028b 01       		.byte	1
 681 028c 30       		.byte	48
 682 028d 70       		.byte	112
 683 028e 31       		.byte	49
 684 028f FF       		.byte	-1
ARM GAS  C:\Users\Gemma\AppData\Local\Temp\ccbbBv0l.s 			page 13


 685 0290 36       		.byte	54
 686 0291 0F       		.byte	15
 687 0292 3A       		.byte	58
 688 0293 82       		.byte	-126
 689 0294 58       		.byte	88
 690 0295 04       		.byte	4
 691 0296 59       		.byte	89
 692 0297 04       		.byte	4
 693 0298 5C       		.byte	92
 694 0299 11       		.byte	17
 695 029a 5F       		.byte	95
 696 029b 01       		.byte	1
 697 029c 81       		.byte	-127
 698 029d 26       		.byte	38
 699 029e 82       		.byte	-126
 700 029f 40       		.byte	64
 701 02a0 85       		.byte	-123
 702 02a1 8F       		.byte	-113
 703 02a2 86       		.byte	-122
 704 02a3 10       		.byte	16
 705 02a4 88       		.byte	-120
 706 02a5 25       		.byte	37
 707 02a6 89       		.byte	-119
 708 02a7 40       		.byte	64
 709 02a8 8C       		.byte	-116
 710 02a9 05       		.byte	5
 711 02aa 8D       		.byte	-115
 712 02ab 21       		.byte	33
 713 02ac 8E       		.byte	-114
 714 02ad 20       		.byte	32
 715 02ae 8F       		.byte	-113
 716 02af 02       		.byte	2
 717 02b0 93       		.byte	-109
 718 02b1 10       		.byte	16
 719 02b2 94       		.byte	-108
 720 02b3 25       		.byte	37
 721 02b4 95       		.byte	-107
 722 02b5 25       		.byte	37
 723 02b6 97       		.byte	-105
 724 02b7 0A       		.byte	10
 725 02b8 98       		.byte	-104
 726 02b9 04       		.byte	4
 727 02ba 99       		.byte	-103
 728 02bb 21       		.byte	33
 729 02bc 9A       		.byte	-102
 730 02bd 01       		.byte	1
 731 02be 9B       		.byte	-101
 732 02bf 04       		.byte	4
 733 02c0 9C       		.byte	-100
 734 02c1 01       		.byte	1
 735 02c2 9D       		.byte	-99
 736 02c3 20       		.byte	32
 737 02c4 9E       		.byte	-98
 738 02c5 0E       		.byte	14
 739 02c6 9F       		.byte	-97
 740 02c7 02       		.byte	2
 741 02c8 A0       		.byte	-96
ARM GAS  C:\Users\Gemma\AppData\Local\Temp\ccbbBv0l.s 			page 14


 742 02c9 04       		.byte	4
 743 02ca A1       		.byte	-95
 744 02cb 01       		.byte	1
 745 02cc A2       		.byte	-94
 746 02cd 21       		.byte	33
 747 02ce A3       		.byte	-93
 748 02cf 22       		.byte	34
 749 02d0 A4       		.byte	-92
 750 02d1 31       		.byte	49
 751 02d2 A6       		.byte	-90
 752 02d3 08       		.byte	8
 753 02d4 A7       		.byte	-89
 754 02d5 80       		.byte	-128
 755 02d6 A8       		.byte	-88
 756 02d7 31       		.byte	49
 757 02d8 A9       		.byte	-87
 758 02d9 80       		.byte	-128
 759 02da AA       		.byte	-86
 760 02db 02       		.byte	2
 761 02dc AD       		.byte	-83
 762 02dd 08       		.byte	8
 763 02de AF       		.byte	-81
 764 02df 05       		.byte	5
 765 02e0 B2       		.byte	-78
 766 02e1 40       		.byte	64
 767 02e2 B3       		.byte	-77
 768 02e3 1F       		.byte	31
 769 02e4 B4       		.byte	-76
 770 02e5 30       		.byte	48
 771 02e6 B5       		.byte	-75
 772 02e7 80       		.byte	-128
 773 02e8 B6       		.byte	-74
 774 02e9 0F       		.byte	15
 775 02ea B7       		.byte	-73
 776 02eb 60       		.byte	96
 777 02ec B9       		.byte	-71
 778 02ed 80       		.byte	-128
 779 02ee BA       		.byte	-70
 780 02ef 80       		.byte	-128
 781 02f0 BF       		.byte	-65
 782 02f1 40       		.byte	64
 783 02f2 C0       		.byte	-64
 784 02f3 03       		.byte	3
 785 02f4 C7       		.byte	-57
 786 02f5 04       		.byte	4
 787 02f6 C9       		.byte	-55
 788 02f7 FF       		.byte	-1
 789 02f8 CA       		.byte	-54
 790 02f9 07       		.byte	7
 791 02fa CB       		.byte	-53
 792 02fb FF       		.byte	-1
 793 02fc CC       		.byte	-52
 794 02fd 40       		.byte	64
 795 02fe CD       		.byte	-51
 796 02ff 20       		.byte	32
 797 0300 CE       		.byte	-50
 798 0301 F0       		.byte	-16
ARM GAS  C:\Users\Gemma\AppData\Local\Temp\ccbbBv0l.s 			page 15


 799 0302 CF       		.byte	-49
 800 0303 05       		.byte	5
 801 0304 D0       		.byte	-48
 802 0305 08       		.byte	8
 803 0306 D8       		.byte	-40
 804 0307 04       		.byte	4
 805 0308 D9       		.byte	-39
 806 0309 04       		.byte	4
 807 030a DA       		.byte	-38
 808 030b 04       		.byte	4
 809 030c DC       		.byte	-36
 810 030d 11       		.byte	17
 811 030e DF       		.byte	-33
 812 030f 01       		.byte	1
 813 0310 E0       		.byte	-32
 814 0311 40       		.byte	64
 815 0312 E1       		.byte	-31
 816 0313 A8       		.byte	-88
 817 0314 E2       		.byte	-30
 818 0315 40       		.byte	64
 819 0316 E3       		.byte	-29
 820 0317 20       		.byte	32
 821 0318 01       		.byte	1
 822 0319 84       		.byte	-124
 823 031a 03       		.byte	3
 824 031b 80       		.byte	-128
 825 031c 04       		.byte	4
 826 031d 84       		.byte	-124
 827 031e 05       		.byte	5
 828 031f 10       		.byte	16
 829 0320 07       		.byte	7
 830 0321 40       		.byte	64
 831 0322 08       		.byte	8
 832 0323 20       		.byte	32
 833 0324 09       		.byte	9
 834 0325 04       		.byte	4
 835 0326 0A       		.byte	10
 836 0327 48       		.byte	72
 837 0328 0E       		.byte	14
 838 0329 2A       		.byte	42
 839 032a 10       		.byte	16
 840 032b 04       		.byte	4
 841 032c 12       		.byte	18
 842 032d 40       		.byte	64
 843 032e 13       		.byte	19
 844 032f 40       		.byte	64
 845 0330 14       		.byte	20
 846 0331 20       		.byte	32
 847 0332 15       		.byte	21
 848 0333 12       		.byte	18
 849 0334 18       		.byte	24
 850 0335 80       		.byte	-128
 851 0336 19       		.byte	25
 852 0337 82       		.byte	-126
 853 0338 1A       		.byte	26
 854 0339 40       		.byte	64
 855 033a 1C       		.byte	28
ARM GAS  C:\Users\Gemma\AppData\Local\Temp\ccbbBv0l.s 			page 16


 856 033b 0C       		.byte	12
 857 033c 1E       		.byte	30
 858 033d 12       		.byte	18
 859 033e 21       		.byte	33
 860 033f 01       		.byte	1
 861 0340 23       		.byte	35
 862 0341 40       		.byte	64
 863 0342 24       		.byte	36
 864 0343 20       		.byte	32
 865 0344 25       		.byte	37
 866 0345 14       		.byte	20
 867 0346 26       		.byte	38
 868 0347 04       		.byte	4
 869 0348 27       		.byte	39
 870 0349 01       		.byte	1
 871 034a 28       		.byte	40
 872 034b 40       		.byte	64
 873 034c 29       		.byte	41
 874 034d 02       		.byte	2
 875 034e 2B       		.byte	43
 876 034f 04       		.byte	4
 877 0350 2D       		.byte	45
 878 0351 10       		.byte	16
 879 0352 2E       		.byte	46
 880 0353 0A       		.byte	10
 881 0354 2F       		.byte	47
 882 0355 02       		.byte	2
 883 0356 31       		.byte	49
 884 0357 10       		.byte	16
 885 0358 33       		.byte	51
 886 0359 02       		.byte	2
 887 035a 34       		.byte	52
 888 035b 40       		.byte	64
 889 035c 35       		.byte	53
 890 035d 10       		.byte	16
 891 035e 36       		.byte	54
 892 035f 06       		.byte	6
 893 0360 38       		.byte	56
 894 0361 28       		.byte	40
 895 0362 3A       		.byte	58
 896 0363 02       		.byte	2
 897 0364 3B       		.byte	59
 898 0365 40       		.byte	64
 899 0366 3D       		.byte	61
 900 0367 02       		.byte	2
 901 0368 3E       		.byte	62
 902 0369 20       		.byte	32
 903 036a 3F       		.byte	63
 904 036b 48       		.byte	72
 905 036c 45       		.byte	69
 906 036d 18       		.byte	24
 907 036e 46       		.byte	70
 908 036f 08       		.byte	8
 909 0370 4F       		.byte	79
 910 0371 02       		.byte	2
 911 0372 57       		.byte	87
 912 0373 08       		.byte	8
ARM GAS  C:\Users\Gemma\AppData\Local\Temp\ccbbBv0l.s 			page 17


 913 0374 90       		.byte	-112
 914 0375 08       		.byte	8
 915 0376 91       		.byte	-111
 916 0377 10       		.byte	16
 917 0378 92       		.byte	-110
 918 0379 08       		.byte	8
 919 037a 94       		.byte	-108
 920 037b 80       		.byte	-128
 921 037c 95       		.byte	-107
 922 037d 02       		.byte	2
 923 037e 96       		.byte	-106
 924 037f 60       		.byte	96
 925 0380 97       		.byte	-105
 926 0381 58       		.byte	88
 927 0382 98       		.byte	-104
 928 0383 04       		.byte	4
 929 0384 99       		.byte	-103
 930 0385 10       		.byte	16
 931 0386 9A       		.byte	-102
 932 0387 43       		.byte	67
 933 0388 9C       		.byte	-100
 934 0389 80       		.byte	-128
 935 038a 9D       		.byte	-99
 936 038b 80       		.byte	-128
 937 038c 9F       		.byte	-97
 938 038d 41       		.byte	65
 939 038e A2       		.byte	-94
 940 038f 12       		.byte	18
 941 0390 A3       		.byte	-93
 942 0391 86       		.byte	-122
 943 0392 A5       		.byte	-91
 944 0393 10       		.byte	16
 945 0394 A6       		.byte	-90
 946 0395 05       		.byte	5
 947 0396 A9       		.byte	-87
 948 0397 40       		.byte	64
 949 0398 AA       		.byte	-86
 950 0399 04       		.byte	4
 951 039a AB       		.byte	-85
 952 039b 25       		.byte	37
 953 039c AE       		.byte	-82
 954 039d 80       		.byte	-128
 955 039e C0       		.byte	-64
 956 039f FD       		.byte	-3
 957 03a0 C2       		.byte	-62
 958 03a1 EE       		.byte	-18
 959 03a2 C4       		.byte	-60
 960 03a3 7B       		.byte	123
 961 03a4 CA       		.byte	-54
 962 03a5 F5       		.byte	-11
 963 03a6 CC       		.byte	-52
 964 03a7 F5       		.byte	-11
 965 03a8 CE       		.byte	-50
 966 03a9 FF       		.byte	-1
 967 03aa D0       		.byte	-48
 968 03ab 40       		.byte	64
 969 03ac 00       		.byte	0
ARM GAS  C:\Users\Gemma\AppData\Local\Temp\ccbbBv0l.s 			page 18


 970 03ad 01       		.byte	1
 971 03ae 02       		.byte	2
 972 03af 06       		.byte	6
 973 03b0 03       		.byte	3
 974 03b1 A9       		.byte	-87
 975 03b2 04       		.byte	4
 976 03b3 0A       		.byte	10
 977 03b4 06       		.byte	6
 978 03b5 01       		.byte	1
 979 03b6 09       		.byte	9
 980 03b7 60       		.byte	96
 981 03b8 0B       		.byte	11
 982 03b9 80       		.byte	-128
 983 03ba 0E       		.byte	14
 984 03bb 0B       		.byte	11
 985 03bc 11       		.byte	17
 986 03bd 56       		.byte	86
 987 03be 13       		.byte	19
 988 03bf 89       		.byte	-119
 989 03c0 14       		.byte	20
 990 03c1 01       		.byte	1
 991 03c2 15       		.byte	21
 992 03c3 68       		.byte	104
 993 03c4 16       		.byte	22
 994 03c5 2A       		.byte	42
 995 03c6 17       		.byte	23
 996 03c7 93       		.byte	-109
 997 03c8 18       		.byte	24
 998 03c9 01       		.byte	1
 999 03ca 19       		.byte	25
 1000 03cb 68       		.byte	104
 1001 03cc 1A       		.byte	26
 1002 03cd 04       		.byte	4
 1003 03ce 1B       		.byte	27
 1004 03cf 95       		.byte	-107
 1005 03d0 1E       		.byte	30
 1006 03d1 1B       		.byte	27
 1007 03d2 27       		.byte	39
 1008 03d3 16       		.byte	22
 1009 03d4 2B       		.byte	43
 1010 03d5 02       		.byte	2
 1011 03d6 2E       		.byte	46
 1012 03d7 0B       		.byte	11
 1013 03d8 30       		.byte	48
 1014 03d9 07       		.byte	7
 1015 03da 32       		.byte	50
 1016 03db 08       		.byte	8
 1017 03dc 33       		.byte	51
 1018 03dd E4       		.byte	-28
 1019 03de 34       		.byte	52
 1020 03df 20       		.byte	32
 1021 03e0 35       		.byte	53
 1022 03e1 07       		.byte	7
 1023 03e2 36       		.byte	54
 1024 03e3 10       		.byte	16
 1025 03e4 37       		.byte	55
 1026 03e5 1B       		.byte	27
ARM GAS  C:\Users\Gemma\AppData\Local\Temp\ccbbBv0l.s 			page 19


 1027 03e6 3A       		.byte	58
 1028 03e7 02       		.byte	2
 1029 03e8 3B       		.byte	59
 1030 03e9 A8       		.byte	-88
 1031 03ea 3E       		.byte	62
 1032 03eb 04       		.byte	4
 1033 03ec 40       		.byte	64
 1034 03ed 25       		.byte	37
 1035 03ee 41       		.byte	65
 1036 03ef 03       		.byte	3
 1037 03f0 45       		.byte	69
 1038 03f1 EB       		.byte	-21
 1039 03f2 46       		.byte	70
 1040 03f3 C0       		.byte	-64
 1041 03f4 47       		.byte	71
 1042 03f5 0E       		.byte	14
 1043 03f6 48       		.byte	72
 1044 03f7 1B       		.byte	27
 1045 03f8 49       		.byte	73
 1046 03f9 FF       		.byte	-1
 1047 03fa 4A       		.byte	74
 1048 03fb FF       		.byte	-1
 1049 03fc 4B       		.byte	75
 1050 03fd FF       		.byte	-1
 1051 03fe 4E       		.byte	78
 1052 03ff F0       		.byte	-16
 1053 0400 4F       		.byte	79
 1054 0401 44       		.byte	68
 1055 0402 50       		.byte	80
 1056 0403 0C       		.byte	12
 1057 0404 58       		.byte	88
 1058 0405 04       		.byte	4
 1059 0406 59       		.byte	89
 1060 0407 04       		.byte	4
 1061 0408 5A       		.byte	90
 1062 0409 04       		.byte	4
 1063 040a 5C       		.byte	92
 1064 040b 01       		.byte	1
 1065 040c 5F       		.byte	95
 1066 040d 01       		.byte	1
 1067 040e 66       		.byte	102
 1068 040f C0       		.byte	-64
 1069 0410 6A       		.byte	106
 1070 0411 40       		.byte	64
 1071 0412 6B       		.byte	107
 1072 0413 02       		.byte	2
 1073 0414 81       		.byte	-127
 1074 0415 78       		.byte	120
 1075 0416 82       		.byte	-126
 1076 0417 18       		.byte	24
 1077 0418 83       		.byte	-125
 1078 0419 80       		.byte	-128
 1079 041a 84       		.byte	-124
 1080 041b 10       		.byte	16
 1081 041c 86       		.byte	-122
 1082 041d 01       		.byte	1
 1083 041e 87       		.byte	-121
ARM GAS  C:\Users\Gemma\AppData\Local\Temp\ccbbBv0l.s 			page 20


 1084 041f 0B       		.byte	11
 1085 0420 8B       		.byte	-117
 1086 0421 43       		.byte	67
 1087 0422 8C       		.byte	-116
 1088 0423 04       		.byte	4
 1089 0424 8D       		.byte	-115
 1090 0425 03       		.byte	3
 1091 0426 8E       		.byte	-114
 1092 0427 08       		.byte	8
 1093 0428 8F       		.byte	-113
 1094 0429 40       		.byte	64
 1095 042a 91       		.byte	-111
 1096 042b 78       		.byte	120
 1097 042c 92       		.byte	-110
 1098 042d 14       		.byte	20
 1099 042e 93       		.byte	-109
 1100 042f 03       		.byte	3
 1101 0430 95       		.byte	-107
 1102 0431 01       		.byte	1
 1103 0432 96       		.byte	-106
 1104 0433 20       		.byte	32
 1105 0434 97       		.byte	-105
 1106 0435 06       		.byte	6
 1107 0436 98       		.byte	-104
 1108 0437 3F       		.byte	63
 1109 0438 9B       		.byte	-101
 1110 0439 13       		.byte	19
 1111 043a 9F       		.byte	-97
 1112 043b 78       		.byte	120
 1113 043c A1       		.byte	-95
 1114 043d 03       		.byte	3
 1115 043e A3       		.byte	-93
 1116 043f 20       		.byte	32
 1117 0440 A4       		.byte	-92
 1118 0441 10       		.byte	16
 1119 0442 A6       		.byte	-90
 1120 0443 02       		.byte	2
 1121 0444 A7       		.byte	-89
 1122 0445 78       		.byte	120
 1123 0446 A9       		.byte	-87
 1124 0447 01       		.byte	1
 1125 0448 AA       		.byte	-86
 1126 0449 08       		.byte	8
 1127 044a AB       		.byte	-85
 1128 044b 04       		.byte	4
 1129 044c AC       		.byte	-84
 1130 044d 0F       		.byte	15
 1131 044e AD       		.byte	-83
 1132 044f 02       		.byte	2
 1133 0450 AF       		.byte	-81
 1134 0451 01       		.byte	1
 1135 0452 B2       		.byte	-78
 1136 0453 3F       		.byte	63
 1137 0454 B3       		.byte	-77
 1138 0455 07       		.byte	7
 1139 0456 B5       		.byte	-75
 1140 0457 78       		.byte	120
ARM GAS  C:\Users\Gemma\AppData\Local\Temp\ccbbBv0l.s 			page 21


 1141 0458 B7       		.byte	-73
 1142 0459 80       		.byte	-128
 1143 045a B8       		.byte	-72
 1144 045b 08       		.byte	8
 1145 045c BB       		.byte	-69
 1146 045d 08       		.byte	8
 1147 045e BF       		.byte	-65
 1148 045f 10       		.byte	16
 1149 0460 D8       		.byte	-40
 1150 0461 04       		.byte	4
 1151 0462 D9       		.byte	-39
 1152 0463 04       		.byte	4
 1153 0464 DC       		.byte	-36
 1154 0465 11       		.byte	17
 1155 0466 DF       		.byte	-33
 1156 0467 01       		.byte	1
 1157 0468 01       		.byte	1
 1158 0469 04       		.byte	4
 1159 046a 02       		.byte	2
 1160 046b 40       		.byte	64
 1161 046c 03       		.byte	3
 1162 046d 02       		.byte	2
 1163 046e 04       		.byte	4
 1164 046f 04       		.byte	4
 1165 0470 05       		.byte	5
 1166 0471 41       		.byte	65
 1167 0472 08       		.byte	8
 1168 0473 20       		.byte	32
 1169 0474 0A       		.byte	10
 1170 0475 60       		.byte	96
 1171 0476 0C       		.byte	12
 1172 0477 80       		.byte	-128
 1173 0478 0E       		.byte	14
 1174 0479 10       		.byte	16
 1175 047a 0F       		.byte	15
 1176 047b 08       		.byte	8
 1177 047c 10       		.byte	16
 1178 047d 20       		.byte	32
 1179 047e 11       		.byte	17
 1180 047f 10       		.byte	16
 1181 0480 12       		.byte	18
 1182 0481 01       		.byte	1
 1183 0482 16       		.byte	22
 1184 0483 02       		.byte	2
 1185 0484 19       		.byte	25
 1186 0485 04       		.byte	4
 1187 0486 1C       		.byte	28
 1188 0487 04       		.byte	4
 1189 0488 1D       		.byte	29
 1190 0489 41       		.byte	65
 1191 048a 1F       		.byte	31
 1192 048b 04       		.byte	4
 1193 048c 22       		.byte	34
 1194 048d 58       		.byte	88
 1195 048e 23       		.byte	35
 1196 048f 10       		.byte	16
 1197 0490 26       		.byte	38
ARM GAS  C:\Users\Gemma\AppData\Local\Temp\ccbbBv0l.s 			page 22


 1198 0491 10       		.byte	16
 1199 0492 27       		.byte	39
 1200 0493 19       		.byte	25
 1201 0494 29       		.byte	41
 1202 0495 06       		.byte	6
 1203 0496 2A       		.byte	42
 1204 0497 80       		.byte	-128
 1205 0498 2B       		.byte	43
 1206 0499 04       		.byte	4
 1207 049a 2F       		.byte	47
 1208 049b 28       		.byte	40
 1209 049c 30       		.byte	48
 1210 049d A0       		.byte	-96
 1211 049e 31       		.byte	49
 1212 049f 10       		.byte	16
 1213 04a0 32       		.byte	50
 1214 04a1 48       		.byte	72
 1215 04a2 33       		.byte	51
 1216 04a3 02       		.byte	2
 1217 04a4 37       		.byte	55
 1218 04a5 19       		.byte	25
 1219 04a6 38       		.byte	56
 1220 04a7 2A       		.byte	42
 1221 04a8 39       		.byte	57
 1222 04a9 14       		.byte	20
 1223 04aa 3A       		.byte	58
 1224 04ab 42       		.byte	66
 1225 04ac 3B       		.byte	59
 1226 04ad 40       		.byte	64
 1227 04ae 3F       		.byte	63
 1228 04af 22       		.byte	34
 1229 04b0 47       		.byte	71
 1230 04b1 18       		.byte	24
 1231 04b2 4E       		.byte	78
 1232 04b3 02       		.byte	2
 1233 04b4 4F       		.byte	79
 1234 04b5 05       		.byte	5
 1235 04b6 55       		.byte	85
 1236 04b7 04       		.byte	4
 1237 04b8 56       		.byte	86
 1238 04b9 10       		.byte	16
 1239 04ba 57       		.byte	87
 1240 04bb 10       		.byte	16
 1241 04bc 7A       		.byte	122
 1242 04bd 02       		.byte	2
 1243 04be 7B       		.byte	123
 1244 04bf 01       		.byte	1
 1245 04c0 90       		.byte	-112
 1246 04c1 28       		.byte	40
 1247 04c2 92       		.byte	-110
 1248 04c3 50       		.byte	80
 1249 04c4 93       		.byte	-109
 1250 04c5 40       		.byte	64
 1251 04c6 95       		.byte	-107
 1252 04c7 04       		.byte	4
 1253 04c8 96       		.byte	-106
 1254 04c9 20       		.byte	32
ARM GAS  C:\Users\Gemma\AppData\Local\Temp\ccbbBv0l.s 			page 23


 1255 04ca 97       		.byte	-105
 1256 04cb 18       		.byte	24
 1257 04cc 98       		.byte	-104
 1258 04cd 20       		.byte	32
 1259 04ce 99       		.byte	-103
 1260 04cf 12       		.byte	18
 1261 04d0 9A       		.byte	-102
 1262 04d1 01       		.byte	1
 1263 04d2 9E       		.byte	-98
 1264 04d3 20       		.byte	32
 1265 04d4 9F       		.byte	-97
 1266 04d5 40       		.byte	64
 1267 04d6 A3       		.byte	-93
 1268 04d7 0F       		.byte	15
 1269 04d8 A5       		.byte	-91
 1270 04d9 08       		.byte	8
 1271 04da A8       		.byte	-88
 1272 04db 04       		.byte	4
 1273 04dc A9       		.byte	-87
 1274 04dd 01       		.byte	1
 1275 04de AC       		.byte	-84
 1276 04df 84       		.byte	-124
 1277 04e0 C0       		.byte	-64
 1278 04e1 BD       		.byte	-67
 1279 04e2 C2       		.byte	-62
 1280 04e3 EE       		.byte	-18
 1281 04e4 C4       		.byte	-60
 1282 04e5 87       		.byte	-121
 1283 04e6 CA       		.byte	-54
 1284 04e7 6F       		.byte	111
 1285 04e8 CC       		.byte	-52
 1286 04e9 EF       		.byte	-17
 1287 04ea CE       		.byte	-50
 1288 04eb AF       		.byte	-81
 1289 04ec D0       		.byte	-48
 1290 04ed 60       		.byte	96
 1291 04ee D2       		.byte	-46
 1292 04ef 10       		.byte	16
 1293 04f0 00       		.byte	0
 1294 04f1 02       		.byte	2
 1295 04f2 01       		.byte	1
 1296 04f3 24       		.byte	36
 1297 04f4 04       		.byte	4
 1298 04f5 73       		.byte	115
 1299 04f6 05       		.byte	5
 1300 04f7 18       		.byte	24
 1301 04f8 06       		.byte	6
 1302 04f9 0C       		.byte	12
 1303 04fa 09       		.byte	9
 1304 04fb 08       		.byte	8
 1305 04fc 0A       		.byte	10
 1306 04fd 63       		.byte	99
 1307 04fe 0C       		.byte	12
 1308 04ff 7F       		.byte	127
 1309 0500 0D       		.byte	13
 1310 0501 60       		.byte	96
 1311 0502 10       		.byte	16
ARM GAS  C:\Users\Gemma\AppData\Local\Temp\ccbbBv0l.s 			page 24


 1312 0503 01       		.byte	1
 1313 0504 11       		.byte	17
 1314 0505 FF       		.byte	-1
 1315 0506 14       		.byte	20
 1316 0507 1F       		.byte	31
 1317 0508 15       		.byte	21
 1318 0509 1C       		.byte	28
 1319 050a 16       		.byte	22
 1320 050b 60       		.byte	96
 1321 050c 17       		.byte	23
 1322 050d E1       		.byte	-31
 1323 050e 18       		.byte	24
 1324 050f 04       		.byte	4
 1325 0510 19       		.byte	25
 1326 0511 1C       		.byte	28
 1327 0512 1B       		.byte	27
 1328 0513 E2       		.byte	-30
 1329 0514 1D       		.byte	29
 1330 0515 10       		.byte	16
 1331 0516 20       		.byte	32
 1332 0517 08       		.byte	8
 1333 0518 21       		.byte	33
 1334 0519 40       		.byte	64
 1335 051a 24       		.byte	36
 1336 051b 5C       		.byte	92
 1337 051c 26       		.byte	38
 1338 051d 23       		.byte	35
 1339 051e 27       		.byte	39
 1340 051f 63       		.byte	99
 1341 0520 28       		.byte	40
 1342 0521 0C       		.byte	12
 1343 0522 29       		.byte	41
 1344 0523 E7       		.byte	-25
 1345 0524 2B       		.byte	43
 1346 0525 18       		.byte	24
 1347 0526 2C       		.byte	44
 1348 0527 03       		.byte	3
 1349 0528 2F       		.byte	47
 1350 0529 04       		.byte	4
 1351 052a 30       		.byte	48
 1352 052b 10       		.byte	16
 1353 052c 31       		.byte	49
 1354 052d 60       		.byte	96
 1355 052e 32       		.byte	50
 1356 052f 2C       		.byte	44
 1357 0530 33       		.byte	51
 1358 0531 80       		.byte	-128
 1359 0532 34       		.byte	52
 1360 0533 0F       		.byte	15
 1361 0534 35       		.byte	53
 1362 0535 1F       		.byte	31
 1363 0536 36       		.byte	54
 1364 0537 4C       		.byte	76
 1365 0538 39       		.byte	57
 1366 0539 08       		.byte	8
 1367 053a 3A       		.byte	58
 1368 053b 28       		.byte	40
ARM GAS  C:\Users\Gemma\AppData\Local\Temp\ccbbBv0l.s 			page 25


 1369 053c 3B       		.byte	59
 1370 053d 20       		.byte	32
 1371 053e 3E       		.byte	62
 1372 053f 01       		.byte	1
 1373 0540 56       		.byte	86
 1374 0541 02       		.byte	2
 1375 0542 57       		.byte	87
 1376 0543 13       		.byte	19
 1377 0544 58       		.byte	88
 1378 0545 04       		.byte	4
 1379 0546 59       		.byte	89
 1380 0547 04       		.byte	4
 1381 0548 5B       		.byte	91
 1382 0549 04       		.byte	4
 1383 054a 5F       		.byte	95
 1384 054b 01       		.byte	1
 1385 054c 85       		.byte	-123
 1386 054d 01       		.byte	1
 1387 054e 89       		.byte	-119
 1388 054f 02       		.byte	2
 1389 0550 8B       		.byte	-117
 1390 0551 14       		.byte	20
 1391 0552 95       		.byte	-107
 1392 0553 02       		.byte	2
 1393 0554 97       		.byte	-105
 1394 0555 04       		.byte	4
 1395 0556 A4       		.byte	-92
 1396 0557 01       		.byte	1
 1397 0558 AE       		.byte	-82
 1398 0559 02       		.byte	2
 1399 055a AF       		.byte	-81
 1400 055b 08       		.byte	8
 1401 055c B0       		.byte	-80
 1402 055d 01       		.byte	1
 1403 055e B1       		.byte	-79
 1404 055f 08       		.byte	8
 1405 0560 B3       		.byte	-77
 1406 0561 06       		.byte	6
 1407 0562 B5       		.byte	-75
 1408 0563 01       		.byte	1
 1409 0564 B6       		.byte	-74
 1410 0565 02       		.byte	2
 1411 0566 B7       		.byte	-73
 1412 0567 10       		.byte	16
 1413 0568 BE       		.byte	-66
 1414 0569 01       		.byte	1
 1415 056a BF       		.byte	-65
 1416 056b 10       		.byte	16
 1417 056c D8       		.byte	-40
 1418 056d 04       		.byte	4
 1419 056e D9       		.byte	-39
 1420 056f 04       		.byte	4
 1421 0570 DC       		.byte	-36
 1422 0571 10       		.byte	16
 1423 0572 DF       		.byte	-33
 1424 0573 01       		.byte	1
 1425 0574 00       		.byte	0
ARM GAS  C:\Users\Gemma\AppData\Local\Temp\ccbbBv0l.s 			page 26


 1426 0575 A4       		.byte	-92
 1427 0576 01       		.byte	1
 1428 0577 02       		.byte	2
 1429 0578 02       		.byte	2
 1430 0579 06       		.byte	6
 1431 057a 06       		.byte	6
 1432 057b 20       		.byte	32
 1433 057c 07       		.byte	7
 1434 057d 10       		.byte	16
 1435 057e 08       		.byte	8
 1436 057f 01       		.byte	1
 1437 0580 0A       		.byte	10
 1438 0581 14       		.byte	20
 1439 0582 10       		.byte	16
 1440 0583 80       		.byte	-128
 1441 0584 12       		.byte	18
 1442 0585 20       		.byte	32
 1443 0586 13       		.byte	19
 1444 0587 50       		.byte	80
 1445 0588 14       		.byte	20
 1446 0589 01       		.byte	1
 1447 058a 16       		.byte	22
 1448 058b 01       		.byte	1
 1449 058c 17       		.byte	23
 1450 058d 04       		.byte	4
 1451 058e 18       		.byte	24
 1452 058f 04       		.byte	4
 1453 0590 19       		.byte	25
 1454 0591 21       		.byte	33
 1455 0592 1A       		.byte	26
 1456 0593 11       		.byte	17
 1457 0594 1B       		.byte	27
 1458 0595 08       		.byte	8
 1459 0596 1C       		.byte	28
 1460 0597 40       		.byte	64
 1461 0598 1D       		.byte	29
 1462 0599 40       		.byte	64
 1463 059a 22       		.byte	34
 1464 059b 29       		.byte	41
 1465 059c 24       		.byte	36
 1466 059d 02       		.byte	2
 1467 059e 27       		.byte	39
 1468 059f 58       		.byte	88
 1469 05a0 29       		.byte	41
 1470 05a1 62       		.byte	98
 1471 05a2 2A       		.byte	42
 1472 05a3 04       		.byte	4
 1473 05a4 2E       		.byte	46
 1474 05a5 80       		.byte	-128
 1475 05a6 30       		.byte	48
 1476 05a7 80       		.byte	-128
 1477 05a8 32       		.byte	50
 1478 05a9 22       		.byte	34
 1479 05aa 33       		.byte	51
 1480 05ab 08       		.byte	8
 1481 05ac 35       		.byte	53
 1482 05ad 04       		.byte	4
ARM GAS  C:\Users\Gemma\AppData\Local\Temp\ccbbBv0l.s 			page 27


 1483 05ae 38       		.byte	56
 1484 05af 28       		.byte	40
 1485 05b0 3A       		.byte	58
 1486 05b1 01       		.byte	1
 1487 05b2 3B       		.byte	59
 1488 05b3 40       		.byte	64
 1489 05b4 3D       		.byte	61
 1490 05b5 08       		.byte	8
 1491 05b6 3F       		.byte	63
 1492 05b7 20       		.byte	32
 1493 05b8 59       		.byte	89
 1494 05b9 01       		.byte	1
 1495 05ba 69       		.byte	105
 1496 05bb 04       		.byte	4
 1497 05bc 6A       		.byte	106
 1498 05bd A0       		.byte	-96
 1499 05be 70       		.byte	112
 1500 05bf 94       		.byte	-108
 1501 05c0 72       		.byte	114
 1502 05c1 04       		.byte	4
 1503 05c2 73       		.byte	115
 1504 05c3 10       		.byte	16
 1505 05c4 82       		.byte	-126
 1506 05c5 80       		.byte	-128
 1507 05c6 83       		.byte	-125
 1508 05c7 10       		.byte	16
 1509 05c8 88       		.byte	-120
 1510 05c9 01       		.byte	1
 1511 05ca 8C       		.byte	-116
 1512 05cb 40       		.byte	64
 1513 05cc 8D       		.byte	-115
 1514 05cd 04       		.byte	4
 1515 05ce 93       		.byte	-109
 1516 05cf 40       		.byte	64
 1517 05d0 94       		.byte	-108
 1518 05d1 02       		.byte	2
 1519 05d2 95       		.byte	-107
 1520 05d3 04       		.byte	4
 1521 05d4 96       		.byte	-106
 1522 05d5 A3       		.byte	-93
 1523 05d6 99       		.byte	-103
 1524 05d7 06       		.byte	6
 1525 05d8 9B       		.byte	-101
 1526 05d9 04       		.byte	4
 1527 05da 9C       		.byte	-100
 1528 05db 01       		.byte	1
 1529 05dc 9D       		.byte	-99
 1530 05dd 20       		.byte	32
 1531 05de 9E       		.byte	-98
 1532 05df A0       		.byte	-96
 1533 05e0 9F       		.byte	-97
 1534 05e1 48       		.byte	72
 1535 05e2 A0       		.byte	-96
 1536 05e3 50       		.byte	80
 1537 05e4 A1       		.byte	-95
 1538 05e5 04       		.byte	4
 1539 05e6 A6       		.byte	-90
ARM GAS  C:\Users\Gemma\AppData\Local\Temp\ccbbBv0l.s 			page 28


 1540 05e7 08       		.byte	8
 1541 05e8 AC       		.byte	-84
 1542 05e9 40       		.byte	64
 1543 05ea AD       		.byte	-83
 1544 05eb 10       		.byte	16
 1545 05ec C0       		.byte	-64
 1546 05ed 0F       		.byte	15
 1547 05ee C2       		.byte	-62
 1548 05ef 0E       		.byte	14
 1549 05f0 C4       		.byte	-60
 1550 05f1 AF       		.byte	-81
 1551 05f2 CA       		.byte	-54
 1552 05f3 1F       		.byte	31
 1553 05f4 CC       		.byte	-52
 1554 05f5 4F       		.byte	79
 1555 05f6 CE       		.byte	-50
 1556 05f7 6F       		.byte	111
 1557 05f8 D6       		.byte	-42
 1558 05f9 01       		.byte	1
 1559 05fa E2       		.byte	-30
 1560 05fb 10       		.byte	16
 1561 05fc 05       		.byte	5
 1562 05fd 14       		.byte	20
 1563 05fe 06       		.byte	6
 1564 05ff 04       		.byte	4
 1565 0600 09       		.byte	9
 1566 0601 0C       		.byte	12
 1567 0602 0B       		.byte	11
 1568 0603 11       		.byte	17
 1569 0604 0C       		.byte	12
 1570 0605 02       		.byte	2
 1571 0606 0E       		.byte	14
 1572 0607 0C       		.byte	12
 1573 0608 11       		.byte	17
 1574 0609 1C       		.byte	28
 1575 060a 13       		.byte	19
 1576 060b 02       		.byte	2
 1577 060c 14       		.byte	20
 1578 060d 0F       		.byte	15
 1579 060e 17       		.byte	23
 1580 060f 03       		.byte	3
 1581 0610 19       		.byte	25
 1582 0611 10       		.byte	16
 1583 0612 1B       		.byte	27
 1584 0613 0C       		.byte	12
 1585 0614 1C       		.byte	28
 1586 0615 10       		.byte	16
 1587 0616 1E       		.byte	30
 1588 0617 05       		.byte	5
 1589 0618 25       		.byte	37
 1590 0619 09       		.byte	9
 1591 061a 27       		.byte	39
 1592 061b 10       		.byte	16
 1593 061c 28       		.byte	40
 1594 061d 0F       		.byte	15
 1595 061e 29       		.byte	41
 1596 061f 10       		.byte	16
ARM GAS  C:\Users\Gemma\AppData\Local\Temp\ccbbBv0l.s 			page 29


 1597 0620 30       		.byte	48
 1598 0621 04       		.byte	4
 1599 0622 32       		.byte	50
 1600 0623 03       		.byte	3
 1601 0624 34       		.byte	52
 1602 0625 18       		.byte	24
 1603 0626 35       		.byte	53
 1604 0627 1F       		.byte	31
 1605 0628 38       		.byte	56
 1606 0629 28       		.byte	40
 1607 062a 3E       		.byte	62
 1608 062b 05       		.byte	5
 1609 062c 54       		.byte	84
 1610 062d 01       		.byte	1
 1611 062e 58       		.byte	88
 1612 062f 04       		.byte	4
 1613 0630 59       		.byte	89
 1614 0631 04       		.byte	4
 1615 0632 5B       		.byte	91
 1616 0633 04       		.byte	4
 1617 0634 5F       		.byte	95
 1618 0635 01       		.byte	1
 1619 0636 81       		.byte	-127
 1620 0637 01       		.byte	1
 1621 0638 83       		.byte	-125
 1622 0639 0E       		.byte	14
 1623 063a 85       		.byte	-123
 1624 063b 27       		.byte	39
 1625 063c 8C       		.byte	-116
 1626 063d 08       		.byte	8
 1627 063e 8E       		.byte	-114
 1628 063f 04       		.byte	4
 1629 0640 90       		.byte	-112
 1630 0641 04       		.byte	4
 1631 0642 92       		.byte	-110
 1632 0643 08       		.byte	8
 1633 0644 94       		.byte	-108
 1634 0645 0C       		.byte	12
 1635 0646 99       		.byte	-103
 1636 0647 27       		.byte	39
 1637 0648 9A       		.byte	-102
 1638 0649 01       		.byte	1
 1639 064a 9D       		.byte	-99
 1640 064b 20       		.byte	32
 1641 064c 9E       		.byte	-98
 1642 064d 02       		.byte	2
 1643 064e A1       		.byte	-95
 1644 064f 04       		.byte	4
 1645 0650 A2       		.byte	-94
 1646 0651 02       		.byte	2
 1647 0652 A3       		.byte	-93
 1648 0653 11       		.byte	17
 1649 0654 A4       		.byte	-92
 1650 0655 0C       		.byte	12
 1651 0656 AA       		.byte	-86
 1652 0657 01       		.byte	1
 1653 0658 AD       		.byte	-83
ARM GAS  C:\Users\Gemma\AppData\Local\Temp\ccbbBv0l.s 			page 30


 1654 0659 02       		.byte	2
 1655 065a AF       		.byte	-81
 1656 065b 11       		.byte	17
 1657 065c B0       		.byte	-80
 1658 065d 0C       		.byte	12
 1659 065e B1       		.byte	-79
 1660 065f 07       		.byte	7
 1661 0660 B3       		.byte	-77
 1662 0661 20       		.byte	32
 1663 0662 B4       		.byte	-76
 1664 0663 01       		.byte	1
 1665 0664 B6       		.byte	-74
 1666 0665 02       		.byte	2
 1667 0666 B7       		.byte	-73
 1668 0667 18       		.byte	24
 1669 0668 BB       		.byte	-69
 1670 0669 20       		.byte	32
 1671 066a BE       		.byte	-66
 1672 066b 50       		.byte	80
 1673 066c BF       		.byte	-65
 1674 066d 40       		.byte	64
 1675 066e C0       		.byte	-64
 1676 066f 63       		.byte	99
 1677 0670 C1       		.byte	-63
 1678 0671 02       		.byte	2
 1679 0672 C2       		.byte	-62
 1680 0673 04       		.byte	4
 1681 0674 C4       		.byte	-60
 1682 0675 01       		.byte	1
 1683 0676 C5       		.byte	-59
 1684 0677 CE       		.byte	-50
 1685 0678 C8       		.byte	-56
 1686 0679 03       		.byte	3
 1687 067a C9       		.byte	-55
 1688 067b FF       		.byte	-1
 1689 067c CA       		.byte	-54
 1690 067d FF       		.byte	-1
 1691 067e CB       		.byte	-53
 1692 067f FF       		.byte	-1
 1693 0680 CC       		.byte	-52
 1694 0681 62       		.byte	98
 1695 0682 CD       		.byte	-51
 1696 0683 A0       		.byte	-96
 1697 0684 CE       		.byte	-50
 1698 0685 F0       		.byte	-16
 1699 0686 CF       		.byte	-49
 1700 0687 41       		.byte	65
 1701 0688 D0       		.byte	-48
 1702 0689 0C       		.byte	12
 1703 068a D4       		.byte	-44
 1704 068b 18       		.byte	24
 1705 068c D8       		.byte	-40
 1706 068d 04       		.byte	4
 1707 068e D9       		.byte	-39
 1708 068f 04       		.byte	4
 1709 0690 DA       		.byte	-38
 1710 0691 04       		.byte	4
ARM GAS  C:\Users\Gemma\AppData\Local\Temp\ccbbBv0l.s 			page 31


 1711 0692 DB       		.byte	-37
 1712 0693 04       		.byte	4
 1713 0694 DF       		.byte	-33
 1714 0695 01       		.byte	1
 1715 0696 E6       		.byte	-26
 1716 0697 40       		.byte	64
 1717 0698 E7       		.byte	-25
 1718 0699 02       		.byte	2
 1719 069a E9       		.byte	-23
 1720 069b 10       		.byte	16
 1721 069c EA       		.byte	-22
 1722 069d 30       		.byte	48
 1723 069e EB       		.byte	-21
 1724 069f 10       		.byte	16
 1725 06a0 ED       		.byte	-19
 1726 06a1 10       		.byte	16
 1727 06a2 EE       		.byte	-18
 1728 06a3 10       		.byte	16
 1729 06a4 EF       		.byte	-17
 1730 06a5 12       		.byte	18
 1731 06a6 00       		.byte	0
 1732 06a7 40       		.byte	64
 1733 06a8 06       		.byte	6
 1734 06a9 10       		.byte	16
 1735 06aa 07       		.byte	7
 1736 06ab 01       		.byte	1
 1737 06ac 08       		.byte	8
 1738 06ad 81       		.byte	-127
 1739 06ae 0A       		.byte	10
 1740 06af 21       		.byte	33
 1741 06b0 0B       		.byte	11
 1742 06b1 08       		.byte	8
 1743 06b2 0E       		.byte	14
 1744 06b3 20       		.byte	32
 1745 06b4 0F       		.byte	15
 1746 06b5 22       		.byte	34
 1747 06b6 10       		.byte	16
 1748 06b7 80       		.byte	-128
 1749 06b8 11       		.byte	17
 1750 06b9 04       		.byte	4
 1751 06ba 12       		.byte	18
 1752 06bb 08       		.byte	8
 1753 06bc 17       		.byte	23
 1754 06bd 10       		.byte	16
 1755 06be 18       		.byte	24
 1756 06bf 40       		.byte	64
 1757 06c0 19       		.byte	25
 1758 06c1 53       		.byte	83
 1759 06c2 1D       		.byte	29
 1760 06c3 08       		.byte	8
 1761 06c4 1E       		.byte	30
 1762 06c5 80       		.byte	-128
 1763 06c6 1F       		.byte	31
 1764 06c7 20       		.byte	32
 1765 06c8 20       		.byte	32
 1766 06c9 31       		.byte	49
 1767 06ca 21       		.byte	33
ARM GAS  C:\Users\Gemma\AppData\Local\Temp\ccbbBv0l.s 			page 32


 1768 06cb 11       		.byte	17
 1769 06cc 23       		.byte	35
 1770 06cd 40       		.byte	64
 1771 06ce 27       		.byte	39
 1772 06cf 04       		.byte	4
 1773 06d0 28       		.byte	40
 1774 06d1 01       		.byte	1
 1775 06d2 29       		.byte	41
 1776 06d3 01       		.byte	1
 1777 06d4 2F       		.byte	47
 1778 06d5 28       		.byte	40
 1779 06d6 32       		.byte	50
 1780 06d7 50       		.byte	80
 1781 06d8 37       		.byte	55
 1782 06d9 15       		.byte	21
 1783 06da 39       		.byte	57
 1784 06db 06       		.byte	6
 1785 06dc 3F       		.byte	63
 1786 06dd 24       		.byte	36
 1787 06de 40       		.byte	64
 1788 06df 91       		.byte	-111
 1789 06e0 41       		.byte	65
 1790 06e1 10       		.byte	16
 1791 06e2 44       		.byte	68
 1792 06e3 20       		.byte	32
 1793 06e4 46       		.byte	70
 1794 06e5 10       		.byte	16
 1795 06e6 48       		.byte	72
 1796 06e7 80       		.byte	-128
 1797 06e8 49       		.byte	73
 1798 06e9 20       		.byte	32
 1799 06ea 4B       		.byte	75
 1800 06eb 08       		.byte	8
 1801 06ec 5A       		.byte	90
 1802 06ed 02       		.byte	2
 1803 06ee 5C       		.byte	92
 1804 06ef 20       		.byte	32
 1805 06f0 5E       		.byte	94
 1806 06f1 80       		.byte	-128
 1807 06f2 5F       		.byte	95
 1808 06f3 09       		.byte	9
 1809 06f4 61       		.byte	97
 1810 06f5 50       		.byte	80
 1811 06f6 93       		.byte	-109
 1812 06f7 05       		.byte	5
 1813 06f8 94       		.byte	-108
 1814 06f9 02       		.byte	2
 1815 06fa 99       		.byte	-103
 1816 06fb 04       		.byte	4
 1817 06fc 9A       		.byte	-102
 1818 06fd 10       		.byte	16
 1819 06fe 9B       		.byte	-101
 1820 06ff 11       		.byte	17
 1821 0700 9E       		.byte	-98
 1822 0701 A0       		.byte	-96
 1823 0702 9F       		.byte	-97
 1824 0703 40       		.byte	64
ARM GAS  C:\Users\Gemma\AppData\Local\Temp\ccbbBv0l.s 			page 33


 1825 0704 A1       		.byte	-95
 1826 0705 04       		.byte	4
 1827 0706 A2       		.byte	-94
 1828 0707 10       		.byte	16
 1829 0708 A3       		.byte	-93
 1830 0709 09       		.byte	9
 1831 070a A5       		.byte	-91
 1832 070b 08       		.byte	8
 1833 070c A7       		.byte	-89
 1834 070d 20       		.byte	32
 1835 070e C0       		.byte	-64
 1836 070f A1       		.byte	-95
 1837 0710 C2       		.byte	-62
 1838 0711 AF       		.byte	-81
 1839 0712 C4       		.byte	-60
 1840 0713 4E       		.byte	78
 1841 0714 CA       		.byte	-54
 1842 0715 69       		.byte	105
 1843 0716 CC       		.byte	-52
 1844 0717 EC       		.byte	-20
 1845 0718 CE       		.byte	-50
 1846 0719 63       		.byte	99
 1847 071a D0       		.byte	-48
 1848 071b 0F       		.byte	15
 1849 071c D2       		.byte	-46
 1850 071d 04       		.byte	4
 1851 071e D6       		.byte	-42
 1852 071f F1       		.byte	-15
 1853 0720 D8       		.byte	-40
 1854 0721 0C       		.byte	12
 1855 0722 E0       		.byte	-32
 1856 0723 40       		.byte	64
 1857 0724 E6       		.byte	-26
 1858 0725 20       		.byte	32
 1859 0726 31       		.byte	49
 1860 0727 40       		.byte	64
 1861 0728 85       		.byte	-123
 1862 0729 40       		.byte	64
 1863 072a CC       		.byte	-52
 1864 072b 10       		.byte	16
 1865 072c E6       		.byte	-26
 1866 072d 10       		.byte	16
 1867 072e 53       		.byte	83
 1868 072f 80       		.byte	-128
 1869 0730 A3       		.byte	-93
 1870 0731 80       		.byte	-128
 1871 0732 AF       		.byte	-81
 1872 0733 80       		.byte	-128
 1873 0734 D4       		.byte	-44
 1874 0735 20       		.byte	32
 1875 0736 EE       		.byte	-18
 1876 0737 10       		.byte	16
 1877 0738 12       		.byte	18
 1878 0739 20       		.byte	32
 1879 073a 17       		.byte	23
 1880 073b 04       		.byte	4
 1881 073c 7C       		.byte	124
ARM GAS  C:\Users\Gemma\AppData\Local\Temp\ccbbBv0l.s 			page 34


 1882 073d 80       		.byte	-128
 1883 073e 82       		.byte	-126
 1884 073f 20       		.byte	32
 1885 0740 83       		.byte	-125
 1886 0741 04       		.byte	4
 1887 0742 8C       		.byte	-116
 1888 0743 80       		.byte	-128
 1889 0744 C4       		.byte	-60
 1890 0745 30       		.byte	48
 1891 0746 DE       		.byte	-34
 1892 0747 20       		.byte	32
 1893 0748 E0       		.byte	-32
 1894 0749 80       		.byte	-128
 1895 074a E4       		.byte	-28
 1896 074b 80       		.byte	-128
 1897 074c 10       		.byte	16
 1898 074d 20       		.byte	32
 1899 074e 7C       		.byte	124
 1900 074f 40       		.byte	64
 1901 0750 88       		.byte	-120
 1902 0751 20       		.byte	32
 1903 0752 8C       		.byte	-116
 1904 0753 40       		.byte	64
 1905 0754 C4       		.byte	-60
 1906 0755 08       		.byte	8
 1907 0756 DE       		.byte	-34
 1908 0757 04       		.byte	4
 1909 0758 E0       		.byte	-32
 1910 0759 02       		.byte	2
 1911 075a E6       		.byte	-26
 1912 075b 04       		.byte	4
 1913 075c 00       		.byte	0
 1914 075d 03       		.byte	3
 1915 075e 08       		.byte	8
 1916 075f 02       		.byte	2
 1917 0760 0A       		.byte	10
 1918 0761 03       		.byte	3
 1919 0762 10       		.byte	16
 1920 0763 03       		.byte	3
 1921 0764 1A       		.byte	26
 1922 0765 03       		.byte	3
 1923 0766 00       		.byte	0
 1924 0767 03       		.byte	3
 1925 0768 81       		.byte	-127
 1926 0769 82       		.byte	-126
 1927 076a 00       		.byte	0
 1928 076b 00       		.byte	0
 1929 076c 43       		.byte	67
 1930 076d 00       		.byte	0
 1931 076e 00       		.byte	0
 1932 076f 00       		.byte	0
 1933 0770 C0       		.byte	-64
 1934 0771 04       		.byte	4
 1935 0772 07       		.byte	7
 1936 0773 00       		.byte	0
 1937 0774 01       		.byte	1
 1938 0775 00       		.byte	0
ARM GAS  C:\Users\Gemma\AppData\Local\Temp\ccbbBv0l.s 			page 35


 1939 0776 00       		.byte	0
 1940 0777 40       		.byte	64
 1941 0778 3A       		.byte	58
 1942 0779 06       		.byte	6
 1943 077a 04       		.byte	4
 1944 077b 00       		.byte	0
 1945 077c 03       		.byte	3
 1946 077d 22       		.byte	34
 1947 077e 00       		.byte	0
 1948 077f 00       		.byte	0
 1949 0780 08       		.byte	8
 1950 0781 32       		.byte	50
 1951 0782 07       		.byte	7
 1952 0783 08       		.byte	8
 1953 0784 03       		.byte	3
 1954 0785 1C       		.byte	28
 1955 0786 00       		.byte	0
 1956 0787 22       		.byte	34
 1957 0788 FF       		.byte	-1
 1958 0789 3F       		.byte	63
 1959 078a 00       		.byte	0
 1960 078b 00       		.byte	0
 1961 078c 22       		.byte	34
 1962 078d 01       		.byte	1
 1963 078e 05       		.byte	5
 1964 078f 00       		.byte	0
 1965 0790 10       		.byte	16
 1966 0791 01       		.byte	1
 1967 0792 07       		.byte	7
 1968 0793 1E       		.byte	30
 1969 0794 01       		.byte	1
 1970 0795 22       		.byte	34
 1971 0796 00       		.byte	0
 1972 0797 18       		.byte	24
 1973 0798 01       		.byte	1
 1974 0799 18       		.byte	24
 1975 079a 00       		.byte	0
 1976 079b 06       		.byte	6
 1977 079c 05       		.byte	5
 1978 079d 2A       		.byte	42
 1979 079e 78       		.byte	120
 1980 079f 10       		.byte	16
 1981 07a0 00       		.byte	0
 1982 07a1 00       		.byte	0
 1983 07a2 00       		.byte	0
 1984 07a3 00       		.byte	0
 1985 07a4 7F       		.byte	127
 1986 07a5 60       		.byte	96
 1987 07a6 80       		.byte	-128
 1988 07a7 1F       		.byte	31
 1989 07a8 80       		.byte	-128
 1990 07a9 80       		.byte	-128
 1991 07aa 00       		.byte	0
 1992 07ab 00       		.byte	0
 1993 07ac 00       		.byte	0
 1994 07ad 00       		.byte	0
 1995 07ae 10       		.byte	16
ARM GAS  C:\Users\Gemma\AppData\Local\Temp\ccbbBv0l.s 			page 36


 1996 07af 00       		.byte	0
 1997 07b0 63       		.byte	99
 1998 07b1 00       		.byte	0
 1999 07b2 00       		.byte	0
 2000 07b3 00       		.byte	0
 2001 07b4 01       		.byte	1
 2002 07b5 B0       		.byte	-80
 2003 07b6 00       		.byte	0
 2004 07b7 D0       		.byte	-48
 2005 07b8 22       		.byte	34
 2006 07b9 FF       		.byte	-1
 2007 07ba 7F       		.byte	127
 2008 07bb FF       		.byte	-1
 2009 07bc 42       		.byte	66
 2010 07bd A0       		.byte	-96
 2011 07be 70       		.byte	112
 2012 07bf 00       		.byte	0
 2013 07c0 0C       		.byte	12
 2014 07c1 00       		.byte	0
 2015 07c2 00       		.byte	0
 2016 07c3 00       		.byte	0
 2017 07c4 00       		.byte	0
 2018 07c5 00       		.byte	0
 2019 07c6 00       		.byte	0
 2020 07c7 00       		.byte	0
 2021 07c8 04       		.byte	4
 2022 07c9 04       		.byte	4
 2023 07ca 04       		.byte	4
 2024 07cb 00       		.byte	0
 2025 07cc 11       		.byte	17
 2026 07cd 01       		.byte	1
 2027 07ce 00       		.byte	0
 2028 07cf 01       		.byte	1
 2029 07d0 00       		.byte	0
 2030 07d1 09       		.byte	9
 2031 07d2 40       		.byte	64
 2032 07d3 09       		.byte	9
 2033 07d4 30       		.byte	48
 2034 07d5 09       		.byte	9
 2035 07d6 00       		.byte	0
 2036 07d7 00       		.byte	0
 2037 07d8 00       		.byte	0
 2038 07d9 00       		.byte	0
 2039 07da 00       		.byte	0
 2040 07db 00       		.byte	0
 2041 07dc 00       		.byte	0
 2042 07dd 00       		.byte	0
 2043 07de 00       		.byte	0
 2044 07df 00       		.byte	0
 2045 07e0 00       		.byte	0
 2046 07e1 00       		.byte	0
 2047 07e2 00       		.byte	0
 2048 07e3 00       		.byte	0
 2049 07e4 00       		.byte	0
 2050 07e5 00       		.byte	0
 2051 07e6 00       		.byte	0
 2052 07e7 00       		.byte	0
ARM GAS  C:\Users\Gemma\AppData\Local\Temp\ccbbBv0l.s 			page 37


 2053 07e8 00       		.byte	0
 2054 07e9 00       		.byte	0
 2055 07ea 00       		.byte	0
 2056 07eb 00       		.byte	0
 2057 07ec 00       		.byte	0
 2058 07ed 00       		.byte	0
 2059 07ee 00       		.byte	0
 2060 07ef 00       		.byte	0
 2061 07f0 83       		.byte	-125
 2062 07f1 00       		.byte	0
 2063 07f2 40       		.byte	64
 2064 07f3 80       		.byte	-128
 2065 07f4 83       		.byte	-125
 2066 07f5 00       		.byte	0
 2067 07f6 83       		.byte	-125
 2068 07f7 00       		.byte	0
 2069 07f8 00       		.byte	0
 2070 07f9 00       		.byte	0
 2071 07fa 00       		.byte	0
 2072 07fb 00       		.byte	0
 2073 07fc 00       		.byte	0
 2074 07fd 0B       		.byte	11
 2075 07fe 0B       		.byte	11
 2076 07ff 00       		.byte	0
 2077 0800 00       		.byte	0
 2078 0801 00       		.byte	0
 2079 0802 00       		.byte	0
 2080 0803 00       		.byte	0
 2081              		.section	.cywolatch,"a",%progbits
 2082              		.align	2
 2083              		.type	cy_meta_wonvl, %object
 2084              		.size	cy_meta_wonvl, 4
 2085              	cy_meta_wonvl:
 2086 0000 BC       		.byte	-68
 2087 0001 90       		.byte	-112
 2088 0002 AC       		.byte	-84
 2089 0003 AF       		.byte	-81
 2090              		.section	.cycustnvl,"a",%progbits
 2091              		.align	2
 2092              		.type	cy_meta_custnvl, %object
 2093              		.size	cy_meta_custnvl, 4
 2094              	cy_meta_custnvl:
 2095 0000 00       		.byte	0
 2096 0001 00       		.byte	0
 2097 0002 40       		.byte	64
 2098 0003 05       		.byte	5
 2099              		.section	.cymeta,"a",%progbits
 2100              		.align	2
 2101              		.type	cy_metadata, %object
 2102              		.size	cy_metadata, 12
 2103              	cy_metadata:
 2104 0000 00       		.byte	0
 2105 0001 01       		.byte	1
 2106 0002 2E       		.byte	46
 2107 0003 16       		.byte	22
 2108 0004 10       		.byte	16
 2109 0005 69       		.byte	105
ARM GAS  C:\Users\Gemma\AppData\Local\Temp\ccbbBv0l.s 			page 38


 2110 0006 00       		.byte	0
 2111 0007 01       		.byte	1
 2112 0008 00       		.byte	0
 2113 0009 00       		.byte	0
 2114 000a 00       		.byte	0
 2115 000b 00       		.byte	0
 2116              		.section	.cyflashprotect,"a",%progbits
 2117              		.align	2
 2118              		.type	cy_meta_flashprotect, %object
 2119              		.size	cy_meta_flashprotect, 256
 2120              	cy_meta_flashprotect:
 2121 0000 00000000 		.space	256
 2121      00000000 
 2121      00000000 
 2121      00000000 
 2121      00000000 
 2122              		.text
 2123              	.Letext0:
 2124              		.file 1 "c:\\program files (x86)\\cypress\\psoc creator\\4.2\\psoc creator\\import\\gnu\\arm\\5.4.
 2125              		.file 2 "c:\\program files (x86)\\cypress\\psoc creator\\4.2\\psoc creator\\import\\gnu\\arm\\5.4.
 2126              		.file 3 "Generated_Source\\PSoC5\\cymetadata.c"
 2127              		.section	.debug_info,"",%progbits
 2128              	.Ldebug_info0:
 2129 0000 35010000 		.4byte	0x135
 2130 0004 0400     		.2byte	0x4
 2131 0006 00000000 		.4byte	.Ldebug_abbrev0
 2132 000a 04       		.byte	0x4
 2133 000b 01       		.uleb128 0x1
 2134 000c 64000000 		.4byte	.LASF17
 2135 0010 0C       		.byte	0xc
 2136 0011 BE010000 		.4byte	.LASF18
 2137 0015 0A000000 		.4byte	.LASF19
 2138 0019 00000000 		.4byte	.Ldebug_line0
 2139 001d 02       		.uleb128 0x2
 2140 001e 01       		.byte	0x1
 2141 001f 06       		.byte	0x6
 2142 0020 B2010000 		.4byte	.LASF0
 2143 0024 03       		.uleb128 0x3
 2144 0025 00000000 		.4byte	.LASF9
 2145 0029 01       		.byte	0x1
 2146 002a 1D       		.byte	0x1d
 2147 002b 2F000000 		.4byte	0x2f
 2148 002f 02       		.uleb128 0x2
 2149 0030 01       		.byte	0x1
 2150 0031 08       		.byte	0x8
 2151 0032 56000000 		.4byte	.LASF1
 2152 0036 02       		.uleb128 0x2
 2153 0037 02       		.byte	0x2
 2154 0038 05       		.byte	0x5
 2155 0039 9F010000 		.4byte	.LASF2
 2156 003d 02       		.uleb128 0x2
 2157 003e 02       		.byte	0x2
 2158 003f 07       		.byte	0x7
 2159 0040 04010000 		.4byte	.LASF3
 2160 0044 02       		.uleb128 0x2
 2161 0045 04       		.byte	0x4
 2162 0046 05       		.byte	0x5
ARM GAS  C:\Users\Gemma\AppData\Local\Temp\ccbbBv0l.s 			page 39


 2163 0047 A9010000 		.4byte	.LASF4
 2164 004b 02       		.uleb128 0x2
 2165 004c 04       		.byte	0x4
 2166 004d 07       		.byte	0x7
 2167 004e F2000000 		.4byte	.LASF5
 2168 0052 02       		.uleb128 0x2
 2169 0053 08       		.byte	0x8
 2170 0054 05       		.byte	0x5
 2171 0055 91010000 		.4byte	.LASF6
 2172 0059 02       		.uleb128 0x2
 2173 005a 08       		.byte	0x8
 2174 005b 07       		.byte	0x7
 2175 005c 46010000 		.4byte	.LASF7
 2176 0060 04       		.uleb128 0x4
 2177 0061 04       		.byte	0x4
 2178 0062 05       		.byte	0x5
 2179 0063 696E7400 		.ascii	"int\000"
 2180 0067 02       		.uleb128 0x2
 2181 0068 04       		.byte	0x4
 2182 0069 07       		.byte	0x7
 2183 006a 39010000 		.4byte	.LASF8
 2184 006e 03       		.uleb128 0x3
 2185 006f 5D010000 		.4byte	.LASF10
 2186 0073 02       		.byte	0x2
 2187 0074 18       		.byte	0x18
 2188 0075 24000000 		.4byte	0x24
 2189 0079 05       		.uleb128 0x5
 2190 007a 91000000 		.4byte	0x91
 2191 007e 8A000000 		.4byte	0x8a
 2192 0082 06       		.uleb128 0x6
 2193 0083 8A000000 		.4byte	0x8a
 2194 0087 0308     		.2byte	0x803
 2195 0089 00       		.byte	0
 2196 008a 02       		.uleb128 0x2
 2197 008b 04       		.byte	0x4
 2198 008c 07       		.byte	0x7
 2199 008d 88010000 		.4byte	.LASF11
 2200 0091 07       		.uleb128 0x7
 2201 0092 6E000000 		.4byte	0x6e
 2202 0096 08       		.uleb128 0x8
 2203 0097 27010000 		.4byte	.LASF12
 2204 009b 03       		.byte	0x3
 2205 009c 1F       		.byte	0x1f
 2206 009d A7000000 		.4byte	0xa7
 2207 00a1 05       		.uleb128 0x5
 2208 00a2 03       		.byte	0x3
 2209 00a3 00000000 		.4byte	cy_meta_configecc
 2210 00a7 07       		.uleb128 0x7
 2211 00a8 79000000 		.4byte	0x79
 2212 00ac 05       		.uleb128 0x5
 2213 00ad 91000000 		.4byte	0x91
 2214 00b1 BC000000 		.4byte	0xbc
 2215 00b5 09       		.uleb128 0x9
 2216 00b6 8A000000 		.4byte	0x8a
 2217 00ba 03       		.byte	0x3
 2218 00bb 00       		.byte	0
 2219 00bc 0A       		.uleb128 0xa
ARM GAS  C:\Users\Gemma\AppData\Local\Temp\ccbbBv0l.s 			page 40


 2220 00bd 17010000 		.4byte	.LASF13
 2221 00c1 03       		.byte	0x3
 2222 00c2 2D01     		.2byte	0x12d
 2223 00c4 CE000000 		.4byte	0xce
 2224 00c8 05       		.uleb128 0x5
 2225 00c9 03       		.byte	0x3
 2226 00ca 00000000 		.4byte	cy_meta_custnvl
 2227 00ce 07       		.uleb128 0x7
 2228 00cf AC000000 		.4byte	0xac
 2229 00d3 0A       		.uleb128 0xa
 2230 00d4 7A010000 		.4byte	.LASF14
 2231 00d8 03       		.byte	0x3
 2232 00d9 3B01     		.2byte	0x13b
 2233 00db E5000000 		.4byte	0xe5
 2234 00df 05       		.uleb128 0x5
 2235 00e0 03       		.byte	0x3
 2236 00e1 00000000 		.4byte	cy_meta_wonvl
 2237 00e5 07       		.uleb128 0x7
 2238 00e6 AC000000 		.4byte	0xac
 2239 00ea 05       		.uleb128 0x5
 2240 00eb 91000000 		.4byte	0x91
 2241 00ef FA000000 		.4byte	0xfa
 2242 00f3 09       		.uleb128 0x9
 2243 00f4 8A000000 		.4byte	0x8a
 2244 00f8 FF       		.byte	0xff
 2245 00f9 00       		.byte	0
 2246 00fa 0A       		.uleb128 0xa
 2247 00fb 65010000 		.4byte	.LASF15
 2248 00ff 03       		.byte	0x3
 2249 0100 4901     		.2byte	0x149
 2250 0102 0C010000 		.4byte	0x10c
 2251 0106 05       		.uleb128 0x5
 2252 0107 03       		.byte	0x3
 2253 0108 00000000 		.4byte	cy_meta_flashprotect
 2254 010c 07       		.uleb128 0x7
 2255 010d EA000000 		.4byte	0xea
 2256 0111 05       		.uleb128 0x5
 2257 0112 91000000 		.4byte	0x91
 2258 0116 21010000 		.4byte	0x121
 2259 011a 09       		.uleb128 0x9
 2260 011b 8A000000 		.4byte	0x8a
 2261 011f 0B       		.byte	0xb
 2262 0120 00       		.byte	0
 2263 0121 0A       		.uleb128 0xa
 2264 0122 4A000000 		.4byte	.LASF16
 2265 0126 03       		.byte	0x3
 2266 0127 7601     		.2byte	0x176
 2267 0129 33010000 		.4byte	0x133
 2268 012d 05       		.uleb128 0x5
 2269 012e 03       		.byte	0x3
 2270 012f 00000000 		.4byte	cy_metadata
 2271 0133 07       		.uleb128 0x7
 2272 0134 11010000 		.4byte	0x111
 2273 0138 00       		.byte	0
 2274              		.section	.debug_abbrev,"",%progbits
 2275              	.Ldebug_abbrev0:
 2276 0000 01       		.uleb128 0x1
ARM GAS  C:\Users\Gemma\AppData\Local\Temp\ccbbBv0l.s 			page 41


 2277 0001 11       		.uleb128 0x11
 2278 0002 01       		.byte	0x1
 2279 0003 25       		.uleb128 0x25
 2280 0004 0E       		.uleb128 0xe
 2281 0005 13       		.uleb128 0x13
 2282 0006 0B       		.uleb128 0xb
 2283 0007 03       		.uleb128 0x3
 2284 0008 0E       		.uleb128 0xe
 2285 0009 1B       		.uleb128 0x1b
 2286 000a 0E       		.uleb128 0xe
 2287 000b 10       		.uleb128 0x10
 2288 000c 17       		.uleb128 0x17
 2289 000d 00       		.byte	0
 2290 000e 00       		.byte	0
 2291 000f 02       		.uleb128 0x2
 2292 0010 24       		.uleb128 0x24
 2293 0011 00       		.byte	0
 2294 0012 0B       		.uleb128 0xb
 2295 0013 0B       		.uleb128 0xb
 2296 0014 3E       		.uleb128 0x3e
 2297 0015 0B       		.uleb128 0xb
 2298 0016 03       		.uleb128 0x3
 2299 0017 0E       		.uleb128 0xe
 2300 0018 00       		.byte	0
 2301 0019 00       		.byte	0
 2302 001a 03       		.uleb128 0x3
 2303 001b 16       		.uleb128 0x16
 2304 001c 00       		.byte	0
 2305 001d 03       		.uleb128 0x3
 2306 001e 0E       		.uleb128 0xe
 2307 001f 3A       		.uleb128 0x3a
 2308 0020 0B       		.uleb128 0xb
 2309 0021 3B       		.uleb128 0x3b
 2310 0022 0B       		.uleb128 0xb
 2311 0023 49       		.uleb128 0x49
 2312 0024 13       		.uleb128 0x13
 2313 0025 00       		.byte	0
 2314 0026 00       		.byte	0
 2315 0027 04       		.uleb128 0x4
 2316 0028 24       		.uleb128 0x24
 2317 0029 00       		.byte	0
 2318 002a 0B       		.uleb128 0xb
 2319 002b 0B       		.uleb128 0xb
 2320 002c 3E       		.uleb128 0x3e
 2321 002d 0B       		.uleb128 0xb
 2322 002e 03       		.uleb128 0x3
 2323 002f 08       		.uleb128 0x8
 2324 0030 00       		.byte	0
 2325 0031 00       		.byte	0
 2326 0032 05       		.uleb128 0x5
 2327 0033 01       		.uleb128 0x1
 2328 0034 01       		.byte	0x1
 2329 0035 49       		.uleb128 0x49
 2330 0036 13       		.uleb128 0x13
 2331 0037 01       		.uleb128 0x1
 2332 0038 13       		.uleb128 0x13
 2333 0039 00       		.byte	0
ARM GAS  C:\Users\Gemma\AppData\Local\Temp\ccbbBv0l.s 			page 42


 2334 003a 00       		.byte	0
 2335 003b 06       		.uleb128 0x6
 2336 003c 21       		.uleb128 0x21
 2337 003d 00       		.byte	0
 2338 003e 49       		.uleb128 0x49
 2339 003f 13       		.uleb128 0x13
 2340 0040 2F       		.uleb128 0x2f
 2341 0041 05       		.uleb128 0x5
 2342 0042 00       		.byte	0
 2343 0043 00       		.byte	0
 2344 0044 07       		.uleb128 0x7
 2345 0045 26       		.uleb128 0x26
 2346 0046 00       		.byte	0
 2347 0047 49       		.uleb128 0x49
 2348 0048 13       		.uleb128 0x13
 2349 0049 00       		.byte	0
 2350 004a 00       		.byte	0
 2351 004b 08       		.uleb128 0x8
 2352 004c 34       		.uleb128 0x34
 2353 004d 00       		.byte	0
 2354 004e 03       		.uleb128 0x3
 2355 004f 0E       		.uleb128 0xe
 2356 0050 3A       		.uleb128 0x3a
 2357 0051 0B       		.uleb128 0xb
 2358 0052 3B       		.uleb128 0x3b
 2359 0053 0B       		.uleb128 0xb
 2360 0054 49       		.uleb128 0x49
 2361 0055 13       		.uleb128 0x13
 2362 0056 3F       		.uleb128 0x3f
 2363 0057 19       		.uleb128 0x19
 2364 0058 02       		.uleb128 0x2
 2365 0059 18       		.uleb128 0x18
 2366 005a 00       		.byte	0
 2367 005b 00       		.byte	0
 2368 005c 09       		.uleb128 0x9
 2369 005d 21       		.uleb128 0x21
 2370 005e 00       		.byte	0
 2371 005f 49       		.uleb128 0x49
 2372 0060 13       		.uleb128 0x13
 2373 0061 2F       		.uleb128 0x2f
 2374 0062 0B       		.uleb128 0xb
 2375 0063 00       		.byte	0
 2376 0064 00       		.byte	0
 2377 0065 0A       		.uleb128 0xa
 2378 0066 34       		.uleb128 0x34
 2379 0067 00       		.byte	0
 2380 0068 03       		.uleb128 0x3
 2381 0069 0E       		.uleb128 0xe
 2382 006a 3A       		.uleb128 0x3a
 2383 006b 0B       		.uleb128 0xb
 2384 006c 3B       		.uleb128 0x3b
 2385 006d 05       		.uleb128 0x5
 2386 006e 49       		.uleb128 0x49
 2387 006f 13       		.uleb128 0x13
 2388 0070 3F       		.uleb128 0x3f
 2389 0071 19       		.uleb128 0x19
 2390 0072 02       		.uleb128 0x2
ARM GAS  C:\Users\Gemma\AppData\Local\Temp\ccbbBv0l.s 			page 43


 2391 0073 18       		.uleb128 0x18
 2392 0074 00       		.byte	0
 2393 0075 00       		.byte	0
 2394 0076 00       		.byte	0
 2395              		.section	.debug_aranges,"",%progbits
 2396 0000 14000000 		.4byte	0x14
 2397 0004 0200     		.2byte	0x2
 2398 0006 00000000 		.4byte	.Ldebug_info0
 2399 000a 04       		.byte	0x4
 2400 000b 00       		.byte	0
 2401 000c 0000     		.2byte	0
 2402 000e 0000     		.2byte	0
 2403 0010 00000000 		.4byte	0
 2404 0014 00000000 		.4byte	0
 2405              		.section	.debug_line,"",%progbits
 2406              	.Ldebug_line0:
 2407 0000 3D010000 		.section	.debug_str,"MS",%progbits,1
 2407      02003701 
 2407      00000201 
 2407      FB0E0D00 
 2407      01010101 
 2408              	.LASF9:
 2409 0000 5F5F7569 		.ascii	"__uint8_t\000"
 2409      6E74385F 
 2409      7400
 2410              	.LASF19:
 2411 000a 433A5C55 		.ascii	"C:\\Users\\Gemma\\Desktop\\PSoC\\I2C_Connection\\I2"
 2411      73657273 
 2411      5C47656D 
 2411      6D615C44 
 2411      65736B74 
 2412 0037 435F436F 		.ascii	"C_Connection.cydsn\000"
 2412      6E6E6563 
 2412      74696F6E 
 2412      2E637964 
 2412      736E00
 2413              	.LASF16:
 2414 004a 63795F6D 		.ascii	"cy_metadata\000"
 2414      65746164 
 2414      61746100 
 2415              	.LASF1:
 2416 0056 756E7369 		.ascii	"unsigned char\000"
 2416      676E6564 
 2416      20636861 
 2416      7200
 2417              	.LASF17:
 2418 0064 474E5520 		.ascii	"GNU C11 5.4.1 20160609 (release) [ARM/embedded-5-br"
 2418      43313120 
 2418      352E342E 
 2418      31203230 
 2418      31363036 
 2419 0097 616E6368 		.ascii	"anch revision 237715] -mcpu=cortex-m3 -mthumb -g -O"
 2419      20726576 
 2419      6973696F 
 2419      6E203233 
 2419      37373135 
 2420 00ca 67202D66 		.ascii	"g -ffunction-sections -ffat-lto-objects\000"
ARM GAS  C:\Users\Gemma\AppData\Local\Temp\ccbbBv0l.s 			page 44


 2420      66756E63 
 2420      74696F6E 
 2420      2D736563 
 2420      74696F6E 
 2421              	.LASF5:
 2422 00f2 6C6F6E67 		.ascii	"long unsigned int\000"
 2422      20756E73 
 2422      69676E65 
 2422      6420696E 
 2422      7400
 2423              	.LASF3:
 2424 0104 73686F72 		.ascii	"short unsigned int\000"
 2424      7420756E 
 2424      7369676E 
 2424      65642069 
 2424      6E7400
 2425              	.LASF13:
 2426 0117 63795F6D 		.ascii	"cy_meta_custnvl\000"
 2426      6574615F 
 2426      63757374 
 2426      6E766C00 
 2427              	.LASF12:
 2428 0127 63795F6D 		.ascii	"cy_meta_configecc\000"
 2428      6574615F 
 2428      636F6E66 
 2428      69676563 
 2428      6300
 2429              	.LASF8:
 2430 0139 756E7369 		.ascii	"unsigned int\000"
 2430      676E6564 
 2430      20696E74 
 2430      00
 2431              	.LASF7:
 2432 0146 6C6F6E67 		.ascii	"long long unsigned int\000"
 2432      206C6F6E 
 2432      6720756E 
 2432      7369676E 
 2432      65642069 
 2433              	.LASF10:
 2434 015d 75696E74 		.ascii	"uint8_t\000"
 2434      385F7400 
 2435              	.LASF15:
 2436 0165 63795F6D 		.ascii	"cy_meta_flashprotect\000"
 2436      6574615F 
 2436      666C6173 
 2436      6870726F 
 2436      74656374 
 2437              	.LASF14:
 2438 017a 63795F6D 		.ascii	"cy_meta_wonvl\000"
 2438      6574615F 
 2438      776F6E76 
 2438      6C00
 2439              	.LASF11:
 2440 0188 73697A65 		.ascii	"sizetype\000"
 2440      74797065 
 2440      00
 2441              	.LASF6:
ARM GAS  C:\Users\Gemma\AppData\Local\Temp\ccbbBv0l.s 			page 45


 2442 0191 6C6F6E67 		.ascii	"long long int\000"
 2442      206C6F6E 
 2442      6720696E 
 2442      7400
 2443              	.LASF2:
 2444 019f 73686F72 		.ascii	"short int\000"
 2444      7420696E 
 2444      7400
 2445              	.LASF4:
 2446 01a9 6C6F6E67 		.ascii	"long int\000"
 2446      20696E74 
 2446      00
 2447              	.LASF0:
 2448 01b2 7369676E 		.ascii	"signed char\000"
 2448      65642063 
 2448      68617200 
 2449              	.LASF18:
 2450 01be 47656E65 		.ascii	"Generated_Source\\PSoC5\\cymetadata.c\000"
 2450      72617465 
 2450      645F536F 
 2450      75726365 
 2450      5C50536F 
 2451              		.ident	"GCC: (GNU Tools for ARM Embedded Processors) 5.4.1 20160609 (release) [ARM/embedded-5-bran
