ARM GAS  C:\Users\Gemma\AppData\Local\Temp\ccyfykBa.s 			page 1


   1              		.syntax unified
   2              		.cpu cortex-m3
   3              		.fpu softvfp
   4              		.eabi_attribute 20, 1
   5              		.eabi_attribute 21, 1
   6              		.eabi_attribute 23, 3
   7              		.eabi_attribute 24, 1
   8              		.eabi_attribute 25, 1
   9              		.eabi_attribute 26, 1
  10              		.eabi_attribute 30, 1
  11              		.eabi_attribute 34, 1
  12              		.eabi_attribute 18, 4
  13              		.thumb
  14              		.syntax unified
  15              		.file	"cymetadata.c"
  16              		.text
  17              	.Ltext0:
  18              		.cfi_sections	.debug_frame
  19              		.global	cy_metadata
  20              		.global	cy_meta_flashprotect
  21              		.global	cy_meta_wonvl
  22              		.global	cy_meta_custnvl
  23              		.global	cy_meta_configecc
  24              		.section	.cyconfigecc,"a",%progbits
  25              		.align	2
  26              		.type	cy_meta_configecc, %object
  27              		.size	cy_meta_configecc, 2184
  28              	cy_meta_configecc:
  29 0000 01       		.byte	1
  30 0001 52       		.byte	82
  31 0002 00       		.byte	0
  32 0003 40       		.byte	64
  33 0004 03       		.byte	3
  34 0005 64       		.byte	100
  35 0006 00       		.byte	0
  36 0007 40       		.byte	64
  37 0008 02       		.byte	2
  38 0009 65       		.byte	101
  39 000a 00       		.byte	0
  40 000b 40       		.byte	64
  41 000c 55       		.byte	85
  42 000d 02       		.byte	2
  43 000e 01       		.byte	1
  44 000f 40       		.byte	64
  45 0010 3A       		.byte	58
  46 0011 03       		.byte	3
  47 0012 01       		.byte	1
  48 0013 40       		.byte	64
  49 0014 51       		.byte	81
  50 0015 04       		.byte	4
  51 0016 01       		.byte	1
  52 0017 40       		.byte	64
  53 0018 4B       		.byte	75
  54 0019 05       		.byte	5
  55 001a 01       		.byte	1
  56 001b 40       		.byte	64
  57 001c 4E       		.byte	78
ARM GAS  C:\Users\Gemma\AppData\Local\Temp\ccyfykBa.s 			page 2


  58 001d 06       		.byte	6
  59 001e 01       		.byte	1
  60 001f 40       		.byte	64
  61 0020 4E       		.byte	78
  62 0021 07       		.byte	7
  63 0022 01       		.byte	1
  64 0023 40       		.byte	64
  65 0024 02       		.byte	2
  66 0025 09       		.byte	9
  67 0026 01       		.byte	1
  68 0027 40       		.byte	64
  69 0028 04       		.byte	4
  70 0029 0B       		.byte	11
  71 002a 01       		.byte	1
  72 002b 40       		.byte	64
  73 002c 03       		.byte	3
  74 002d 0D       		.byte	13
  75 002e 01       		.byte	1
  76 002f 40       		.byte	64
  77 0030 0D       		.byte	13
  78 0031 15       		.byte	21
  79 0032 01       		.byte	1
  80 0033 40       		.byte	64
  81 0034 4D       		.byte	77
  82 0035 16       		.byte	22
  83 0036 01       		.byte	1
  84 0037 40       		.byte	64
  85 0038 4D       		.byte	77
  86 0039 17       		.byte	23
  87 003a 01       		.byte	1
  88 003b 40       		.byte	64
  89 003c 12       		.byte	18
  90 003d 18       		.byte	24
  91 003e 01       		.byte	1
  92 003f 40       		.byte	64
  93 0040 40       		.byte	64
  94 0041 19       		.byte	25
  95 0042 01       		.byte	1
  96 0043 40       		.byte	64
  97 0044 49       		.byte	73
  98 0045 1A       		.byte	26
  99 0046 01       		.byte	1
 100 0047 40       		.byte	64
 101 0048 55       		.byte	85
 102 0049 1B       		.byte	27
 103 004a 01       		.byte	1
 104 004b 40       		.byte	64
 105 004c 03       		.byte	3
 106 004d 40       		.byte	64
 107 004e 01       		.byte	1
 108 004f 40       		.byte	64
 109 0050 02       		.byte	2
 110 0051 41       		.byte	65
 111 0052 01       		.byte	1
 112 0053 40       		.byte	64
 113 0054 04       		.byte	4
 114 0055 42       		.byte	66
ARM GAS  C:\Users\Gemma\AppData\Local\Temp\ccyfykBa.s 			page 3


 115 0056 01       		.byte	1
 116 0057 40       		.byte	64
 117 0058 03       		.byte	3
 118 0059 43       		.byte	67
 119 005a 01       		.byte	1
 120 005b 40       		.byte	64
 121 005c 02       		.byte	2
 122 005d 44       		.byte	68
 123 005e 01       		.byte	1
 124 005f 40       		.byte	64
 125 0060 02       		.byte	2
 126 0061 45       		.byte	69
 127 0062 01       		.byte	1
 128 0063 40       		.byte	64
 129 0064 02       		.byte	2
 130 0065 46       		.byte	70
 131 0066 01       		.byte	1
 132 0067 40       		.byte	64
 133 0068 01       		.byte	1
 134 0069 47       		.byte	71
 135 006a 01       		.byte	1
 136 006b 40       		.byte	64
 137 006c 0B       		.byte	11
 138 006d 48       		.byte	72
 139 006e 01       		.byte	1
 140 006f 40       		.byte	64
 141 0070 0F       		.byte	15
 142 0071 49       		.byte	73
 143 0072 01       		.byte	1
 144 0073 40       		.byte	64
 145 0074 02       		.byte	2
 146 0075 4C       		.byte	76
 147 0076 01       		.byte	1
 148 0077 40       		.byte	64
 149 0078 07       		.byte	7
 150 0079 4D       		.byte	77
 151 007a 01       		.byte	1
 152 007b 40       		.byte	64
 153 007c 06       		.byte	6
 154 007d 50       		.byte	80
 155 007e 01       		.byte	1
 156 007f 40       		.byte	64
 157 0080 01       		.byte	1
 158 0081 51       		.byte	81
 159 0082 01       		.byte	1
 160 0083 40       		.byte	64
 161 0084 7C       		.byte	124
 162 0085 02       		.byte	2
 163 0086 25       		.byte	37
 164 0087 04       		.byte	4
 165 0088 82       		.byte	-126
 166 0089 07       		.byte	7
 167 008a 87       		.byte	-121
 168 008b 0F       		.byte	15
 169 008c 88       		.byte	-120
 170 008d 72       		.byte	114
 171 008e 89       		.byte	-119
ARM GAS  C:\Users\Gemma\AppData\Local\Temp\ccyfykBa.s 			page 4


 172 008f 38       		.byte	56
 173 0090 03       		.byte	3
 174 0091 01       		.byte	1
 175 0092 05       		.byte	5
 176 0093 05       		.byte	5
 177 0094 09       		.byte	9
 178 0095 05       		.byte	5
 179 0096 0A       		.byte	10
 180 0097 08       		.byte	8
 181 0098 0C       		.byte	12
 182 0099 02       		.byte	2
 183 009a 0D       		.byte	13
 184 009b 04       		.byte	4
 185 009c 0E       		.byte	14
 186 009d 04       		.byte	4
 187 009e 11       		.byte	17
 188 009f 05       		.byte	5
 189 00a0 17       		.byte	23
 190 00a1 07       		.byte	7
 191 00a2 1B       		.byte	27
 192 00a3 08       		.byte	8
 193 00a4 1D       		.byte	29
 194 00a5 05       		.byte	5
 195 00a6 1E       		.byte	30
 196 00a7 06       		.byte	6
 197 00a8 1F       		.byte	31
 198 00a9 02       		.byte	2
 199 00aa 20       		.byte	32
 200 00ab 04       		.byte	4
 201 00ac 21       		.byte	33
 202 00ad 05       		.byte	5
 203 00ae 22       		.byte	34
 204 00af 02       		.byte	2
 205 00b0 25       		.byte	37
 206 00b1 02       		.byte	2
 207 00b2 26       		.byte	38
 208 00b3 01       		.byte	1
 209 00b4 29       		.byte	41
 210 00b5 07       		.byte	7
 211 00b6 2C       		.byte	44
 212 00b7 02       		.byte	2
 213 00b8 2D       		.byte	45
 214 00b9 02       		.byte	2
 215 00ba 2E       		.byte	46
 216 00bb 04       		.byte	4
 217 00bc 2F       		.byte	47
 218 00bd 05       		.byte	5
 219 00be 30       		.byte	48
 220 00bf 01       		.byte	1
 221 00c0 31       		.byte	49
 222 00c1 0F       		.byte	15
 223 00c2 32       		.byte	50
 224 00c3 06       		.byte	6
 225 00c4 34       		.byte	52
 226 00c5 0E       		.byte	14
 227 00c6 39       		.byte	57
 228 00c7 08       		.byte	8
ARM GAS  C:\Users\Gemma\AppData\Local\Temp\ccyfykBa.s 			page 5


 229 00c8 3B       		.byte	59
 230 00c9 02       		.byte	2
 231 00ca 3E       		.byte	62
 232 00cb 14       		.byte	20
 233 00cc 3F       		.byte	63
 234 00cd 04       		.byte	4
 235 00ce 56       		.byte	86
 236 00cf 02       		.byte	2
 237 00d0 57       		.byte	87
 238 00d1 28       		.byte	40
 239 00d2 58       		.byte	88
 240 00d3 04       		.byte	4
 241 00d4 59       		.byte	89
 242 00d5 04       		.byte	4
 243 00d6 5B       		.byte	91
 244 00d7 04       		.byte	4
 245 00d8 5C       		.byte	92
 246 00d9 11       		.byte	17
 247 00da 5D       		.byte	93
 248 00db 10       		.byte	16
 249 00dc 5E       		.byte	94
 250 00dd 08       		.byte	8
 251 00de 5F       		.byte	95
 252 00df 01       		.byte	1
 253 00e0 81       		.byte	-127
 254 00e1 0F       		.byte	15
 255 00e2 86       		.byte	-122
 256 00e3 08       		.byte	8
 257 00e4 8C       		.byte	-116
 258 00e5 04       		.byte	4
 259 00e6 8D       		.byte	-115
 260 00e7 06       		.byte	6
 261 00e8 8F       		.byte	-113
 262 00e9 09       		.byte	9
 263 00ea 93       		.byte	-109
 264 00eb 01       		.byte	1
 265 00ec 94       		.byte	-108
 266 00ed 06       		.byte	6
 267 00ee 97       		.byte	-105
 268 00ef 10       		.byte	16
 269 00f0 98       		.byte	-104
 270 00f1 01       		.byte	1
 271 00f2 9D       		.byte	-99
 272 00f3 02       		.byte	2
 273 00f4 9F       		.byte	-97
 274 00f5 04       		.byte	4
 275 00f6 A0       		.byte	-96
 276 00f7 06       		.byte	6
 277 00f8 A6       		.byte	-90
 278 00f9 02       		.byte	2
 279 00fa A7       		.byte	-89
 280 00fb 08       		.byte	8
 281 00fc A9       		.byte	-87
 282 00fd 02       		.byte	2
 283 00fe AB       		.byte	-85
 284 00ff 04       		.byte	4
 285 0100 AD       		.byte	-83
ARM GAS  C:\Users\Gemma\AppData\Local\Temp\ccyfykBa.s 			page 6


 286 0101 04       		.byte	4
 287 0102 AF       		.byte	-81
 288 0103 02       		.byte	2
 289 0104 B1       		.byte	-79
 290 0105 0F       		.byte	15
 291 0106 B2       		.byte	-78
 292 0107 01       		.byte	1
 293 0108 B3       		.byte	-77
 294 0109 10       		.byte	16
 295 010a B4       		.byte	-76
 296 010b 08       		.byte	8
 297 010c B6       		.byte	-74
 298 010d 06       		.byte	6
 299 010e B8       		.byte	-72
 300 010f 80       		.byte	-128
 301 0110 BE       		.byte	-66
 302 0111 44       		.byte	68
 303 0112 C0       		.byte	-64
 304 0113 01       		.byte	1
 305 0114 C5       		.byte	-59
 306 0115 40       		.byte	64
 307 0116 C9       		.byte	-55
 308 0117 FF       		.byte	-1
 309 0118 CA       		.byte	-54
 310 0119 07       		.byte	7
 311 011a CB       		.byte	-53
 312 011b FF       		.byte	-1
 313 011c CC       		.byte	-52
 314 011d 40       		.byte	64
 315 011e CD       		.byte	-51
 316 011f 20       		.byte	32
 317 0120 CE       		.byte	-50
 318 0121 F0       		.byte	-16
 319 0122 CF       		.byte	-49
 320 0123 05       		.byte	5
 321 0124 D0       		.byte	-48
 322 0125 08       		.byte	8
 323 0126 D8       		.byte	-40
 324 0127 04       		.byte	4
 325 0128 D9       		.byte	-39
 326 0129 04       		.byte	4
 327 012a DA       		.byte	-38
 328 012b 04       		.byte	4
 329 012c DC       		.byte	-36
 330 012d 11       		.byte	17
 331 012e DD       		.byte	-35
 332 012f 02       		.byte	2
 333 0130 DF       		.byte	-33
 334 0131 01       		.byte	1
 335 0132 E0       		.byte	-32
 336 0133 40       		.byte	64
 337 0134 E1       		.byte	-31
 338 0135 A8       		.byte	-88
 339 0136 E2       		.byte	-30
 340 0137 40       		.byte	64
 341 0138 E3       		.byte	-29
 342 0139 20       		.byte	32
ARM GAS  C:\Users\Gemma\AppData\Local\Temp\ccyfykBa.s 			page 7


 343 013a 00       		.byte	0
 344 013b 08       		.byte	8
 345 013c 02       		.byte	2
 346 013d 01       		.byte	1
 347 013e 04       		.byte	4
 348 013f 40       		.byte	64
 349 0140 05       		.byte	5
 350 0141 60       		.byte	96
 351 0142 0A       		.byte	10
 352 0143 22       		.byte	34
 353 0144 0B       		.byte	11
 354 0145 09       		.byte	9
 355 0146 0D       		.byte	13
 356 0147 40       		.byte	64
 357 0148 10       		.byte	16
 358 0149 A0       		.byte	-96
 359 014a 15       		.byte	21
 360 014b 02       		.byte	2
 361 014c 16       		.byte	22
 362 014d E0       		.byte	-32
 363 014e 17       		.byte	23
 364 014f 40       		.byte	64
 365 0150 19       		.byte	25
 366 0151 24       		.byte	36
 367 0152 1B       		.byte	27
 368 0153 90       		.byte	-112
 369 0154 1D       		.byte	29
 370 0155 08       		.byte	8
 371 0156 1F       		.byte	31
 372 0157 11       		.byte	17
 373 0158 20       		.byte	32
 374 0159 80       		.byte	-128
 375 015a 22       		.byte	34
 376 015b 05       		.byte	5
 377 015c 24       		.byte	36
 378 015d 40       		.byte	64
 379 015e 26       		.byte	38
 380 015f 02       		.byte	2
 381 0160 27       		.byte	39
 382 0161 20       		.byte	32
 383 0162 2A       		.byte	42
 384 0163 40       		.byte	64
 385 0164 2B       		.byte	43
 386 0165 18       		.byte	24
 387 0166 2D       		.byte	45
 388 0167 01       		.byte	1
 389 0168 2E       		.byte	46
 390 0169 81       		.byte	-127
 391 016a 2F       		.byte	47
 392 016b 28       		.byte	40
 393 016c 31       		.byte	49
 394 016d 40       		.byte	64
 395 016e 32       		.byte	50
 396 016f 09       		.byte	9
 397 0170 34       		.byte	52
 398 0171 08       		.byte	8
 399 0172 35       		.byte	53
ARM GAS  C:\Users\Gemma\AppData\Local\Temp\ccyfykBa.s 			page 8


 400 0173 40       		.byte	64
 401 0174 36       		.byte	54
 402 0175 10       		.byte	16
 403 0176 37       		.byte	55
 404 0177 01       		.byte	1
 405 0178 38       		.byte	56
 406 0179 80       		.byte	-128
 407 017a 39       		.byte	57
 408 017b 01       		.byte	1
 409 017c 3C       		.byte	60
 410 017d 80       		.byte	-128
 411 017e 3D       		.byte	61
 412 017f 22       		.byte	34
 413 0180 3E       		.byte	62
 414 0181 04       		.byte	4
 415 0182 43       		.byte	67
 416 0183 80       		.byte	-128
 417 0184 4A       		.byte	74
 418 0185 40       		.byte	64
 419 0186 50       		.byte	80
 420 0187 20       		.byte	32
 421 0188 51       		.byte	81
 422 0189 10       		.byte	16
 423 018a 64       		.byte	100
 424 018b 02       		.byte	2
 425 018c 67       		.byte	103
 426 018d 22       		.byte	34
 427 018e 6D       		.byte	109
 428 018f A0       		.byte	-96
 429 0190 6E       		.byte	110
 430 0191 14       		.byte	20
 431 0192 6F       		.byte	111
 432 0193 07       		.byte	7
 433 0194 7D       		.byte	125
 434 0195 01       		.byte	1
 435 0196 83       		.byte	-125
 436 0197 20       		.byte	32
 437 0198 88       		.byte	-120
 438 0199 20       		.byte	32
 439 019a C0       		.byte	-64
 440 019b C5       		.byte	-59
 441 019c C2       		.byte	-62
 442 019d 86       		.byte	-122
 443 019e C4       		.byte	-60
 444 019f BC       		.byte	-68
 445 01a0 CA       		.byte	-54
 446 01a1 FE       		.byte	-2
 447 01a2 CC       		.byte	-52
 448 01a3 FB       		.byte	-5
 449 01a4 CE       		.byte	-50
 450 01a5 F9       		.byte	-7
 451 01a6 D0       		.byte	-48
 452 01a7 08       		.byte	8
 453 01a8 D8       		.byte	-40
 454 01a9 40       		.byte	64
 455 01aa DE       		.byte	-34
 456 01ab 80       		.byte	-128
ARM GAS  C:\Users\Gemma\AppData\Local\Temp\ccyfykBa.s 			page 9


 457 01ac E0       		.byte	-32
 458 01ad 01       		.byte	1
 459 01ae 04       		.byte	4
 460 01af 04       		.byte	4
 461 01b0 05       		.byte	5
 462 01b1 01       		.byte	1
 463 01b2 06       		.byte	6
 464 01b3 08       		.byte	8
 465 01b4 07       		.byte	7
 466 01b5 02       		.byte	2
 467 01b6 08       		.byte	8
 468 01b7 08       		.byte	8
 469 01b8 0A       		.byte	10
 470 01b9 04       		.byte	4
 471 01ba 0B       		.byte	11
 472 01bb 01       		.byte	1
 473 01bc 0C       		.byte	12
 474 01bd 02       		.byte	2
 475 01be 12       		.byte	18
 476 01bf 01       		.byte	1
 477 01c0 17       		.byte	23
 478 01c1 01       		.byte	1
 479 01c2 1A       		.byte	26
 480 01c3 0C       		.byte	12
 481 01c4 27       		.byte	39
 482 01c5 01       		.byte	1
 483 01c6 2A       		.byte	42
 484 01c7 0C       		.byte	12
 485 01c8 2E       		.byte	46
 486 01c9 0C       		.byte	12
 487 01ca 2F       		.byte	47
 488 01cb 01       		.byte	1
 489 01cc 33       		.byte	51
 490 01cd 02       		.byte	2
 491 01ce 34       		.byte	52
 492 01cf 08       		.byte	8
 493 01d0 35       		.byte	53
 494 01d1 01       		.byte	1
 495 01d2 36       		.byte	54
 496 01d3 07       		.byte	7
 497 01d4 3E       		.byte	62
 498 01d5 10       		.byte	16
 499 01d6 58       		.byte	88
 500 01d7 04       		.byte	4
 501 01d8 59       		.byte	89
 502 01d9 04       		.byte	4
 503 01da 5C       		.byte	92
 504 01db 11       		.byte	17
 505 01dc 5F       		.byte	95
 506 01dd 01       		.byte	1
 507 01de 81       		.byte	-127
 508 01df 03       		.byte	3
 509 01e0 82       		.byte	-126
 510 01e1 03       		.byte	3
 511 01e2 83       		.byte	-125
 512 01e3 10       		.byte	16
 513 01e4 85       		.byte	-123
ARM GAS  C:\Users\Gemma\AppData\Local\Temp\ccyfykBa.s 			page 10


 514 01e5 01       		.byte	1
 515 01e6 89       		.byte	-119
 516 01e7 01       		.byte	1
 517 01e8 8D       		.byte	-115
 518 01e9 01       		.byte	1
 519 01ea 8E       		.byte	-114
 520 01eb 03       		.byte	3
 521 01ec 90       		.byte	-112
 522 01ed 01       		.byte	1
 523 01ee 91       		.byte	-111
 524 01ef 49       		.byte	73
 525 01f0 92       		.byte	-110
 526 01f1 06       		.byte	6
 527 01f2 93       		.byte	-109
 528 01f3 26       		.byte	38
 529 01f4 97       		.byte	-105
 530 01f5 03       		.byte	3
 531 01f6 9B       		.byte	-101
 532 01f7 6F       		.byte	111
 533 01f8 9C       		.byte	-100
 534 01f9 01       		.byte	1
 535 01fa 9D       		.byte	-99
 536 01fb 25       		.byte	37
 537 01fc 9E       		.byte	-98
 538 01fd 04       		.byte	4
 539 01fe 9F       		.byte	-97
 540 01ff 4A       		.byte	74
 541 0200 A1       		.byte	-95
 542 0201 6C       		.byte	108
 543 0202 A2       		.byte	-94
 544 0203 03       		.byte	3
 545 0204 A7       		.byte	-89
 546 0205 01       		.byte	1
 547 0206 A9       		.byte	-87
 548 0207 03       		.byte	3
 549 0208 AA       		.byte	-86
 550 0209 03       		.byte	3
 551 020a AB       		.byte	-85
 552 020b 1C       		.byte	28
 553 020c AC       		.byte	-84
 554 020d 02       		.byte	2
 555 020e AD       		.byte	-83
 556 020f 6C       		.byte	108
 557 0210 AE       		.byte	-82
 558 0211 09       		.byte	9
 559 0212 B0       		.byte	-80
 560 0213 07       		.byte	7
 561 0214 B1       		.byte	-79
 562 0215 1F       		.byte	31
 563 0216 B4       		.byte	-76
 564 0217 08       		.byte	8
 565 0218 B5       		.byte	-75
 566 0219 60       		.byte	96
 567 021a BA       		.byte	-70
 568 021b 02       		.byte	2
 569 021c BF       		.byte	-65
 570 021d 11       		.byte	17
ARM GAS  C:\Users\Gemma\AppData\Local\Temp\ccyfykBa.s 			page 11


 571 021e C0       		.byte	-64
 572 021f 23       		.byte	35
 573 0220 C4       		.byte	-60
 574 0221 01       		.byte	1
 575 0222 C5       		.byte	-59
 576 0223 DB       		.byte	-37
 577 0224 C8       		.byte	-56
 578 0225 03       		.byte	3
 579 0226 C9       		.byte	-55
 580 0227 FF       		.byte	-1
 581 0228 CA       		.byte	-54
 582 0229 7F       		.byte	127
 583 022a CB       		.byte	-53
 584 022b FF       		.byte	-1
 585 022c CC       		.byte	-52
 586 022d 42       		.byte	66
 587 022e CD       		.byte	-51
 588 022f A0       		.byte	-96
 589 0230 CE       		.byte	-50
 590 0231 70       		.byte	112
 591 0232 D0       		.byte	-48
 592 0233 0C       		.byte	12
 593 0234 D4       		.byte	-44
 594 0235 20       		.byte	32
 595 0236 D6       		.byte	-42
 596 0237 04       		.byte	4
 597 0238 D8       		.byte	-40
 598 0239 04       		.byte	4
 599 023a D9       		.byte	-39
 600 023b 04       		.byte	4
 601 023c DA       		.byte	-38
 602 023d 04       		.byte	4
 603 023e DB       		.byte	-37
 604 023f 04       		.byte	4
 605 0240 DC       		.byte	-36
 606 0241 01       		.byte	1
 607 0242 DD       		.byte	-35
 608 0243 11       		.byte	17
 609 0244 DF       		.byte	-33
 610 0245 01       		.byte	1
 611 0246 E1       		.byte	-31
 612 0247 09       		.byte	9
 613 0248 E2       		.byte	-30
 614 0249 40       		.byte	64
 615 024a E3       		.byte	-29
 616 024b 09       		.byte	9
 617 024c E4       		.byte	-28
 618 024d 30       		.byte	48
 619 024e E5       		.byte	-27
 620 024f 09       		.byte	9
 621 0250 00       		.byte	0
 622 0251 14       		.byte	20
 623 0252 03       		.byte	3
 624 0253 01       		.byte	1
 625 0254 04       		.byte	4
 626 0255 40       		.byte	64
 627 0256 07       		.byte	7
ARM GAS  C:\Users\Gemma\AppData\Local\Temp\ccyfykBa.s 			page 12


 628 0257 40       		.byte	64
 629 0258 08       		.byte	8
 630 0259 20       		.byte	32
 631 025a 0A       		.byte	10
 632 025b 88       		.byte	-120
 633 025c 0E       		.byte	14
 634 025d 41       		.byte	65
 635 025e 10       		.byte	16
 636 025f 01       		.byte	1
 637 0260 12       		.byte	18
 638 0261 08       		.byte	8
 639 0262 14       		.byte	20
 640 0263 0A       		.byte	10
 641 0264 15       		.byte	21
 642 0265 02       		.byte	2
 643 0266 19       		.byte	25
 644 0267 10       		.byte	16
 645 0268 1A       		.byte	26
 646 0269 01       		.byte	1
 647 026a 1C       		.byte	28
 648 026b 04       		.byte	4
 649 026c 1D       		.byte	29
 650 026d 02       		.byte	2
 651 026e 1E       		.byte	30
 652 026f 40       		.byte	64
 653 0270 20       		.byte	32
 654 0271 18       		.byte	24
 655 0272 25       		.byte	37
 656 0273 10       		.byte	16
 657 0274 27       		.byte	39
 658 0275 80       		.byte	-128
 659 0276 28       		.byte	40
 660 0277 21       		.byte	33
 661 0278 2C       		.byte	44
 662 0279 01       		.byte	1
 663 027a 2D       		.byte	45
 664 027b 01       		.byte	1
 665 027c 2E       		.byte	46
 666 027d 08       		.byte	8
 667 027e 2F       		.byte	47
 668 027f 08       		.byte	8
 669 0280 32       		.byte	50
 670 0281 08       		.byte	8
 671 0282 34       		.byte	52
 672 0283 08       		.byte	8
 673 0284 35       		.byte	53
 674 0285 20       		.byte	32
 675 0286 36       		.byte	54
 676 0287 02       		.byte	2
 677 0288 37       		.byte	55
 678 0289 40       		.byte	64
 679 028a 38       		.byte	56
 680 028b 14       		.byte	20
 681 028c 3D       		.byte	61
 682 028d 80       		.byte	-128
 683 028e 3E       		.byte	62
 684 028f 15       		.byte	21
ARM GAS  C:\Users\Gemma\AppData\Local\Temp\ccyfykBa.s 			page 13


 685 0290 44       		.byte	68
 686 0291 02       		.byte	2
 687 0292 45       		.byte	69
 688 0293 18       		.byte	24
 689 0294 4C       		.byte	76
 690 0295 40       		.byte	64
 691 0296 4D       		.byte	77
 692 0297 01       		.byte	1
 693 0298 4F       		.byte	79
 694 0299 06       		.byte	6
 695 029a 56       		.byte	86
 696 029b 08       		.byte	8
 697 029c 5F       		.byte	95
 698 029d 61       		.byte	97
 699 029e 64       		.byte	100
 700 029f 40       		.byte	64
 701 02a0 65       		.byte	101
 702 02a1 10       		.byte	16
 703 02a2 84       		.byte	-124
 704 02a3 40       		.byte	64
 705 02a4 90       		.byte	-112
 706 02a5 40       		.byte	64
 707 02a6 91       		.byte	-111
 708 02a7 20       		.byte	32
 709 02a8 92       		.byte	-110
 710 02a9 1C       		.byte	28
 711 02aa 93       		.byte	-109
 712 02ab 01       		.byte	1
 713 02ac 94       		.byte	-108
 714 02ad 80       		.byte	-128
 715 02ae 95       		.byte	-107
 716 02af 82       		.byte	-126
 717 02b0 96       		.byte	-106
 718 02b1 21       		.byte	33
 719 02b2 97       		.byte	-105
 720 02b3 08       		.byte	8
 721 02b4 98       		.byte	-104
 722 02b5 02       		.byte	2
 723 02b6 99       		.byte	-103
 724 02b7 04       		.byte	4
 725 02b8 9B       		.byte	-101
 726 02b9 04       		.byte	4
 727 02ba 9C       		.byte	-100
 728 02bb 08       		.byte	8
 729 02bc 9E       		.byte	-98
 730 02bd 21       		.byte	33
 731 02be 9F       		.byte	-97
 732 02bf 40       		.byte	64
 733 02c0 A0       		.byte	-96
 734 02c1 40       		.byte	64
 735 02c2 A1       		.byte	-95
 736 02c3 48       		.byte	72
 737 02c4 A2       		.byte	-94
 738 02c5 02       		.byte	2
 739 02c6 A3       		.byte	-93
 740 02c7 12       		.byte	18
 741 02c8 A4       		.byte	-92
ARM GAS  C:\Users\Gemma\AppData\Local\Temp\ccyfykBa.s 			page 14


 742 02c9 84       		.byte	-124
 743 02ca A5       		.byte	-91
 744 02cb 01       		.byte	1
 745 02cc A6       		.byte	-90
 746 02cd 18       		.byte	24
 747 02ce A7       		.byte	-89
 748 02cf 20       		.byte	32
 749 02d0 AB       		.byte	-85
 750 02d1 48       		.byte	72
 751 02d2 B2       		.byte	-78
 752 02d3 40       		.byte	64
 753 02d4 C0       		.byte	-64
 754 02d5 97       		.byte	-105
 755 02d6 C2       		.byte	-62
 756 02d7 9A       		.byte	-102
 757 02d8 C4       		.byte	-60
 758 02d9 D3       		.byte	-45
 759 02da CA       		.byte	-54
 760 02db FA       		.byte	-6
 761 02dc CC       		.byte	-52
 762 02dd F2       		.byte	-14
 763 02de CE       		.byte	-50
 764 02df F6       		.byte	-10
 765 02e0 D0       		.byte	-48
 766 02e1 70       		.byte	112
 767 02e2 D6       		.byte	-42
 768 02e3 B0       		.byte	-80
 769 02e4 D8       		.byte	-40
 770 02e5 A0       		.byte	-96
 771 02e6 00       		.byte	0
 772 02e7 03       		.byte	3
 773 02e8 01       		.byte	1
 774 02e9 01       		.byte	1
 775 02ea 04       		.byte	4
 776 02eb 03       		.byte	3
 777 02ec 05       		.byte	5
 778 02ed 01       		.byte	1
 779 02ee 09       		.byte	9
 780 02ef 05       		.byte	5
 781 02f0 0A       		.byte	10
 782 02f1 03       		.byte	3
 783 02f2 0E       		.byte	14
 784 02f3 01       		.byte	1
 785 02f4 0F       		.byte	15
 786 02f5 01       		.byte	1
 787 02f6 10       		.byte	16
 788 02f7 02       		.byte	2
 789 02f8 11       		.byte	17
 790 02f9 01       		.byte	1
 791 02fa 13       		.byte	19
 792 02fb 36       		.byte	54
 793 02fc 14       		.byte	20
 794 02fd 03       		.byte	3
 795 02fe 17       		.byte	23
 796 02ff 17       		.byte	23
 797 0300 18       		.byte	24
 798 0301 03       		.byte	3
ARM GAS  C:\Users\Gemma\AppData\Local\Temp\ccyfykBa.s 			page 15


 799 0302 19       		.byte	25
 800 0303 05       		.byte	5
 801 0304 1D       		.byte	29
 802 0305 03       		.byte	3
 803 0306 1E       		.byte	30
 804 0307 03       		.byte	3
 805 0308 1F       		.byte	31
 806 0309 64       		.byte	100
 807 030a 20       		.byte	32
 808 030b 03       		.byte	3
 809 030c 21       		.byte	33
 810 030d 76       		.byte	118
 811 030e 23       		.byte	35
 812 030f 08       		.byte	8
 813 0310 24       		.byte	36
 814 0311 03       		.byte	3
 815 0312 25       		.byte	37
 816 0313 02       		.byte	2
 817 0314 27       		.byte	39
 818 0315 10       		.byte	16
 819 0316 28       		.byte	40
 820 0317 03       		.byte	3
 821 0318 29       		.byte	41
 822 0319 16       		.byte	22
 823 031a 2B       		.byte	43
 824 031b 49       		.byte	73
 825 031c 2D       		.byte	45
 826 031d 05       		.byte	5
 827 031e 2E       		.byte	46
 828 031f 04       		.byte	4
 829 0320 31       		.byte	49
 830 0321 70       		.byte	112
 831 0322 32       		.byte	50
 832 0323 07       		.byte	7
 833 0324 35       		.byte	53
 834 0325 0F       		.byte	15
 835 0326 3A       		.byte	58
 836 0327 08       		.byte	8
 837 0328 3F       		.byte	63
 838 0329 10       		.byte	16
 839 032a 58       		.byte	88
 840 032b 04       		.byte	4
 841 032c 59       		.byte	89
 842 032d 04       		.byte	4
 843 032e 5C       		.byte	92
 844 032f 11       		.byte	17
 845 0330 5F       		.byte	95
 846 0331 01       		.byte	1
 847 0332 81       		.byte	-127
 848 0333 03       		.byte	3
 849 0334 87       		.byte	-121
 850 0335 08       		.byte	8
 851 0336 89       		.byte	-119
 852 0337 06       		.byte	6
 853 0338 8B       		.byte	-117
 854 0339 01       		.byte	1
 855 033a 95       		.byte	-107
ARM GAS  C:\Users\Gemma\AppData\Local\Temp\ccyfykBa.s 			page 16


 856 033b 20       		.byte	32
 857 033c 9D       		.byte	-99
 858 033d 05       		.byte	5
 859 033e 9F       		.byte	-97
 860 033f 02       		.byte	2
 861 0340 A1       		.byte	-95
 862 0341 04       		.byte	4
 863 0342 A7       		.byte	-89
 864 0343 04       		.byte	4
 865 0344 A9       		.byte	-87
 866 0345 04       		.byte	4
 867 0346 AB       		.byte	-85
 868 0347 03       		.byte	3
 869 0348 AD       		.byte	-83
 870 0349 03       		.byte	3
 871 034a AF       		.byte	-81
 872 034b 30       		.byte	48
 873 034c B1       		.byte	-79
 874 034d 0F       		.byte	15
 875 034e B3       		.byte	-77
 876 034f 10       		.byte	16
 877 0350 B7       		.byte	-73
 878 0351 20       		.byte	32
 879 0352 BB       		.byte	-69
 880 0353 02       		.byte	2
 881 0354 BF       		.byte	-65
 882 0355 40       		.byte	64
 883 0356 C0       		.byte	-64
 884 0357 32       		.byte	50
 885 0358 C1       		.byte	-63
 886 0359 04       		.byte	4
 887 035a C5       		.byte	-59
 888 035b EC       		.byte	-20
 889 035c C6       		.byte	-58
 890 035d 0B       		.byte	11
 891 035e C7       		.byte	-57
 892 035f 0E       		.byte	14
 893 0360 C8       		.byte	-56
 894 0361 17       		.byte	23
 895 0362 C9       		.byte	-55
 896 0363 FF       		.byte	-1
 897 0364 CA       		.byte	-54
 898 0365 FF       		.byte	-1
 899 0366 CB       		.byte	-53
 900 0367 FF       		.byte	-1
 901 0368 CE       		.byte	-50
 902 0369 F0       		.byte	-16
 903 036a CF       		.byte	-49
 904 036b 44       		.byte	68
 905 036c D0       		.byte	-48
 906 036d 0C       		.byte	12
 907 036e D4       		.byte	-44
 908 036f 01       		.byte	1
 909 0370 D9       		.byte	-39
 910 0371 04       		.byte	4
 911 0372 DA       		.byte	-38
 912 0373 04       		.byte	4
ARM GAS  C:\Users\Gemma\AppData\Local\Temp\ccyfykBa.s 			page 17


 913 0374 DB       		.byte	-37
 914 0375 04       		.byte	4
 915 0376 DC       		.byte	-36
 916 0377 10       		.byte	16
 917 0378 DD       		.byte	-35
 918 0379 22       		.byte	34
 919 037a DF       		.byte	-33
 920 037b 01       		.byte	1
 921 037c E6       		.byte	-26
 922 037d C0       		.byte	-64
 923 037e EA       		.byte	-22
 924 037f 40       		.byte	64
 925 0380 EB       		.byte	-21
 926 0381 02       		.byte	2
 927 0382 02       		.byte	2
 928 0383 04       		.byte	4
 929 0384 03       		.byte	3
 930 0385 08       		.byte	8
 931 0386 05       		.byte	5
 932 0387 20       		.byte	32
 933 0388 06       		.byte	6
 934 0389 12       		.byte	18
 935 038a 07       		.byte	7
 936 038b 40       		.byte	64
 937 038c 08       		.byte	8
 938 038d 10       		.byte	16
 939 038e 0A       		.byte	10
 940 038f 04       		.byte	4
 941 0390 0D       		.byte	13
 942 0391 40       		.byte	64
 943 0392 0E       		.byte	14
 944 0393 04       		.byte	4
 945 0394 0F       		.byte	15
 946 0395 50       		.byte	80
 947 0396 14       		.byte	20
 948 0397 40       		.byte	64
 949 0398 16       		.byte	22
 950 0399 04       		.byte	4
 951 039a 17       		.byte	23
 952 039b 84       		.byte	-124
 953 039c 1F       		.byte	31
 954 039d 08       		.byte	8
 955 039e 21       		.byte	33
 956 039f 49       		.byte	73
 957 03a0 22       		.byte	34
 958 03a1 88       		.byte	-120
 959 03a2 24       		.byte	36
 960 03a3 04       		.byte	4
 961 03a4 27       		.byte	39
 962 03a5 40       		.byte	64
 963 03a6 28       		.byte	40
 964 03a7 41       		.byte	65
 965 03a8 29       		.byte	41
 966 03a9 20       		.byte	32
 967 03aa 2A       		.byte	42
 968 03ab 40       		.byte	64
 969 03ac 2B       		.byte	43
ARM GAS  C:\Users\Gemma\AppData\Local\Temp\ccyfykBa.s 			page 18


 970 03ad 10       		.byte	16
 971 03ae 2C       		.byte	44
 972 03af 40       		.byte	64
 973 03b0 2D       		.byte	45
 974 03b1 20       		.byte	32
 975 03b2 2E       		.byte	46
 976 03b3 01       		.byte	1
 977 03b4 2F       		.byte	47
 978 03b5 22       		.byte	34
 979 03b6 31       		.byte	49
 980 03b7 08       		.byte	8
 981 03b8 33       		.byte	51
 982 03b9 40       		.byte	64
 983 03ba 34       		.byte	52
 984 03bb 18       		.byte	24
 985 03bc 36       		.byte	54
 986 03bd 02       		.byte	2
 987 03be 37       		.byte	55
 988 03bf 40       		.byte	64
 989 03c0 38       		.byte	56
 990 03c1 04       		.byte	4
 991 03c2 39       		.byte	57
 992 03c3 01       		.byte	1
 993 03c4 3A       		.byte	58
 994 03c5 10       		.byte	16
 995 03c6 3C       		.byte	60
 996 03c7 80       		.byte	-128
 997 03c8 3D       		.byte	61
 998 03c9 02       		.byte	2
 999 03ca 3E       		.byte	62
 1000 03cb 1A       		.byte	26
 1001 03cc 3F       		.byte	63
 1002 03cd 40       		.byte	64
 1003 03ce 40       		.byte	64
 1004 03cf 10       		.byte	16
 1005 03d0 41       		.byte	65
 1006 03d1 10       		.byte	16
 1007 03d2 42       		.byte	66
 1008 03d3 40       		.byte	64
 1009 03d4 49       		.byte	73
 1010 03d5 09       		.byte	9
 1011 03d6 50       		.byte	80
 1012 03d7 40       		.byte	64
 1013 03d8 53       		.byte	83
 1014 03d9 04       		.byte	4
 1015 03da 58       		.byte	88
 1016 03db 20       		.byte	32
 1017 03dc 59       		.byte	89
 1018 03dd 45       		.byte	69
 1019 03de 85       		.byte	-123
 1020 03df 21       		.byte	33
 1021 03e0 91       		.byte	-111
 1022 03e1 21       		.byte	33
 1023 03e2 92       		.byte	-110
 1024 03e3 15       		.byte	21
 1025 03e4 93       		.byte	-109
 1026 03e5 04       		.byte	4
ARM GAS  C:\Users\Gemma\AppData\Local\Temp\ccyfykBa.s 			page 19


 1027 03e6 95       		.byte	-107
 1028 03e7 82       		.byte	-126
 1029 03e8 96       		.byte	-106
 1030 03e9 A0       		.byte	-96
 1031 03ea 97       		.byte	-105
 1032 03eb 08       		.byte	8
 1033 03ec 99       		.byte	-103
 1034 03ed 04       		.byte	4
 1035 03ee 9A       		.byte	-102
 1036 03ef 08       		.byte	8
 1037 03f0 9B       		.byte	-101
 1038 03f1 84       		.byte	-124
 1039 03f2 9C       		.byte	-100
 1040 03f3 09       		.byte	9
 1041 03f4 9E       		.byte	-98
 1042 03f5 21       		.byte	33
 1043 03f6 9F       		.byte	-97
 1044 03f7 41       		.byte	65
 1045 03f8 A0       		.byte	-96
 1046 03f9 40       		.byte	64
 1047 03fa A2       		.byte	-94
 1048 03fb 02       		.byte	2
 1049 03fc A3       		.byte	-93
 1050 03fd 13       		.byte	19
 1051 03fe A4       		.byte	-92
 1052 03ff 80       		.byte	-128
 1053 0400 A5       		.byte	-91
 1054 0401 01       		.byte	1
 1055 0402 A6       		.byte	-90
 1056 0403 18       		.byte	24
 1057 0404 A7       		.byte	-89
 1058 0405 28       		.byte	40
 1059 0406 A9       		.byte	-87
 1060 0407 02       		.byte	2
 1061 0408 AB       		.byte	-85
 1062 0409 20       		.byte	32
 1063 040a AD       		.byte	-83
 1064 040b 21       		.byte	33
 1065 040c B3       		.byte	-77
 1066 040d 48       		.byte	72
 1067 040e C0       		.byte	-64
 1068 040f F0       		.byte	-16
 1069 0410 C2       		.byte	-62
 1070 0411 F0       		.byte	-16
 1071 0412 C4       		.byte	-60
 1072 0413 F0       		.byte	-16
 1073 0414 CA       		.byte	-54
 1074 0415 FF       		.byte	-1
 1075 0416 CC       		.byte	-52
 1076 0417 FA       		.byte	-6
 1077 0418 CE       		.byte	-50
 1078 0419 F7       		.byte	-9
 1079 041a D0       		.byte	-48
 1080 041b 07       		.byte	7
 1081 041c D6       		.byte	-42
 1082 041d 0F       		.byte	15
 1083 041e 9A       		.byte	-102
ARM GAS  C:\Users\Gemma\AppData\Local\Temp\ccyfykBa.s 			page 20


 1084 041f 80       		.byte	-128
 1085 0420 A2       		.byte	-94
 1086 0421 20       		.byte	32
 1087 0422 9A       		.byte	-102
 1088 0423 80       		.byte	-128
 1089 0424 A2       		.byte	-94
 1090 0425 20       		.byte	32
 1091 0426 B2       		.byte	-78
 1092 0427 20       		.byte	32
 1093 0428 E8       		.byte	-24
 1094 0429 20       		.byte	32
 1095 042a 8A       		.byte	-118
 1096 042b 80       		.byte	-128
 1097 042c E0       		.byte	-32
 1098 042d 01       		.byte	1
 1099 042e E4       		.byte	-28
 1100 042f 20       		.byte	32
 1101 0430 86       		.byte	-122
 1102 0431 20       		.byte	32
 1103 0432 88       		.byte	-120
 1104 0433 81       		.byte	-127
 1105 0434 9C       		.byte	-100
 1106 0435 01       		.byte	1
 1107 0436 9E       		.byte	-98
 1108 0437 20       		.byte	32
 1109 0438 A4       		.byte	-92
 1110 0439 80       		.byte	-128
 1111 043a A8       		.byte	-88
 1112 043b 08       		.byte	8
 1113 043c AA       		.byte	-86
 1114 043d 41       		.byte	65
 1115 043e AD       		.byte	-83
 1116 043f 02       		.byte	2
 1117 0440 B1       		.byte	-79
 1118 0441 02       		.byte	2
 1119 0442 B5       		.byte	-75
 1120 0443 80       		.byte	-128
 1121 0444 E4       		.byte	-28
 1122 0445 01       		.byte	1
 1123 0446 E8       		.byte	-24
 1124 0447 02       		.byte	2
 1125 0448 EA       		.byte	-22
 1126 0449 05       		.byte	5
 1127 044a 00       		.byte	0
 1128 044b C0       		.byte	-64
 1129 044c 01       		.byte	1
 1130 044d 03       		.byte	3
 1131 044e 02       		.byte	2
 1132 044f 14       		.byte	20
 1133 0450 04       		.byte	4
 1134 0451 B0       		.byte	-80
 1135 0452 05       		.byte	5
 1136 0453 04       		.byte	4
 1137 0454 06       		.byte	6
 1138 0455 03       		.byte	3
 1139 0456 08       		.byte	8
 1140 0457 E8       		.byte	-24
ARM GAS  C:\Users\Gemma\AppData\Local\Temp\ccyfykBa.s 			page 21


 1141 0458 09       		.byte	9
 1142 0459 04       		.byte	4
 1143 045a 0A       		.byte	10
 1144 045b 14       		.byte	20
 1145 045c 0C       		.byte	12
 1146 045d 14       		.byte	20
 1147 045e 0E       		.byte	14
 1148 045f E8       		.byte	-24
 1149 0460 0F       		.byte	15
 1150 0461 01       		.byte	1
 1151 0462 10       		.byte	16
 1152 0463 03       		.byte	3
 1153 0464 11       		.byte	17
 1154 0465 46       		.byte	70
 1155 0466 13       		.byte	19
 1156 0467 39       		.byte	57
 1157 0468 14       		.byte	20
 1158 0469 02       		.byte	2
 1159 046a 15       		.byte	21
 1160 046b 25       		.byte	37
 1161 046c 16       		.byte	22
 1162 046d 4C       		.byte	76
 1163 046e 17       		.byte	23
 1164 046f 52       		.byte	82
 1165 0470 18       		.byte	24
 1166 0471 3C       		.byte	60
 1167 0472 1B       		.byte	27
 1168 0473 77       		.byte	119
 1169 0474 1C       		.byte	28
 1170 0475 FF       		.byte	-1
 1171 0476 1F       		.byte	31
 1172 0477 14       		.byte	20
 1173 0478 20       		.byte	32
 1174 0479 4C       		.byte	76
 1175 047a 21       		.byte	33
 1176 047b 66       		.byte	102
 1177 047c 22       		.byte	34
 1178 047d 01       		.byte	1
 1179 047e 23       		.byte	35
 1180 047f 08       		.byte	8
 1181 0480 27       		.byte	39
 1182 0481 04       		.byte	4
 1183 0482 29       		.byte	41
 1184 0483 63       		.byte	99
 1185 0484 2D       		.byte	45
 1186 0485 04       		.byte	4
 1187 0486 30       		.byte	48
 1188 0487 FF       		.byte	-1
 1189 0488 33       		.byte	51
 1190 0489 60       		.byte	96
 1191 048a 35       		.byte	53
 1192 048b 1F       		.byte	31
 1193 048c 38       		.byte	56
 1194 048d 02       		.byte	2
 1195 048e 39       		.byte	57
 1196 048f 08       		.byte	8
 1197 0490 3F       		.byte	63
ARM GAS  C:\Users\Gemma\AppData\Local\Temp\ccyfykBa.s 			page 22


 1198 0491 10       		.byte	16
 1199 0492 52       		.byte	82
 1200 0493 1D       		.byte	29
 1201 0494 58       		.byte	88
 1202 0495 04       		.byte	4
 1203 0496 59       		.byte	89
 1204 0497 04       		.byte	4
 1205 0498 5B       		.byte	91
 1206 0499 04       		.byte	4
 1207 049a 5C       		.byte	92
 1208 049b 11       		.byte	17
 1209 049c 5D       		.byte	93
 1210 049d 10       		.byte	16
 1211 049e 5F       		.byte	95
 1212 049f 01       		.byte	1
 1213 04a0 84       		.byte	-124
 1214 04a1 03       		.byte	3
 1215 04a2 85       		.byte	-123
 1216 04a3 10       		.byte	16
 1217 04a4 86       		.byte	-122
 1218 04a5 14       		.byte	20
 1219 04a6 88       		.byte	-120
 1220 04a7 13       		.byte	19
 1221 04a8 89       		.byte	-119
 1222 04a9 10       		.byte	16
 1223 04aa 8A       		.byte	-118
 1224 04ab 0C       		.byte	12
 1225 04ac 8B       		.byte	-117
 1226 04ad 0C       		.byte	12
 1227 04ae 8C       		.byte	-116
 1228 04af 0A       		.byte	10
 1229 04b0 8D       		.byte	-115
 1230 04b1 14       		.byte	20
 1231 04b2 8E       		.byte	-114
 1232 04b3 14       		.byte	20
 1233 04b4 92       		.byte	-110
 1234 04b5 08       		.byte	8
 1235 04b6 93       		.byte	-109
 1236 04b7 03       		.byte	3
 1237 04b8 9A       		.byte	-102
 1238 04b9 20       		.byte	32
 1239 04ba 9D       		.byte	-99
 1240 04bb 0C       		.byte	12
 1241 04bc 9F       		.byte	-97
 1242 04bd 11       		.byte	17
 1243 04be A0       		.byte	-96
 1244 04bf 13       		.byte	19
 1245 04c0 A1       		.byte	-95
 1246 04c1 1C       		.byte	28
 1247 04c2 A2       		.byte	-94
 1248 04c3 04       		.byte	4
 1249 04c4 A3       		.byte	-93
 1250 04c5 02       		.byte	2
 1251 04c6 A6       		.byte	-90
 1252 04c7 15       		.byte	21
 1253 04c8 AA       		.byte	-86
 1254 04c9 20       		.byte	32
ARM GAS  C:\Users\Gemma\AppData\Local\Temp\ccyfykBa.s 			page 23


 1255 04ca AD       		.byte	-83
 1256 04cb 09       		.byte	9
 1257 04cc AF       		.byte	-81
 1258 04cd 10       		.byte	16
 1259 04ce B0       		.byte	-80
 1260 04cf 20       		.byte	32
 1261 04d0 B1       		.byte	-79
 1262 04d1 1F       		.byte	31
 1263 04d2 B2       		.byte	-78
 1264 04d3 0F       		.byte	15
 1265 04d4 B6       		.byte	-74
 1266 04d5 10       		.byte	16
 1267 04d6 BA       		.byte	-70
 1268 04d7 08       		.byte	8
 1269 04d8 BB       		.byte	-69
 1270 04d9 80       		.byte	-128
 1271 04da BE       		.byte	-66
 1272 04db 41       		.byte	65
 1273 04dc D8       		.byte	-40
 1274 04dd 04       		.byte	4
 1275 04de D9       		.byte	-39
 1276 04df 04       		.byte	4
 1277 04e0 DC       		.byte	-36
 1278 04e1 22       		.byte	34
 1279 04e2 DF       		.byte	-33
 1280 04e3 01       		.byte	1
 1281 04e4 00       		.byte	0
 1282 04e5 10       		.byte	16
 1283 04e6 01       		.byte	1
 1284 04e7 08       		.byte	8
 1285 04e8 02       		.byte	2
 1286 04e9 01       		.byte	1
 1287 04ea 05       		.byte	5
 1288 04eb 20       		.byte	32
 1289 04ec 07       		.byte	7
 1290 04ed 52       		.byte	82
 1291 04ee 08       		.byte	8
 1292 04ef 21       		.byte	33
 1293 04f0 0D       		.byte	13
 1294 04f1 08       		.byte	8
 1295 04f2 0E       		.byte	14
 1296 04f3 81       		.byte	-127
 1297 04f4 0F       		.byte	15
 1298 04f5 04       		.byte	4
 1299 04f6 10       		.byte	16
 1300 04f7 88       		.byte	-120
 1301 04f8 12       		.byte	18
 1302 04f9 10       		.byte	16
 1303 04fa 16       		.byte	22
 1304 04fb 40       		.byte	64
 1305 04fc 18       		.byte	24
 1306 04fd 10       		.byte	16
 1307 04fe 19       		.byte	25
 1308 04ff 42       		.byte	66
 1309 0500 1A       		.byte	26
 1310 0501 20       		.byte	32
 1311 0502 1E       		.byte	30
ARM GAS  C:\Users\Gemma\AppData\Local\Temp\ccyfykBa.s 			page 24


 1312 0503 80       		.byte	-128
 1313 0504 21       		.byte	33
 1314 0505 82       		.byte	-126
 1315 0506 26       		.byte	38
 1316 0507 10       		.byte	16
 1317 0508 27       		.byte	39
 1318 0509 10       		.byte	16
 1319 050a 28       		.byte	40
 1320 050b 01       		.byte	1
 1321 050c 2A       		.byte	42
 1322 050d 01       		.byte	1
 1323 050e 2C       		.byte	44
 1324 050f 04       		.byte	4
 1325 0510 2E       		.byte	46
 1326 0511 09       		.byte	9
 1327 0512 2F       		.byte	47
 1328 0513 02       		.byte	2
 1329 0514 30       		.byte	48
 1330 0515 80       		.byte	-128
 1331 0516 31       		.byte	49
 1332 0517 02       		.byte	2
 1333 0518 35       		.byte	53
 1334 0519 24       		.byte	36
 1335 051a 36       		.byte	54
 1336 051b 82       		.byte	-126
 1337 051c 37       		.byte	55
 1338 051d 02       		.byte	2
 1339 051e 38       		.byte	56
 1340 051f 98       		.byte	-104
 1341 0520 3C       		.byte	60
 1342 0521 80       		.byte	-128
 1343 0522 3E       		.byte	62
 1344 0523 14       		.byte	20
 1345 0524 3F       		.byte	63
 1346 0525 02       		.byte	2
 1347 0526 6D       		.byte	109
 1348 0527 02       		.byte	2
 1349 0528 6F       		.byte	111
 1350 0529 21       		.byte	33
 1351 052a 74       		.byte	116
 1352 052b 40       		.byte	64
 1353 052c 81       		.byte	-127
 1354 052d 04       		.byte	4
 1355 052e 83       		.byte	-125
 1356 052f 50       		.byte	80
 1357 0530 84       		.byte	-124
 1358 0531 04       		.byte	4
 1359 0532 86       		.byte	-122
 1360 0533 50       		.byte	80
 1361 0534 88       		.byte	-120
 1362 0535 20       		.byte	32
 1363 0536 8A       		.byte	-118
 1364 0537 40       		.byte	64
 1365 0538 8C       		.byte	-116
 1366 0539 04       		.byte	4
 1367 053a 8E       		.byte	-114
 1368 053b 10       		.byte	16
ARM GAS  C:\Users\Gemma\AppData\Local\Temp\ccyfykBa.s 			page 25


 1369 053c 90       		.byte	-112
 1370 053d 80       		.byte	-128
 1371 053e 92       		.byte	-110
 1372 053f 15       		.byte	21
 1373 0540 93       		.byte	-109
 1374 0541 04       		.byte	4
 1375 0542 94       		.byte	-108
 1376 0543 10       		.byte	16
 1377 0544 96       		.byte	-106
 1378 0545 A0       		.byte	-96
 1379 0546 99       		.byte	-103
 1380 0547 28       		.byte	40
 1381 0548 9A       		.byte	-102
 1382 0549 08       		.byte	8
 1383 054a 9B       		.byte	-101
 1384 054b 40       		.byte	64
 1385 054c 9D       		.byte	-99
 1386 054d 40       		.byte	64
 1387 054e 9E       		.byte	-98
 1388 054f 61       		.byte	97
 1389 0550 9F       		.byte	-97
 1390 0551 01       		.byte	1
 1391 0552 A1       		.byte	-95
 1392 0553 08       		.byte	8
 1393 0554 A2       		.byte	-94
 1394 0555 82       		.byte	-126
 1395 0556 A3       		.byte	-93
 1396 0557 03       		.byte	3
 1397 0558 A4       		.byte	-92
 1398 0559 80       		.byte	-128
 1399 055a A5       		.byte	-91
 1400 055b 01       		.byte	1
 1401 055c A6       		.byte	-90
 1402 055d 10       		.byte	16
 1403 055e A7       		.byte	-89
 1404 055f 20       		.byte	32
 1405 0560 A8       		.byte	-88
 1406 0561 80       		.byte	-128
 1407 0562 AA       		.byte	-86
 1408 0563 40       		.byte	64
 1409 0564 AC       		.byte	-84
 1410 0565 08       		.byte	8
 1411 0566 AE       		.byte	-82
 1412 0567 92       		.byte	-110
 1413 0568 AF       		.byte	-81
 1414 0569 12       		.byte	18
 1415 056a B0       		.byte	-80
 1416 056b 20       		.byte	32
 1417 056c B1       		.byte	-79
 1418 056d 08       		.byte	8
 1419 056e C0       		.byte	-64
 1420 056f F7       		.byte	-9
 1421 0570 C2       		.byte	-62
 1422 0571 FA       		.byte	-6
 1423 0572 C4       		.byte	-60
 1424 0573 1E       		.byte	30
 1425 0574 CA       		.byte	-54
ARM GAS  C:\Users\Gemma\AppData\Local\Temp\ccyfykBa.s 			page 26


 1426 0575 F9       		.byte	-7
 1427 0576 CC       		.byte	-52
 1428 0577 F9       		.byte	-7
 1429 0578 CE       		.byte	-50
 1430 0579 FE       		.byte	-2
 1431 057a E2       		.byte	-30
 1432 057b 2A       		.byte	42
 1433 057c EC       		.byte	-20
 1434 057d 10       		.byte	16
 1435 057e 80       		.byte	-128
 1436 057f 21       		.byte	33
 1437 0580 82       		.byte	-126
 1438 0581 4A       		.byte	74
 1439 0582 90       		.byte	-112
 1440 0583 44       		.byte	68
 1441 0584 92       		.byte	-110
 1442 0585 2A       		.byte	42
 1443 0586 9C       		.byte	-100
 1444 0587 02       		.byte	2
 1445 0588 9E       		.byte	-98
 1446 0589 15       		.byte	21
 1447 058a A4       		.byte	-92
 1448 058b 67       		.byte	103
 1449 058c A8       		.byte	-88
 1450 058d 67       		.byte	103
 1451 058e B0       		.byte	-80
 1452 058f 60       		.byte	96
 1453 0590 B4       		.byte	-76
 1454 0591 18       		.byte	24
 1455 0592 B6       		.byte	-74
 1456 0593 07       		.byte	7
 1457 0594 BE       		.byte	-66
 1458 0595 10       		.byte	16
 1459 0596 D4       		.byte	-44
 1460 0597 18       		.byte	24
 1461 0598 D8       		.byte	-40
 1462 0599 04       		.byte	4
 1463 059a DB       		.byte	-37
 1464 059b 04       		.byte	4
 1465 059c DC       		.byte	-36
 1466 059d 02       		.byte	2
 1467 059e DD       		.byte	-35
 1468 059f 20       		.byte	32
 1469 05a0 DF       		.byte	-33
 1470 05a1 01       		.byte	1
 1471 05a2 00       		.byte	0
 1472 05a3 02       		.byte	2
 1473 05a4 02       		.byte	2
 1474 05a5 30       		.byte	48
 1475 05a6 04       		.byte	4
 1476 05a7 20       		.byte	32
 1477 05a8 05       		.byte	5
 1478 05a9 02       		.byte	2
 1479 05aa 06       		.byte	6
 1480 05ab 10       		.byte	16
 1481 05ac 0A       		.byte	10
 1482 05ad 82       		.byte	-126
ARM GAS  C:\Users\Gemma\AppData\Local\Temp\ccyfykBa.s 			page 27


 1483 05ae 0D       		.byte	13
 1484 05af 02       		.byte	2
 1485 05b0 0F       		.byte	15
 1486 05b1 02       		.byte	2
 1487 05b2 11       		.byte	17
 1488 05b3 14       		.byte	20
 1489 05b4 16       		.byte	22
 1490 05b5 80       		.byte	-128
 1491 05b6 17       		.byte	23
 1492 05b7 18       		.byte	24
 1493 05b8 18       		.byte	24
 1494 05b9 80       		.byte	-128
 1495 05ba 19       		.byte	25
 1496 05bb 80       		.byte	-128
 1497 05bc 1A       		.byte	26
 1498 05bd 82       		.byte	-126
 1499 05be 1B       		.byte	27
 1500 05bf 10       		.byte	16
 1501 05c0 1C       		.byte	28
 1502 05c1 04       		.byte	4
 1503 05c2 1E       		.byte	30
 1504 05c3 40       		.byte	64
 1505 05c4 1F       		.byte	31
 1506 05c5 02       		.byte	2
 1507 05c6 24       		.byte	36
 1508 05c7 02       		.byte	2
 1509 05c8 25       		.byte	37
 1510 05c9 40       		.byte	64
 1511 05ca 26       		.byte	38
 1512 05cb 04       		.byte	4
 1513 05cc 27       		.byte	39
 1514 05cd 04       		.byte	4
 1515 05ce 2C       		.byte	44
 1516 05cf 20       		.byte	32
 1517 05d0 2D       		.byte	45
 1518 05d1 20       		.byte	32
 1519 05d2 2F       		.byte	47
 1520 05d3 81       		.byte	-127
 1521 05d4 36       		.byte	54
 1522 05d5 04       		.byte	4
 1523 05d6 37       		.byte	55
 1524 05d7 21       		.byte	33
 1525 05d8 3D       		.byte	61
 1526 05d9 94       		.byte	-108
 1527 05da 3E       		.byte	62
 1528 05db 02       		.byte	2
 1529 05dc 44       		.byte	68
 1530 05dd 08       		.byte	8
 1531 05de 45       		.byte	69
 1532 05df 01       		.byte	1
 1533 05e0 47       		.byte	71
 1534 05e1 04       		.byte	4
 1535 05e2 4C       		.byte	76
 1536 05e3 01       		.byte	1
 1537 05e4 4F       		.byte	79
 1538 05e5 20       		.byte	32
 1539 05e6 57       		.byte	87
ARM GAS  C:\Users\Gemma\AppData\Local\Temp\ccyfykBa.s 			page 28


 1540 05e7 21       		.byte	33
 1541 05e8 59       		.byte	89
 1542 05e9 01       		.byte	1
 1543 05ea 5E       		.byte	94
 1544 05eb 20       		.byte	32
 1545 05ec 60       		.byte	96
 1546 05ed 04       		.byte	4
 1547 05ee 61       		.byte	97
 1548 05ef 40       		.byte	64
 1549 05f0 6D       		.byte	109
 1550 05f1 14       		.byte	20
 1551 05f2 6F       		.byte	111
 1552 05f3 01       		.byte	1
 1553 05f4 74       		.byte	116
 1554 05f5 A0       		.byte	-96
 1555 05f6 76       		.byte	118
 1556 05f7 02       		.byte	2
 1557 05f8 77       		.byte	119
 1558 05f9 20       		.byte	32
 1559 05fa 86       		.byte	-122
 1560 05fb 80       		.byte	-128
 1561 05fc 87       		.byte	-121
 1562 05fd 40       		.byte	64
 1563 05fe 8B       		.byte	-117
 1564 05ff 20       		.byte	32
 1565 0600 8D       		.byte	-115
 1566 0601 02       		.byte	2
 1567 0602 8E       		.byte	-114
 1568 0603 20       		.byte	32
 1569 0604 9A       		.byte	-102
 1570 0605 80       		.byte	-128
 1571 0606 A2       		.byte	-94
 1572 0607 20       		.byte	32
 1573 0608 C0       		.byte	-64
 1574 0609 78       		.byte	120
 1575 060a C2       		.byte	-62
 1576 060b 99       		.byte	-103
 1577 060c C4       		.byte	-60
 1578 060d 76       		.byte	118
 1579 060e CA       		.byte	-54
 1580 060f F0       		.byte	-16
 1581 0610 CC       		.byte	-52
 1582 0611 E0       		.byte	-32
 1583 0612 CE       		.byte	-50
 1584 0613 F0       		.byte	-16
 1585 0614 D0       		.byte	-48
 1586 0615 E0       		.byte	-32
 1587 0616 D2       		.byte	-46
 1588 0617 30       		.byte	48
 1589 0618 D6       		.byte	-42
 1590 0619 21       		.byte	33
 1591 061a D8       		.byte	-40
 1592 061b 0C       		.byte	12
 1593 061c E0       		.byte	-32
 1594 061d 40       		.byte	64
 1595 061e E2       		.byte	-30
 1596 061f 90       		.byte	-112
ARM GAS  C:\Users\Gemma\AppData\Local\Temp\ccyfykBa.s 			page 29


 1597 0620 EC       		.byte	-20
 1598 0621 10       		.byte	16
 1599 0622 00       		.byte	0
 1600 0623 19       		.byte	25
 1601 0624 02       		.byte	2
 1602 0625 64       		.byte	100
 1603 0626 03       		.byte	3
 1604 0627 03       		.byte	3
 1605 0628 04       		.byte	4
 1606 0629 21       		.byte	33
 1607 062a 05       		.byte	5
 1608 062b 04       		.byte	4
 1609 062c 06       		.byte	6
 1610 062d 80       		.byte	-128
 1611 062e 08       		.byte	8
 1612 062f 7F       		.byte	127
 1613 0630 09       		.byte	9
 1614 0631 0C       		.byte	12
 1615 0632 0C       		.byte	12
 1616 0633 60       		.byte	96
 1617 0634 0D       		.byte	13
 1618 0635 02       		.byte	2
 1619 0636 10       		.byte	16
 1620 0637 40       		.byte	64
 1621 0638 11       		.byte	17
 1622 0639 03       		.byte	3
 1623 063a 14       		.byte	20
 1624 063b 67       		.byte	103
 1625 063c 15       		.byte	21
 1626 063d 10       		.byte	16
 1627 063e 16       		.byte	22
 1628 063f 18       		.byte	24
 1629 0640 19       		.byte	25
 1630 0641 0F       		.byte	15
 1631 0642 1A       		.byte	26
 1632 0643 01       		.byte	1
 1633 0644 1D       		.byte	29
 1634 0645 08       		.byte	8
 1635 0646 1E       		.byte	30
 1636 0647 66       		.byte	102
 1637 0648 20       		.byte	32
 1638 0649 10       		.byte	16
 1639 064a 21       		.byte	33
 1640 064b 01       		.byte	1
 1641 064c 24       		.byte	36
 1642 064d 08       		.byte	8
 1643 064e 25       		.byte	37
 1644 064f 03       		.byte	3
 1645 0650 27       		.byte	39
 1646 0651 0C       		.byte	12
 1647 0652 28       		.byte	40
 1648 0653 18       		.byte	24
 1649 0654 29       		.byte	41
 1650 0655 0F       		.byte	15
 1651 0656 2C       		.byte	44
 1652 0657 19       		.byte	25
 1653 0658 2D       		.byte	45
ARM GAS  C:\Users\Gemma\AppData\Local\Temp\ccyfykBa.s 			page 30


 1654 0659 0C       		.byte	12
 1655 065a 2E       		.byte	46
 1656 065b 62       		.byte	98
 1657 065c 2F       		.byte	47
 1658 065d 03       		.byte	3
 1659 065e 30       		.byte	48
 1660 065f 60       		.byte	96
 1661 0660 33       		.byte	51
 1662 0661 0F       		.byte	15
 1663 0662 34       		.byte	52
 1664 0663 80       		.byte	-128
 1665 0664 35       		.byte	53
 1666 0665 10       		.byte	16
 1667 0666 36       		.byte	54
 1668 0667 1F       		.byte	31
 1669 0668 3A       		.byte	58
 1670 0669 80       		.byte	-128
 1671 066a 3B       		.byte	59
 1672 066b 08       		.byte	8
 1673 066c 3F       		.byte	63
 1674 066d 10       		.byte	16
 1675 066e 58       		.byte	88
 1676 066f 04       		.byte	4
 1677 0670 59       		.byte	89
 1678 0671 04       		.byte	4
 1679 0672 5C       		.byte	92
 1680 0673 22       		.byte	34
 1681 0674 5F       		.byte	95
 1682 0675 01       		.byte	1
 1683 0676 82       		.byte	-126
 1684 0677 01       		.byte	1
 1685 0678 87       		.byte	-121
 1686 0679 01       		.byte	1
 1687 067a 88       		.byte	-120
 1688 067b 02       		.byte	2
 1689 067c 8D       		.byte	-115
 1690 067d 0C       		.byte	12
 1691 067e 8F       		.byte	-113
 1692 067f 12       		.byte	18
 1693 0680 90       		.byte	-112
 1694 0681 02       		.byte	2
 1695 0682 93       		.byte	-109
 1696 0683 0C       		.byte	12
 1697 0684 95       		.byte	-107
 1698 0685 10       		.byte	16
 1699 0686 97       		.byte	-105
 1700 0687 06       		.byte	6
 1701 0688 98       		.byte	-104
 1702 0689 02       		.byte	2
 1703 068a 9B       		.byte	-101
 1704 068b 04       		.byte	4
 1705 068c 9F       		.byte	-97
 1706 068d 01       		.byte	1
 1707 068e A1       		.byte	-95
 1708 068f 10       		.byte	16
 1709 0690 A3       		.byte	-93
 1710 0691 0A       		.byte	10
ARM GAS  C:\Users\Gemma\AppData\Local\Temp\ccyfykBa.s 			page 31


 1711 0692 A4       		.byte	-92
 1712 0693 02       		.byte	2
 1713 0694 A5       		.byte	-91
 1714 0695 01       		.byte	1
 1715 0696 A9       		.byte	-87
 1716 0697 01       		.byte	1
 1717 0698 AD       		.byte	-83
 1718 0699 20       		.byte	32
 1719 069a AF       		.byte	-81
 1720 069b 02       		.byte	2
 1721 069c B1       		.byte	-79
 1722 069d 30       		.byte	48
 1723 069e B2       		.byte	-78
 1724 069f 02       		.byte	2
 1725 06a0 B3       		.byte	-77
 1726 06a1 01       		.byte	1
 1727 06a2 B5       		.byte	-75
 1728 06a3 0E       		.byte	14
 1729 06a4 B6       		.byte	-74
 1730 06a5 01       		.byte	1
 1731 06a6 B9       		.byte	-71
 1732 06a7 0A       		.byte	10
 1733 06a8 BB       		.byte	-69
 1734 06a9 20       		.byte	32
 1735 06aa BE       		.byte	-66
 1736 06ab 04       		.byte	4
 1737 06ac D8       		.byte	-40
 1738 06ad 04       		.byte	4
 1739 06ae D9       		.byte	-39
 1740 06af 04       		.byte	4
 1741 06b0 DC       		.byte	-36
 1742 06b1 21       		.byte	33
 1743 06b2 DF       		.byte	-33
 1744 06b3 01       		.byte	1
 1745 06b4 01       		.byte	1
 1746 06b5 A8       		.byte	-88
 1747 06b6 03       		.byte	3
 1748 06b7 80       		.byte	-128
 1749 06b8 05       		.byte	5
 1750 06b9 20       		.byte	32
 1751 06ba 06       		.byte	6
 1752 06bb 08       		.byte	8
 1753 06bc 07       		.byte	7
 1754 06bd 40       		.byte	64
 1755 06be 08       		.byte	8
 1756 06bf 08       		.byte	8
 1757 06c0 0A       		.byte	10
 1758 06c1 84       		.byte	-124
 1759 06c2 0B       		.byte	11
 1760 06c3 02       		.byte	2
 1761 06c4 0C       		.byte	12
 1762 06c5 10       		.byte	16
 1763 06c6 0E       		.byte	14
 1764 06c7 08       		.byte	8
 1765 06c8 0F       		.byte	15
 1766 06c9 88       		.byte	-120
 1767 06ca 10       		.byte	16
ARM GAS  C:\Users\Gemma\AppData\Local\Temp\ccyfykBa.s 			page 32


 1768 06cb A0       		.byte	-96
 1769 06cc 11       		.byte	17
 1770 06cd 50       		.byte	80
 1771 06ce 13       		.byte	19
 1772 06cf 24       		.byte	36
 1773 06d0 14       		.byte	20
 1774 06d1 20       		.byte	32
 1775 06d2 15       		.byte	21
 1776 06d3 0C       		.byte	12
 1777 06d4 19       		.byte	25
 1778 06d5 41       		.byte	65
 1779 06d6 1A       		.byte	26
 1780 06d7 04       		.byte	4
 1781 06d8 1B       		.byte	27
 1782 06d9 C0       		.byte	-64
 1783 06da 1E       		.byte	30
 1784 06db 20       		.byte	32
 1785 06dc 1F       		.byte	31
 1786 06dd 40       		.byte	64
 1787 06de 20       		.byte	32
 1788 06df 04       		.byte	4
 1789 06e0 21       		.byte	33
 1790 06e1 04       		.byte	4
 1791 06e2 24       		.byte	36
 1792 06e3 20       		.byte	32
 1793 06e4 25       		.byte	37
 1794 06e5 02       		.byte	2
 1795 06e6 26       		.byte	38
 1796 06e7 01       		.byte	1
 1797 06e8 27       		.byte	39
 1798 06e9 08       		.byte	8
 1799 06ea 28       		.byte	40
 1800 06eb 20       		.byte	32
 1801 06ec 29       		.byte	41
 1802 06ed 60       		.byte	96
 1803 06ee 2A       		.byte	42
 1804 06ef 02       		.byte	2
 1805 06f0 2D       		.byte	45
 1806 06f1 26       		.byte	38
 1807 06f2 2E       		.byte	46
 1808 06f3 80       		.byte	-128
 1809 06f4 30       		.byte	48
 1810 06f5 90       		.byte	-112
 1811 06f6 31       		.byte	49
 1812 06f7 08       		.byte	8
 1813 06f8 32       		.byte	50
 1814 06f9 01       		.byte	1
 1815 06fa 35       		.byte	53
 1816 06fb 40       		.byte	64
 1817 06fc 36       		.byte	54
 1818 06fd 21       		.byte	33
 1819 06fe 37       		.byte	55
 1820 06ff 08       		.byte	8
 1821 0700 38       		.byte	56
 1822 0701 82       		.byte	-126
 1823 0702 39       		.byte	57
 1824 0703 10       		.byte	16
ARM GAS  C:\Users\Gemma\AppData\Local\Temp\ccyfykBa.s 			page 33


 1825 0704 3B       		.byte	59
 1826 0705 06       		.byte	6
 1827 0706 3E       		.byte	62
 1828 0707 40       		.byte	64
 1829 0708 3F       		.byte	63
 1830 0709 08       		.byte	8
 1831 070a 78       		.byte	120
 1832 070b 08       		.byte	8
 1833 070c 79       		.byte	121
 1834 070d 08       		.byte	8
 1835 070e 80       		.byte	-128
 1836 070f 04       		.byte	4
 1837 0710 83       		.byte	-125
 1838 0711 40       		.byte	64
 1839 0712 88       		.byte	-120
 1840 0713 01       		.byte	1
 1841 0714 89       		.byte	-119
 1842 0715 0A       		.byte	10
 1843 0716 8A       		.byte	-118
 1844 0717 02       		.byte	2
 1845 0718 8B       		.byte	-117
 1846 0719 08       		.byte	8
 1847 071a 8D       		.byte	-115
 1848 071b 40       		.byte	64
 1849 071c 8F       		.byte	-113
 1850 071d 04       		.byte	4
 1851 071e 90       		.byte	-112
 1852 071f 82       		.byte	-126
 1853 0720 92       		.byte	-110
 1854 0721 C2       		.byte	-62
 1855 0722 94       		.byte	-108
 1856 0723 20       		.byte	32
 1857 0724 97       		.byte	-105
 1858 0725 80       		.byte	-128
 1859 0726 99       		.byte	-103
 1860 0727 82       		.byte	-126
 1861 0728 9A       		.byte	-102
 1862 0729 88       		.byte	-120
 1863 072a 9B       		.byte	-101
 1864 072b 20       		.byte	32
 1865 072c 9C       		.byte	-100
 1866 072d 08       		.byte	8
 1867 072e 9D       		.byte	-99
 1868 072f 01       		.byte	1
 1869 0730 9F       		.byte	-97
 1870 0731 08       		.byte	8
 1871 0732 A0       		.byte	-96
 1872 0733 A0       		.byte	-96
 1873 0734 A1       		.byte	-95
 1874 0735 08       		.byte	8
 1875 0736 A2       		.byte	-94
 1876 0737 24       		.byte	36
 1877 0738 A4       		.byte	-92
 1878 0739 01       		.byte	1
 1879 073a A5       		.byte	-91
 1880 073b 02       		.byte	2
 1881 073c A6       		.byte	-90
ARM GAS  C:\Users\Gemma\AppData\Local\Temp\ccyfykBa.s 			page 34


 1882 073d 10       		.byte	16
 1883 073e A7       		.byte	-89
 1884 073f 80       		.byte	-128
 1885 0740 A8       		.byte	-88
 1886 0741 08       		.byte	8
 1887 0742 AB       		.byte	-85
 1888 0743 17       		.byte	23
 1889 0744 AD       		.byte	-83
 1890 0745 08       		.byte	8
 1891 0746 B1       		.byte	-79
 1892 0747 40       		.byte	64
 1893 0748 B5       		.byte	-75
 1894 0749 21       		.byte	33
 1895 074a B6       		.byte	-74
 1896 074b 08       		.byte	8
 1897 074c C0       		.byte	-64
 1898 074d 5F       		.byte	95
 1899 074e C2       		.byte	-62
 1900 074f 5F       		.byte	95
 1901 0750 C4       		.byte	-60
 1902 0751 2F       		.byte	47
 1903 0752 CA       		.byte	-54
 1904 0753 FF       		.byte	-1
 1905 0754 CC       		.byte	-52
 1906 0755 FF       		.byte	-1
 1907 0756 CE       		.byte	-50
 1908 0757 5F       		.byte	95
 1909 0758 E0       		.byte	-32
 1910 0759 04       		.byte	4
 1911 075a E6       		.byte	-26
 1912 075b A0       		.byte	-96
 1913 075c E8       		.byte	-24
 1914 075d 90       		.byte	-112
 1915 075e 33       		.byte	51
 1916 075f 80       		.byte	-128
 1917 0760 36       		.byte	54
 1918 0761 10       		.byte	16
 1919 0762 CC       		.byte	-52
 1920 0763 30       		.byte	48
 1921 0764 A6       		.byte	-90
 1922 0765 10       		.byte	16
 1923 0766 A7       		.byte	-89
 1924 0767 80       		.byte	-128
 1925 0768 86       		.byte	-122
 1926 0769 10       		.byte	16
 1927 076a A6       		.byte	-90
 1928 076b 10       		.byte	16
 1929 076c A7       		.byte	-89
 1930 076d 80       		.byte	-128
 1931 076e E6       		.byte	-26
 1932 076f 10       		.byte	16
 1933 0770 11       		.byte	17
 1934 0771 40       		.byte	64
 1935 0772 A7       		.byte	-89
 1936 0773 80       		.byte	-128
 1937 0774 C4       		.byte	-60
 1938 0775 40       		.byte	64
ARM GAS  C:\Users\Gemma\AppData\Local\Temp\ccyfykBa.s 			page 35


 1939 0776 7D       		.byte	125
 1940 0777 20       		.byte	32
 1941 0778 DE       		.byte	-34
 1942 0779 01       		.byte	1
 1943 077a 81       		.byte	-127
 1944 077b 10       		.byte	16
 1945 077c A5       		.byte	-91
 1946 077d 10       		.byte	16
 1947 077e 45       		.byte	69
 1948 077f 02       		.byte	2
 1949 0780 D0       		.byte	-48
 1950 0781 01       		.byte	1
 1951 0782 A5       		.byte	-91
 1952 0783 02       		.byte	2
 1953 0784 07       		.byte	7
 1954 0785 40       		.byte	64
 1955 0786 27       		.byte	39
 1956 0787 04       		.byte	4
 1957 0788 82       		.byte	-126
 1958 0789 20       		.byte	32
 1959 078a 8B       		.byte	-117
 1960 078b 40       		.byte	64
 1961 078c 9F       		.byte	-97
 1962 078d 04       		.byte	4
 1963 078e A9       		.byte	-87
 1964 078f 40       		.byte	64
 1965 0790 AB       		.byte	-85
 1966 0791 80       		.byte	-128
 1967 0792 B7       		.byte	-73
 1968 0793 04       		.byte	4
 1969 0794 C0       		.byte	-64
 1970 0795 20       		.byte	32
 1971 0796 C8       		.byte	-56
 1972 0797 20       		.byte	32
 1973 0798 E2       		.byte	-30
 1974 0799 20       		.byte	32
 1975 079a 12       		.byte	18
 1976 079b 20       		.byte	32
 1977 079c 16       		.byte	22
 1978 079d 40       		.byte	64
 1979 079e 73       		.byte	115
 1980 079f 40       		.byte	64
 1981 07a0 76       		.byte	118
 1982 07a1 20       		.byte	32
 1983 07a2 82       		.byte	-126
 1984 07a3 20       		.byte	32
 1985 07a4 86       		.byte	-122
 1986 07a5 40       		.byte	64
 1987 07a6 93       		.byte	-109
 1988 07a7 40       		.byte	64
 1989 07a8 9A       		.byte	-102
 1990 07a9 20       		.byte	32
 1991 07aa AB       		.byte	-85
 1992 07ab 40       		.byte	64
 1993 07ac C4       		.byte	-60
 1994 07ad 30       		.byte	48
 1995 07ae DC       		.byte	-36
ARM GAS  C:\Users\Gemma\AppData\Local\Temp\ccyfykBa.s 			page 36


 1996 07af 80       		.byte	-128
 1997 07b0 DE       		.byte	-34
 1998 07b1 20       		.byte	32
 1999 07b2 E0       		.byte	-32
 2000 07b3 10       		.byte	16
 2001 07b4 E4       		.byte	-28
 2002 07b5 80       		.byte	-128
 2003 07b6 EC       		.byte	-20
 2004 07b7 80       		.byte	-128
 2005 07b8 B5       		.byte	-75
 2006 07b9 02       		.byte	2
 2007 07ba EC       		.byte	-20
 2008 07bb 08       		.byte	8
 2009 07bc 10       		.byte	16
 2010 07bd 40       		.byte	64
 2011 07be 74       		.byte	116
 2012 07bf 02       		.byte	2
 2013 07c0 80       		.byte	-128
 2014 07c1 02       		.byte	2
 2015 07c2 88       		.byte	-120
 2016 07c3 40       		.byte	64
 2017 07c4 C4       		.byte	-60
 2018 07c5 08       		.byte	8
 2019 07c6 DE       		.byte	-34
 2020 07c7 04       		.byte	4
 2021 07c8 E2       		.byte	-30
 2022 07c9 01       		.byte	1
 2023 07ca 00       		.byte	0
 2024 07cb 06       		.byte	6
 2025 07cc 08       		.byte	8
 2026 07cd 06       		.byte	6
 2027 07ce 0A       		.byte	10
 2028 07cf 06       		.byte	6
 2029 07d0 10       		.byte	16
 2030 07d1 06       		.byte	6
 2031 07d2 1A       		.byte	26
 2032 07d3 06       		.byte	6
 2033 07d4 1C       		.byte	28
 2034 07d5 06       		.byte	6
 2035 07d6 00       		.byte	0
 2036 07d7 0E       		.byte	14
 2037 07d8 81       		.byte	-127
 2038 07d9 80       		.byte	-128
 2039 07da 00       		.byte	0
 2040 07db 00       		.byte	0
 2041 07dc 43       		.byte	67
 2042 07dd 00       		.byte	0
 2043 07de 00       		.byte	0
 2044 07df 00       		.byte	0
 2045 07e0 01       		.byte	1
 2046 07e1 04       		.byte	4
 2047 07e2 06       		.byte	6
 2048 07e3 00       		.byte	0
 2049 07e4 00       		.byte	0
 2050 07e5 10       		.byte	16
 2051 07e6 08       		.byte	8
 2052 07e7 00       		.byte	0
ARM GAS  C:\Users\Gemma\AppData\Local\Temp\ccyfykBa.s 			page 37


 2053 07e8 00       		.byte	0
 2054 07e9 10       		.byte	16
 2055 07ea 10       		.byte	16
 2056 07eb 00       		.byte	0
 2057 07ec 00       		.byte	0
 2058 07ed 00       		.byte	0
 2059 07ee 00       		.byte	0
 2060 07ef 09       		.byte	9
 2061 07f0 00       		.byte	0
 2062 07f1 10       		.byte	16
 2063 07f2 0C       		.byte	12
 2064 07f3 00       		.byte	0
 2065 07f4 00       		.byte	0
 2066 07f5 06       		.byte	6
 2067 07f6 00       		.byte	0
 2068 07f7 09       		.byte	9
 2069 07f8 00       		.byte	0
 2070 07f9 06       		.byte	6
 2071 07fa 00       		.byte	0
 2072 07fb 00       		.byte	0
 2073 07fc 00       		.byte	0
 2074 07fd 00       		.byte	0
 2075 07fe 10       		.byte	16
 2076 07ff 00       		.byte	0
 2077 0800 00       		.byte	0
 2078 0801 0E       		.byte	14
 2079 0802 03       		.byte	3
 2080 0803 01       		.byte	1
 2081 0804 01       		.byte	1
 2082 0805 02       		.byte	2
 2083 0806 0E       		.byte	14
 2084 0807 00       		.byte	0
 2085 0808 0C       		.byte	12
 2086 0809 0F       		.byte	15
 2087 080a 03       		.byte	3
 2088 080b 00       		.byte	0
 2089 080c 00       		.byte	0
 2090 080d 09       		.byte	9
 2091 080e 00       		.byte	0
 2092 080f 06       		.byte	6
 2093 0810 0F       		.byte	15
 2094 0811 00       		.byte	0
 2095 0812 00       		.byte	0
 2096 0813 07       		.byte	7
 2097 0814 10       		.byte	16
 2098 0815 0E       		.byte	14
 2099 0816 00       		.byte	0
 2100 0817 10       		.byte	16
 2101 0818 00       		.byte	0
 2102 0819 00       		.byte	0
 2103 081a 02       		.byte	2
 2104 081b 08       		.byte	8
 2105 081c 00       		.byte	0
 2106 081d 00       		.byte	0
 2107 081e 10       		.byte	16
 2108 081f 00       		.byte	0
 2109 0820 25       		.byte	37
ARM GAS  C:\Users\Gemma\AppData\Local\Temp\ccyfykBa.s 			page 38


 2110 0821 04       		.byte	4
 2111 0822 03       		.byte	3
 2112 0823 00       		.byte	0
 2113 0824 06       		.byte	6
 2114 0825 00       		.byte	0
 2115 0826 C0       		.byte	-64
 2116 0827 E0       		.byte	-32
 2117 0828 28       		.byte	40
 2118 0829 FF       		.byte	-1
 2119 082a FF       		.byte	-1
 2120 082b FF       		.byte	-1
 2121 082c 62       		.byte	98
 2122 082d A0       		.byte	-96
 2123 082e F0       		.byte	-16
 2124 082f 41       		.byte	65
 2125 0830 0C       		.byte	12
 2126 0831 00       		.byte	0
 2127 0832 00       		.byte	0
 2128 0833 00       		.byte	0
 2129 0834 00       		.byte	0
 2130 0835 00       		.byte	0
 2131 0836 02       		.byte	2
 2132 0837 11       		.byte	17
 2133 0838 04       		.byte	4
 2134 0839 04       		.byte	4
 2135 083a 04       		.byte	4
 2136 083b 04       		.byte	4
 2137 083c 22       		.byte	34
 2138 083d 22       		.byte	34
 2139 083e 00       		.byte	0
 2140 083f 01       		.byte	1
 2141 0840 00       		.byte	0
 2142 0841 00       		.byte	0
 2143 0842 00       		.byte	0
 2144 0843 00       		.byte	0
 2145 0844 00       		.byte	0
 2146 0845 00       		.byte	0
 2147 0846 40       		.byte	64
 2148 0847 02       		.byte	2
 2149 0848 00       		.byte	0
 2150 0849 10       		.byte	16
 2151 084a 30       		.byte	48
 2152 084b 10       		.byte	16
 2153 084c 00       		.byte	0
 2154 084d 10       		.byte	16
 2155 084e 10       		.byte	16
 2156 084f 12       		.byte	18
 2157 0850 00       		.byte	0
 2158 0851 00       		.byte	0
 2159 0852 00       		.byte	0
 2160 0853 00       		.byte	0
 2161 0854 00       		.byte	0
 2162 0855 00       		.byte	0
 2163 0856 00       		.byte	0
 2164 0857 00       		.byte	0
 2165 0858 00       		.byte	0
 2166 0859 00       		.byte	0
ARM GAS  C:\Users\Gemma\AppData\Local\Temp\ccyfykBa.s 			page 39


 2167 085a 00       		.byte	0
 2168 085b 00       		.byte	0
 2169 085c 00       		.byte	0
 2170 085d 00       		.byte	0
 2171 085e 00       		.byte	0
 2172 085f 00       		.byte	0
 2173 0860 83       		.byte	-125
 2174 0861 00       		.byte	0
 2175 0862 40       		.byte	64
 2176 0863 80       		.byte	-128
 2177 0864 83       		.byte	-125
 2178 0865 00       		.byte	0
 2179 0866 83       		.byte	-125
 2180 0867 00       		.byte	0
 2181 0868 00       		.byte	0
 2182 0869 00       		.byte	0
 2183 086a 00       		.byte	0
 2184 086b 00       		.byte	0
 2185 086c 02       		.byte	2
 2186 086d 00       		.byte	0
 2187 086e 00       		.byte	0
 2188 086f 00       		.byte	0
 2189 0870 00       		.byte	0
 2190 0871 00       		.byte	0
 2191 0872 00       		.byte	0
 2192 0873 00       		.byte	0
 2193 0874 00       		.byte	0
 2194 0875 0B       		.byte	11
 2195 0876 0B       		.byte	11
 2196 0877 00       		.byte	0
 2197 0878 00       		.byte	0
 2198 0879 00       		.byte	0
 2199 087a 00       		.byte	0
 2200 087b 00       		.byte	0
 2201 087c 00       		.byte	0
 2202 087d 00       		.byte	0
 2203 087e 00       		.byte	0
 2204 087f 00       		.byte	0
 2205 0880 00       		.byte	0
 2206 0881 00       		.byte	0
 2207 0882 78       		.byte	120
 2208 0883 00       		.byte	0
 2209 0884 07       		.byte	7
 2210 0885 00       		.byte	0
 2211 0886 18       		.byte	24
 2212 0887 01       		.byte	1
 2213              		.section	.cywolatch,"a",%progbits
 2214              		.align	2
 2215              		.type	cy_meta_wonvl, %object
 2216              		.size	cy_meta_wonvl, 4
 2217              	cy_meta_wonvl:
 2218 0000 BC       		.byte	-68
 2219 0001 90       		.byte	-112
 2220 0002 AC       		.byte	-84
 2221 0003 AF       		.byte	-81
 2222              		.section	.cycustnvl,"a",%progbits
 2223              		.align	2
ARM GAS  C:\Users\Gemma\AppData\Local\Temp\ccyfykBa.s 			page 40


 2224              		.type	cy_meta_custnvl, %object
 2225              		.size	cy_meta_custnvl, 4
 2226              	cy_meta_custnvl:
 2227 0000 00       		.byte	0
 2228 0001 00       		.byte	0
 2229 0002 40       		.byte	64
 2230 0003 05       		.byte	5
 2231              		.section	.cymeta,"a",%progbits
 2232              		.align	2
 2233              		.type	cy_metadata, %object
 2234              		.size	cy_metadata, 12
 2235              	cy_metadata:
 2236 0000 00       		.byte	0
 2237 0001 01       		.byte	1
 2238 0002 2E       		.byte	46
 2239 0003 16       		.byte	22
 2240 0004 10       		.byte	16
 2241 0005 69       		.byte	105
 2242 0006 00       		.byte	0
 2243 0007 01       		.byte	1
 2244 0008 00       		.byte	0
 2245 0009 00       		.byte	0
 2246 000a 00       		.byte	0
 2247 000b 00       		.byte	0
 2248              		.section	.cyflashprotect,"a",%progbits
 2249              		.align	2
 2250              		.type	cy_meta_flashprotect, %object
 2251              		.size	cy_meta_flashprotect, 256
 2252              	cy_meta_flashprotect:
 2253 0000 00000000 		.space	256
 2253      00000000 
 2253      00000000 
 2253      00000000 
 2253      00000000 
 2254              		.text
 2255              	.Letext0:
 2256              		.file 1 "c:\\program files (x86)\\cypress\\psoc creator\\4.2\\psoc creator\\import\\gnu\\arm\\5.4.
 2257              		.file 2 "c:\\program files (x86)\\cypress\\psoc creator\\4.2\\psoc creator\\import\\gnu\\arm\\5.4.
 2258              		.file 3 "Generated_Source\\PSoC5\\cymetadata.c"
 2259              		.section	.debug_info,"",%progbits
 2260              	.Ldebug_info0:
 2261 0000 35010000 		.4byte	0x135
 2262 0004 0400     		.2byte	0x4
 2263 0006 00000000 		.4byte	.Ldebug_abbrev0
 2264 000a 04       		.byte	0x4
 2265 000b 01       		.uleb128 0x1
 2266 000c 24000000 		.4byte	.LASF17
 2267 0010 0C       		.byte	0xc
 2268 0011 D8010000 		.4byte	.LASF18
 2269 0015 F9000000 		.4byte	.LASF19
 2270 0019 00000000 		.4byte	.Ldebug_line0
 2271 001d 02       		.uleb128 0x2
 2272 001e 01       		.byte	0x1
 2273 001f 06       		.byte	0x6
 2274 0020 CC010000 		.4byte	.LASF0
 2275 0024 03       		.uleb128 0x3
 2276 0025 00000000 		.4byte	.LASF9
ARM GAS  C:\Users\Gemma\AppData\Local\Temp\ccyfykBa.s 			page 41


 2277 0029 01       		.byte	0x1
 2278 002a 1D       		.byte	0x1d
 2279 002b 2F000000 		.4byte	0x2f
 2280 002f 02       		.uleb128 0x2
 2281 0030 01       		.byte	0x1
 2282 0031 08       		.byte	0x8
 2283 0032 16000000 		.4byte	.LASF1
 2284 0036 02       		.uleb128 0x2
 2285 0037 02       		.byte	0x2
 2286 0038 05       		.byte	0x5
 2287 0039 B9010000 		.4byte	.LASF2
 2288 003d 02       		.uleb128 0x2
 2289 003e 02       		.byte	0x2
 2290 003f 07       		.byte	0x7
 2291 0040 C4000000 		.4byte	.LASF3
 2292 0044 02       		.uleb128 0x2
 2293 0045 04       		.byte	0x4
 2294 0046 05       		.byte	0x5
 2295 0047 C3010000 		.4byte	.LASF4
 2296 004b 02       		.uleb128 0x2
 2297 004c 04       		.byte	0x4
 2298 004d 07       		.byte	0x7
 2299 004e B2000000 		.4byte	.LASF5
 2300 0052 02       		.uleb128 0x2
 2301 0053 08       		.byte	0x8
 2302 0054 05       		.byte	0x5
 2303 0055 AB010000 		.4byte	.LASF6
 2304 0059 02       		.uleb128 0x2
 2305 005a 08       		.byte	0x8
 2306 005b 07       		.byte	0x7
 2307 005c 60010000 		.4byte	.LASF7
 2308 0060 04       		.uleb128 0x4
 2309 0061 04       		.byte	0x4
 2310 0062 05       		.byte	0x5
 2311 0063 696E7400 		.ascii	"int\000"
 2312 0067 02       		.uleb128 0x2
 2313 0068 04       		.byte	0x4
 2314 0069 07       		.byte	0x7
 2315 006a 53010000 		.4byte	.LASF8
 2316 006e 03       		.uleb128 0x3
 2317 006f 77010000 		.4byte	.LASF10
 2318 0073 02       		.byte	0x2
 2319 0074 18       		.byte	0x18
 2320 0075 24000000 		.4byte	0x24
 2321 0079 05       		.uleb128 0x5
 2322 007a 91000000 		.4byte	0x91
 2323 007e 8A000000 		.4byte	0x8a
 2324 0082 06       		.uleb128 0x6
 2325 0083 8A000000 		.4byte	0x8a
 2326 0087 8708     		.2byte	0x887
 2327 0089 00       		.byte	0
 2328 008a 02       		.uleb128 0x2
 2329 008b 04       		.byte	0x4
 2330 008c 07       		.byte	0x7
 2331 008d A2010000 		.4byte	.LASF11
 2332 0091 07       		.uleb128 0x7
 2333 0092 6E000000 		.4byte	0x6e
ARM GAS  C:\Users\Gemma\AppData\Local\Temp\ccyfykBa.s 			page 42


 2334 0096 08       		.uleb128 0x8
 2335 0097 E7000000 		.4byte	.LASF12
 2336 009b 03       		.byte	0x3
 2337 009c 1F       		.byte	0x1f
 2338 009d A7000000 		.4byte	0xa7
 2339 00a1 05       		.uleb128 0x5
 2340 00a2 03       		.byte	0x3
 2341 00a3 00000000 		.4byte	cy_meta_configecc
 2342 00a7 07       		.uleb128 0x7
 2343 00a8 79000000 		.4byte	0x79
 2344 00ac 05       		.uleb128 0x5
 2345 00ad 91000000 		.4byte	0x91
 2346 00b1 BC000000 		.4byte	0xbc
 2347 00b5 09       		.uleb128 0x9
 2348 00b6 8A000000 		.4byte	0x8a
 2349 00ba 03       		.byte	0x3
 2350 00bb 00       		.byte	0
 2351 00bc 0A       		.uleb128 0xa
 2352 00bd D7000000 		.4byte	.LASF13
 2353 00c1 03       		.byte	0x3
 2354 00c2 3D01     		.2byte	0x13d
 2355 00c4 CE000000 		.4byte	0xce
 2356 00c8 05       		.uleb128 0x5
 2357 00c9 03       		.byte	0x3
 2358 00ca 00000000 		.4byte	cy_meta_custnvl
 2359 00ce 07       		.uleb128 0x7
 2360 00cf AC000000 		.4byte	0xac
 2361 00d3 0A       		.uleb128 0xa
 2362 00d4 94010000 		.4byte	.LASF14
 2363 00d8 03       		.byte	0x3
 2364 00d9 4B01     		.2byte	0x14b
 2365 00db E5000000 		.4byte	0xe5
 2366 00df 05       		.uleb128 0x5
 2367 00e0 03       		.byte	0x3
 2368 00e1 00000000 		.4byte	cy_meta_wonvl
 2369 00e5 07       		.uleb128 0x7
 2370 00e6 AC000000 		.4byte	0xac
 2371 00ea 05       		.uleb128 0x5
 2372 00eb 91000000 		.4byte	0x91
 2373 00ef FA000000 		.4byte	0xfa
 2374 00f3 09       		.uleb128 0x9
 2375 00f4 8A000000 		.4byte	0x8a
 2376 00f8 FF       		.byte	0xff
 2377 00f9 00       		.byte	0
 2378 00fa 0A       		.uleb128 0xa
 2379 00fb 7F010000 		.4byte	.LASF15
 2380 00ff 03       		.byte	0x3
 2381 0100 5901     		.2byte	0x159
 2382 0102 0C010000 		.4byte	0x10c
 2383 0106 05       		.uleb128 0x5
 2384 0107 03       		.byte	0x3
 2385 0108 00000000 		.4byte	cy_meta_flashprotect
 2386 010c 07       		.uleb128 0x7
 2387 010d EA000000 		.4byte	0xea
 2388 0111 05       		.uleb128 0x5
 2389 0112 91000000 		.4byte	0x91
 2390 0116 21010000 		.4byte	0x121
ARM GAS  C:\Users\Gemma\AppData\Local\Temp\ccyfykBa.s 			page 43


 2391 011a 09       		.uleb128 0x9
 2392 011b 8A000000 		.4byte	0x8a
 2393 011f 0B       		.byte	0xb
 2394 0120 00       		.byte	0
 2395 0121 0A       		.uleb128 0xa
 2396 0122 0A000000 		.4byte	.LASF16
 2397 0126 03       		.byte	0x3
 2398 0127 8601     		.2byte	0x186
 2399 0129 33010000 		.4byte	0x133
 2400 012d 05       		.uleb128 0x5
 2401 012e 03       		.byte	0x3
 2402 012f 00000000 		.4byte	cy_metadata
 2403 0133 07       		.uleb128 0x7
 2404 0134 11010000 		.4byte	0x111
 2405 0138 00       		.byte	0
 2406              		.section	.debug_abbrev,"",%progbits
 2407              	.Ldebug_abbrev0:
 2408 0000 01       		.uleb128 0x1
 2409 0001 11       		.uleb128 0x11
 2410 0002 01       		.byte	0x1
 2411 0003 25       		.uleb128 0x25
 2412 0004 0E       		.uleb128 0xe
 2413 0005 13       		.uleb128 0x13
 2414 0006 0B       		.uleb128 0xb
 2415 0007 03       		.uleb128 0x3
 2416 0008 0E       		.uleb128 0xe
 2417 0009 1B       		.uleb128 0x1b
 2418 000a 0E       		.uleb128 0xe
 2419 000b 10       		.uleb128 0x10
 2420 000c 17       		.uleb128 0x17
 2421 000d 00       		.byte	0
 2422 000e 00       		.byte	0
 2423 000f 02       		.uleb128 0x2
 2424 0010 24       		.uleb128 0x24
 2425 0011 00       		.byte	0
 2426 0012 0B       		.uleb128 0xb
 2427 0013 0B       		.uleb128 0xb
 2428 0014 3E       		.uleb128 0x3e
 2429 0015 0B       		.uleb128 0xb
 2430 0016 03       		.uleb128 0x3
 2431 0017 0E       		.uleb128 0xe
 2432 0018 00       		.byte	0
 2433 0019 00       		.byte	0
 2434 001a 03       		.uleb128 0x3
 2435 001b 16       		.uleb128 0x16
 2436 001c 00       		.byte	0
 2437 001d 03       		.uleb128 0x3
 2438 001e 0E       		.uleb128 0xe
 2439 001f 3A       		.uleb128 0x3a
 2440 0020 0B       		.uleb128 0xb
 2441 0021 3B       		.uleb128 0x3b
 2442 0022 0B       		.uleb128 0xb
 2443 0023 49       		.uleb128 0x49
 2444 0024 13       		.uleb128 0x13
 2445 0025 00       		.byte	0
 2446 0026 00       		.byte	0
 2447 0027 04       		.uleb128 0x4
ARM GAS  C:\Users\Gemma\AppData\Local\Temp\ccyfykBa.s 			page 44


 2448 0028 24       		.uleb128 0x24
 2449 0029 00       		.byte	0
 2450 002a 0B       		.uleb128 0xb
 2451 002b 0B       		.uleb128 0xb
 2452 002c 3E       		.uleb128 0x3e
 2453 002d 0B       		.uleb128 0xb
 2454 002e 03       		.uleb128 0x3
 2455 002f 08       		.uleb128 0x8
 2456 0030 00       		.byte	0
 2457 0031 00       		.byte	0
 2458 0032 05       		.uleb128 0x5
 2459 0033 01       		.uleb128 0x1
 2460 0034 01       		.byte	0x1
 2461 0035 49       		.uleb128 0x49
 2462 0036 13       		.uleb128 0x13
 2463 0037 01       		.uleb128 0x1
 2464 0038 13       		.uleb128 0x13
 2465 0039 00       		.byte	0
 2466 003a 00       		.byte	0
 2467 003b 06       		.uleb128 0x6
 2468 003c 21       		.uleb128 0x21
 2469 003d 00       		.byte	0
 2470 003e 49       		.uleb128 0x49
 2471 003f 13       		.uleb128 0x13
 2472 0040 2F       		.uleb128 0x2f
 2473 0041 05       		.uleb128 0x5
 2474 0042 00       		.byte	0
 2475 0043 00       		.byte	0
 2476 0044 07       		.uleb128 0x7
 2477 0045 26       		.uleb128 0x26
 2478 0046 00       		.byte	0
 2479 0047 49       		.uleb128 0x49
 2480 0048 13       		.uleb128 0x13
 2481 0049 00       		.byte	0
 2482 004a 00       		.byte	0
 2483 004b 08       		.uleb128 0x8
 2484 004c 34       		.uleb128 0x34
 2485 004d 00       		.byte	0
 2486 004e 03       		.uleb128 0x3
 2487 004f 0E       		.uleb128 0xe
 2488 0050 3A       		.uleb128 0x3a
 2489 0051 0B       		.uleb128 0xb
 2490 0052 3B       		.uleb128 0x3b
 2491 0053 0B       		.uleb128 0xb
 2492 0054 49       		.uleb128 0x49
 2493 0055 13       		.uleb128 0x13
 2494 0056 3F       		.uleb128 0x3f
 2495 0057 19       		.uleb128 0x19
 2496 0058 02       		.uleb128 0x2
 2497 0059 18       		.uleb128 0x18
 2498 005a 00       		.byte	0
 2499 005b 00       		.byte	0
 2500 005c 09       		.uleb128 0x9
 2501 005d 21       		.uleb128 0x21
 2502 005e 00       		.byte	0
 2503 005f 49       		.uleb128 0x49
 2504 0060 13       		.uleb128 0x13
ARM GAS  C:\Users\Gemma\AppData\Local\Temp\ccyfykBa.s 			page 45


 2505 0061 2F       		.uleb128 0x2f
 2506 0062 0B       		.uleb128 0xb
 2507 0063 00       		.byte	0
 2508 0064 00       		.byte	0
 2509 0065 0A       		.uleb128 0xa
 2510 0066 34       		.uleb128 0x34
 2511 0067 00       		.byte	0
 2512 0068 03       		.uleb128 0x3
 2513 0069 0E       		.uleb128 0xe
 2514 006a 3A       		.uleb128 0x3a
 2515 006b 0B       		.uleb128 0xb
 2516 006c 3B       		.uleb128 0x3b
 2517 006d 05       		.uleb128 0x5
 2518 006e 49       		.uleb128 0x49
 2519 006f 13       		.uleb128 0x13
 2520 0070 3F       		.uleb128 0x3f
 2521 0071 19       		.uleb128 0x19
 2522 0072 02       		.uleb128 0x2
 2523 0073 18       		.uleb128 0x18
 2524 0074 00       		.byte	0
 2525 0075 00       		.byte	0
 2526 0076 00       		.byte	0
 2527              		.section	.debug_aranges,"",%progbits
 2528 0000 14000000 		.4byte	0x14
 2529 0004 0200     		.2byte	0x2
 2530 0006 00000000 		.4byte	.Ldebug_info0
 2531 000a 04       		.byte	0x4
 2532 000b 00       		.byte	0
 2533 000c 0000     		.2byte	0
 2534 000e 0000     		.2byte	0
 2535 0010 00000000 		.4byte	0
 2536 0014 00000000 		.4byte	0
 2537              		.section	.debug_line,"",%progbits
 2538              	.Ldebug_line0:
 2539 0000 3D010000 		.section	.debug_str,"MS",%progbits,1
 2539      02003701 
 2539      00000201 
 2539      FB0E0D00 
 2539      01010101 
 2540              	.LASF9:
 2541 0000 5F5F7569 		.ascii	"__uint8_t\000"
 2541      6E74385F 
 2541      7400
 2542              	.LASF16:
 2543 000a 63795F6D 		.ascii	"cy_metadata\000"
 2543      65746164 
 2543      61746100 
 2544              	.LASF1:
 2545 0016 756E7369 		.ascii	"unsigned char\000"
 2545      676E6564 
 2545      20636861 
 2545      7200
 2546              	.LASF17:
 2547 0024 474E5520 		.ascii	"GNU C11 5.4.1 20160609 (release) [ARM/embedded-5-br"
 2547      43313120 
 2547      352E342E 
 2547      31203230 
ARM GAS  C:\Users\Gemma\AppData\Local\Temp\ccyfykBa.s 			page 46


 2547      31363036 
 2548 0057 616E6368 		.ascii	"anch revision 237715] -mcpu=cortex-m3 -mthumb -g -O"
 2548      20726576 
 2548      6973696F 
 2548      6E203233 
 2548      37373135 
 2549 008a 67202D66 		.ascii	"g -ffunction-sections -ffat-lto-objects\000"
 2549      66756E63 
 2549      74696F6E 
 2549      2D736563 
 2549      74696F6E 
 2550              	.LASF5:
 2551 00b2 6C6F6E67 		.ascii	"long unsigned int\000"
 2551      20756E73 
 2551      69676E65 
 2551      6420696E 
 2551      7400
 2552              	.LASF3:
 2553 00c4 73686F72 		.ascii	"short unsigned int\000"
 2553      7420756E 
 2553      7369676E 
 2553      65642069 
 2553      6E7400
 2554              	.LASF13:
 2555 00d7 63795F6D 		.ascii	"cy_meta_custnvl\000"
 2555      6574615F 
 2555      63757374 
 2555      6E766C00 
 2556              	.LASF12:
 2557 00e7 63795F6D 		.ascii	"cy_meta_configecc\000"
 2557      6574615F 
 2557      636F6E66 
 2557      69676563 
 2557      6300
 2558              	.LASF19:
 2559 00f9 433A5C55 		.ascii	"C:\\Users\\Gemma\\Desktop\\PSoC\\Project-DAQ_for_Ra"
 2559      73657273 
 2559      5C47656D 
 2559      6D615C44 
 2559      65736B74 
 2560 0127 73706265 		.ascii	"spberryPi\\Project-DAQ_for_RaspberryPi.cydsn\000"
 2560      72727950 
 2560      695C5072 
 2560      6F6A6563 
 2560      742D4441 
 2561              	.LASF8:
 2562 0153 756E7369 		.ascii	"unsigned int\000"
 2562      676E6564 
 2562      20696E74 
 2562      00
 2563              	.LASF7:
 2564 0160 6C6F6E67 		.ascii	"long long unsigned int\000"
 2564      206C6F6E 
 2564      6720756E 
 2564      7369676E 
 2564      65642069 
 2565              	.LASF10:
ARM GAS  C:\Users\Gemma\AppData\Local\Temp\ccyfykBa.s 			page 47


 2566 0177 75696E74 		.ascii	"uint8_t\000"
 2566      385F7400 
 2567              	.LASF15:
 2568 017f 63795F6D 		.ascii	"cy_meta_flashprotect\000"
 2568      6574615F 
 2568      666C6173 
 2568      6870726F 
 2568      74656374 
 2569              	.LASF14:
 2570 0194 63795F6D 		.ascii	"cy_meta_wonvl\000"
 2570      6574615F 
 2570      776F6E76 
 2570      6C00
 2571              	.LASF11:
 2572 01a2 73697A65 		.ascii	"sizetype\000"
 2572      74797065 
 2572      00
 2573              	.LASF6:
 2574 01ab 6C6F6E67 		.ascii	"long long int\000"
 2574      206C6F6E 
 2574      6720696E 
 2574      7400
 2575              	.LASF2:
 2576 01b9 73686F72 		.ascii	"short int\000"
 2576      7420696E 
 2576      7400
 2577              	.LASF4:
 2578 01c3 6C6F6E67 		.ascii	"long int\000"
 2578      20696E74 
 2578      00
 2579              	.LASF0:
 2580 01cc 7369676E 		.ascii	"signed char\000"
 2580      65642063 
 2580      68617200 
 2581              	.LASF18:
 2582 01d8 47656E65 		.ascii	"Generated_Source\\PSoC5\\cymetadata.c\000"
 2582      72617465 
 2582      645F536F 
 2582      75726365 
 2582      5C50536F 
 2583              		.ident	"GCC: (GNU Tools for ARM Embedded Processors) 5.4.1 20160609 (release) [ARM/embedded-5-bran
