ARM GAS  C:\Users\Gemma\AppData\Local\Temp\ccfqpgH3.s 			page 1


   1              		.syntax unified
   2              		.cpu cortex-m3
   3              		.fpu softvfp
   4              		.eabi_attribute 20, 1
   5              		.eabi_attribute 21, 1
   6              		.eabi_attribute 23, 3
   7              		.eabi_attribute 24, 1
   8              		.eabi_attribute 25, 1
   9              		.eabi_attribute 26, 1
  10              		.eabi_attribute 30, 1
  11              		.eabi_attribute 34, 1
  12              		.eabi_attribute 18, 4
  13              		.thumb
  14              		.syntax unified
  15              		.file	"I2C.c"
  16              		.text
  17              	.Ltext0:
  18              		.cfi_sections	.debug_frame
  19              		.section	.text.I2C_Init,"ax",%progbits
  20              		.align	2
  21              		.global	I2C_Init
  22              		.thumb
  23              		.thumb_func
  24              		.type	I2C_Init, %function
  25              	I2C_Init:
  26              	.LFB0:
  27              		.file 1 "Generated_Source\\PSoC5\\I2C.c"
   1:Generated_Source\PSoC5/I2C.c **** /*******************************************************************************
   2:Generated_Source\PSoC5/I2C.c **** * File Name: I2C.c
   3:Generated_Source\PSoC5/I2C.c **** * Version 3.50
   4:Generated_Source\PSoC5/I2C.c **** *
   5:Generated_Source\PSoC5/I2C.c **** * Description:
   6:Generated_Source\PSoC5/I2C.c **** *  This file provides the source code of APIs for the I2C component.
   7:Generated_Source\PSoC5/I2C.c **** *  The actual protocol and operation code resides in the interrupt service
   8:Generated_Source\PSoC5/I2C.c **** *  routine file.
   9:Generated_Source\PSoC5/I2C.c **** *
  10:Generated_Source\PSoC5/I2C.c **** *******************************************************************************
  11:Generated_Source\PSoC5/I2C.c **** * Copyright 2008-2015, Cypress Semiconductor Corporation. All rights reserved.
  12:Generated_Source\PSoC5/I2C.c **** * You may use this file only in accordance with the license, terms, conditions,
  13:Generated_Source\PSoC5/I2C.c **** * disclaimers, and limitations in the end user license agreement accompanying
  14:Generated_Source\PSoC5/I2C.c **** * the software package with which this file was provided.
  15:Generated_Source\PSoC5/I2C.c **** *******************************************************************************/
  16:Generated_Source\PSoC5/I2C.c **** 
  17:Generated_Source\PSoC5/I2C.c **** #include "I2C_PVT.h"
  18:Generated_Source\PSoC5/I2C.c **** 
  19:Generated_Source\PSoC5/I2C.c **** 
  20:Generated_Source\PSoC5/I2C.c **** /**********************************
  21:Generated_Source\PSoC5/I2C.c **** *      System variables
  22:Generated_Source\PSoC5/I2C.c **** **********************************/
  23:Generated_Source\PSoC5/I2C.c **** 
  24:Generated_Source\PSoC5/I2C.c **** uint8 I2C_initVar = 0u; /* Defines if component was initialized */
  25:Generated_Source\PSoC5/I2C.c **** 
  26:Generated_Source\PSoC5/I2C.c **** volatile uint8 I2C_state;  /* Current state of I2C FSM */
  27:Generated_Source\PSoC5/I2C.c **** 
  28:Generated_Source\PSoC5/I2C.c **** 
  29:Generated_Source\PSoC5/I2C.c **** /*******************************************************************************
  30:Generated_Source\PSoC5/I2C.c **** * Function Name: I2C_Init
ARM GAS  C:\Users\Gemma\AppData\Local\Temp\ccfqpgH3.s 			page 2


  31:Generated_Source\PSoC5/I2C.c **** ********************************************************************************
  32:Generated_Source\PSoC5/I2C.c **** *
  33:Generated_Source\PSoC5/I2C.c **** * Summary:
  34:Generated_Source\PSoC5/I2C.c **** *  Initializes I2C registers with initial values provided from customizer.
  35:Generated_Source\PSoC5/I2C.c **** *
  36:Generated_Source\PSoC5/I2C.c **** * Parameters:
  37:Generated_Source\PSoC5/I2C.c **** *  None.
  38:Generated_Source\PSoC5/I2C.c **** *
  39:Generated_Source\PSoC5/I2C.c **** * Return:
  40:Generated_Source\PSoC5/I2C.c **** *  None.
  41:Generated_Source\PSoC5/I2C.c **** *
  42:Generated_Source\PSoC5/I2C.c **** * Global variables:
  43:Generated_Source\PSoC5/I2C.c **** *  None.
  44:Generated_Source\PSoC5/I2C.c **** *
  45:Generated_Source\PSoC5/I2C.c **** * Reentrant:
  46:Generated_Source\PSoC5/I2C.c **** *  No.
  47:Generated_Source\PSoC5/I2C.c **** *
  48:Generated_Source\PSoC5/I2C.c **** *******************************************************************************/
  49:Generated_Source\PSoC5/I2C.c **** void I2C_Init(void) 
  50:Generated_Source\PSoC5/I2C.c **** {
  28              		.loc 1 50 0
  29              		.cfi_startproc
  30              		@ args = 0, pretend = 0, frame = 0
  31              		@ frame_needed = 0, uses_anonymous_args = 0
  32 0000 38B5     		push	{r3, r4, r5, lr}
  33              		.cfi_def_cfa_offset 16
  34              		.cfi_offset 3, -16
  35              		.cfi_offset 4, -12
  36              		.cfi_offset 5, -8
  37              		.cfi_offset 14, -4
  51:Generated_Source\PSoC5/I2C.c **** #if (I2C_FF_IMPLEMENTED)
  52:Generated_Source\PSoC5/I2C.c ****     /* Configure fixed function block */
  53:Generated_Source\PSoC5/I2C.c ****     I2C_CFG_REG  = I2C_DEFAULT_CFG;
  54:Generated_Source\PSoC5/I2C.c ****     I2C_XCFG_REG = I2C_DEFAULT_XCFG;
  55:Generated_Source\PSoC5/I2C.c ****     I2C_ADDR_REG = I2C_DEFAULT_ADDR;
  56:Generated_Source\PSoC5/I2C.c ****     I2C_CLKDIV1_REG = LO8(I2C_DEFAULT_DIVIDE_FACTOR);
  57:Generated_Source\PSoC5/I2C.c ****     I2C_CLKDIV2_REG = HI8(I2C_DEFAULT_DIVIDE_FACTOR);
  58:Generated_Source\PSoC5/I2C.c **** 
  59:Generated_Source\PSoC5/I2C.c **** #else
  60:Generated_Source\PSoC5/I2C.c ****     uint8 intState;
  61:Generated_Source\PSoC5/I2C.c **** 
  62:Generated_Source\PSoC5/I2C.c ****     /* Configure control and interrupt sources */
  63:Generated_Source\PSoC5/I2C.c ****     I2C_CFG_REG      = I2C_DEFAULT_CFG;
  38              		.loc 1 63 0
  39 0002 0024     		movs	r4, #0
  40 0004 134B     		ldr	r3, .L3
  41 0006 1C70     		strb	r4, [r3]
  64:Generated_Source\PSoC5/I2C.c ****     I2C_INT_MASK_REG = I2C_DEFAULT_INT_MASK;
  42              		.loc 1 64 0
  43 0008 0125     		movs	r5, #1
  44 000a F13B     		subs	r3, r3, #241
  45 000c 1D70     		strb	r5, [r3]
  65:Generated_Source\PSoC5/I2C.c **** 
  66:Generated_Source\PSoC5/I2C.c ****     /* Enable interrupt generation in status */
  67:Generated_Source\PSoC5/I2C.c ****     intState = CyEnterCriticalSection();
  46              		.loc 1 67 0
  47 000e FFF7FEFF 		bl	CyEnterCriticalSection
ARM GAS  C:\Users\Gemma\AppData\Local\Temp\ccfqpgH3.s 			page 3


  48              	.LVL0:
  68:Generated_Source\PSoC5/I2C.c ****     I2C_INT_ENABLE_REG |= I2C_INTR_ENABLE;
  49              		.loc 1 68 0
  50 0012 114A     		ldr	r2, .L3+4
  51 0014 1378     		ldrb	r3, [r2]	@ zero_extendqisi2
  52 0016 43F01003 		orr	r3, r3, #16
  53 001a 1370     		strb	r3, [r2]
  69:Generated_Source\PSoC5/I2C.c ****     CyExitCriticalSection(intState);
  54              		.loc 1 69 0
  55 001c FFF7FEFF 		bl	CyExitCriticalSection
  56              	.LVL1:
  70:Generated_Source\PSoC5/I2C.c **** 
  71:Generated_Source\PSoC5/I2C.c ****     /* Configure bit counter */
  72:Generated_Source\PSoC5/I2C.c ****     #if (I2C_MODE_SLAVE_ENABLED)
  73:Generated_Source\PSoC5/I2C.c ****         I2C_PERIOD_REG = I2C_DEFAULT_PERIOD;
  57              		.loc 1 73 0
  58 0020 0721     		movs	r1, #7
  59 0022 0E4B     		ldr	r3, .L3+8
  60 0024 1970     		strb	r1, [r3]
  74:Generated_Source\PSoC5/I2C.c ****     #endif  /* (I2C_MODE_SLAVE_ENABLED) */
  75:Generated_Source\PSoC5/I2C.c **** 
  76:Generated_Source\PSoC5/I2C.c ****     /* Configure clock generator */
  77:Generated_Source\PSoC5/I2C.c ****     #if (I2C_MODE_MASTER_ENABLED)
  78:Generated_Source\PSoC5/I2C.c ****         I2C_MCLK_PRD_REG = I2C_DEFAULT_MCLK_PRD;
  79:Generated_Source\PSoC5/I2C.c ****         I2C_MCLK_CMP_REG = I2C_DEFAULT_MCLK_CMP;
  80:Generated_Source\PSoC5/I2C.c ****     #endif /* (I2C_MODE_MASTER_ENABLED) */
  81:Generated_Source\PSoC5/I2C.c **** #endif /* (I2C_FF_IMPLEMENTED) */
  82:Generated_Source\PSoC5/I2C.c **** 
  83:Generated_Source\PSoC5/I2C.c **** #if (I2C_TIMEOUT_ENABLED)
  84:Generated_Source\PSoC5/I2C.c ****     I2C_TimeoutInit();
  85:Generated_Source\PSoC5/I2C.c **** #endif /* (I2C_TIMEOUT_ENABLED) */
  86:Generated_Source\PSoC5/I2C.c **** 
  87:Generated_Source\PSoC5/I2C.c ****     /* Configure internal interrupt */
  88:Generated_Source\PSoC5/I2C.c ****     CyIntDisable    (I2C_ISR_NUMBER);
  61              		.loc 1 88 0
  62 0026 0222     		movs	r2, #2
  63 0028 0D4B     		ldr	r3, .L3+12
  64 002a 1A60     		str	r2, [r3]
  89:Generated_Source\PSoC5/I2C.c ****     CyIntSetPriority(I2C_ISR_NUMBER, I2C_ISR_PRIORITY);
  65              		.loc 1 89 0
  66 002c 2846     		mov	r0, r5
  67 002e FFF7FEFF 		bl	CyIntSetPriority
  68              	.LVL2:
  90:Generated_Source\PSoC5/I2C.c ****     #if (I2C_INTERN_I2C_INTR_HANDLER)
  91:Generated_Source\PSoC5/I2C.c ****         (void) CyIntSetVector(I2C_ISR_NUMBER, &I2C_ISR);
  69              		.loc 1 91 0
  70 0032 0C49     		ldr	r1, .L3+16
  71 0034 2846     		mov	r0, r5
  72 0036 FFF7FEFF 		bl	CyIntSetVector
  73              	.LVL3:
  92:Generated_Source\PSoC5/I2C.c ****     #endif /* (I2C_INTERN_I2C_INTR_HANDLER) */
  93:Generated_Source\PSoC5/I2C.c **** 
  94:Generated_Source\PSoC5/I2C.c ****     /* Set FSM to default state */
  95:Generated_Source\PSoC5/I2C.c ****     I2C_state = I2C_SM_IDLE;
  74              		.loc 1 95 0
  75 003a 1022     		movs	r2, #16
  76 003c 0A4B     		ldr	r3, .L3+20
ARM GAS  C:\Users\Gemma\AppData\Local\Temp\ccfqpgH3.s 			page 4


  77 003e 1A70     		strb	r2, [r3]
  96:Generated_Source\PSoC5/I2C.c **** 
  97:Generated_Source\PSoC5/I2C.c **** #if (I2C_MODE_SLAVE_ENABLED)
  98:Generated_Source\PSoC5/I2C.c ****     /* Clear status and buffers index */
  99:Generated_Source\PSoC5/I2C.c ****     I2C_slStatus = 0u;
  78              		.loc 1 99 0
  79 0040 0A4B     		ldr	r3, .L3+24
  80 0042 1C70     		strb	r4, [r3]
 100:Generated_Source\PSoC5/I2C.c ****     I2C_slRdBufIndex = 0u;
  81              		.loc 1 100 0
  82 0044 0A4B     		ldr	r3, .L3+28
  83 0046 1C70     		strb	r4, [r3]
 101:Generated_Source\PSoC5/I2C.c ****     I2C_slWrBufIndex = 0u;
  84              		.loc 1 101 0
  85 0048 0A4B     		ldr	r3, .L3+32
  86 004a 1C70     		strb	r4, [r3]
 102:Generated_Source\PSoC5/I2C.c **** 
 103:Generated_Source\PSoC5/I2C.c ****     /* Configure matched address */
 104:Generated_Source\PSoC5/I2C.c ****     I2C_SlaveSetAddress(I2C_DEFAULT_ADDR);
  87              		.loc 1 104 0
  88 004c 0820     		movs	r0, #8
  89 004e FFF7FEFF 		bl	I2C_SlaveSetAddress
  90              	.LVL4:
  91 0052 38BD     		pop	{r3, r4, r5, pc}
  92              	.L4:
  93              		.align	2
  94              	.L3:
  95 0054 76650040 		.word	1073767798
  96 0058 95640040 		.word	1073767573
  97 005c 82640040 		.word	1073767554
  98 0060 80E100E0 		.word	-536813184
  99 0064 00000000 		.word	I2C_ISR
 100 0068 00000000 		.word	I2C_state
 101 006c 00000000 		.word	I2C_slStatus
 102 0070 00000000 		.word	I2C_slRdBufIndex
 103 0074 00000000 		.word	I2C_slWrBufIndex
 104              		.cfi_endproc
 105              	.LFE0:
 106              		.size	I2C_Init, .-I2C_Init
 107              		.section	.text.I2C_Enable,"ax",%progbits
 108              		.align	2
 109              		.global	I2C_Enable
 110              		.thumb
 111              		.thumb_func
 112              		.type	I2C_Enable, %function
 113              	I2C_Enable:
 114              	.LFB1:
 105:Generated_Source\PSoC5/I2C.c **** #endif /* (I2C_MODE_SLAVE_ENABLED) */
 106:Generated_Source\PSoC5/I2C.c **** 
 107:Generated_Source\PSoC5/I2C.c **** #if (I2C_MODE_MASTER_ENABLED)
 108:Generated_Source\PSoC5/I2C.c ****     /* Clear status and buffers index */
 109:Generated_Source\PSoC5/I2C.c ****     I2C_mstrStatus = 0u;
 110:Generated_Source\PSoC5/I2C.c ****     I2C_mstrRdBufIndex = 0u;
 111:Generated_Source\PSoC5/I2C.c ****     I2C_mstrWrBufIndex = 0u;
 112:Generated_Source\PSoC5/I2C.c **** #endif /* (I2C_MODE_MASTER_ENABLED) */
 113:Generated_Source\PSoC5/I2C.c **** }
 114:Generated_Source\PSoC5/I2C.c **** 
ARM GAS  C:\Users\Gemma\AppData\Local\Temp\ccfqpgH3.s 			page 5


 115:Generated_Source\PSoC5/I2C.c **** 
 116:Generated_Source\PSoC5/I2C.c **** /*******************************************************************************
 117:Generated_Source\PSoC5/I2C.c **** * Function Name: I2C_Enable
 118:Generated_Source\PSoC5/I2C.c **** ********************************************************************************
 119:Generated_Source\PSoC5/I2C.c **** *
 120:Generated_Source\PSoC5/I2C.c **** * Summary:
 121:Generated_Source\PSoC5/I2C.c **** *  Enables I2C operations.
 122:Generated_Source\PSoC5/I2C.c **** *
 123:Generated_Source\PSoC5/I2C.c **** * Parameters:
 124:Generated_Source\PSoC5/I2C.c **** *  None.
 125:Generated_Source\PSoC5/I2C.c **** *
 126:Generated_Source\PSoC5/I2C.c **** * Return:
 127:Generated_Source\PSoC5/I2C.c **** *  None.
 128:Generated_Source\PSoC5/I2C.c **** *
 129:Generated_Source\PSoC5/I2C.c **** * Global variables:
 130:Generated_Source\PSoC5/I2C.c **** *  None.
 131:Generated_Source\PSoC5/I2C.c **** *
 132:Generated_Source\PSoC5/I2C.c **** *******************************************************************************/
 133:Generated_Source\PSoC5/I2C.c **** void I2C_Enable(void) 
 134:Generated_Source\PSoC5/I2C.c **** {
 115              		.loc 1 134 0
 116              		.cfi_startproc
 117              		@ args = 0, pretend = 0, frame = 0
 118              		@ frame_needed = 0, uses_anonymous_args = 0
 119 0000 08B5     		push	{r3, lr}
 120              		.cfi_def_cfa_offset 8
 121              		.cfi_offset 3, -8
 122              		.cfi_offset 14, -4
 135:Generated_Source\PSoC5/I2C.c **** #if (I2C_FF_IMPLEMENTED)
 136:Generated_Source\PSoC5/I2C.c ****     uint8 intState;
 137:Generated_Source\PSoC5/I2C.c **** 
 138:Generated_Source\PSoC5/I2C.c ****     /* Enable power to block */
 139:Generated_Source\PSoC5/I2C.c ****     intState = CyEnterCriticalSection();
 140:Generated_Source\PSoC5/I2C.c ****     I2C_ACT_PWRMGR_REG  |= I2C_ACT_PWR_EN;
 141:Generated_Source\PSoC5/I2C.c ****     I2C_STBY_PWRMGR_REG |= I2C_STBY_PWR_EN;
 142:Generated_Source\PSoC5/I2C.c ****     CyExitCriticalSection(intState);
 143:Generated_Source\PSoC5/I2C.c **** #else
 144:Generated_Source\PSoC5/I2C.c ****     #if (I2C_MODE_SLAVE_ENABLED)
 145:Generated_Source\PSoC5/I2C.c ****         /* Enable bit counter */
 146:Generated_Source\PSoC5/I2C.c ****         uint8 intState = CyEnterCriticalSection();
 123              		.loc 1 146 0
 124 0002 FFF7FEFF 		bl	CyEnterCriticalSection
 125              	.LVL5:
 147:Generated_Source\PSoC5/I2C.c ****         I2C_COUNTER_AUX_CTL_REG |= I2C_CNT7_ENABLE;
 126              		.loc 1 147 0
 127 0006 064A     		ldr	r2, .L7
 128 0008 1378     		ldrb	r3, [r2]	@ zero_extendqisi2
 129 000a 43F02003 		orr	r3, r3, #32
 130 000e 1370     		strb	r3, [r2]
 148:Generated_Source\PSoC5/I2C.c ****         CyExitCriticalSection(intState);
 131              		.loc 1 148 0
 132 0010 FFF7FEFF 		bl	CyExitCriticalSection
 133              	.LVL6:
 149:Generated_Source\PSoC5/I2C.c ****     #endif /* (I2C_MODE_SLAVE_ENABLED) */
 150:Generated_Source\PSoC5/I2C.c **** 
 151:Generated_Source\PSoC5/I2C.c ****     /* Enable slave or master bits */
 152:Generated_Source\PSoC5/I2C.c ****     I2C_CFG_REG |= I2C_ENABLE_MS;
ARM GAS  C:\Users\Gemma\AppData\Local\Temp\ccfqpgH3.s 			page 6


 134              		.loc 1 152 0
 135 0014 034A     		ldr	r2, .L7+4
 136 0016 1378     		ldrb	r3, [r2]	@ zero_extendqisi2
 137 0018 43F00103 		orr	r3, r3, #1
 138 001c 1370     		strb	r3, [r2]
 139 001e 08BD     		pop	{r3, pc}
 140              	.L8:
 141              		.align	2
 142              	.L7:
 143 0020 92640040 		.word	1073767570
 144 0024 76650040 		.word	1073767798
 145              		.cfi_endproc
 146              	.LFE1:
 147              		.size	I2C_Enable, .-I2C_Enable
 148              		.section	.text.I2C_Start,"ax",%progbits
 149              		.align	2
 150              		.global	I2C_Start
 151              		.thumb
 152              		.thumb_func
 153              		.type	I2C_Start, %function
 154              	I2C_Start:
 155              	.LFB2:
 153:Generated_Source\PSoC5/I2C.c **** #endif /* (I2C_FF_IMPLEMENTED) */
 154:Generated_Source\PSoC5/I2C.c **** 
 155:Generated_Source\PSoC5/I2C.c **** #if (I2C_TIMEOUT_ENABLED)
 156:Generated_Source\PSoC5/I2C.c ****     I2C_TimeoutEnable();
 157:Generated_Source\PSoC5/I2C.c **** #endif /* (I2C_TIMEOUT_ENABLED) */
 158:Generated_Source\PSoC5/I2C.c **** }
 159:Generated_Source\PSoC5/I2C.c **** 
 160:Generated_Source\PSoC5/I2C.c **** 
 161:Generated_Source\PSoC5/I2C.c **** /*******************************************************************************
 162:Generated_Source\PSoC5/I2C.c **** * Function Name: I2C_Start
 163:Generated_Source\PSoC5/I2C.c **** ********************************************************************************
 164:Generated_Source\PSoC5/I2C.c **** *
 165:Generated_Source\PSoC5/I2C.c **** * Summary:
 166:Generated_Source\PSoC5/I2C.c **** *  Starts the I2C hardware. Enables Active mode power template bits or clock
 167:Generated_Source\PSoC5/I2C.c **** *  gating as appropriate. It is required to be executed before I2C bus
 168:Generated_Source\PSoC5/I2C.c **** *  operation.
 169:Generated_Source\PSoC5/I2C.c **** *
 170:Generated_Source\PSoC5/I2C.c **** * Parameters:
 171:Generated_Source\PSoC5/I2C.c **** *  None.
 172:Generated_Source\PSoC5/I2C.c **** *
 173:Generated_Source\PSoC5/I2C.c **** * Return:
 174:Generated_Source\PSoC5/I2C.c **** *  None.
 175:Generated_Source\PSoC5/I2C.c **** *
 176:Generated_Source\PSoC5/I2C.c **** * Side Effects:
 177:Generated_Source\PSoC5/I2C.c **** *  This component automatically enables its interrupt.  If I2C is enabled !
 178:Generated_Source\PSoC5/I2C.c **** *  without the interrupt enabled, it can lock up the I2C bus.
 179:Generated_Source\PSoC5/I2C.c **** *
 180:Generated_Source\PSoC5/I2C.c **** * Global variables:
 181:Generated_Source\PSoC5/I2C.c **** *  I2C_initVar - This variable is used to check the initial
 182:Generated_Source\PSoC5/I2C.c **** *                             configuration, modified on the first
 183:Generated_Source\PSoC5/I2C.c **** *                             function call.
 184:Generated_Source\PSoC5/I2C.c **** *
 185:Generated_Source\PSoC5/I2C.c **** * Reentrant:
 186:Generated_Source\PSoC5/I2C.c **** *  No.
 187:Generated_Source\PSoC5/I2C.c **** *
ARM GAS  C:\Users\Gemma\AppData\Local\Temp\ccfqpgH3.s 			page 7


 188:Generated_Source\PSoC5/I2C.c **** *******************************************************************************/
 189:Generated_Source\PSoC5/I2C.c **** void I2C_Start(void) 
 190:Generated_Source\PSoC5/I2C.c **** {
 156              		.loc 1 190 0
 157              		.cfi_startproc
 158              		@ args = 0, pretend = 0, frame = 0
 159              		@ frame_needed = 0, uses_anonymous_args = 0
 160 0000 08B5     		push	{r3, lr}
 161              		.cfi_def_cfa_offset 8
 162              		.cfi_offset 3, -8
 163              		.cfi_offset 14, -4
 191:Generated_Source\PSoC5/I2C.c ****     if (0u == I2C_initVar)
 164              		.loc 1 191 0
 165 0002 074B     		ldr	r3, .L12
 166 0004 1B78     		ldrb	r3, [r3]	@ zero_extendqisi2
 167 0006 23B9     		cbnz	r3, .L10
 192:Generated_Source\PSoC5/I2C.c ****     {
 193:Generated_Source\PSoC5/I2C.c ****         I2C_Init();
 168              		.loc 1 193 0
 169 0008 FFF7FEFF 		bl	I2C_Init
 170              	.LVL7:
 194:Generated_Source\PSoC5/I2C.c ****         I2C_initVar = 1u; /* Component initialized */
 171              		.loc 1 194 0
 172 000c 0122     		movs	r2, #1
 173 000e 044B     		ldr	r3, .L12
 174 0010 1A70     		strb	r2, [r3]
 175              	.L10:
 195:Generated_Source\PSoC5/I2C.c ****     }
 196:Generated_Source\PSoC5/I2C.c **** 
 197:Generated_Source\PSoC5/I2C.c ****     I2C_Enable();
 176              		.loc 1 197 0
 177 0012 FFF7FEFF 		bl	I2C_Enable
 178              	.LVL8:
 198:Generated_Source\PSoC5/I2C.c ****     I2C_EnableInt();
 179              		.loc 1 198 0
 180 0016 0222     		movs	r2, #2
 181 0018 024B     		ldr	r3, .L12+4
 182 001a 1A60     		str	r2, [r3]
 183 001c 08BD     		pop	{r3, pc}
 184              	.L13:
 185 001e 00BF     		.align	2
 186              	.L12:
 187 0020 00000000 		.word	.LANCHOR0
 188 0024 00E100E0 		.word	-536813312
 189              		.cfi_endproc
 190              	.LFE2:
 191              		.size	I2C_Start, .-I2C_Start
 192              		.section	.text.I2C_Stop,"ax",%progbits
 193              		.align	2
 194              		.global	I2C_Stop
 195              		.thumb
 196              		.thumb_func
 197              		.type	I2C_Stop, %function
 198              	I2C_Stop:
 199              	.LFB3:
 199:Generated_Source\PSoC5/I2C.c **** }
 200:Generated_Source\PSoC5/I2C.c **** 
ARM GAS  C:\Users\Gemma\AppData\Local\Temp\ccfqpgH3.s 			page 8


 201:Generated_Source\PSoC5/I2C.c **** 
 202:Generated_Source\PSoC5/I2C.c **** /*******************************************************************************
 203:Generated_Source\PSoC5/I2C.c **** * Function Name: I2C_Stop
 204:Generated_Source\PSoC5/I2C.c **** ********************************************************************************
 205:Generated_Source\PSoC5/I2C.c **** *
 206:Generated_Source\PSoC5/I2C.c **** * Summary:
 207:Generated_Source\PSoC5/I2C.c **** *  Disables I2C hardware and disables I2C interrupt. Disables Active mode power
 208:Generated_Source\PSoC5/I2C.c **** *  template bits or clock gating as appropriate.
 209:Generated_Source\PSoC5/I2C.c **** *
 210:Generated_Source\PSoC5/I2C.c **** * Parameters:
 211:Generated_Source\PSoC5/I2C.c **** *  None.
 212:Generated_Source\PSoC5/I2C.c **** *
 213:Generated_Source\PSoC5/I2C.c **** * Return:
 214:Generated_Source\PSoC5/I2C.c **** *  None.
 215:Generated_Source\PSoC5/I2C.c **** *
 216:Generated_Source\PSoC5/I2C.c **** *******************************************************************************/
 217:Generated_Source\PSoC5/I2C.c **** void I2C_Stop(void) 
 218:Generated_Source\PSoC5/I2C.c **** {
 200              		.loc 1 218 0
 201              		.cfi_startproc
 202              		@ args = 0, pretend = 0, frame = 0
 203              		@ frame_needed = 0, uses_anonymous_args = 0
 204 0000 10B5     		push	{r4, lr}
 205              		.cfi_def_cfa_offset 8
 206              		.cfi_offset 4, -8
 207              		.cfi_offset 14, -4
 219:Generated_Source\PSoC5/I2C.c ****     I2C_DisableInt();
 208              		.loc 1 219 0
 209 0002 0224     		movs	r4, #2
 210 0004 104B     		ldr	r3, .L16
 211 0006 1C60     		str	r4, [r3]
 220:Generated_Source\PSoC5/I2C.c **** 
 221:Generated_Source\PSoC5/I2C.c **** #if (I2C_TIMEOUT_ENABLED)
 222:Generated_Source\PSoC5/I2C.c ****     I2C_TimeoutStop();
 223:Generated_Source\PSoC5/I2C.c **** #endif  /* End (I2C_TIMEOUT_ENABLED) */
 224:Generated_Source\PSoC5/I2C.c **** 
 225:Generated_Source\PSoC5/I2C.c **** #if (I2C_FF_IMPLEMENTED)
 226:Generated_Source\PSoC5/I2C.c ****     {
 227:Generated_Source\PSoC5/I2C.c ****         uint8 intState;
 228:Generated_Source\PSoC5/I2C.c ****         uint16 blockResetCycles;
 229:Generated_Source\PSoC5/I2C.c **** 
 230:Generated_Source\PSoC5/I2C.c ****         /* Store registers effected by block disable */
 231:Generated_Source\PSoC5/I2C.c ****         I2C_backup.addr    = I2C_ADDR_REG;
 232:Generated_Source\PSoC5/I2C.c ****         I2C_backup.clkDiv1 = I2C_CLKDIV1_REG;
 233:Generated_Source\PSoC5/I2C.c ****         I2C_backup.clkDiv2 = I2C_CLKDIV2_REG;
 234:Generated_Source\PSoC5/I2C.c **** 
 235:Generated_Source\PSoC5/I2C.c ****         /* Calculate number of cycles to reset block */
 236:Generated_Source\PSoC5/I2C.c ****         blockResetCycles = ((uint16) ((uint16) I2C_CLKDIV2_REG << 8u) | I2C_CLKDIV1_REG) + 1u;
 237:Generated_Source\PSoC5/I2C.c **** 
 238:Generated_Source\PSoC5/I2C.c ****         /* Disable block */
 239:Generated_Source\PSoC5/I2C.c ****         I2C_CFG_REG &= (uint8) ~I2C_CFG_EN_SLAVE;
 240:Generated_Source\PSoC5/I2C.c ****         /* Wait for block reset before disable power */
 241:Generated_Source\PSoC5/I2C.c ****         CyDelayCycles((uint32) blockResetCycles);
 242:Generated_Source\PSoC5/I2C.c **** 
 243:Generated_Source\PSoC5/I2C.c ****         /* Disable power to block */
 244:Generated_Source\PSoC5/I2C.c ****         intState = CyEnterCriticalSection();
 245:Generated_Source\PSoC5/I2C.c ****         I2C_ACT_PWRMGR_REG  &= (uint8) ~I2C_ACT_PWR_EN;
ARM GAS  C:\Users\Gemma\AppData\Local\Temp\ccfqpgH3.s 			page 9


 246:Generated_Source\PSoC5/I2C.c ****         I2C_STBY_PWRMGR_REG &= (uint8) ~I2C_STBY_PWR_EN;
 247:Generated_Source\PSoC5/I2C.c ****         CyExitCriticalSection(intState);
 248:Generated_Source\PSoC5/I2C.c **** 
 249:Generated_Source\PSoC5/I2C.c ****         /* Enable block */
 250:Generated_Source\PSoC5/I2C.c ****         I2C_CFG_REG |= (uint8) I2C_ENABLE_MS;
 251:Generated_Source\PSoC5/I2C.c **** 
 252:Generated_Source\PSoC5/I2C.c ****         /* Restore registers effected by block disable. Ticket ID#198004 */
 253:Generated_Source\PSoC5/I2C.c ****         I2C_ADDR_REG    = I2C_backup.addr;
 254:Generated_Source\PSoC5/I2C.c ****         I2C_ADDR_REG    = I2C_backup.addr;
 255:Generated_Source\PSoC5/I2C.c ****         I2C_CLKDIV1_REG = I2C_backup.clkDiv1;
 256:Generated_Source\PSoC5/I2C.c ****         I2C_CLKDIV2_REG = I2C_backup.clkDiv2;
 257:Generated_Source\PSoC5/I2C.c ****     }
 258:Generated_Source\PSoC5/I2C.c **** #else
 259:Generated_Source\PSoC5/I2C.c **** 
 260:Generated_Source\PSoC5/I2C.c ****     /* Disable slave or master bits */
 261:Generated_Source\PSoC5/I2C.c ****     I2C_CFG_REG &= (uint8) ~I2C_ENABLE_MS;
 212              		.loc 1 261 0
 213 0008 104A     		ldr	r2, .L16+4
 214 000a 1378     		ldrb	r3, [r2]	@ zero_extendqisi2
 215 000c 03F0FE03 		and	r3, r3, #254
 216 0010 1370     		strb	r3, [r2]
 217              	.LBB2:
 262:Generated_Source\PSoC5/I2C.c **** 
 263:Generated_Source\PSoC5/I2C.c **** #if (I2C_MODE_SLAVE_ENABLED)
 264:Generated_Source\PSoC5/I2C.c ****     {
 265:Generated_Source\PSoC5/I2C.c ****         /* Disable bit counter */
 266:Generated_Source\PSoC5/I2C.c ****         uint8 intState = CyEnterCriticalSection();
 218              		.loc 1 266 0
 219 0012 FFF7FEFF 		bl	CyEnterCriticalSection
 220              	.LVL9:
 267:Generated_Source\PSoC5/I2C.c ****         I2C_COUNTER_AUX_CTL_REG &= (uint8) ~I2C_CNT7_ENABLE;
 221              		.loc 1 267 0
 222 0016 0E4A     		ldr	r2, .L16+8
 223 0018 1378     		ldrb	r3, [r2]	@ zero_extendqisi2
 224 001a 03F0DF03 		and	r3, r3, #223
 225 001e 1370     		strb	r3, [r2]
 268:Generated_Source\PSoC5/I2C.c ****         CyExitCriticalSection(intState);
 226              		.loc 1 268 0
 227 0020 FFF7FEFF 		bl	CyExitCriticalSection
 228              	.LVL10:
 229              	.LBE2:
 269:Generated_Source\PSoC5/I2C.c ****     }
 270:Generated_Source\PSoC5/I2C.c **** #endif /* (I2C_MODE_SLAVE_ENABLED) */
 271:Generated_Source\PSoC5/I2C.c **** 
 272:Generated_Source\PSoC5/I2C.c ****     /* Clear interrupt source register */
 273:Generated_Source\PSoC5/I2C.c ****     (void) I2C_CSR_REG;
 230              		.loc 1 273 0
 231 0024 0B4B     		ldr	r3, .L16+12
 232 0026 1B78     		ldrb	r3, [r3]	@ zero_extendqisi2
 274:Generated_Source\PSoC5/I2C.c **** #endif /* (I2C_FF_IMPLEMENTED) */
 275:Generated_Source\PSoC5/I2C.c **** 
 276:Generated_Source\PSoC5/I2C.c ****     /* Disable interrupt on stop (enabled by write transaction) */
 277:Generated_Source\PSoC5/I2C.c ****     I2C_DISABLE_INT_ON_STOP;
 233              		.loc 1 277 0
 234 0028 0B4A     		ldr	r2, .L16+16
 235 002a 1378     		ldrb	r3, [r2]	@ zero_extendqisi2
 236 002c 03F0DF03 		and	r3, r3, #223
ARM GAS  C:\Users\Gemma\AppData\Local\Temp\ccfqpgH3.s 			page 10


 237 0030 1370     		strb	r3, [r2]
 278:Generated_Source\PSoC5/I2C.c ****     I2C_ClearPendingInt();
 238              		.loc 1 278 0
 239 0032 0A4B     		ldr	r3, .L16+20
 240 0034 1C60     		str	r4, [r3]
 279:Generated_Source\PSoC5/I2C.c **** 
 280:Generated_Source\PSoC5/I2C.c ****     /* Reset FSM to default state */
 281:Generated_Source\PSoC5/I2C.c ****     I2C_state = I2C_SM_IDLE;
 241              		.loc 1 281 0
 242 0036 1022     		movs	r2, #16
 243 0038 094B     		ldr	r3, .L16+24
 244 003a 1A70     		strb	r2, [r3]
 282:Generated_Source\PSoC5/I2C.c **** 
 283:Generated_Source\PSoC5/I2C.c ****     /* Clear busy statuses */
 284:Generated_Source\PSoC5/I2C.c **** #if (I2C_MODE_SLAVE_ENABLED)
 285:Generated_Source\PSoC5/I2C.c ****     I2C_slStatus &= (uint8) ~(I2C_SSTAT_RD_BUSY | I2C_SSTAT_WR_BUSY);
 245              		.loc 1 285 0
 246 003c 094A     		ldr	r2, .L16+28
 247 003e 1378     		ldrb	r3, [r2]	@ zero_extendqisi2
 248 0040 03F0DD03 		and	r3, r3, #221
 249 0044 1370     		strb	r3, [r2]
 250 0046 10BD     		pop	{r4, pc}
 251              	.L17:
 252              		.align	2
 253              	.L16:
 254 0048 80E100E0 		.word	-536813184
 255 004c 76650040 		.word	1073767798
 256 0050 92640040 		.word	1073767570
 257 0054 65640040 		.word	1073767525
 258 0058 85640040 		.word	1073767557
 259 005c 80E200E0 		.word	-536812928
 260 0060 00000000 		.word	I2C_state
 261 0064 00000000 		.word	I2C_slStatus
 262              		.cfi_endproc
 263              	.LFE3:
 264              		.size	I2C_Stop, .-I2C_Stop
 265              		.comm	I2C_state,1,1
 266              		.global	I2C_initVar
 267              		.bss
 268              		.set	.LANCHOR0,. + 0
 269              		.type	I2C_initVar, %object
 270              		.size	I2C_initVar, 1
 271              	I2C_initVar:
 272 0000 00       		.space	1
 273              		.text
 274              	.Letext0:
 275              		.file 2 "Generated_Source\\PSoC5\\cytypes.h"
 276              		.file 3 "Generated_Source\\PSoC5\\I2C_PVT.h"
 277              		.file 4 "Generated_Source\\PSoC5\\CyLib.h"
 278              		.file 5 "Generated_Source\\PSoC5\\I2C.h"
 279              		.section	.debug_info,"",%progbits
 280              	.Ldebug_info0:
 281 0000 53020000 		.4byte	0x253
 282 0004 0400     		.2byte	0x4
 283 0006 00000000 		.4byte	.Ldebug_abbrev0
 284 000a 04       		.byte	0x4
 285 000b 01       		.uleb128 0x1
ARM GAS  C:\Users\Gemma\AppData\Local\Temp\ccfqpgH3.s 			page 11


 286 000c 7E000000 		.4byte	.LASF33
 287 0010 0C       		.byte	0xc
 288 0011 1B020000 		.4byte	.LASF34
 289 0015 38020000 		.4byte	.LASF35
 290 0019 00000000 		.4byte	.Ldebug_ranges0+0
 291 001d 00000000 		.4byte	0
 292 0021 00000000 		.4byte	.Ldebug_line0
 293 0025 02       		.uleb128 0x2
 294 0026 01       		.byte	0x1
 295 0027 06       		.byte	0x6
 296 0028 0F020000 		.4byte	.LASF0
 297 002c 02       		.uleb128 0x2
 298 002d 01       		.byte	0x1
 299 002e 08       		.byte	0x8
 300 002f 70000000 		.4byte	.LASF1
 301 0033 02       		.uleb128 0x2
 302 0034 02       		.byte	0x2
 303 0035 05       		.byte	0x5
 304 0036 CC010000 		.4byte	.LASF2
 305 003a 02       		.uleb128 0x2
 306 003b 02       		.byte	0x2
 307 003c 07       		.byte	0x7
 308 003d 29000000 		.4byte	.LASF3
 309 0041 02       		.uleb128 0x2
 310 0042 04       		.byte	0x4
 311 0043 05       		.byte	0x5
 312 0044 F1010000 		.4byte	.LASF4
 313 0048 02       		.uleb128 0x2
 314 0049 04       		.byte	0x4
 315 004a 07       		.byte	0x7
 316 004b 11010000 		.4byte	.LASF5
 317 004f 02       		.uleb128 0x2
 318 0050 08       		.byte	0x8
 319 0051 05       		.byte	0x5
 320 0052 B9010000 		.4byte	.LASF6
 321 0056 02       		.uleb128 0x2
 322 0057 08       		.byte	0x8
 323 0058 07       		.byte	0x7
 324 0059 4C000000 		.4byte	.LASF7
 325 005d 03       		.uleb128 0x3
 326 005e 04       		.byte	0x4
 327 005f 05       		.byte	0x5
 328 0060 696E7400 		.ascii	"int\000"
 329 0064 02       		.uleb128 0x2
 330 0065 04       		.byte	0x4
 331 0066 07       		.byte	0x7
 332 0067 5C010000 		.4byte	.LASF8
 333 006b 04       		.uleb128 0x4
 334 006c 23010000 		.4byte	.LASF9
 335 0070 02       		.byte	0x2
 336 0071 E401     		.2byte	0x1e4
 337 0073 2C000000 		.4byte	0x2c
 338 0077 04       		.uleb128 0x4
 339 0078 4C010000 		.4byte	.LASF10
 340 007c 02       		.byte	0x2
 341 007d E601     		.2byte	0x1e6
 342 007f 48000000 		.4byte	0x48
ARM GAS  C:\Users\Gemma\AppData\Local\Temp\ccfqpgH3.s 			page 12


 343 0083 02       		.uleb128 0x2
 344 0084 04       		.byte	0x4
 345 0085 04       		.byte	0x4
 346 0086 46000000 		.4byte	.LASF11
 347 008a 02       		.uleb128 0x2
 348 008b 08       		.byte	0x8
 349 008c 04       		.byte	0x4
 350 008d 34010000 		.4byte	.LASF12
 351 0091 02       		.uleb128 0x2
 352 0092 01       		.byte	0x1
 353 0093 08       		.byte	0x8
 354 0094 C7010000 		.4byte	.LASF13
 355 0098 04       		.uleb128 0x4
 356 0099 0C010000 		.4byte	.LASF14
 357 009d 02       		.byte	0x2
 358 009e 8E02     		.2byte	0x28e
 359 00a0 A4000000 		.4byte	0xa4
 360 00a4 05       		.uleb128 0x5
 361 00a5 6B000000 		.4byte	0x6b
 362 00a9 04       		.uleb128 0x4
 363 00aa 00000000 		.4byte	.LASF15
 364 00ae 02       		.byte	0x2
 365 00af 9002     		.2byte	0x290
 366 00b1 B5000000 		.4byte	0xb5
 367 00b5 05       		.uleb128 0x5
 368 00b6 77000000 		.4byte	0x77
 369 00ba 02       		.uleb128 0x2
 370 00bb 08       		.byte	0x8
 371 00bc 04       		.byte	0x4
 372 00bd FA010000 		.4byte	.LASF16
 373 00c1 02       		.uleb128 0x2
 374 00c2 04       		.byte	0x4
 375 00c3 07       		.byte	0x7
 376 00c4 B0010000 		.4byte	.LASF17
 377 00c8 06       		.uleb128 0x6
 378 00c9 A7010000 		.4byte	.LASF18
 379 00cd 01       		.byte	0x1
 380 00ce 31       		.byte	0x31
 381 00cf 00000000 		.4byte	.LFB0
 382 00d3 78000000 		.4byte	.LFE0-.LFB0
 383 00d7 01       		.uleb128 0x1
 384 00d8 9C       		.byte	0x9c
 385 00d9 3B010000 		.4byte	0x13b
 386 00dd 07       		.uleb128 0x7
 387 00de 53010000 		.4byte	.LASF20
 388 00e2 01       		.byte	0x1
 389 00e3 3C       		.byte	0x3c
 390 00e4 6B000000 		.4byte	0x6b
 391 00e8 00000000 		.4byte	.LLST0
 392 00ec 08       		.uleb128 0x8
 393 00ed 12000000 		.4byte	.LVL0
 394 00f1 1F020000 		.4byte	0x21f
 395 00f5 08       		.uleb128 0x8
 396 00f6 20000000 		.4byte	.LVL1
 397 00fa 2A020000 		.4byte	0x22a
 398 00fe 09       		.uleb128 0x9
 399 00ff 32000000 		.4byte	.LVL2
ARM GAS  C:\Users\Gemma\AppData\Local\Temp\ccfqpgH3.s 			page 13


 400 0103 35020000 		.4byte	0x235
 401 0107 17010000 		.4byte	0x117
 402 010b 0A       		.uleb128 0xa
 403 010c 01       		.uleb128 0x1
 404 010d 50       		.byte	0x50
 405 010e 02       		.uleb128 0x2
 406 010f 75       		.byte	0x75
 407 0110 00       		.sleb128 0
 408 0111 0A       		.uleb128 0xa
 409 0112 01       		.uleb128 0x1
 410 0113 51       		.byte	0x51
 411 0114 01       		.uleb128 0x1
 412 0115 37       		.byte	0x37
 413 0116 00       		.byte	0
 414 0117 09       		.uleb128 0x9
 415 0118 3A000000 		.4byte	.LVL3
 416 011c 40020000 		.4byte	0x240
 417 0120 2B010000 		.4byte	0x12b
 418 0124 0A       		.uleb128 0xa
 419 0125 01       		.uleb128 0x1
 420 0126 50       		.byte	0x50
 421 0127 02       		.uleb128 0x2
 422 0128 75       		.byte	0x75
 423 0129 00       		.sleb128 0
 424 012a 00       		.byte	0
 425 012b 0B       		.uleb128 0xb
 426 012c 52000000 		.4byte	.LVL4
 427 0130 4B020000 		.4byte	0x24b
 428 0134 0A       		.uleb128 0xa
 429 0135 01       		.uleb128 0x1
 430 0136 50       		.byte	0x50
 431 0137 01       		.uleb128 0x1
 432 0138 38       		.byte	0x38
 433 0139 00       		.byte	0
 434 013a 00       		.byte	0
 435 013b 06       		.uleb128 0x6
 436 013c 29010000 		.4byte	.LASF19
 437 0140 01       		.byte	0x1
 438 0141 85       		.byte	0x85
 439 0142 00000000 		.4byte	.LFB1
 440 0146 28000000 		.4byte	.LFE1-.LFB1
 441 014a 01       		.uleb128 0x1
 442 014b 9C       		.byte	0x9c
 443 014c 72010000 		.4byte	0x172
 444 0150 07       		.uleb128 0x7
 445 0151 53010000 		.4byte	.LASF20
 446 0155 01       		.byte	0x1
 447 0156 92       		.byte	0x92
 448 0157 6B000000 		.4byte	0x6b
 449 015b 13000000 		.4byte	.LLST1
 450 015f 08       		.uleb128 0x8
 451 0160 06000000 		.4byte	.LVL5
 452 0164 1F020000 		.4byte	0x21f
 453 0168 08       		.uleb128 0x8
 454 0169 14000000 		.4byte	.LVL6
 455 016d 2A020000 		.4byte	0x22a
 456 0171 00       		.byte	0
ARM GAS  C:\Users\Gemma\AppData\Local\Temp\ccfqpgH3.s 			page 14


 457 0172 06       		.uleb128 0x6
 458 0173 3C000000 		.4byte	.LASF21
 459 0177 01       		.byte	0x1
 460 0178 BD       		.byte	0xbd
 461 0179 00000000 		.4byte	.LFB2
 462 017d 28000000 		.4byte	.LFE2-.LFB2
 463 0181 01       		.uleb128 0x1
 464 0182 9C       		.byte	0x9c
 465 0183 9A010000 		.4byte	0x19a
 466 0187 08       		.uleb128 0x8
 467 0188 0C000000 		.4byte	.LVL7
 468 018c C8000000 		.4byte	0xc8
 469 0190 08       		.uleb128 0x8
 470 0191 16000000 		.4byte	.LVL8
 471 0195 3B010000 		.4byte	0x13b
 472 0199 00       		.byte	0
 473 019a 06       		.uleb128 0x6
 474 019b 06020000 		.4byte	.LASF22
 475 019f 01       		.byte	0x1
 476 01a0 D9       		.byte	0xd9
 477 01a1 00000000 		.4byte	.LFB3
 478 01a5 68000000 		.4byte	.LFE3-.LFB3
 479 01a9 01       		.uleb128 0x1
 480 01aa 9C       		.byte	0x9c
 481 01ab DC010000 		.4byte	0x1dc
 482 01af 0C       		.uleb128 0xc
 483 01b0 12000000 		.4byte	.LBB2
 484 01b4 12000000 		.4byte	.LBE2-.LBB2
 485 01b8 0D       		.uleb128 0xd
 486 01b9 53010000 		.4byte	.LASF20
 487 01bd 01       		.byte	0x1
 488 01be 0A01     		.2byte	0x10a
 489 01c0 6B000000 		.4byte	0x6b
 490 01c4 26000000 		.4byte	.LLST2
 491 01c8 08       		.uleb128 0x8
 492 01c9 16000000 		.4byte	.LVL9
 493 01cd 1F020000 		.4byte	0x21f
 494 01d1 08       		.uleb128 0x8
 495 01d2 24000000 		.4byte	.LVL10
 496 01d6 2A020000 		.4byte	0x22a
 497 01da 00       		.byte	0
 498 01db 00       		.byte	0
 499 01dc 0E       		.uleb128 0xe
 500 01dd 92020000 		.4byte	.LASF23
 501 01e1 01       		.byte	0x1
 502 01e2 18       		.byte	0x18
 503 01e3 6B000000 		.4byte	0x6b
 504 01e7 05       		.uleb128 0x5
 505 01e8 03       		.byte	0x3
 506 01e9 00000000 		.4byte	I2C_initVar
 507 01ed 0E       		.uleb128 0xe
 508 01ee E7010000 		.4byte	.LASF24
 509 01f2 01       		.byte	0x1
 510 01f3 1A       		.byte	0x1a
 511 01f4 A4000000 		.4byte	0xa4
 512 01f8 05       		.uleb128 0x5
 513 01f9 03       		.byte	0x3
ARM GAS  C:\Users\Gemma\AppData\Local\Temp\ccfqpgH3.s 			page 15


 514 01fa 00000000 		.4byte	I2C_state
 515 01fe 0F       		.uleb128 0xf
 516 01ff 63000000 		.4byte	.LASF25
 517 0203 03       		.byte	0x3
 518 0204 38       		.byte	0x38
 519 0205 A4000000 		.4byte	0xa4
 520 0209 0F       		.uleb128 0xf
 521 020a D6010000 		.4byte	.LASF26
 522 020e 03       		.byte	0x3
 523 020f 3D       		.byte	0x3d
 524 0210 A4000000 		.4byte	0xa4
 525 0214 0F       		.uleb128 0xf
 526 0215 3B010000 		.4byte	.LASF27
 527 0219 03       		.byte	0x3
 528 021a 42       		.byte	0x42
 529 021b A4000000 		.4byte	0xa4
 530 021f 10       		.uleb128 0x10
 531 0220 90010000 		.4byte	.LASF28
 532 0224 90010000 		.4byte	.LASF28
 533 0228 04       		.byte	0x4
 534 0229 7D       		.byte	0x7d
 535 022a 10       		.uleb128 0x10
 536 022b 69010000 		.4byte	.LASF29
 537 022f 69010000 		.4byte	.LASF29
 538 0233 04       		.byte	0x4
 539 0234 7E       		.byte	0x7e
 540 0235 10       		.uleb128 0x10
 541 0236 7F010000 		.4byte	.LASF30
 542 023a 7F010000 		.4byte	.LASF30
 543 023e 04       		.byte	0x4
 544 023f 8B       		.byte	0x8b
 545 0240 10       		.uleb128 0x10
 546 0241 06000000 		.4byte	.LASF31
 547 0245 06000000 		.4byte	.LASF31
 548 0249 04       		.byte	0x4
 549 024a 88       		.byte	0x88
 550 024b 10       		.uleb128 0x10
 551 024c 15000000 		.4byte	.LASF32
 552 0250 15000000 		.4byte	.LASF32
 553 0254 05       		.byte	0x5
 554 0255 C2       		.byte	0xc2
 555 0256 00       		.byte	0
 556              		.section	.debug_abbrev,"",%progbits
 557              	.Ldebug_abbrev0:
 558 0000 01       		.uleb128 0x1
 559 0001 11       		.uleb128 0x11
 560 0002 01       		.byte	0x1
 561 0003 25       		.uleb128 0x25
 562 0004 0E       		.uleb128 0xe
 563 0005 13       		.uleb128 0x13
 564 0006 0B       		.uleb128 0xb
 565 0007 03       		.uleb128 0x3
 566 0008 0E       		.uleb128 0xe
 567 0009 1B       		.uleb128 0x1b
 568 000a 0E       		.uleb128 0xe
 569 000b 55       		.uleb128 0x55
 570 000c 17       		.uleb128 0x17
ARM GAS  C:\Users\Gemma\AppData\Local\Temp\ccfqpgH3.s 			page 16


 571 000d 11       		.uleb128 0x11
 572 000e 01       		.uleb128 0x1
 573 000f 10       		.uleb128 0x10
 574 0010 17       		.uleb128 0x17
 575 0011 00       		.byte	0
 576 0012 00       		.byte	0
 577 0013 02       		.uleb128 0x2
 578 0014 24       		.uleb128 0x24
 579 0015 00       		.byte	0
 580 0016 0B       		.uleb128 0xb
 581 0017 0B       		.uleb128 0xb
 582 0018 3E       		.uleb128 0x3e
 583 0019 0B       		.uleb128 0xb
 584 001a 03       		.uleb128 0x3
 585 001b 0E       		.uleb128 0xe
 586 001c 00       		.byte	0
 587 001d 00       		.byte	0
 588 001e 03       		.uleb128 0x3
 589 001f 24       		.uleb128 0x24
 590 0020 00       		.byte	0
 591 0021 0B       		.uleb128 0xb
 592 0022 0B       		.uleb128 0xb
 593 0023 3E       		.uleb128 0x3e
 594 0024 0B       		.uleb128 0xb
 595 0025 03       		.uleb128 0x3
 596 0026 08       		.uleb128 0x8
 597 0027 00       		.byte	0
 598 0028 00       		.byte	0
 599 0029 04       		.uleb128 0x4
 600 002a 16       		.uleb128 0x16
 601 002b 00       		.byte	0
 602 002c 03       		.uleb128 0x3
 603 002d 0E       		.uleb128 0xe
 604 002e 3A       		.uleb128 0x3a
 605 002f 0B       		.uleb128 0xb
 606 0030 3B       		.uleb128 0x3b
 607 0031 05       		.uleb128 0x5
 608 0032 49       		.uleb128 0x49
 609 0033 13       		.uleb128 0x13
 610 0034 00       		.byte	0
 611 0035 00       		.byte	0
 612 0036 05       		.uleb128 0x5
 613 0037 35       		.uleb128 0x35
 614 0038 00       		.byte	0
 615 0039 49       		.uleb128 0x49
 616 003a 13       		.uleb128 0x13
 617 003b 00       		.byte	0
 618 003c 00       		.byte	0
 619 003d 06       		.uleb128 0x6
 620 003e 2E       		.uleb128 0x2e
 621 003f 01       		.byte	0x1
 622 0040 3F       		.uleb128 0x3f
 623 0041 19       		.uleb128 0x19
 624 0042 03       		.uleb128 0x3
 625 0043 0E       		.uleb128 0xe
 626 0044 3A       		.uleb128 0x3a
 627 0045 0B       		.uleb128 0xb
ARM GAS  C:\Users\Gemma\AppData\Local\Temp\ccfqpgH3.s 			page 17


 628 0046 3B       		.uleb128 0x3b
 629 0047 0B       		.uleb128 0xb
 630 0048 27       		.uleb128 0x27
 631 0049 19       		.uleb128 0x19
 632 004a 11       		.uleb128 0x11
 633 004b 01       		.uleb128 0x1
 634 004c 12       		.uleb128 0x12
 635 004d 06       		.uleb128 0x6
 636 004e 40       		.uleb128 0x40
 637 004f 18       		.uleb128 0x18
 638 0050 9742     		.uleb128 0x2117
 639 0052 19       		.uleb128 0x19
 640 0053 01       		.uleb128 0x1
 641 0054 13       		.uleb128 0x13
 642 0055 00       		.byte	0
 643 0056 00       		.byte	0
 644 0057 07       		.uleb128 0x7
 645 0058 34       		.uleb128 0x34
 646 0059 00       		.byte	0
 647 005a 03       		.uleb128 0x3
 648 005b 0E       		.uleb128 0xe
 649 005c 3A       		.uleb128 0x3a
 650 005d 0B       		.uleb128 0xb
 651 005e 3B       		.uleb128 0x3b
 652 005f 0B       		.uleb128 0xb
 653 0060 49       		.uleb128 0x49
 654 0061 13       		.uleb128 0x13
 655 0062 02       		.uleb128 0x2
 656 0063 17       		.uleb128 0x17
 657 0064 00       		.byte	0
 658 0065 00       		.byte	0
 659 0066 08       		.uleb128 0x8
 660 0067 898201   		.uleb128 0x4109
 661 006a 00       		.byte	0
 662 006b 11       		.uleb128 0x11
 663 006c 01       		.uleb128 0x1
 664 006d 31       		.uleb128 0x31
 665 006e 13       		.uleb128 0x13
 666 006f 00       		.byte	0
 667 0070 00       		.byte	0
 668 0071 09       		.uleb128 0x9
 669 0072 898201   		.uleb128 0x4109
 670 0075 01       		.byte	0x1
 671 0076 11       		.uleb128 0x11
 672 0077 01       		.uleb128 0x1
 673 0078 31       		.uleb128 0x31
 674 0079 13       		.uleb128 0x13
 675 007a 01       		.uleb128 0x1
 676 007b 13       		.uleb128 0x13
 677 007c 00       		.byte	0
 678 007d 00       		.byte	0
 679 007e 0A       		.uleb128 0xa
 680 007f 8A8201   		.uleb128 0x410a
 681 0082 00       		.byte	0
 682 0083 02       		.uleb128 0x2
 683 0084 18       		.uleb128 0x18
 684 0085 9142     		.uleb128 0x2111
ARM GAS  C:\Users\Gemma\AppData\Local\Temp\ccfqpgH3.s 			page 18


 685 0087 18       		.uleb128 0x18
 686 0088 00       		.byte	0
 687 0089 00       		.byte	0
 688 008a 0B       		.uleb128 0xb
 689 008b 898201   		.uleb128 0x4109
 690 008e 01       		.byte	0x1
 691 008f 11       		.uleb128 0x11
 692 0090 01       		.uleb128 0x1
 693 0091 31       		.uleb128 0x31
 694 0092 13       		.uleb128 0x13
 695 0093 00       		.byte	0
 696 0094 00       		.byte	0
 697 0095 0C       		.uleb128 0xc
 698 0096 0B       		.uleb128 0xb
 699 0097 01       		.byte	0x1
 700 0098 11       		.uleb128 0x11
 701 0099 01       		.uleb128 0x1
 702 009a 12       		.uleb128 0x12
 703 009b 06       		.uleb128 0x6
 704 009c 00       		.byte	0
 705 009d 00       		.byte	0
 706 009e 0D       		.uleb128 0xd
 707 009f 34       		.uleb128 0x34
 708 00a0 00       		.byte	0
 709 00a1 03       		.uleb128 0x3
 710 00a2 0E       		.uleb128 0xe
 711 00a3 3A       		.uleb128 0x3a
 712 00a4 0B       		.uleb128 0xb
 713 00a5 3B       		.uleb128 0x3b
 714 00a6 05       		.uleb128 0x5
 715 00a7 49       		.uleb128 0x49
 716 00a8 13       		.uleb128 0x13
 717 00a9 02       		.uleb128 0x2
 718 00aa 17       		.uleb128 0x17
 719 00ab 00       		.byte	0
 720 00ac 00       		.byte	0
 721 00ad 0E       		.uleb128 0xe
 722 00ae 34       		.uleb128 0x34
 723 00af 00       		.byte	0
 724 00b0 03       		.uleb128 0x3
 725 00b1 0E       		.uleb128 0xe
 726 00b2 3A       		.uleb128 0x3a
 727 00b3 0B       		.uleb128 0xb
 728 00b4 3B       		.uleb128 0x3b
 729 00b5 0B       		.uleb128 0xb
 730 00b6 49       		.uleb128 0x49
 731 00b7 13       		.uleb128 0x13
 732 00b8 3F       		.uleb128 0x3f
 733 00b9 19       		.uleb128 0x19
 734 00ba 02       		.uleb128 0x2
 735 00bb 18       		.uleb128 0x18
 736 00bc 00       		.byte	0
 737 00bd 00       		.byte	0
 738 00be 0F       		.uleb128 0xf
 739 00bf 34       		.uleb128 0x34
 740 00c0 00       		.byte	0
 741 00c1 03       		.uleb128 0x3
ARM GAS  C:\Users\Gemma\AppData\Local\Temp\ccfqpgH3.s 			page 19


 742 00c2 0E       		.uleb128 0xe
 743 00c3 3A       		.uleb128 0x3a
 744 00c4 0B       		.uleb128 0xb
 745 00c5 3B       		.uleb128 0x3b
 746 00c6 0B       		.uleb128 0xb
 747 00c7 49       		.uleb128 0x49
 748 00c8 13       		.uleb128 0x13
 749 00c9 3F       		.uleb128 0x3f
 750 00ca 19       		.uleb128 0x19
 751 00cb 3C       		.uleb128 0x3c
 752 00cc 19       		.uleb128 0x19
 753 00cd 00       		.byte	0
 754 00ce 00       		.byte	0
 755 00cf 10       		.uleb128 0x10
 756 00d0 2E       		.uleb128 0x2e
 757 00d1 00       		.byte	0
 758 00d2 3F       		.uleb128 0x3f
 759 00d3 19       		.uleb128 0x19
 760 00d4 3C       		.uleb128 0x3c
 761 00d5 19       		.uleb128 0x19
 762 00d6 6E       		.uleb128 0x6e
 763 00d7 0E       		.uleb128 0xe
 764 00d8 03       		.uleb128 0x3
 765 00d9 0E       		.uleb128 0xe
 766 00da 3A       		.uleb128 0x3a
 767 00db 0B       		.uleb128 0xb
 768 00dc 3B       		.uleb128 0x3b
 769 00dd 0B       		.uleb128 0xb
 770 00de 00       		.byte	0
 771 00df 00       		.byte	0
 772 00e0 00       		.byte	0
 773              		.section	.debug_loc,"",%progbits
 774              	.Ldebug_loc0:
 775              	.LLST0:
 776 0000 12000000 		.4byte	.LVL0
 777 0004 1F000000 		.4byte	.LVL1-1
 778 0008 0100     		.2byte	0x1
 779 000a 50       		.byte	0x50
 780 000b 00000000 		.4byte	0
 781 000f 00000000 		.4byte	0
 782              	.LLST1:
 783 0013 06000000 		.4byte	.LVL5
 784 0017 13000000 		.4byte	.LVL6-1
 785 001b 0100     		.2byte	0x1
 786 001d 50       		.byte	0x50
 787 001e 00000000 		.4byte	0
 788 0022 00000000 		.4byte	0
 789              	.LLST2:
 790 0026 16000000 		.4byte	.LVL9
 791 002a 23000000 		.4byte	.LVL10-1
 792 002e 0100     		.2byte	0x1
 793 0030 50       		.byte	0x50
 794 0031 00000000 		.4byte	0
 795 0035 00000000 		.4byte	0
 796              		.section	.debug_aranges,"",%progbits
 797 0000 34000000 		.4byte	0x34
 798 0004 0200     		.2byte	0x2
ARM GAS  C:\Users\Gemma\AppData\Local\Temp\ccfqpgH3.s 			page 20


 799 0006 00000000 		.4byte	.Ldebug_info0
 800 000a 04       		.byte	0x4
 801 000b 00       		.byte	0
 802 000c 0000     		.2byte	0
 803 000e 0000     		.2byte	0
 804 0010 00000000 		.4byte	.LFB0
 805 0014 78000000 		.4byte	.LFE0-.LFB0
 806 0018 00000000 		.4byte	.LFB1
 807 001c 28000000 		.4byte	.LFE1-.LFB1
 808 0020 00000000 		.4byte	.LFB2
 809 0024 28000000 		.4byte	.LFE2-.LFB2
 810 0028 00000000 		.4byte	.LFB3
 811 002c 68000000 		.4byte	.LFE3-.LFB3
 812 0030 00000000 		.4byte	0
 813 0034 00000000 		.4byte	0
 814              		.section	.debug_ranges,"",%progbits
 815              	.Ldebug_ranges0:
 816 0000 00000000 		.4byte	.LFB0
 817 0004 78000000 		.4byte	.LFE0
 818 0008 00000000 		.4byte	.LFB1
 819 000c 28000000 		.4byte	.LFE1
 820 0010 00000000 		.4byte	.LFB2
 821 0014 28000000 		.4byte	.LFE2
 822 0018 00000000 		.4byte	.LFB3
 823 001c 68000000 		.4byte	.LFE3
 824 0020 00000000 		.4byte	0
 825 0024 00000000 		.4byte	0
 826              		.section	.debug_line,"",%progbits
 827              	.Ldebug_line0:
 828 0000 CF000000 		.section	.debug_str,"MS",%progbits,1
 828      02006100 
 828      00000201 
 828      FB0E0D00 
 828      01010101 
 829              	.LASF15:
 830 0000 72656733 		.ascii	"reg32\000"
 830      3200
 831              	.LASF31:
 832 0006 4379496E 		.ascii	"CyIntSetVector\000"
 832      74536574 
 832      56656374 
 832      6F7200
 833              	.LASF32:
 834 0015 4932435F 		.ascii	"I2C_SlaveSetAddress\000"
 834      536C6176 
 834      65536574 
 834      41646472 
 834      65737300 
 835              	.LASF3:
 836 0029 73686F72 		.ascii	"short unsigned int\000"
 836      7420756E 
 836      7369676E 
 836      65642069 
 836      6E7400
 837              	.LASF21:
 838 003c 4932435F 		.ascii	"I2C_Start\000"
 838      53746172 
ARM GAS  C:\Users\Gemma\AppData\Local\Temp\ccfqpgH3.s 			page 21


 838      7400
 839              	.LASF11:
 840 0046 666C6F61 		.ascii	"float\000"
 840      7400
 841              	.LASF7:
 842 004c 6C6F6E67 		.ascii	"long long unsigned int\000"
 842      206C6F6E 
 842      6720756E 
 842      7369676E 
 842      65642069 
 843              	.LASF25:
 844 0063 4932435F 		.ascii	"I2C_slStatus\000"
 844      736C5374 
 844      61747573 
 844      00
 845              	.LASF1:
 846 0070 756E7369 		.ascii	"unsigned char\000"
 846      676E6564 
 846      20636861 
 846      7200
 847              	.LASF33:
 848 007e 474E5520 		.ascii	"GNU C11 5.4.1 20160609 (release) [ARM/embedded-5-br"
 848      43313120 
 848      352E342E 
 848      31203230 
 848      31363036 
 849 00b1 616E6368 		.ascii	"anch revision 237715] -mcpu=cortex-m3 -mthumb -g -O"
 849      20726576 
 849      6973696F 
 849      6E203233 
 849      37373135 
 850 00e4 67202D66 		.ascii	"g -ffunction-sections -ffat-lto-objects\000"
 850      66756E63 
 850      74696F6E 
 850      2D736563 
 850      74696F6E 
 851              	.LASF14:
 852 010c 72656738 		.ascii	"reg8\000"
 852      00
 853              	.LASF5:
 854 0111 6C6F6E67 		.ascii	"long unsigned int\000"
 854      20756E73 
 854      69676E65 
 854      6420696E 
 854      7400
 855              	.LASF9:
 856 0123 75696E74 		.ascii	"uint8\000"
 856      3800
 857              	.LASF19:
 858 0129 4932435F 		.ascii	"I2C_Enable\000"
 858      456E6162 
 858      6C6500
 859              	.LASF12:
 860 0134 646F7562 		.ascii	"double\000"
 860      6C6500
 861              	.LASF27:
 862 013b 4932435F 		.ascii	"I2C_slWrBufIndex\000"
ARM GAS  C:\Users\Gemma\AppData\Local\Temp\ccfqpgH3.s 			page 22


 862      736C5772 
 862      42756649 
 862      6E646578 
 862      00
 863              	.LASF10:
 864 014c 75696E74 		.ascii	"uint32\000"
 864      333200
 865              	.LASF20:
 866 0153 696E7453 		.ascii	"intState\000"
 866      74617465 
 866      00
 867              	.LASF8:
 868 015c 756E7369 		.ascii	"unsigned int\000"
 868      676E6564 
 868      20696E74 
 868      00
 869              	.LASF29:
 870 0169 43794578 		.ascii	"CyExitCriticalSection\000"
 870      69744372 
 870      69746963 
 870      616C5365 
 870      6374696F 
 871              	.LASF30:
 872 017f 4379496E 		.ascii	"CyIntSetPriority\000"
 872      74536574 
 872      5072696F 
 872      72697479 
 872      00
 873              	.LASF28:
 874 0190 4379456E 		.ascii	"CyEnterCriticalSection\000"
 874      74657243 
 874      72697469 
 874      63616C53 
 874      65637469 
 875              	.LASF18:
 876 01a7 4932435F 		.ascii	"I2C_Init\000"
 876      496E6974 
 876      00
 877              	.LASF17:
 878 01b0 73697A65 		.ascii	"sizetype\000"
 878      74797065 
 878      00
 879              	.LASF6:
 880 01b9 6C6F6E67 		.ascii	"long long int\000"
 880      206C6F6E 
 880      6720696E 
 880      7400
 881              	.LASF13:
 882 01c7 63686172 		.ascii	"char\000"
 882      00
 883              	.LASF2:
 884 01cc 73686F72 		.ascii	"short int\000"
 884      7420696E 
 884      7400
 885              	.LASF26:
 886 01d6 4932435F 		.ascii	"I2C_slRdBufIndex\000"
 886      736C5264 
ARM GAS  C:\Users\Gemma\AppData\Local\Temp\ccfqpgH3.s 			page 23


 886      42756649 
 886      6E646578 
 886      00
 887              	.LASF24:
 888 01e7 4932435F 		.ascii	"I2C_state\000"
 888      73746174 
 888      6500
 889              	.LASF4:
 890 01f1 6C6F6E67 		.ascii	"long int\000"
 890      20696E74 
 890      00
 891              	.LASF16:
 892 01fa 6C6F6E67 		.ascii	"long double\000"
 892      20646F75 
 892      626C6500 
 893              	.LASF22:
 894 0206 4932435F 		.ascii	"I2C_Stop\000"
 894      53746F70 
 894      00
 895              	.LASF0:
 896 020f 7369676E 		.ascii	"signed char\000"
 896      65642063 
 896      68617200 
 897              	.LASF34:
 898 021b 47656E65 		.ascii	"Generated_Source\\PSoC5\\I2C.c\000"
 898      72617465 
 898      645F536F 
 898      75726365 
 898      5C50536F 
 899              	.LASF35:
 900 0238 433A5C55 		.ascii	"C:\\Users\\Gemma\\Desktop\\PSoC\\Project-DAQ_for_Ra"
 900      73657273 
 900      5C47656D 
 900      6D615C44 
 900      65736B74 
 901 0266 73706265 		.ascii	"spberryPi\\Project-DAQ_for_RaspberryPi.cydsn\000"
 901      72727950 
 901      695C5072 
 901      6F6A6563 
 901      742D4441 
 902              	.LASF23:
 903 0292 4932435F 		.ascii	"I2C_initVar\000"
 903      696E6974 
 903      56617200 
 904              		.ident	"GCC: (GNU Tools for ARM Embedded Processors) 5.4.1 20160609 (release) [ARM/embedded-5-bran
