ARM GAS  C:\Users\Gemma\AppData\Local\Temp\ccgBiA3H.s 			page 1


   1              		.syntax unified
   2              		.cpu cortex-m3
   3              		.fpu softvfp
   4              		.eabi_attribute 20, 1
   5              		.eabi_attribute 21, 1
   6              		.eabi_attribute 23, 3
   7              		.eabi_attribute 24, 1
   8              		.eabi_attribute 25, 1
   9              		.eabi_attribute 26, 1
  10              		.eabi_attribute 30, 1
  11              		.eabi_attribute 34, 1
  12              		.eabi_attribute 18, 4
  13              		.thumb
  14              		.syntax unified
  15              		.file	"main.c"
  16              		.text
  17              	.Ltext0:
  18              		.cfi_sections	.debug_frame
  19              		.section	.text.MyADCIsr,"ax",%progbits
  20              		.align	2
  21              		.global	MyADCIsr
  22              		.thumb
  23              		.thumb_func
  24              		.type	MyADCIsr, %function
  25              	MyADCIsr:
  26              	.LFB65:
  27              		.file 1 "main.c"
   1:main.c        **** /* ========================================
   2:main.c        ****  *
   3:main.c        ****  * Copyright: Gemma Qin, Metropolia UAS, Finland, 2024
   4:main.c        ****  * 
   5:main.c        ****  * PSoC Design Course 2024: Project 
   6:main.c        ****  *
   7:main.c        ****  * Project Description: 
   8:main.c        ****  * 
   9:main.c        ****  *
  10:main.c        ****  * ========================================
  11:main.c        **** */
  12:main.c        **** 
  13:main.c        **** /*  Libraries  */
  14:main.c        **** #include "project.h"
  15:main.c        **** #include "stdio.h"
  16:main.c        **** #include "ring_buffer.h"
  17:main.c        **** 
  18:main.c        **** /* Project Defines */
  19:main.c        **** #define TRANSMIT_BUFFER_SIZE 128
  20:main.c        **** #define MAX_AVG_SAMPLES 1158
  21:main.c        **** 
  22:main.c        **** /* Interrupt declarations */
  23:main.c        **** CY_ISR_PROTO(MyADCIsr);
  24:main.c        **** 
  25:main.c        **** /* Globals */
  26:main.c        **** // Running average
  27:main.c        **** volatile uint8_t new_data = 0;
  28:main.c        **** uint32_t Output_sum = 0;
  29:main.c        **** uint16_t n = 0;
  30:main.c        **** uint32_t Output_sum_copy;
ARM GAS  C:\Users\Gemma\AppData\Local\Temp\ccgBiA3H.s 			page 2


  31:main.c        **** uint16_t n_copy = 0;
  32:main.c        **** 
  33:main.c        **** /*******************************************************************************
  34:main.c        **** * Function Name: main
  35:main.c        **** ********************************************************************************
  36:main.c        **** *
  37:main.c        **** * Summary:
  38:main.c        **** *  
  39:main.c        **** *
  40:main.c        **** * Parameters:
  41:main.c        **** *  None.
  42:main.c        **** *
  43:main.c        **** * Return:
  44:main.c        **** *  None.
  45:main.c        **** *
  46:main.c        **** * Remarks: 
  47:main.c        **** *  - Specification: 
  48:main.c        **** *       - DEBUG_UART: 12[6] RX, 12[7] TX, 115200 bps
  49:main.c        **** *       - I2C Slave: 12[0] SCL, 12[1] SDA, I2C_CLK 6 MHz
  50:main.c        **** *       - ADC_DelSig: 
  51:main.c        **** *               - AMux: 4 channels (2[3] Potentiometer, 2[4] LM35, 2[5] , 2[6] )
  52:main.c        **** *               - ADC_Clock 3 MHz
  53:main.c        **** *               - ADC_ISR
  54:main.c        **** *  - Design works with internal pull up resistor of 5 kOhm.
  55:main.c        **** *
  56:main.c        **** *******************************************************************************/
  57:main.c        **** int main(void)
  58:main.c        **** {
  59:main.c        ****     CyGlobalIntEnable; /* Enable global interrupts. */
  60:main.c        **** 
  61:main.c        ****     /* Local variables */
  62:main.c        ****     // UART
  63:main.c        ****     char transmit_buffer[TRANSMIT_BUFFER_SIZE];
  64:main.c        ****     // I2C
  65:main.c        ****     const uint8_t channel = 1;   // 0: potentiometer, 1: LM35, 2: Vcc, 3: GND
  66:main.c        **** 
  67:main.c        ****     /* Start the components and interrupts */
  68:main.c        ****     DEBUG_UART_Start();
  69:main.c        ****     ADC_DelSig_Start();
  70:main.c        ****     AMux_Start();
  71:main.c        ****     
  72:main.c        ****     AMux_Select(channel);
  73:main.c        ****     ADC_ISR_StartEx(MyADCIsr);
  74:main.c        ****     
  75:main.c        ****     /* Send message to verify COM port is connected properly */
  76:main.c        ****     DEBUG_UART_PutString("COM Port Open\r\n");  
  77:main.c        ****     
  78:main.c        ****     /* Start the ADC conversion */
  79:main.c        ****     ADC_DelSig_StartConvert();
  80:main.c        ****     
  81:main.c        ****     for(;;)
  82:main.c        ****     {
  83:main.c        ****         if (new_data) {
  84:main.c        ****             float output_avg = Output_sum_copy / n_copy;
  85:main.c        ****             if (channel == 1) {
  86:main.c        ****             float temp = output_avg / 10;
  87:main.c        ****             sprintf(transmit_buffer,"Temp: %.1f C\r\n", temp);
ARM GAS  C:\Users\Gemma\AppData\Local\Temp\ccgBiA3H.s 			page 3


  88:main.c        ****         } else {
  89:main.c        ****             sprintf(transmit_buffer,"Read: %.2f\r\n", output_avg);
  90:main.c        ****         }
  91:main.c        ****         DEBUG_UART_PutString(transmit_buffer);
  92:main.c        ****         }
  93:main.c        ****     }
  94:main.c        **** }
  95:main.c        **** 
  96:main.c        **** /* [] END OF FILE */
  97:main.c        **** 
  98:main.c        **** /*******************************************************************************
  99:main.c        **** * Function Name: MyADCIsr         ADC Interrupt Service Routine
 100:main.c        **** ********************************************************************************
 101:main.c        **** *
 102:main.c        **** * Summary:
 103:main.c        **** *  
 104:main.c        **** *
 105:main.c        **** * Parameters:  
 106:main.c        **** *
 107:main.c        **** * Return:
 108:main.c        **** *   None
 109:main.c        **** *
 110:main.c        **** *******************************************************************************/
 111:main.c        **** CY_ISR(MyADCIsr) {
  28              		.loc 1 111 0
  29              		.cfi_startproc
  30              		@ args = 0, pretend = 0, frame = 0
  31              		@ frame_needed = 0, uses_anonymous_args = 0
  32 0000 08B5     		push	{r3, lr}
  33              		.cfi_def_cfa_offset 8
  34              		.cfi_offset 3, -8
  35              		.cfi_offset 14, -4
 112:main.c        ****     uint32 Output = ADC_DelSig_CountsTo_mVolts(ADC_DelSig_GetResult16());
  36              		.loc 1 112 0
  37 0002 FFF7FEFF 		bl	ADC_DelSig_GetResult16
  38              	.LVL0:
  39 0006 FFF7FEFF 		bl	ADC_DelSig_CountsTo_mVolts
  40              	.LVL1:
 113:main.c        ****     Output_sum += Output;
  41              		.loc 1 113 0
  42 000a 0B4A     		ldr	r2, .L4
  43 000c 1368     		ldr	r3, [r2]
  44 000e 1844     		add	r0, r0, r3
  45              	.LVL2:
  46 0010 1060     		str	r0, [r2]
 114:main.c        ****     n++;
  47              		.loc 1 114 0
  48 0012 9388     		ldrh	r3, [r2, #4]
  49 0014 0133     		adds	r3, r3, #1
  50 0016 9BB2     		uxth	r3, r3
  51 0018 9380     		strh	r3, [r2, #4]	@ movhi
 115:main.c        ****     if (n >= MAX_AVG_SAMPLES) {
  52              		.loc 1 115 0
  53 001a 40F28542 		movw	r2, #1157
  54 001e 9342     		cmp	r3, r2
  55 0020 08D9     		bls	.L1
 116:main.c        ****         Output_sum_copy = Output_sum;
ARM GAS  C:\Users\Gemma\AppData\Local\Temp\ccgBiA3H.s 			page 4


  56              		.loc 1 116 0
  57 0022 064A     		ldr	r2, .L4+4
  58 0024 1060     		str	r0, [r2]
 117:main.c        ****         n_copy = n;
  59              		.loc 1 117 0
  60 0026 044A     		ldr	r2, .L4
  61 0028 D380     		strh	r3, [r2, #6]	@ movhi
 118:main.c        ****         Output_sum = 0;
  62              		.loc 1 118 0
  63 002a 0023     		movs	r3, #0
  64 002c 1360     		str	r3, [r2]
 119:main.c        ****         n =  0;
  65              		.loc 1 119 0
  66 002e 9380     		strh	r3, [r2, #4]	@ movhi
 120:main.c        ****         new_data = 1;
  67              		.loc 1 120 0
  68 0030 0123     		movs	r3, #1
  69 0032 1372     		strb	r3, [r2, #8]
  70              	.L1:
  71 0034 08BD     		pop	{r3, pc}
  72              	.L5:
  73 0036 00BF     		.align	2
  74              	.L4:
  75 0038 00000000 		.word	.LANCHOR0
  76 003c 00000000 		.word	Output_sum_copy
  77              		.cfi_endproc
  78              	.LFE65:
  79              		.size	MyADCIsr, .-MyADCIsr
  80              		.global	__aeabi_ui2f
  81              		.global	__aeabi_fdiv
  82              		.global	__aeabi_f2d
  83              		.section	.text.main,"ax",%progbits
  84              		.align	2
  85              		.global	main
  86              		.thumb
  87              		.thumb_func
  88              		.type	main, %function
  89              	main:
  90              	.LFB64:
  58:main.c        ****     CyGlobalIntEnable; /* Enable global interrupts. */
  91              		.loc 1 58 0
  92              		.cfi_startproc
  93              		@ args = 0, pretend = 0, frame = 128
  94              		@ frame_needed = 0, uses_anonymous_args = 0
  95 0000 00B5     		push	{lr}
  96              		.cfi_def_cfa_offset 4
  97              		.cfi_offset 14, -4
  98 0002 A1B0     		sub	sp, sp, #132
  99              		.cfi_def_cfa_offset 136
  59:main.c        **** 
 100              		.loc 1 59 0
 101              		.syntax unified
 102              	@ 59 "main.c" 1
 103 0004 62B6     		CPSIE   i
 104              	@ 0 "" 2
 105              	.LVL3:
  68:main.c        ****     ADC_DelSig_Start();
ARM GAS  C:\Users\Gemma\AppData\Local\Temp\ccgBiA3H.s 			page 5


 106              		.loc 1 68 0
 107              		.thumb
 108              		.syntax unified
 109 0006 FFF7FEFF 		bl	DEBUG_UART_Start
 110              	.LVL4:
  69:main.c        ****     AMux_Start();
 111              		.loc 1 69 0
 112 000a FFF7FEFF 		bl	ADC_DelSig_Start
 113              	.LVL5:
  70:main.c        ****     
 114              		.loc 1 70 0
 115 000e FFF7FEFF 		bl	AMux_Start
 116              	.LVL6:
  72:main.c        ****     ADC_ISR_StartEx(MyADCIsr);
 117              		.loc 1 72 0
 118 0012 0120     		movs	r0, #1
 119 0014 FFF7FEFF 		bl	AMux_Select
 120              	.LVL7:
  73:main.c        ****     
 121              		.loc 1 73 0
 122 0018 1148     		ldr	r0, .L10
 123 001a FFF7FEFF 		bl	ADC_ISR_StartEx
 124              	.LVL8:
  76:main.c        ****     
 125              		.loc 1 76 0
 126 001e 1148     		ldr	r0, .L10+4
 127 0020 FFF7FEFF 		bl	DEBUG_UART_PutString
 128              	.LVL9:
  79:main.c        ****     
 129              		.loc 1 79 0
 130 0024 FFF7FEFF 		bl	ADC_DelSig_StartConvert
 131              	.LVL10:
 132              	.L7:
  83:main.c        ****             float output_avg = Output_sum_copy / n_copy;
 133              		.loc 1 83 0
 134 0028 0F4B     		ldr	r3, .L10+8
 135 002a 1B7A     		ldrb	r3, [r3, #8]	@ zero_extendqisi2
 136 002c 13F0FF0F 		tst	r3, #255
 137 0030 FAD0     		beq	.L7
 138              	.LBB2:
  84:main.c        ****             if (channel == 1) {
 139              		.loc 1 84 0
 140 0032 0D4B     		ldr	r3, .L10+8
 141 0034 DB88     		ldrh	r3, [r3, #6]
 142 0036 0D4A     		ldr	r2, .L10+12
 143 0038 1068     		ldr	r0, [r2]
 144 003a B0FBF3F0 		udiv	r0, r0, r3
 145 003e FFF7FEFF 		bl	__aeabi_ui2f
 146              	.LVL11:
 147              	.LBB3:
  86:main.c        ****             sprintf(transmit_buffer,"Temp: %.1f C\r\n", temp);
 148              		.loc 1 86 0
 149 0042 0B49     		ldr	r1, .L10+16
 150 0044 FFF7FEFF 		bl	__aeabi_fdiv
 151              	.LVL12:
  87:main.c        ****         } else {
 152              		.loc 1 87 0
ARM GAS  C:\Users\Gemma\AppData\Local\Temp\ccgBiA3H.s 			page 6


 153 0048 FFF7FEFF 		bl	__aeabi_f2d
 154              	.LVL13:
 155 004c 0246     		mov	r2, r0
 156 004e 0B46     		mov	r3, r1
 157 0050 0849     		ldr	r1, .L10+20
 158 0052 6846     		mov	r0, sp
 159 0054 FFF7FEFF 		bl	sprintf
 160              	.LVL14:
 161              	.LBE3:
  91:main.c        ****         }
 162              		.loc 1 91 0
 163 0058 6846     		mov	r0, sp
 164 005a FFF7FEFF 		bl	DEBUG_UART_PutString
 165              	.LVL15:
 166 005e E3E7     		b	.L7
 167              	.L11:
 168              		.align	2
 169              	.L10:
 170 0060 00000000 		.word	MyADCIsr
 171 0064 00000000 		.word	.LC0
 172 0068 00000000 		.word	.LANCHOR0
 173 006c 00000000 		.word	Output_sum_copy
 174 0070 00002041 		.word	1092616192
 175 0074 10000000 		.word	.LC1
 176              	.LBE2:
 177              		.cfi_endproc
 178              	.LFE64:
 179              		.size	main, .-main
 180              		.global	n_copy
 181              		.comm	Output_sum_copy,4,4
 182              		.global	n
 183              		.global	Output_sum
 184              		.global	new_data
 185              		.section	.rodata.str1.4,"aMS",%progbits,1
 186              		.align	2
 187              	.LC0:
 188 0000 434F4D20 		.ascii	"COM Port Open\015\012\000"
 188      506F7274 
 188      204F7065 
 188      6E0D0A00 
 189              	.LC1:
 190 0010 54656D70 		.ascii	"Temp: %.1f C\015\012\000"
 190      3A20252E 
 190      31662043 
 190      0D0A00
 191              		.bss
 192              		.align	2
 193              		.set	.LANCHOR0,. + 0
 194              		.type	Output_sum, %object
 195              		.size	Output_sum, 4
 196              	Output_sum:
 197 0000 00000000 		.space	4
 198              		.type	n, %object
 199              		.size	n, 2
 200              	n:
 201 0004 0000     		.space	2
 202              		.type	n_copy, %object
ARM GAS  C:\Users\Gemma\AppData\Local\Temp\ccgBiA3H.s 			page 7


 203              		.size	n_copy, 2
 204              	n_copy:
 205 0006 0000     		.space	2
 206              		.type	new_data, %object
 207              		.size	new_data, 1
 208              	new_data:
 209 0008 00       		.space	1
 210              		.text
 211              	.Letext0:
 212              		.file 2 "c:\\program files (x86)\\cypress\\psoc creator\\4.2\\psoc creator\\import\\gnu\\arm\\5.4.
 213              		.file 3 "c:\\program files (x86)\\cypress\\psoc creator\\4.2\\psoc creator\\import\\gnu\\arm\\5.4.
 214              		.file 4 "Generated_Source\\PSoC5/cytypes.h"
 215              		.file 5 "Generated_Source\\PSoC5/core_cm3.h"
 216              		.file 6 "Generated_Source\\PSoC5/ADC_DelSig.h"
 217              		.file 7 "c:\\program files (x86)\\cypress\\psoc creator\\4.2\\psoc creator\\import\\gnu\\arm\\5.4.
 218              		.file 8 "Generated_Source\\PSoC5/DEBUG_UART.h"
 219              		.file 9 "Generated_Source\\PSoC5/AMux.h"
 220              		.file 10 "Generated_Source\\PSoC5/ADC_ISR.h"
 221              		.section	.debug_info,"",%progbits
 222              	.Ldebug_info0:
 223 0000 0F030000 		.4byte	0x30f
 224 0004 0400     		.2byte	0x4
 225 0006 00000000 		.4byte	.Ldebug_abbrev0
 226 000a 04       		.byte	0x4
 227 000b 01       		.uleb128 0x1
 228 000c 8A000000 		.4byte	.LASF43
 229 0010 0C       		.byte	0xc
 230 0011 93020000 		.4byte	.LASF44
 231 0015 C4010000 		.4byte	.LASF45
 232 0019 00000000 		.4byte	.Ldebug_ranges0+0
 233 001d 00000000 		.4byte	0
 234 0021 00000000 		.4byte	.Ldebug_line0
 235 0025 02       		.uleb128 0x2
 236 0026 01       		.byte	0x1
 237 0027 06       		.byte	0x6
 238 0028 70000000 		.4byte	.LASF0
 239 002c 03       		.uleb128 0x3
 240 002d 09000000 		.4byte	.LASF3
 241 0031 02       		.byte	0x2
 242 0032 1D       		.byte	0x1d
 243 0033 37000000 		.4byte	0x37
 244 0037 02       		.uleb128 0x2
 245 0038 01       		.byte	0x1
 246 0039 08       		.byte	0x8
 247 003a 7C000000 		.4byte	.LASF1
 248 003e 02       		.uleb128 0x2
 249 003f 02       		.byte	0x2
 250 0040 05       		.byte	0x5
 251 0041 9F020000 		.4byte	.LASF2
 252 0045 03       		.uleb128 0x3
 253 0046 84010000 		.4byte	.LASF4
 254 004a 02       		.byte	0x2
 255 004b 2B       		.byte	0x2b
 256 004c 50000000 		.4byte	0x50
 257 0050 02       		.uleb128 0x2
 258 0051 02       		.byte	0x2
 259 0052 07       		.byte	0x7
ARM GAS  C:\Users\Gemma\AppData\Local\Temp\ccgBiA3H.s 			page 8


 260 0053 3E010000 		.4byte	.LASF5
 261 0057 03       		.uleb128 0x3
 262 0058 1B000000 		.4byte	.LASF6
 263 005c 02       		.byte	0x2
 264 005d 3F       		.byte	0x3f
 265 005e 62000000 		.4byte	0x62
 266 0062 02       		.uleb128 0x2
 267 0063 04       		.byte	0x4
 268 0064 05       		.byte	0x5
 269 0065 CC020000 		.4byte	.LASF7
 270 0069 03       		.uleb128 0x3
 271 006a A1010000 		.4byte	.LASF8
 272 006e 02       		.byte	0x2
 273 006f 41       		.byte	0x41
 274 0070 74000000 		.4byte	0x74
 275 0074 02       		.uleb128 0x2
 276 0075 04       		.byte	0x4
 277 0076 07       		.byte	0x7
 278 0077 8F010000 		.4byte	.LASF9
 279 007b 02       		.uleb128 0x2
 280 007c 08       		.byte	0x8
 281 007d 05       		.byte	0x5
 282 007e 85020000 		.4byte	.LASF10
 283 0082 02       		.uleb128 0x2
 284 0083 08       		.byte	0x8
 285 0084 07       		.byte	0x7
 286 0085 2B020000 		.4byte	.LASF11
 287 0089 04       		.uleb128 0x4
 288 008a 04       		.byte	0x4
 289 008b 05       		.byte	0x5
 290 008c 696E7400 		.ascii	"int\000"
 291 0090 02       		.uleb128 0x2
 292 0091 04       		.byte	0x4
 293 0092 07       		.byte	0x7
 294 0093 1E020000 		.4byte	.LASF12
 295 0097 03       		.uleb128 0x3
 296 0098 42020000 		.4byte	.LASF13
 297 009c 03       		.byte	0x3
 298 009d 18       		.byte	0x18
 299 009e 2C000000 		.4byte	0x2c
 300 00a2 03       		.uleb128 0x3
 301 00a3 A9020000 		.4byte	.LASF14
 302 00a7 03       		.byte	0x3
 303 00a8 24       		.byte	0x24
 304 00a9 45000000 		.4byte	0x45
 305 00ad 03       		.uleb128 0x3
 306 00ae 74020000 		.4byte	.LASF15
 307 00b2 03       		.byte	0x3
 308 00b3 2C       		.byte	0x2c
 309 00b4 57000000 		.4byte	0x57
 310 00b8 03       		.uleb128 0x3
 311 00b9 C3020000 		.4byte	.LASF16
 312 00bd 03       		.byte	0x3
 313 00be 30       		.byte	0x30
 314 00bf 69000000 		.4byte	0x69
 315 00c3 05       		.uleb128 0x5
 316 00c4 B8010000 		.4byte	.LASF17
ARM GAS  C:\Users\Gemma\AppData\Local\Temp\ccgBiA3H.s 			page 9


 317 00c8 04       		.byte	0x4
 318 00c9 E601     		.2byte	0x1e6
 319 00cb 74000000 		.4byte	0x74
 320 00cf 02       		.uleb128 0x2
 321 00d0 04       		.byte	0x4
 322 00d1 04       		.byte	0x4
 323 00d2 5F000000 		.4byte	.LASF18
 324 00d6 02       		.uleb128 0x2
 325 00d7 08       		.byte	0x8
 326 00d8 04       		.byte	0x4
 327 00d9 2C000000 		.4byte	.LASF19
 328 00dd 02       		.uleb128 0x2
 329 00de 01       		.byte	0x1
 330 00df 08       		.byte	0x8
 331 00e0 9A020000 		.4byte	.LASF20
 332 00e4 02       		.uleb128 0x2
 333 00e5 08       		.byte	0x8
 334 00e6 04       		.byte	0x4
 335 00e7 D5020000 		.4byte	.LASF21
 336 00eb 02       		.uleb128 0x2
 337 00ec 04       		.byte	0x4
 338 00ed 07       		.byte	0x7
 339 00ee 7C020000 		.4byte	.LASF22
 340 00f2 06       		.uleb128 0x6
 341 00f3 97000000 		.4byte	0x97
 342 00f7 07       		.uleb128 0x7
 343 00f8 01030000 		.4byte	.LASF46
 344 00fc 01       		.byte	0x1
 345 00fd 6F       		.byte	0x6f
 346 00fe 00000000 		.4byte	.LFB65
 347 0102 40000000 		.4byte	.LFE65-.LFB65
 348 0106 01       		.uleb128 0x1
 349 0107 9C       		.byte	0x9c
 350 0108 2E010000 		.4byte	0x12e
 351 010c 08       		.uleb128 0x8
 352 010d 25000000 		.4byte	.LASF23
 353 0111 01       		.byte	0x1
 354 0112 70       		.byte	0x70
 355 0113 C3000000 		.4byte	0xc3
 356 0117 00000000 		.4byte	.LLST0
 357 011b 09       		.uleb128 0x9
 358 011c 06000000 		.4byte	.LVL0
 359 0120 A4020000 		.4byte	0x2a4
 360 0124 09       		.uleb128 0x9
 361 0125 0A000000 		.4byte	.LVL1
 362 0129 AF020000 		.4byte	0x2af
 363 012d 00       		.byte	0
 364 012e 0A       		.uleb128 0xa
 365 012f BF010000 		.4byte	.LASF47
 366 0133 01       		.byte	0x1
 367 0134 39       		.byte	0x39
 368 0135 89000000 		.4byte	0x89
 369 0139 00000000 		.4byte	.LFB64
 370 013d 78000000 		.4byte	.LFE64-.LFB64
 371 0141 01       		.uleb128 0x1
 372 0142 9C       		.byte	0x9c
 373 0143 2B020000 		.4byte	0x22b
ARM GAS  C:\Users\Gemma\AppData\Local\Temp\ccgBiA3H.s 			page 10


 374 0147 0B       		.uleb128 0xb
 375 0148 E1020000 		.4byte	.LASF24
 376 014c 01       		.byte	0x1
 377 014d 3F       		.byte	0x3f
 378 014e 2B020000 		.4byte	0x22b
 379 0152 03       		.uleb128 0x3
 380 0153 91       		.byte	0x91
 381 0154 F87E     		.sleb128 -136
 382 0156 0C       		.uleb128 0xc
 383 0157 13000000 		.4byte	.LASF25
 384 015b 01       		.byte	0x1
 385 015c 41       		.byte	0x41
 386 015d 3B020000 		.4byte	0x23b
 387 0161 01       		.byte	0x1
 388 0162 0D       		.uleb128 0xd
 389 0163 32000000 		.4byte	.LBB2
 390 0167 46000000 		.4byte	.LBE2-.LBB2
 391 016b C5010000 		.4byte	0x1c5
 392 016f 08       		.uleb128 0x8
 393 0170 79010000 		.4byte	.LASF26
 394 0174 01       		.byte	0x1
 395 0175 54       		.byte	0x54
 396 0176 CF000000 		.4byte	0xcf
 397 017a 13000000 		.4byte	.LLST1
 398 017e 0D       		.uleb128 0xd
 399 017f 42000000 		.4byte	.LBB3
 400 0183 16000000 		.4byte	.LBE3-.LBB3
 401 0187 B4010000 		.4byte	0x1b4
 402 018b 08       		.uleb128 0x8
 403 018c 39010000 		.4byte	.LASF27
 404 0190 01       		.byte	0x1
 405 0191 56       		.byte	0x56
 406 0192 CF000000 		.4byte	0xcf
 407 0196 26000000 		.4byte	.LLST2
 408 019a 0E       		.uleb128 0xe
 409 019b 58000000 		.4byte	.LVL14
 410 019f BA020000 		.4byte	0x2ba
 411 01a3 0F       		.uleb128 0xf
 412 01a4 01       		.uleb128 0x1
 413 01a5 50       		.byte	0x50
 414 01a6 02       		.uleb128 0x2
 415 01a7 7D       		.byte	0x7d
 416 01a8 00       		.sleb128 0
 417 01a9 0F       		.uleb128 0xf
 418 01aa 01       		.uleb128 0x1
 419 01ab 51       		.byte	0x51
 420 01ac 05       		.uleb128 0x5
 421 01ad 03       		.byte	0x3
 422 01ae 10000000 		.4byte	.LC1
 423 01b2 00       		.byte	0
 424 01b3 00       		.byte	0
 425 01b4 0E       		.uleb128 0xe
 426 01b5 5E000000 		.4byte	.LVL15
 427 01b9 C5020000 		.4byte	0x2c5
 428 01bd 0F       		.uleb128 0xf
 429 01be 01       		.uleb128 0x1
 430 01bf 50       		.byte	0x50
ARM GAS  C:\Users\Gemma\AppData\Local\Temp\ccgBiA3H.s 			page 11


 431 01c0 02       		.uleb128 0x2
 432 01c1 7D       		.byte	0x7d
 433 01c2 00       		.sleb128 0
 434 01c3 00       		.byte	0
 435 01c4 00       		.byte	0
 436 01c5 09       		.uleb128 0x9
 437 01c6 0A000000 		.4byte	.LVL4
 438 01ca D0020000 		.4byte	0x2d0
 439 01ce 09       		.uleb128 0x9
 440 01cf 0E000000 		.4byte	.LVL5
 441 01d3 DB020000 		.4byte	0x2db
 442 01d7 09       		.uleb128 0x9
 443 01d8 12000000 		.4byte	.LVL6
 444 01dc E6020000 		.4byte	0x2e6
 445 01e0 10       		.uleb128 0x10
 446 01e1 18000000 		.4byte	.LVL7
 447 01e5 F1020000 		.4byte	0x2f1
 448 01e9 F3010000 		.4byte	0x1f3
 449 01ed 0F       		.uleb128 0xf
 450 01ee 01       		.uleb128 0x1
 451 01ef 50       		.byte	0x50
 452 01f0 01       		.uleb128 0x1
 453 01f1 31       		.byte	0x31
 454 01f2 00       		.byte	0
 455 01f3 10       		.uleb128 0x10
 456 01f4 1E000000 		.4byte	.LVL8
 457 01f8 FC020000 		.4byte	0x2fc
 458 01fc 0A020000 		.4byte	0x20a
 459 0200 0F       		.uleb128 0xf
 460 0201 01       		.uleb128 0x1
 461 0202 50       		.byte	0x50
 462 0203 05       		.uleb128 0x5
 463 0204 03       		.byte	0x3
 464 0205 00000000 		.4byte	MyADCIsr
 465 0209 00       		.byte	0
 466 020a 10       		.uleb128 0x10
 467 020b 24000000 		.4byte	.LVL9
 468 020f C5020000 		.4byte	0x2c5
 469 0213 21020000 		.4byte	0x221
 470 0217 0F       		.uleb128 0xf
 471 0218 01       		.uleb128 0x1
 472 0219 50       		.byte	0x50
 473 021a 05       		.uleb128 0x5
 474 021b 03       		.byte	0x3
 475 021c 00000000 		.4byte	.LC0
 476 0220 00       		.byte	0
 477 0221 09       		.uleb128 0x9
 478 0222 28000000 		.4byte	.LVL10
 479 0226 07030000 		.4byte	0x307
 480 022a 00       		.byte	0
 481 022b 11       		.uleb128 0x11
 482 022c DD000000 		.4byte	0xdd
 483 0230 3B020000 		.4byte	0x23b
 484 0234 12       		.uleb128 0x12
 485 0235 EB000000 		.4byte	0xeb
 486 0239 7F       		.byte	0x7f
 487 023a 00       		.byte	0
ARM GAS  C:\Users\Gemma\AppData\Local\Temp\ccgBiA3H.s 			page 12


 488 023b 13       		.uleb128 0x13
 489 023c 97000000 		.4byte	0x97
 490 0240 14       		.uleb128 0x14
 491 0241 6C010000 		.4byte	.LASF28
 492 0245 05       		.byte	0x5
 493 0246 1207     		.2byte	0x712
 494 0248 4C020000 		.4byte	0x24c
 495 024c 06       		.uleb128 0x6
 496 024d AD000000 		.4byte	0xad
 497 0251 15       		.uleb128 0x15
 498 0252 00000000 		.4byte	.LASF29
 499 0256 01       		.byte	0x1
 500 0257 1B       		.byte	0x1b
 501 0258 F2000000 		.4byte	0xf2
 502 025c 05       		.uleb128 0x5
 503 025d 03       		.byte	0x3
 504 025e 00000000 		.4byte	new_data
 505 0262 15       		.uleb128 0x15
 506 0263 65000000 		.4byte	.LASF30
 507 0267 01       		.byte	0x1
 508 0268 1C       		.byte	0x1c
 509 0269 B8000000 		.4byte	0xb8
 510 026d 05       		.uleb128 0x5
 511 026e 03       		.byte	0x3
 512 026f 00000000 		.4byte	Output_sum
 513 0273 16       		.uleb128 0x16
 514 0274 6E00     		.ascii	"n\000"
 515 0276 01       		.byte	0x1
 516 0277 1D       		.byte	0x1d
 517 0278 A2000000 		.4byte	0xa2
 518 027c 05       		.uleb128 0x5
 519 027d 03       		.byte	0x3
 520 027e 00000000 		.4byte	n
 521 0282 15       		.uleb128 0x15
 522 0283 29010000 		.4byte	.LASF31
 523 0287 01       		.byte	0x1
 524 0288 1E       		.byte	0x1e
 525 0289 B8000000 		.4byte	0xb8
 526 028d 05       		.uleb128 0x5
 527 028e 03       		.byte	0x3
 528 028f 00000000 		.4byte	Output_sum_copy
 529 0293 15       		.uleb128 0x15
 530 0294 55020000 		.4byte	.LASF32
 531 0298 01       		.byte	0x1
 532 0299 1F       		.byte	0x1f
 533 029a A2000000 		.4byte	0xa2
 534 029e 05       		.uleb128 0x5
 535 029f 03       		.byte	0x3
 536 02a0 00000000 		.4byte	n_copy
 537 02a4 17       		.uleb128 0x17
 538 02a5 48000000 		.4byte	.LASF33
 539 02a9 48000000 		.4byte	.LASF33
 540 02ad 06       		.byte	0x6
 541 02ae 41       		.byte	0x41
 542 02af 17       		.uleb128 0x17
 543 02b0 51010000 		.4byte	.LASF34
 544 02b4 51010000 		.4byte	.LASF34
ARM GAS  C:\Users\Gemma\AppData\Local\Temp\ccgBiA3H.s 			page 13


 545 02b8 06       		.byte	0x6
 546 02b9 47       		.byte	0x47
 547 02ba 17       		.uleb128 0x17
 548 02bb 0A030000 		.4byte	.LASF35
 549 02bf 0A030000 		.4byte	.LASF35
 550 02c3 07       		.byte	0x7
 551 02c4 E7       		.byte	0xe7
 552 02c5 17       		.uleb128 0x17
 553 02c6 33000000 		.4byte	.LASF36
 554 02ca 33000000 		.4byte	.LASF36
 555 02ce 08       		.byte	0x8
 556 02cf 8B       		.byte	0x8b
 557 02d0 17       		.uleb128 0x17
 558 02d1 18010000 		.4byte	.LASF37
 559 02d5 18010000 		.4byte	.LASF37
 560 02d9 08       		.byte	0x8
 561 02da 54       		.byte	0x54
 562 02db 17       		.uleb128 0x17
 563 02dc B2020000 		.4byte	.LASF38
 564 02e0 B2020000 		.4byte	.LASF38
 565 02e4 06       		.byte	0x6
 566 02e5 3A       		.byte	0x3a
 567 02e6 17       		.uleb128 0x17
 568 02e7 4A020000 		.4byte	.LASF39
 569 02eb 4A020000 		.4byte	.LASF39
 570 02ef 09       		.byte	0x9
 571 02f0 25       		.byte	0x25
 572 02f1 17       		.uleb128 0x17
 573 02f2 AC010000 		.4byte	.LASF40
 574 02f6 AC010000 		.4byte	.LASF40
 575 02fa 09       		.byte	0x9
 576 02fb 57       		.byte	0x57
 577 02fc 17       		.uleb128 0x17
 578 02fd F1020000 		.4byte	.LASF41
 579 0301 F1020000 		.4byte	.LASF41
 580 0305 0A       		.byte	0xa
 581 0306 18       		.byte	0x18
 582 0307 17       		.uleb128 0x17
 583 0308 5C020000 		.4byte	.LASF42
 584 030c 5C020000 		.4byte	.LASF42
 585 0310 06       		.byte	0x6
 586 0311 3D       		.byte	0x3d
 587 0312 00       		.byte	0
 588              		.section	.debug_abbrev,"",%progbits
 589              	.Ldebug_abbrev0:
 590 0000 01       		.uleb128 0x1
 591 0001 11       		.uleb128 0x11
 592 0002 01       		.byte	0x1
 593 0003 25       		.uleb128 0x25
 594 0004 0E       		.uleb128 0xe
 595 0005 13       		.uleb128 0x13
 596 0006 0B       		.uleb128 0xb
 597 0007 03       		.uleb128 0x3
 598 0008 0E       		.uleb128 0xe
 599 0009 1B       		.uleb128 0x1b
 600 000a 0E       		.uleb128 0xe
 601 000b 55       		.uleb128 0x55
ARM GAS  C:\Users\Gemma\AppData\Local\Temp\ccgBiA3H.s 			page 14


 602 000c 17       		.uleb128 0x17
 603 000d 11       		.uleb128 0x11
 604 000e 01       		.uleb128 0x1
 605 000f 10       		.uleb128 0x10
 606 0010 17       		.uleb128 0x17
 607 0011 00       		.byte	0
 608 0012 00       		.byte	0
 609 0013 02       		.uleb128 0x2
 610 0014 24       		.uleb128 0x24
 611 0015 00       		.byte	0
 612 0016 0B       		.uleb128 0xb
 613 0017 0B       		.uleb128 0xb
 614 0018 3E       		.uleb128 0x3e
 615 0019 0B       		.uleb128 0xb
 616 001a 03       		.uleb128 0x3
 617 001b 0E       		.uleb128 0xe
 618 001c 00       		.byte	0
 619 001d 00       		.byte	0
 620 001e 03       		.uleb128 0x3
 621 001f 16       		.uleb128 0x16
 622 0020 00       		.byte	0
 623 0021 03       		.uleb128 0x3
 624 0022 0E       		.uleb128 0xe
 625 0023 3A       		.uleb128 0x3a
 626 0024 0B       		.uleb128 0xb
 627 0025 3B       		.uleb128 0x3b
 628 0026 0B       		.uleb128 0xb
 629 0027 49       		.uleb128 0x49
 630 0028 13       		.uleb128 0x13
 631 0029 00       		.byte	0
 632 002a 00       		.byte	0
 633 002b 04       		.uleb128 0x4
 634 002c 24       		.uleb128 0x24
 635 002d 00       		.byte	0
 636 002e 0B       		.uleb128 0xb
 637 002f 0B       		.uleb128 0xb
 638 0030 3E       		.uleb128 0x3e
 639 0031 0B       		.uleb128 0xb
 640 0032 03       		.uleb128 0x3
 641 0033 08       		.uleb128 0x8
 642 0034 00       		.byte	0
 643 0035 00       		.byte	0
 644 0036 05       		.uleb128 0x5
 645 0037 16       		.uleb128 0x16
 646 0038 00       		.byte	0
 647 0039 03       		.uleb128 0x3
 648 003a 0E       		.uleb128 0xe
 649 003b 3A       		.uleb128 0x3a
 650 003c 0B       		.uleb128 0xb
 651 003d 3B       		.uleb128 0x3b
 652 003e 05       		.uleb128 0x5
 653 003f 49       		.uleb128 0x49
 654 0040 13       		.uleb128 0x13
 655 0041 00       		.byte	0
 656 0042 00       		.byte	0
 657 0043 06       		.uleb128 0x6
 658 0044 35       		.uleb128 0x35
ARM GAS  C:\Users\Gemma\AppData\Local\Temp\ccgBiA3H.s 			page 15


 659 0045 00       		.byte	0
 660 0046 49       		.uleb128 0x49
 661 0047 13       		.uleb128 0x13
 662 0048 00       		.byte	0
 663 0049 00       		.byte	0
 664 004a 07       		.uleb128 0x7
 665 004b 2E       		.uleb128 0x2e
 666 004c 01       		.byte	0x1
 667 004d 3F       		.uleb128 0x3f
 668 004e 19       		.uleb128 0x19
 669 004f 03       		.uleb128 0x3
 670 0050 0E       		.uleb128 0xe
 671 0051 3A       		.uleb128 0x3a
 672 0052 0B       		.uleb128 0xb
 673 0053 3B       		.uleb128 0x3b
 674 0054 0B       		.uleb128 0xb
 675 0055 27       		.uleb128 0x27
 676 0056 19       		.uleb128 0x19
 677 0057 11       		.uleb128 0x11
 678 0058 01       		.uleb128 0x1
 679 0059 12       		.uleb128 0x12
 680 005a 06       		.uleb128 0x6
 681 005b 40       		.uleb128 0x40
 682 005c 18       		.uleb128 0x18
 683 005d 9742     		.uleb128 0x2117
 684 005f 19       		.uleb128 0x19
 685 0060 01       		.uleb128 0x1
 686 0061 13       		.uleb128 0x13
 687 0062 00       		.byte	0
 688 0063 00       		.byte	0
 689 0064 08       		.uleb128 0x8
 690 0065 34       		.uleb128 0x34
 691 0066 00       		.byte	0
 692 0067 03       		.uleb128 0x3
 693 0068 0E       		.uleb128 0xe
 694 0069 3A       		.uleb128 0x3a
 695 006a 0B       		.uleb128 0xb
 696 006b 3B       		.uleb128 0x3b
 697 006c 0B       		.uleb128 0xb
 698 006d 49       		.uleb128 0x49
 699 006e 13       		.uleb128 0x13
 700 006f 02       		.uleb128 0x2
 701 0070 17       		.uleb128 0x17
 702 0071 00       		.byte	0
 703 0072 00       		.byte	0
 704 0073 09       		.uleb128 0x9
 705 0074 898201   		.uleb128 0x4109
 706 0077 00       		.byte	0
 707 0078 11       		.uleb128 0x11
 708 0079 01       		.uleb128 0x1
 709 007a 31       		.uleb128 0x31
 710 007b 13       		.uleb128 0x13
 711 007c 00       		.byte	0
 712 007d 00       		.byte	0
 713 007e 0A       		.uleb128 0xa
 714 007f 2E       		.uleb128 0x2e
 715 0080 01       		.byte	0x1
ARM GAS  C:\Users\Gemma\AppData\Local\Temp\ccgBiA3H.s 			page 16


 716 0081 3F       		.uleb128 0x3f
 717 0082 19       		.uleb128 0x19
 718 0083 03       		.uleb128 0x3
 719 0084 0E       		.uleb128 0xe
 720 0085 3A       		.uleb128 0x3a
 721 0086 0B       		.uleb128 0xb
 722 0087 3B       		.uleb128 0x3b
 723 0088 0B       		.uleb128 0xb
 724 0089 27       		.uleb128 0x27
 725 008a 19       		.uleb128 0x19
 726 008b 49       		.uleb128 0x49
 727 008c 13       		.uleb128 0x13
 728 008d 8701     		.uleb128 0x87
 729 008f 19       		.uleb128 0x19
 730 0090 11       		.uleb128 0x11
 731 0091 01       		.uleb128 0x1
 732 0092 12       		.uleb128 0x12
 733 0093 06       		.uleb128 0x6
 734 0094 40       		.uleb128 0x40
 735 0095 18       		.uleb128 0x18
 736 0096 9642     		.uleb128 0x2116
 737 0098 19       		.uleb128 0x19
 738 0099 01       		.uleb128 0x1
 739 009a 13       		.uleb128 0x13
 740 009b 00       		.byte	0
 741 009c 00       		.byte	0
 742 009d 0B       		.uleb128 0xb
 743 009e 34       		.uleb128 0x34
 744 009f 00       		.byte	0
 745 00a0 03       		.uleb128 0x3
 746 00a1 0E       		.uleb128 0xe
 747 00a2 3A       		.uleb128 0x3a
 748 00a3 0B       		.uleb128 0xb
 749 00a4 3B       		.uleb128 0x3b
 750 00a5 0B       		.uleb128 0xb
 751 00a6 49       		.uleb128 0x49
 752 00a7 13       		.uleb128 0x13
 753 00a8 02       		.uleb128 0x2
 754 00a9 18       		.uleb128 0x18
 755 00aa 00       		.byte	0
 756 00ab 00       		.byte	0
 757 00ac 0C       		.uleb128 0xc
 758 00ad 34       		.uleb128 0x34
 759 00ae 00       		.byte	0
 760 00af 03       		.uleb128 0x3
 761 00b0 0E       		.uleb128 0xe
 762 00b1 3A       		.uleb128 0x3a
 763 00b2 0B       		.uleb128 0xb
 764 00b3 3B       		.uleb128 0x3b
 765 00b4 0B       		.uleb128 0xb
 766 00b5 49       		.uleb128 0x49
 767 00b6 13       		.uleb128 0x13
 768 00b7 1C       		.uleb128 0x1c
 769 00b8 0B       		.uleb128 0xb
 770 00b9 00       		.byte	0
 771 00ba 00       		.byte	0
 772 00bb 0D       		.uleb128 0xd
ARM GAS  C:\Users\Gemma\AppData\Local\Temp\ccgBiA3H.s 			page 17


 773 00bc 0B       		.uleb128 0xb
 774 00bd 01       		.byte	0x1
 775 00be 11       		.uleb128 0x11
 776 00bf 01       		.uleb128 0x1
 777 00c0 12       		.uleb128 0x12
 778 00c1 06       		.uleb128 0x6
 779 00c2 01       		.uleb128 0x1
 780 00c3 13       		.uleb128 0x13
 781 00c4 00       		.byte	0
 782 00c5 00       		.byte	0
 783 00c6 0E       		.uleb128 0xe
 784 00c7 898201   		.uleb128 0x4109
 785 00ca 01       		.byte	0x1
 786 00cb 11       		.uleb128 0x11
 787 00cc 01       		.uleb128 0x1
 788 00cd 31       		.uleb128 0x31
 789 00ce 13       		.uleb128 0x13
 790 00cf 00       		.byte	0
 791 00d0 00       		.byte	0
 792 00d1 0F       		.uleb128 0xf
 793 00d2 8A8201   		.uleb128 0x410a
 794 00d5 00       		.byte	0
 795 00d6 02       		.uleb128 0x2
 796 00d7 18       		.uleb128 0x18
 797 00d8 9142     		.uleb128 0x2111
 798 00da 18       		.uleb128 0x18
 799 00db 00       		.byte	0
 800 00dc 00       		.byte	0
 801 00dd 10       		.uleb128 0x10
 802 00de 898201   		.uleb128 0x4109
 803 00e1 01       		.byte	0x1
 804 00e2 11       		.uleb128 0x11
 805 00e3 01       		.uleb128 0x1
 806 00e4 31       		.uleb128 0x31
 807 00e5 13       		.uleb128 0x13
 808 00e6 01       		.uleb128 0x1
 809 00e7 13       		.uleb128 0x13
 810 00e8 00       		.byte	0
 811 00e9 00       		.byte	0
 812 00ea 11       		.uleb128 0x11
 813 00eb 01       		.uleb128 0x1
 814 00ec 01       		.byte	0x1
 815 00ed 49       		.uleb128 0x49
 816 00ee 13       		.uleb128 0x13
 817 00ef 01       		.uleb128 0x1
 818 00f0 13       		.uleb128 0x13
 819 00f1 00       		.byte	0
 820 00f2 00       		.byte	0
 821 00f3 12       		.uleb128 0x12
 822 00f4 21       		.uleb128 0x21
 823 00f5 00       		.byte	0
 824 00f6 49       		.uleb128 0x49
 825 00f7 13       		.uleb128 0x13
 826 00f8 2F       		.uleb128 0x2f
 827 00f9 0B       		.uleb128 0xb
 828 00fa 00       		.byte	0
 829 00fb 00       		.byte	0
ARM GAS  C:\Users\Gemma\AppData\Local\Temp\ccgBiA3H.s 			page 18


 830 00fc 13       		.uleb128 0x13
 831 00fd 26       		.uleb128 0x26
 832 00fe 00       		.byte	0
 833 00ff 49       		.uleb128 0x49
 834 0100 13       		.uleb128 0x13
 835 0101 00       		.byte	0
 836 0102 00       		.byte	0
 837 0103 14       		.uleb128 0x14
 838 0104 34       		.uleb128 0x34
 839 0105 00       		.byte	0
 840 0106 03       		.uleb128 0x3
 841 0107 0E       		.uleb128 0xe
 842 0108 3A       		.uleb128 0x3a
 843 0109 0B       		.uleb128 0xb
 844 010a 3B       		.uleb128 0x3b
 845 010b 05       		.uleb128 0x5
 846 010c 49       		.uleb128 0x49
 847 010d 13       		.uleb128 0x13
 848 010e 3F       		.uleb128 0x3f
 849 010f 19       		.uleb128 0x19
 850 0110 3C       		.uleb128 0x3c
 851 0111 19       		.uleb128 0x19
 852 0112 00       		.byte	0
 853 0113 00       		.byte	0
 854 0114 15       		.uleb128 0x15
 855 0115 34       		.uleb128 0x34
 856 0116 00       		.byte	0
 857 0117 03       		.uleb128 0x3
 858 0118 0E       		.uleb128 0xe
 859 0119 3A       		.uleb128 0x3a
 860 011a 0B       		.uleb128 0xb
 861 011b 3B       		.uleb128 0x3b
 862 011c 0B       		.uleb128 0xb
 863 011d 49       		.uleb128 0x49
 864 011e 13       		.uleb128 0x13
 865 011f 3F       		.uleb128 0x3f
 866 0120 19       		.uleb128 0x19
 867 0121 02       		.uleb128 0x2
 868 0122 18       		.uleb128 0x18
 869 0123 00       		.byte	0
 870 0124 00       		.byte	0
 871 0125 16       		.uleb128 0x16
 872 0126 34       		.uleb128 0x34
 873 0127 00       		.byte	0
 874 0128 03       		.uleb128 0x3
 875 0129 08       		.uleb128 0x8
 876 012a 3A       		.uleb128 0x3a
 877 012b 0B       		.uleb128 0xb
 878 012c 3B       		.uleb128 0x3b
 879 012d 0B       		.uleb128 0xb
 880 012e 49       		.uleb128 0x49
 881 012f 13       		.uleb128 0x13
 882 0130 3F       		.uleb128 0x3f
 883 0131 19       		.uleb128 0x19
 884 0132 02       		.uleb128 0x2
 885 0133 18       		.uleb128 0x18
 886 0134 00       		.byte	0
ARM GAS  C:\Users\Gemma\AppData\Local\Temp\ccgBiA3H.s 			page 19


 887 0135 00       		.byte	0
 888 0136 17       		.uleb128 0x17
 889 0137 2E       		.uleb128 0x2e
 890 0138 00       		.byte	0
 891 0139 3F       		.uleb128 0x3f
 892 013a 19       		.uleb128 0x19
 893 013b 3C       		.uleb128 0x3c
 894 013c 19       		.uleb128 0x19
 895 013d 6E       		.uleb128 0x6e
 896 013e 0E       		.uleb128 0xe
 897 013f 03       		.uleb128 0x3
 898 0140 0E       		.uleb128 0xe
 899 0141 3A       		.uleb128 0x3a
 900 0142 0B       		.uleb128 0xb
 901 0143 3B       		.uleb128 0x3b
 902 0144 0B       		.uleb128 0xb
 903 0145 00       		.byte	0
 904 0146 00       		.byte	0
 905 0147 00       		.byte	0
 906              		.section	.debug_loc,"",%progbits
 907              	.Ldebug_loc0:
 908              	.LLST0:
 909 0000 0A000000 		.4byte	.LVL1
 910 0004 10000000 		.4byte	.LVL2
 911 0008 0100     		.2byte	0x1
 912 000a 50       		.byte	0x50
 913 000b 00000000 		.4byte	0
 914 000f 00000000 		.4byte	0
 915              	.LLST1:
 916 0013 42000000 		.4byte	.LVL11
 917 0017 47000000 		.4byte	.LVL12-1
 918 001b 0100     		.2byte	0x1
 919 001d 50       		.byte	0x50
 920 001e 00000000 		.4byte	0
 921 0022 00000000 		.4byte	0
 922              	.LLST2:
 923 0026 48000000 		.4byte	.LVL12
 924 002a 4B000000 		.4byte	.LVL13-1
 925 002e 0100     		.2byte	0x1
 926 0030 50       		.byte	0x50
 927 0031 00000000 		.4byte	0
 928 0035 00000000 		.4byte	0
 929              		.section	.debug_aranges,"",%progbits
 930 0000 24000000 		.4byte	0x24
 931 0004 0200     		.2byte	0x2
 932 0006 00000000 		.4byte	.Ldebug_info0
 933 000a 04       		.byte	0x4
 934 000b 00       		.byte	0
 935 000c 0000     		.2byte	0
 936 000e 0000     		.2byte	0
 937 0010 00000000 		.4byte	.LFB65
 938 0014 40000000 		.4byte	.LFE65-.LFB65
 939 0018 00000000 		.4byte	.LFB64
 940 001c 78000000 		.4byte	.LFE64-.LFB64
 941 0020 00000000 		.4byte	0
 942 0024 00000000 		.4byte	0
 943              		.section	.debug_ranges,"",%progbits
ARM GAS  C:\Users\Gemma\AppData\Local\Temp\ccgBiA3H.s 			page 20


 944              	.Ldebug_ranges0:
 945 0000 00000000 		.4byte	.LFB65
 946 0004 40000000 		.4byte	.LFE65
 947 0008 00000000 		.4byte	.LFB64
 948 000c 78000000 		.4byte	.LFE64
 949 0010 00000000 		.4byte	0
 950 0014 00000000 		.4byte	0
 951              		.section	.debug_line,"",%progbits
 952              	.Ldebug_line0:
 953 0000 33020000 		.section	.debug_str,"MS",%progbits,1
 953      0200F601 
 953      00000201 
 953      FB0E0D00 
 953      01010101 
 954              	.LASF29:
 955 0000 6E65775F 		.ascii	"new_data\000"
 955      64617461 
 955      00
 956              	.LASF3:
 957 0009 5F5F7569 		.ascii	"__uint8_t\000"
 957      6E74385F 
 957      7400
 958              	.LASF25:
 959 0013 6368616E 		.ascii	"channel\000"
 959      6E656C00 
 960              	.LASF6:
 961 001b 5F5F696E 		.ascii	"__int32_t\000"
 961      7433325F 
 961      7400
 962              	.LASF23:
 963 0025 4F757470 		.ascii	"Output\000"
 963      757400
 964              	.LASF19:
 965 002c 646F7562 		.ascii	"double\000"
 965      6C6500
 966              	.LASF36:
 967 0033 44454255 		.ascii	"DEBUG_UART_PutString\000"
 967      475F5541 
 967      52545F50 
 967      75745374 
 967      72696E67 
 968              	.LASF33:
 969 0048 4144435F 		.ascii	"ADC_DelSig_GetResult16\000"
 969      44656C53 
 969      69675F47 
 969      65745265 
 969      73756C74 
 970              	.LASF18:
 971 005f 666C6F61 		.ascii	"float\000"
 971      7400
 972              	.LASF30:
 973 0065 4F757470 		.ascii	"Output_sum\000"
 973      75745F73 
 973      756D00
 974              	.LASF0:
 975 0070 7369676E 		.ascii	"signed char\000"
 975      65642063 
ARM GAS  C:\Users\Gemma\AppData\Local\Temp\ccgBiA3H.s 			page 21


 975      68617200 
 976              	.LASF1:
 977 007c 756E7369 		.ascii	"unsigned char\000"
 977      676E6564 
 977      20636861 
 977      7200
 978              	.LASF43:
 979 008a 474E5520 		.ascii	"GNU C11 5.4.1 20160609 (release) [ARM/embedded-5-br"
 979      43313120 
 979      352E342E 
 979      31203230 
 979      31363036 
 980 00bd 616E6368 		.ascii	"anch revision 237715] -mcpu=cortex-m3 -mthumb -g -O"
 980      20726576 
 980      6973696F 
 980      6E203233 
 980      37373135 
 981 00f0 67202D66 		.ascii	"g -ffunction-sections -ffat-lto-objects\000"
 981      66756E63 
 981      74696F6E 
 981      2D736563 
 981      74696F6E 
 982              	.LASF37:
 983 0118 44454255 		.ascii	"DEBUG_UART_Start\000"
 983      475F5541 
 983      52545F53 
 983      74617274 
 983      00
 984              	.LASF31:
 985 0129 4F757470 		.ascii	"Output_sum_copy\000"
 985      75745F73 
 985      756D5F63 
 985      6F707900 
 986              	.LASF27:
 987 0139 74656D70 		.ascii	"temp\000"
 987      00
 988              	.LASF5:
 989 013e 73686F72 		.ascii	"short unsigned int\000"
 989      7420756E 
 989      7369676E 
 989      65642069 
 989      6E7400
 990              	.LASF34:
 991 0151 4144435F 		.ascii	"ADC_DelSig_CountsTo_mVolts\000"
 991      44656C53 
 991      69675F43 
 991      6F756E74 
 991      73546F5F 
 992              	.LASF28:
 993 016c 49544D5F 		.ascii	"ITM_RxBuffer\000"
 993      52784275 
 993      66666572 
 993      00
 994              	.LASF26:
 995 0179 6F757470 		.ascii	"output_avg\000"
 995      75745F61 
 995      766700
ARM GAS  C:\Users\Gemma\AppData\Local\Temp\ccgBiA3H.s 			page 22


 996              	.LASF4:
 997 0184 5F5F7569 		.ascii	"__uint16_t\000"
 997      6E743136 
 997      5F7400
 998              	.LASF9:
 999 018f 6C6F6E67 		.ascii	"long unsigned int\000"
 999      20756E73 
 999      69676E65 
 999      6420696E 
 999      7400
 1000              	.LASF8:
 1001 01a1 5F5F7569 		.ascii	"__uint32_t\000"
 1001      6E743332 
 1001      5F7400
 1002              	.LASF40:
 1003 01ac 414D7578 		.ascii	"AMux_Select\000"
 1003      5F53656C 
 1003      65637400 
 1004              	.LASF17:
 1005 01b8 75696E74 		.ascii	"uint32\000"
 1005      333200
 1006              	.LASF47:
 1007 01bf 6D61696E 		.ascii	"main\000"
 1007      00
 1008              	.LASF45:
 1009 01c4 433A5C55 		.ascii	"C:\\Users\\Gemma\\Desktop\\PSoC\\Project-DAQ_for_Ra"
 1009      73657273 
 1009      5C47656D 
 1009      6D615C44 
 1009      65736B74 
 1010 01f2 73706265 		.ascii	"spberryPi\\Project-DAQ_for_RaspberryPi.cydsn\000"
 1010      72727950 
 1010      695C5072 
 1010      6F6A6563 
 1010      742D4441 
 1011              	.LASF12:
 1012 021e 756E7369 		.ascii	"unsigned int\000"
 1012      676E6564 
 1012      20696E74 
 1012      00
 1013              	.LASF11:
 1014 022b 6C6F6E67 		.ascii	"long long unsigned int\000"
 1014      206C6F6E 
 1014      6720756E 
 1014      7369676E 
 1014      65642069 
 1015              	.LASF13:
 1016 0242 75696E74 		.ascii	"uint8_t\000"
 1016      385F7400 
 1017              	.LASF39:
 1018 024a 414D7578 		.ascii	"AMux_Start\000"
 1018      5F537461 
 1018      727400
 1019              	.LASF32:
 1020 0255 6E5F636F 		.ascii	"n_copy\000"
 1020      707900
 1021              	.LASF42:
ARM GAS  C:\Users\Gemma\AppData\Local\Temp\ccgBiA3H.s 			page 23


 1022 025c 4144435F 		.ascii	"ADC_DelSig_StartConvert\000"
 1022      44656C53 
 1022      69675F53 
 1022      74617274 
 1022      436F6E76 
 1023              	.LASF15:
 1024 0274 696E7433 		.ascii	"int32_t\000"
 1024      325F7400 
 1025              	.LASF22:
 1026 027c 73697A65 		.ascii	"sizetype\000"
 1026      74797065 
 1026      00
 1027              	.LASF10:
 1028 0285 6C6F6E67 		.ascii	"long long int\000"
 1028      206C6F6E 
 1028      6720696E 
 1028      7400
 1029              	.LASF44:
 1030 0293 6D61696E 		.ascii	"main.c\000"
 1030      2E6300
 1031              	.LASF20:
 1032 029a 63686172 		.ascii	"char\000"
 1032      00
 1033              	.LASF2:
 1034 029f 73686F72 		.ascii	"short int\000"
 1034      7420696E 
 1034      7400
 1035              	.LASF14:
 1036 02a9 75696E74 		.ascii	"uint16_t\000"
 1036      31365F74 
 1036      00
 1037              	.LASF38:
 1038 02b2 4144435F 		.ascii	"ADC_DelSig_Start\000"
 1038      44656C53 
 1038      69675F53 
 1038      74617274 
 1038      00
 1039              	.LASF16:
 1040 02c3 75696E74 		.ascii	"uint32_t\000"
 1040      33325F74 
 1040      00
 1041              	.LASF7:
 1042 02cc 6C6F6E67 		.ascii	"long int\000"
 1042      20696E74 
 1042      00
 1043              	.LASF21:
 1044 02d5 6C6F6E67 		.ascii	"long double\000"
 1044      20646F75 
 1044      626C6500 
 1045              	.LASF24:
 1046 02e1 7472616E 		.ascii	"transmit_buffer\000"
 1046      736D6974 
 1046      5F627566 
 1046      66657200 
 1047              	.LASF41:
 1048 02f1 4144435F 		.ascii	"ADC_ISR_StartEx\000"
 1048      4953525F 
ARM GAS  C:\Users\Gemma\AppData\Local\Temp\ccgBiA3H.s 			page 24


 1048      53746172 
 1048      74457800 
 1049              	.LASF46:
 1050 0301 4D794144 		.ascii	"MyADCIsr\000"
 1050      43497372 
 1050      00
 1051              	.LASF35:
 1052 030a 73707269 		.ascii	"sprintf\000"
 1052      6E746600 
 1053              		.ident	"GCC: (GNU Tools for ARM Embedded Processors) 5.4.1 20160609 (release) [ARM/embedded-5-bran
