ARM GAS  C:\Users\Gemma\AppData\Local\Temp\cchfxfRQ.s 			page 1


   1              		.syntax unified
   2              		.cpu cortex-m3
   3              		.fpu softvfp
   4              		.eabi_attribute 20, 1
   5              		.eabi_attribute 21, 1
   6              		.eabi_attribute 23, 3
   7              		.eabi_attribute 24, 1
   8              		.eabi_attribute 25, 1
   9              		.eabi_attribute 26, 1
  10              		.eabi_attribute 30, 6
  11              		.eabi_attribute 34, 1
  12              		.eabi_attribute 18, 4
  13              		.thumb
  14              		.syntax unified
  15              		.file	"cymetadata.c"
  16              		.text
  17              	.Ltext0:
  18              		.cfi_sections	.debug_frame
  19              		.global	cy_meta_configecc
  20              		.section	.cyconfigecc,"a",%progbits
  21              		.align	2
  22              		.type	cy_meta_configecc, %object
  23              		.size	cy_meta_configecc, 1156
  24              	cy_meta_configecc:
  25 0000 02       		.byte	2
  26 0001 4F       		.byte	79
  27 0002 00       		.byte	0
  28 0003 40       		.byte	64
  29 0004 04       		.byte	4
  30 0005 65       		.byte	101
  31 0006 00       		.byte	0
  32 0007 40       		.byte	64
  33 0008 04       		.byte	4
  34 0009 06       		.byte	6
  35 000a 01       		.byte	1
  36 000b 40       		.byte	64
  37 000c 02       		.byte	2
  38 000d 07       		.byte	7
  39 000e 01       		.byte	1
  40 000f 40       		.byte	64
  41 0010 28       		.byte	40
  42 0011 14       		.byte	20
  43 0012 01       		.byte	1
  44 0013 40       		.byte	64
  45 0014 0B       		.byte	11
  46 0015 15       		.byte	21
  47 0016 01       		.byte	1
  48 0017 40       		.byte	64
  49 0018 1F       		.byte	31
  50 0019 16       		.byte	22
  51 001a 01       		.byte	1
  52 001b 40       		.byte	64
  53 001c 13       		.byte	19
  54 001d 17       		.byte	23
  55 001e 01       		.byte	1
  56 001f 40       		.byte	64
  57 0020 6A       		.byte	106
ARM GAS  C:\Users\Gemma\AppData\Local\Temp\cchfxfRQ.s 			page 2


  58 0021 18       		.byte	24
  59 0022 01       		.byte	1
  60 0023 40       		.byte	64
  61 0024 39       		.byte	57
  62 0025 19       		.byte	25
  63 0026 01       		.byte	1
  64 0027 40       		.byte	64
  65 0028 60       		.byte	96
  66 0029 1A       		.byte	26
  67 002a 01       		.byte	1
  68 002b 40       		.byte	64
  69 002c 4C       		.byte	76
  70 002d 1B       		.byte	27
  71 002e 01       		.byte	1
  72 002f 40       		.byte	64
  73 0030 03       		.byte	3
  74 0031 40       		.byte	64
  75 0032 01       		.byte	1
  76 0033 40       		.byte	64
  77 0034 02       		.byte	2
  78 0035 41       		.byte	65
  79 0036 01       		.byte	1
  80 0037 40       		.byte	64
  81 0038 02       		.byte	2
  82 0039 42       		.byte	66
  83 003a 01       		.byte	1
  84 003b 40       		.byte	64
  85 003c 07       		.byte	7
  86 003d 43       		.byte	67
  87 003e 01       		.byte	1
  88 003f 40       		.byte	64
  89 0040 02       		.byte	2
  90 0041 44       		.byte	68
  91 0042 01       		.byte	1
  92 0043 40       		.byte	64
  93 0044 01       		.byte	1
  94 0045 45       		.byte	69
  95 0046 01       		.byte	1
  96 0047 40       		.byte	64
  97 0048 03       		.byte	3
  98 0049 46       		.byte	70
  99 004a 01       		.byte	1
 100 004b 40       		.byte	64
 101 004c 02       		.byte	2
 102 004d 47       		.byte	71
 103 004e 01       		.byte	1
 104 004f 40       		.byte	64
 105 0050 08       		.byte	8
 106 0051 48       		.byte	72
 107 0052 01       		.byte	1
 108 0053 40       		.byte	64
 109 0054 04       		.byte	4
 110 0055 49       		.byte	73
 111 0056 01       		.byte	1
 112 0057 40       		.byte	64
 113 0058 03       		.byte	3
 114 0059 4C       		.byte	76
ARM GAS  C:\Users\Gemma\AppData\Local\Temp\cchfxfRQ.s 			page 3


 115 005a 01       		.byte	1
 116 005b 40       		.byte	64
 117 005c 09       		.byte	9
 118 005d 4D       		.byte	77
 119 005e 01       		.byte	1
 120 005f 40       		.byte	64
 121 0060 04       		.byte	4
 122 0061 50       		.byte	80
 123 0062 01       		.byte	1
 124 0063 40       		.byte	64
 125 0064 02       		.byte	2
 126 0065 51       		.byte	81
 127 0066 01       		.byte	1
 128 0067 40       		.byte	64
 129 0068 01       		.byte	1
 130 0069 80       		.byte	-128
 131 006a 0A       		.byte	10
 132 006b 1B       		.byte	27
 133 006c 86       		.byte	-122
 134 006d 0D       		.byte	13
 135 006e 88       		.byte	-120
 136 006f 0F       		.byte	15
 137 0070 8A       		.byte	-118
 138 0071 72       		.byte	114
 139 0072 8B       		.byte	-117
 140 0073 38       		.byte	56
 141 0074 38       		.byte	56
 142 0075 08       		.byte	8
 143 0076 3E       		.byte	62
 144 0077 04       		.byte	4
 145 0078 58       		.byte	88
 146 0079 04       		.byte	4
 147 007a 5F       		.byte	95
 148 007b 01       		.byte	1
 149 007c 1E       		.byte	30
 150 007d 20       		.byte	32
 151 007e 1F       		.byte	31
 152 007f 08       		.byte	8
 153 0080 40       		.byte	64
 154 0081 54       		.byte	84
 155 0082 49       		.byte	73
 156 0083 FF       		.byte	-1
 157 0084 4A       		.byte	74
 158 0085 FF       		.byte	-1
 159 0086 4B       		.byte	75
 160 0087 FF       		.byte	-1
 161 0088 4F       		.byte	79
 162 0089 01       		.byte	1
 163 008a 50       		.byte	80
 164 008b 18       		.byte	24
 165 008c 5A       		.byte	90
 166 008d 04       		.byte	4
 167 008e 5D       		.byte	93
 168 008f 09       		.byte	9
 169 0090 5F       		.byte	95
 170 0091 01       		.byte	1
 171 0092 60       		.byte	96
ARM GAS  C:\Users\Gemma\AppData\Local\Temp\cchfxfRQ.s 			page 4


 172 0093 40       		.byte	64
 173 0094 62       		.byte	98
 174 0095 40       		.byte	64
 175 0096 64       		.byte	100
 176 0097 40       		.byte	64
 177 0098 65       		.byte	101
 178 0099 40       		.byte	64
 179 009a 66       		.byte	102
 180 009b 80       		.byte	-128
 181 009c 68       		.byte	104
 182 009d 80       		.byte	-128
 183 009e 6A       		.byte	106
 184 009f 80       		.byte	-128
 185 00a0 6C       		.byte	108
 186 00a1 80       		.byte	-128
 187 00a2 6E       		.byte	110
 188 00a3 80       		.byte	-128
 189 00a4 C0       		.byte	-64
 190 00a5 14       		.byte	20
 191 00a6 C9       		.byte	-55
 192 00a7 FF       		.byte	-1
 193 00a8 CA       		.byte	-54
 194 00a9 FF       		.byte	-1
 195 00aa CB       		.byte	-53
 196 00ab FF       		.byte	-1
 197 00ac CD       		.byte	-51
 198 00ad 83       		.byte	-125
 199 00ae CE       		.byte	-50
 200 00af 03       		.byte	3
 201 00b0 CF       		.byte	-49
 202 00b1 01       		.byte	1
 203 00b2 D0       		.byte	-48
 204 00b3 18       		.byte	24
 205 00b4 D2       		.byte	-46
 206 00b5 80       		.byte	-128
 207 00b6 DA       		.byte	-38
 208 00b7 04       		.byte	4
 209 00b8 DB       		.byte	-37
 210 00b9 04       		.byte	4
 211 00ba DD       		.byte	-35
 212 00bb 99       		.byte	-103
 213 00bc DF       		.byte	-33
 214 00bd 01       		.byte	1
 215 00be E0       		.byte	-32
 216 00bf 40       		.byte	64
 217 00c0 E2       		.byte	-30
 218 00c1 40       		.byte	64
 219 00c2 E4       		.byte	-28
 220 00c3 40       		.byte	64
 221 00c4 E5       		.byte	-27
 222 00c5 40       		.byte	64
 223 00c6 E6       		.byte	-26
 224 00c7 80       		.byte	-128
 225 00c8 E8       		.byte	-24
 226 00c9 80       		.byte	-128
 227 00ca EA       		.byte	-22
 228 00cb 80       		.byte	-128
ARM GAS  C:\Users\Gemma\AppData\Local\Temp\cchfxfRQ.s 			page 5


 229 00cc EC       		.byte	-20
 230 00cd 80       		.byte	-128
 231 00ce EE       		.byte	-18
 232 00cf 80       		.byte	-128
 233 00d0 42       		.byte	66
 234 00d1 80       		.byte	-128
 235 00d2 46       		.byte	70
 236 00d3 80       		.byte	-128
 237 00d4 47       		.byte	71
 238 00d5 80       		.byte	-128
 239 00d6 48       		.byte	72
 240 00d7 01       		.byte	1
 241 00d8 74       		.byte	116
 242 00d9 01       		.byte	1
 243 00da 77       		.byte	119
 244 00db 80       		.byte	-128
 245 00dc 9A       		.byte	-102
 246 00dd 80       		.byte	-128
 247 00de 9F       		.byte	-97
 248 00df 80       		.byte	-128
 249 00e0 D0       		.byte	-48
 250 00e1 91       		.byte	-111
 251 00e2 D2       		.byte	-46
 252 00e3 08       		.byte	8
 253 00e4 EC       		.byte	-20
 254 00e5 10       		.byte	16
 255 00e6 22       		.byte	34
 256 00e7 01       		.byte	1
 257 00e8 2E       		.byte	46
 258 00e9 01       		.byte	1
 259 00ea 30       		.byte	48
 260 00eb 01       		.byte	1
 261 00ec 3E       		.byte	62
 262 00ed 01       		.byte	1
 263 00ee 40       		.byte	64
 264 00ef 14       		.byte	20
 265 00f0 45       		.byte	69
 266 00f1 EC       		.byte	-20
 267 00f2 46       		.byte	70
 268 00f3 02       		.byte	2
 269 00f4 48       		.byte	72
 270 00f5 07       		.byte	7
 271 00f6 49       		.byte	73
 272 00f7 FF       		.byte	-1
 273 00f8 4A       		.byte	74
 274 00f9 FF       		.byte	-1
 275 00fa 4B       		.byte	75
 276 00fb FF       		.byte	-1
 277 00fc 4D       		.byte	77
 278 00fd 83       		.byte	-125
 279 00fe 4E       		.byte	78
 280 00ff 03       		.byte	3
 281 0100 4F       		.byte	79
 282 0101 01       		.byte	1
 283 0102 50       		.byte	80
 284 0103 18       		.byte	24
 285 0104 54       		.byte	84
ARM GAS  C:\Users\Gemma\AppData\Local\Temp\cchfxfRQ.s 			page 6


 286 0105 01       		.byte	1
 287 0106 56       		.byte	86
 288 0107 04       		.byte	4
 289 0108 58       		.byte	88
 290 0109 04       		.byte	4
 291 010a 5A       		.byte	90
 292 010b 04       		.byte	4
 293 010c 5B       		.byte	91
 294 010d 04       		.byte	4
 295 010e 5D       		.byte	93
 296 010f 99       		.byte	-103
 297 0110 5F       		.byte	95
 298 0111 01       		.byte	1
 299 0112 60       		.byte	96
 300 0113 40       		.byte	64
 301 0114 62       		.byte	98
 302 0115 40       		.byte	64
 303 0116 64       		.byte	100
 304 0117 40       		.byte	64
 305 0118 65       		.byte	101
 306 0119 40       		.byte	64
 307 011a 66       		.byte	102
 308 011b 80       		.byte	-128
 309 011c 68       		.byte	104
 310 011d 80       		.byte	-128
 311 011e 6A       		.byte	106
 312 011f 80       		.byte	-128
 313 0120 6C       		.byte	108
 314 0121 80       		.byte	-128
 315 0122 6E       		.byte	110
 316 0123 80       		.byte	-128
 317 0124 16       		.byte	22
 318 0125 80       		.byte	-128
 319 0126 17       		.byte	23
 320 0127 80       		.byte	-128
 321 0128 1E       		.byte	30
 322 0129 80       		.byte	-128
 323 012a 46       		.byte	70
 324 012b 80       		.byte	-128
 325 012c 47       		.byte	71
 326 012d 80       		.byte	-128
 327 012e 4D       		.byte	77
 328 012f 04       		.byte	4
 329 0130 4F       		.byte	79
 330 0131 01       		.byte	1
 331 0132 56       		.byte	86
 332 0133 80       		.byte	-128
 333 0134 5D       		.byte	93
 334 0135 04       		.byte	4
 335 0136 5E       		.byte	94
 336 0137 80       		.byte	-128
 337 0138 5F       		.byte	95
 338 0139 01       		.byte	1
 339 013a 65       		.byte	101
 340 013b 02       		.byte	2
 341 013c 85       		.byte	-123
 342 013d 02       		.byte	2
ARM GAS  C:\Users\Gemma\AppData\Local\Temp\cchfxfRQ.s 			page 7


 343 013e AB       		.byte	-85
 344 013f 08       		.byte	8
 345 0140 B2       		.byte	-78
 346 0141 10       		.byte	16
 347 0142 C4       		.byte	-60
 348 0143 90       		.byte	-112
 349 0144 D0       		.byte	-48
 350 0145 90       		.byte	-112
 351 0146 D6       		.byte	-42
 352 0147 D0       		.byte	-48
 353 0148 D8       		.byte	-40
 354 0149 80       		.byte	-128
 355 014a 00       		.byte	0
 356 014b DC       		.byte	-36
 357 014c 02       		.byte	2
 358 014d 22       		.byte	34
 359 014e 04       		.byte	4
 360 014f 09       		.byte	9
 361 0150 05       		.byte	5
 362 0151 23       		.byte	35
 363 0152 06       		.byte	6
 364 0153 D0       		.byte	-48
 365 0154 07       		.byte	7
 366 0155 04       		.byte	4
 367 0156 08       		.byte	8
 368 0157 0C       		.byte	12
 369 0158 09       		.byte	9
 370 0159 03       		.byte	3
 371 015a 0A       		.byte	10
 372 015b 71       		.byte	113
 373 015c 0B       		.byte	11
 374 015d 24       		.byte	36
 375 015e 0C       		.byte	12
 376 015f 10       		.byte	16
 377 0160 0E       		.byte	14
 378 0161 AC       		.byte	-84
 379 0162 11       		.byte	17
 380 0163 23       		.byte	35
 381 0164 13       		.byte	19
 382 0165 0C       		.byte	12
 383 0166 16       		.byte	22
 384 0167 03       		.byte	3
 385 0168 17       		.byte	23
 386 0169 25       		.byte	37
 387 016a 18       		.byte	24
 388 016b 14       		.byte	20
 389 016c 19       		.byte	25
 390 016d 40       		.byte	64
 391 016e 1D       		.byte	29
 392 016f 0A       		.byte	10
 393 0170 1F       		.byte	31
 394 0171 24       		.byte	36
 395 0172 22       		.byte	34
 396 0173 20       		.byte	32
 397 0174 25       		.byte	37
 398 0175 10       		.byte	16
 399 0176 28       		.byte	40
ARM GAS  C:\Users\Gemma\AppData\Local\Temp\cchfxfRQ.s 			page 8


 400 0177 10       		.byte	16
 401 0178 2A       		.byte	42
 402 0179 40       		.byte	64
 403 017a 2B       		.byte	43
 404 017b 08       		.byte	8
 405 017c 31       		.byte	49
 406 017d 20       		.byte	32
 407 017e 32       		.byte	50
 408 017f 1F       		.byte	31
 409 0180 33       		.byte	51
 410 0181 40       		.byte	64
 411 0182 34       		.byte	52
 412 0183 E0       		.byte	-32
 413 0184 35       		.byte	53
 414 0185 10       		.byte	16
 415 0186 37       		.byte	55
 416 0187 0F       		.byte	15
 417 0188 3A       		.byte	58
 418 0189 20       		.byte	32
 419 018a 3B       		.byte	59
 420 018b 80       		.byte	-128
 421 018c 3F       		.byte	63
 422 018d 15       		.byte	21
 423 018e 40       		.byte	64
 424 018f 46       		.byte	70
 425 0190 41       		.byte	65
 426 0191 02       		.byte	2
 427 0192 45       		.byte	69
 428 0193 0B       		.byte	11
 429 0194 46       		.byte	70
 430 0195 C0       		.byte	-64
 431 0196 47       		.byte	71
 432 0197 0E       		.byte	14
 433 0198 48       		.byte	72
 434 0199 19       		.byte	25
 435 019a 49       		.byte	73
 436 019b FF       		.byte	-1
 437 019c 4A       		.byte	74
 438 019d FF       		.byte	-1
 439 019e 4B       		.byte	75
 440 019f FF       		.byte	-1
 441 01a0 4E       		.byte	78
 442 01a1 F0       		.byte	-16
 443 01a2 4F       		.byte	79
 444 01a3 44       		.byte	68
 445 01a4 50       		.byte	80
 446 01a5 0C       		.byte	12
 447 01a6 54       		.byte	84
 448 01a7 01       		.byte	1
 449 01a8 58       		.byte	88
 450 01a9 04       		.byte	4
 451 01aa 59       		.byte	89
 452 01ab 04       		.byte	4
 453 01ac 5A       		.byte	90
 454 01ad 04       		.byte	4
 455 01ae 5B       		.byte	91
 456 01af 04       		.byte	4
ARM GAS  C:\Users\Gemma\AppData\Local\Temp\cchfxfRQ.s 			page 9


 457 01b0 5C       		.byte	92
 458 01b1 11       		.byte	17
 459 01b2 5D       		.byte	93
 460 01b3 11       		.byte	17
 461 01b4 5F       		.byte	95
 462 01b5 01       		.byte	1
 463 01b6 66       		.byte	102
 464 01b7 C0       		.byte	-64
 465 01b8 6A       		.byte	106
 466 01b9 40       		.byte	64
 467 01ba 6B       		.byte	107
 468 01bb 02       		.byte	2
 469 01bc 80       		.byte	-128
 470 01bd 2C       		.byte	44
 471 01be 81       		.byte	-127
 472 01bf 01       		.byte	1
 473 01c0 82       		.byte	-126
 474 01c1 43       		.byte	67
 475 01c2 83       		.byte	-125
 476 01c3 06       		.byte	6
 477 01c4 85       		.byte	-123
 478 01c5 24       		.byte	36
 479 01c6 87       		.byte	-121
 480 01c7 11       		.byte	17
 481 01c8 89       		.byte	-119
 482 01c9 77       		.byte	119
 483 01ca 8A       		.byte	-118
 484 01cb 0C       		.byte	12
 485 01cc 8C       		.byte	-116
 486 01cd 71       		.byte	113
 487 01ce 8D       		.byte	-115
 488 01cf 40       		.byte	64
 489 01d0 8E       		.byte	-114
 490 01d1 06       		.byte	6
 491 01d2 98       		.byte	-104
 492 01d3 71       		.byte	113
 493 01d4 99       		.byte	-103
 494 01d5 77       		.byte	119
 495 01d6 9A       		.byte	-102
 496 01d7 0E       		.byte	14
 497 01d8 A0       		.byte	-96
 498 01d9 80       		.byte	-128
 499 01da A2       		.byte	-94
 500 01db 13       		.byte	19
 501 01dc AA       		.byte	-86
 502 01dd 08       		.byte	8
 503 01de AD       		.byte	-83
 504 01df 12       		.byte	18
 505 01e0 AF       		.byte	-81
 506 01e1 29       		.byte	41
 507 01e2 B0       		.byte	-80
 508 01e3 0F       		.byte	15
 509 01e4 B1       		.byte	-79
 510 01e5 08       		.byte	8
 511 01e6 B2       		.byte	-78
 512 01e7 C0       		.byte	-64
 513 01e8 B3       		.byte	-77
ARM GAS  C:\Users\Gemma\AppData\Local\Temp\cchfxfRQ.s 			page 10


 514 01e9 30       		.byte	48
 515 01ea B4       		.byte	-76
 516 01eb 30       		.byte	48
 517 01ec B5       		.byte	-75
 518 01ed 40       		.byte	64
 519 01ee B7       		.byte	-73
 520 01ef 07       		.byte	7
 521 01f0 B8       		.byte	-72
 522 01f1 28       		.byte	40
 523 01f2 BA       		.byte	-70
 524 01f3 02       		.byte	2
 525 01f4 BE       		.byte	-66
 526 01f5 10       		.byte	16
 527 01f6 C0       		.byte	-64
 528 01f7 02       		.byte	2
 529 01f8 C7       		.byte	-57
 530 01f9 04       		.byte	4
 531 01fa C9       		.byte	-55
 532 01fb FF       		.byte	-1
 533 01fc CA       		.byte	-54
 534 01fd 07       		.byte	7
 535 01fe CB       		.byte	-53
 536 01ff FF       		.byte	-1
 537 0200 CC       		.byte	-52
 538 0201 40       		.byte	64
 539 0202 CD       		.byte	-51
 540 0203 20       		.byte	32
 541 0204 CE       		.byte	-50
 542 0205 F0       		.byte	-16
 543 0206 CF       		.byte	-49
 544 0207 05       		.byte	5
 545 0208 D0       		.byte	-48
 546 0209 08       		.byte	8
 547 020a D8       		.byte	-40
 548 020b 04       		.byte	4
 549 020c D9       		.byte	-39
 550 020d 04       		.byte	4
 551 020e DA       		.byte	-38
 552 020f 04       		.byte	4
 553 0210 DC       		.byte	-36
 554 0211 11       		.byte	17
 555 0212 DD       		.byte	-35
 556 0213 01       		.byte	1
 557 0214 DF       		.byte	-33
 558 0215 01       		.byte	1
 559 0216 E0       		.byte	-32
 560 0217 40       		.byte	64
 561 0218 E1       		.byte	-31
 562 0219 A8       		.byte	-88
 563 021a E2       		.byte	-30
 564 021b 40       		.byte	64
 565 021c E3       		.byte	-29
 566 021d 20       		.byte	32
 567 021e 01       		.byte	1
 568 021f 02       		.byte	2
 569 0220 03       		.byte	3
 570 0221 49       		.byte	73
ARM GAS  C:\Users\Gemma\AppData\Local\Temp\cchfxfRQ.s 			page 11


 571 0222 05       		.byte	5
 572 0223 16       		.byte	22
 573 0224 07       		.byte	7
 574 0225 01       		.byte	1
 575 0226 09       		.byte	9
 576 0227 10       		.byte	16
 577 0228 0A       		.byte	10
 578 0229 04       		.byte	4
 579 022a 0E       		.byte	14
 580 022b 20       		.byte	32
 581 022c 0F       		.byte	15
 582 022d 08       		.byte	8
 583 022e 10       		.byte	16
 584 022f 80       		.byte	-128
 585 0230 12       		.byte	18
 586 0231 44       		.byte	68
 587 0232 16       		.byte	22
 588 0233 44       		.byte	68
 589 0234 18       		.byte	24
 590 0235 04       		.byte	4
 591 0236 19       		.byte	25
 592 0237 06       		.byte	6
 593 0238 1B       		.byte	27
 594 0239 08       		.byte	8
 595 023a 1D       		.byte	29
 596 023b 10       		.byte	16
 597 023c 1E       		.byte	30
 598 023d 24       		.byte	36
 599 023e 20       		.byte	32
 600 023f 22       		.byte	34
 601 0240 21       		.byte	33
 602 0241 04       		.byte	4
 603 0242 22       		.byte	34
 604 0243 12       		.byte	18
 605 0244 24       		.byte	36
 606 0245 60       		.byte	96
 607 0246 27       		.byte	39
 608 0247 09       		.byte	9
 609 0248 29       		.byte	41
 610 0249 40       		.byte	64
 611 024a 2E       		.byte	46
 612 024b 08       		.byte	8
 613 024c 2F       		.byte	47
 614 024d 08       		.byte	8
 615 024e 33       		.byte	51
 616 024f 10       		.byte	16
 617 0250 36       		.byte	54
 618 0251 18       		.byte	24
 619 0252 37       		.byte	55
 620 0253 41       		.byte	65
 621 0254 39       		.byte	57
 622 0255 98       		.byte	-104
 623 0256 3A       		.byte	58
 624 0257 02       		.byte	2
 625 0258 3C       		.byte	60
 626 0259 02       		.byte	2
 627 025a 3D       		.byte	61
ARM GAS  C:\Users\Gemma\AppData\Local\Temp\cchfxfRQ.s 			page 12


 628 025b 02       		.byte	2
 629 025c 3E       		.byte	62
 630 025d 16       		.byte	22
 631 025e 3F       		.byte	63
 632 025f 20       		.byte	32
 633 0260 40       		.byte	64
 634 0261 04       		.byte	4
 635 0262 45       		.byte	69
 636 0263 10       		.byte	16
 637 0264 47       		.byte	71
 638 0265 01       		.byte	1
 639 0266 48       		.byte	72
 640 0267 80       		.byte	-128
 641 0268 4E       		.byte	78
 642 0269 08       		.byte	8
 643 026a 4F       		.byte	79
 644 026b 08       		.byte	8
 645 026c 52       		.byte	82
 646 026d 04       		.byte	4
 647 026e 56       		.byte	86
 648 026f 08       		.byte	8
 649 0270 57       		.byte	87
 650 0271 10       		.byte	16
 651 0272 5C       		.byte	92
 652 0273 40       		.byte	64
 653 0274 5E       		.byte	94
 654 0275 10       		.byte	16
 655 0276 5F       		.byte	95
 656 0277 0A       		.byte	10
 657 0278 88       		.byte	-120
 658 0279 80       		.byte	-128
 659 027a 8A       		.byte	-118
 660 027b 08       		.byte	8
 661 027c C0       		.byte	-64
 662 027d FB       		.byte	-5
 663 027e C2       		.byte	-62
 664 027f 62       		.byte	98
 665 0280 C4       		.byte	-60
 666 0281 5A       		.byte	90
 667 0282 CA       		.byte	-54
 668 0283 68       		.byte	104
 669 0284 CC       		.byte	-52
 670 0285 F4       		.byte	-12
 671 0286 CE       		.byte	-50
 672 0287 6F       		.byte	111
 673 0288 D0       		.byte	-48
 674 0289 A4       		.byte	-92
 675 028a D2       		.byte	-46
 676 028b 20       		.byte	32
 677 028c D6       		.byte	-42
 678 028d F0       		.byte	-16
 679 028e E8       		.byte	-24
 680 028f 80       		.byte	-128
 681 0290 00       		.byte	0
 682 0291 01       		.byte	1
 683 0292 01       		.byte	1
 684 0293 E7       		.byte	-25
ARM GAS  C:\Users\Gemma\AppData\Local\Temp\cchfxfRQ.s 			page 13


 685 0294 02       		.byte	2
 686 0295 80       		.byte	-128
 687 0296 03       		.byte	3
 688 0297 18       		.byte	24
 689 0298 04       		.byte	4
 690 0299 1C       		.byte	28
 691 029a 05       		.byte	5
 692 029b 18       		.byte	24
 693 029c 06       		.byte	6
 694 029d 23       		.byte	35
 695 029e 08       		.byte	8
 696 029f 02       		.byte	2
 697 02a0 09       		.byte	9
 698 02a1 08       		.byte	8
 699 02a2 0A       		.byte	10
 700 02a3 80       		.byte	-128
 701 02a4 0C       		.byte	12
 702 02a5 33       		.byte	51
 703 02a6 0E       		.byte	14
 704 02a7 0C       		.byte	12
 705 02a8 0F       		.byte	15
 706 02a9 E3       		.byte	-29
 707 02aa 10       		.byte	16
 708 02ab 03       		.byte	3
 709 02ac 12       		.byte	18
 710 02ad 40       		.byte	64
 711 02ae 13       		.byte	19
 712 02af 04       		.byte	4
 713 02b0 14       		.byte	20
 714 02b1 3F       		.byte	63
 715 02b2 15       		.byte	21
 716 02b3 80       		.byte	-128
 717 02b4 19       		.byte	25
 718 02b5 3C       		.byte	60
 719 02b6 1B       		.byte	27
 720 02b7 C2       		.byte	-62
 721 02b8 1C       		.byte	28
 722 02b9 1F       		.byte	31
 723 02ba 1D       		.byte	29
 724 02bb 10       		.byte	16
 725 02bc 1E       		.byte	30
 726 02bd 20       		.byte	32
 727 02be 20       		.byte	32
 728 02bf 08       		.byte	8
 729 02c0 21       		.byte	33
 730 02c1 C0       		.byte	-64
 731 02c2 24       		.byte	36
 732 02c3 04       		.byte	4
 733 02c4 25       		.byte	37
 734 02c5 44       		.byte	68
 735 02c6 28       		.byte	40
 736 02c7 0C       		.byte	12
 737 02c8 29       		.byte	41
 738 02c9 FF       		.byte	-1
 739 02ca 2D       		.byte	45
 740 02cb 1C       		.byte	28
 741 02cc 2E       		.byte	46
ARM GAS  C:\Users\Gemma\AppData\Local\Temp\cchfxfRQ.s 			page 14


 742 02cd 23       		.byte	35
 743 02ce 2F       		.byte	47
 744 02cf E1       		.byte	-31
 745 02d0 30       		.byte	48
 746 02d1 0F       		.byte	15
 747 02d2 32       		.byte	50
 748 02d3 10       		.byte	16
 749 02d4 33       		.byte	51
 750 02d5 38       		.byte	56
 751 02d6 34       		.byte	52
 752 02d7 C0       		.byte	-64
 753 02d8 35       		.byte	53
 754 02d9 1F       		.byte	31
 755 02da 36       		.byte	54
 756 02db 2C       		.byte	44
 757 02dc 37       		.byte	55
 758 02dd C0       		.byte	-64
 759 02de 3A       		.byte	58
 760 02df 82       		.byte	-126
 761 02e0 3B       		.byte	59
 762 02e1 20       		.byte	32
 763 02e2 3E       		.byte	62
 764 02e3 14       		.byte	20
 765 02e4 56       		.byte	86
 766 02e5 02       		.byte	2
 767 02e6 57       		.byte	87
 768 02e7 12       		.byte	18
 769 02e8 58       		.byte	88
 770 02e9 04       		.byte	4
 771 02ea 59       		.byte	89
 772 02eb 04       		.byte	4
 773 02ec 5B       		.byte	91
 774 02ed 04       		.byte	4
 775 02ee 5C       		.byte	92
 776 02ef 11       		.byte	17
 777 02f0 5D       		.byte	93
 778 02f1 10       		.byte	16
 779 02f2 5F       		.byte	95
 780 02f3 01       		.byte	1
 781 02f4 82       		.byte	-126
 782 02f5 02       		.byte	2
 783 02f6 86       		.byte	-122
 784 02f7 02       		.byte	2
 785 02f8 8C       		.byte	-116
 786 02f9 02       		.byte	2
 787 02fa 8F       		.byte	-113
 788 02fb 01       		.byte	1
 789 02fc 94       		.byte	-108
 790 02fd 02       		.byte	2
 791 02fe 9A       		.byte	-102
 792 02ff 01       		.byte	1
 793 0300 A7       		.byte	-89
 794 0301 01       		.byte	1
 795 0302 AA       		.byte	-86
 796 0303 01       		.byte	1
 797 0304 B0       		.byte	-80
 798 0305 01       		.byte	1
ARM GAS  C:\Users\Gemma\AppData\Local\Temp\cchfxfRQ.s 			page 15


 799 0306 B3       		.byte	-77
 800 0307 01       		.byte	1
 801 0308 B4       		.byte	-76
 802 0309 02       		.byte	2
 803 030a B8       		.byte	-72
 804 030b 20       		.byte	32
 805 030c BA       		.byte	-70
 806 030d 08       		.byte	8
 807 030e BE       		.byte	-66
 808 030f 01       		.byte	1
 809 0310 BF       		.byte	-65
 810 0311 04       		.byte	4
 811 0312 C0       		.byte	-64
 812 0313 45       		.byte	69
 813 0314 C1       		.byte	-63
 814 0315 01       		.byte	1
 815 0316 C2       		.byte	-62
 816 0317 02       		.byte	2
 817 0318 C4       		.byte	-60
 818 0319 06       		.byte	6
 819 031a C5       		.byte	-59
 820 031b 0C       		.byte	12
 821 031c C6       		.byte	-58
 822 031d 0E       		.byte	14
 823 031e C8       		.byte	-56
 824 031f 05       		.byte	5
 825 0320 C9       		.byte	-55
 826 0321 FF       		.byte	-1
 827 0322 CA       		.byte	-54
 828 0323 FF       		.byte	-1
 829 0324 CB       		.byte	-53
 830 0325 FF       		.byte	-1
 831 0326 CC       		.byte	-52
 832 0327 62       		.byte	98
 833 0328 CD       		.byte	-51
 834 0329 A0       		.byte	-96
 835 032a CE       		.byte	-50
 836 032b F0       		.byte	-16
 837 032c CF       		.byte	-49
 838 032d 41       		.byte	65
 839 032e D0       		.byte	-48
 840 032f 0C       		.byte	12
 841 0330 D4       		.byte	-44
 842 0331 18       		.byte	24
 843 0332 D8       		.byte	-40
 844 0333 04       		.byte	4
 845 0334 D9       		.byte	-39
 846 0335 04       		.byte	4
 847 0336 DA       		.byte	-38
 848 0337 04       		.byte	4
 849 0338 DB       		.byte	-37
 850 0339 04       		.byte	4
 851 033a DC       		.byte	-36
 852 033b 01       		.byte	1
 853 033c DD       		.byte	-35
 854 033d 11       		.byte	17
 855 033e DF       		.byte	-33
ARM GAS  C:\Users\Gemma\AppData\Local\Temp\cchfxfRQ.s 			page 16


 856 033f 01       		.byte	1
 857 0340 E6       		.byte	-26
 858 0341 40       		.byte	64
 859 0342 E7       		.byte	-25
 860 0343 02       		.byte	2
 861 0344 E9       		.byte	-23
 862 0345 10       		.byte	16
 863 0346 EA       		.byte	-22
 864 0347 30       		.byte	48
 865 0348 EB       		.byte	-21
 866 0349 10       		.byte	16
 867 034a ED       		.byte	-19
 868 034b 10       		.byte	16
 869 034c EE       		.byte	-18
 870 034d 10       		.byte	16
 871 034e EF       		.byte	-17
 872 034f 12       		.byte	18
 873 0350 00       		.byte	0
 874 0351 66       		.byte	102
 875 0352 02       		.byte	2
 876 0353 08       		.byte	8
 877 0354 03       		.byte	3
 878 0355 01       		.byte	1
 879 0356 04       		.byte	4
 880 0357 46       		.byte	70
 881 0358 06       		.byte	6
 882 0359 01       		.byte	1
 883 035a 09       		.byte	9
 884 035b 01       		.byte	1
 885 035c 0A       		.byte	10
 886 035d 12       		.byte	18
 887 035e 0E       		.byte	14
 888 035f 10       		.byte	16
 889 0360 0F       		.byte	15
 890 0361 08       		.byte	8
 891 0362 10       		.byte	16
 892 0363 80       		.byte	-128
 893 0364 11       		.byte	17
 894 0365 40       		.byte	64
 895 0366 13       		.byte	19
 896 0367 14       		.byte	20
 897 0368 17       		.byte	23
 898 0369 20       		.byte	32
 899 036a 18       		.byte	24
 900 036b 42       		.byte	66
 901 036c 19       		.byte	25
 902 036d 84       		.byte	-124
 903 036e 1A       		.byte	26
 904 036f 0A       		.byte	10
 905 0370 1E       		.byte	30
 906 0371 10       		.byte	16
 907 0372 1F       		.byte	31
 908 0373 29       		.byte	41
 909 0374 20       		.byte	32
 910 0375 04       		.byte	4
 911 0376 22       		.byte	34
 912 0377 10       		.byte	16
ARM GAS  C:\Users\Gemma\AppData\Local\Temp\cchfxfRQ.s 			page 17


 913 0378 23       		.byte	35
 914 0379 21       		.byte	33
 915 037a 25       		.byte	37
 916 037b 08       		.byte	8
 917 037c 28       		.byte	40
 918 037d 20       		.byte	32
 919 037e 29       		.byte	41
 920 037f 80       		.byte	-128
 921 0380 2A       		.byte	42
 922 0381 02       		.byte	2
 923 0382 2B       		.byte	43
 924 0383 08       		.byte	8
 925 0384 2F       		.byte	47
 926 0385 20       		.byte	32
 927 0386 30       		.byte	48
 928 0387 80       		.byte	-128
 929 0388 32       		.byte	50
 930 0389 1A       		.byte	26
 931 038a 38       		.byte	56
 932 038b 28       		.byte	40
 933 038c 39       		.byte	57
 934 038d 40       		.byte	64
 935 038e 3A       		.byte	58
 936 038f 01       		.byte	1
 937 0390 3F       		.byte	63
 938 0391 80       		.byte	-128
 939 0392 41       		.byte	65
 940 0393 08       		.byte	8
 941 0394 42       		.byte	66
 942 0395 20       		.byte	32
 943 0396 47       		.byte	71
 944 0397 A1       		.byte	-95
 945 0398 4D       		.byte	77
 946 0399 40       		.byte	64
 947 039a 4E       		.byte	78
 948 039b 04       		.byte	4
 949 039c 4F       		.byte	79
 950 039d 08       		.byte	8
 951 039e 57       		.byte	87
 952 039f 40       		.byte	64
 953 03a0 59       		.byte	89
 954 03a1 04       		.byte	4
 955 03a2 5F       		.byte	95
 956 03a3 01       		.byte	1
 957 03a4 66       		.byte	102
 958 03a5 20       		.byte	32
 959 03a6 67       		.byte	103
 960 03a7 02       		.byte	2
 961 03a8 69       		.byte	105
 962 03a9 90       		.byte	-112
 963 03aa 6B       		.byte	107
 964 03ab 10       		.byte	16
 965 03ac 70       		.byte	112
 966 03ad 94       		.byte	-108
 967 03ae 73       		.byte	115
 968 03af 14       		.byte	20
 969 03b0 82       		.byte	-126
ARM GAS  C:\Users\Gemma\AppData\Local\Temp\cchfxfRQ.s 			page 18


 970 03b1 10       		.byte	16
 971 03b2 83       		.byte	-125
 972 03b3 80       		.byte	-128
 973 03b4 88       		.byte	-120
 974 03b5 21       		.byte	33
 975 03b6 89       		.byte	-119
 976 03b7 40       		.byte	64
 977 03b8 91       		.byte	-111
 978 03b9 40       		.byte	64
 979 03ba 95       		.byte	-107
 980 03bb 90       		.byte	-112
 981 03bc 9A       		.byte	-102
 982 03bd 02       		.byte	2
 983 03be 9D       		.byte	-99
 984 03bf 40       		.byte	64
 985 03c0 9F       		.byte	-97
 986 03c1 10       		.byte	16
 987 03c2 A0       		.byte	-96
 988 03c3 10       		.byte	16
 989 03c4 A1       		.byte	-95
 990 03c5 01       		.byte	1
 991 03c6 A2       		.byte	-94
 992 03c7 02       		.byte	2
 993 03c8 B2       		.byte	-78
 994 03c9 08       		.byte	8
 995 03ca B3       		.byte	-77
 996 03cb 02       		.byte	2
 997 03cc B4       		.byte	-76
 998 03cd 10       		.byte	16
 999 03ce B5       		.byte	-75
 1000 03cf 40       		.byte	64
 1001 03d0 B6       		.byte	-74
 1002 03d1 10       		.byte	16
 1003 03d2 C0       		.byte	-64
 1004 03d3 BF       		.byte	-65
 1005 03d4 C2       		.byte	-62
 1006 03d5 6D       		.byte	109
 1007 03d6 C4       		.byte	-60
 1008 03d7 4F       		.byte	79
 1009 03d8 CA       		.byte	-54
 1010 03d9 4F       		.byte	79
 1011 03da CC       		.byte	-52
 1012 03db 0F       		.byte	15
 1013 03dc CE       		.byte	-50
 1014 03dd 1F       		.byte	31
 1015 03de D0       		.byte	-48
 1016 03df B0       		.byte	-80
 1017 03e0 D2       		.byte	-46
 1018 03e1 30       		.byte	48
 1019 03e2 D6       		.byte	-42
 1020 03e3 82       		.byte	-126
 1021 03e4 D8       		.byte	-40
 1022 03e5 30       		.byte	48
 1023 03e6 EC       		.byte	-20
 1024 03e7 10       		.byte	16
 1025 03e8 33       		.byte	51
 1026 03e9 80       		.byte	-128
ARM GAS  C:\Users\Gemma\AppData\Local\Temp\cchfxfRQ.s 			page 19


 1027 03ea 37       		.byte	55
 1028 03eb 80       		.byte	-128
 1029 03ec CC       		.byte	-52
 1030 03ed 30       		.byte	48
 1031 03ee 9F       		.byte	-97
 1032 03ef 80       		.byte	-128
 1033 03f0 A7       		.byte	-89
 1034 03f1 80       		.byte	-128
 1035 03f2 9F       		.byte	-97
 1036 03f3 80       		.byte	-128
 1037 03f4 A7       		.byte	-89
 1038 03f5 80       		.byte	-128
 1039 03f6 12       		.byte	18
 1040 03f7 08       		.byte	8
 1041 03f8 13       		.byte	19
 1042 03f9 80       		.byte	-128
 1043 03fa 63       		.byte	99
 1044 03fb 20       		.byte	32
 1045 03fc 9F       		.byte	-97
 1046 03fd 80       		.byte	-128
 1047 03fe A7       		.byte	-89
 1048 03ff 80       		.byte	-128
 1049 0400 C4       		.byte	-60
 1050 0401 40       		.byte	64
 1051 0402 D8       		.byte	-40
 1052 0403 40       		.byte	64
 1053 0404 7C       		.byte	124
 1054 0405 20       		.byte	32
 1055 0406 DE       		.byte	-34
 1056 0407 01       		.byte	1
 1057 0408 9C       		.byte	-100
 1058 0409 20       		.byte	32
 1059 040a 45       		.byte	69
 1060 040b 08       		.byte	8
 1061 040c 9C       		.byte	-100
 1062 040d 20       		.byte	32
 1063 040e D0       		.byte	-48
 1064 040f 01       		.byte	1
 1065 0410 9C       		.byte	-100
 1066 0411 20       		.byte	32
 1067 0412 A5       		.byte	-91
 1068 0413 08       		.byte	8
 1069 0414 25       		.byte	37
 1070 0415 10       		.byte	16
 1071 0416 87       		.byte	-121
 1072 0417 80       		.byte	-128
 1073 0418 A2       		.byte	-94
 1074 0419 08       		.byte	8
 1075 041a A7       		.byte	-89
 1076 041b 80       		.byte	-128
 1077 041c AB       		.byte	-85
 1078 041d 10       		.byte	16
 1079 041e C8       		.byte	-56
 1080 041f 20       		.byte	32
 1081 0420 E6       		.byte	-26
 1082 0421 10       		.byte	16
 1083 0422 EE       		.byte	-18
ARM GAS  C:\Users\Gemma\AppData\Local\Temp\cchfxfRQ.s 			page 20


 1084 0423 80       		.byte	-128
 1085 0424 36       		.byte	54
 1086 0425 08       		.byte	8
 1087 0426 A2       		.byte	-94
 1088 0427 08       		.byte	8
 1089 0428 B5       		.byte	-75
 1090 0429 10       		.byte	16
 1091 042a CC       		.byte	-52
 1092 042b 80       		.byte	-128
 1093 042c A5       		.byte	-91
 1094 042d 08       		.byte	8
 1095 042e B0       		.byte	-80
 1096 042f 20       		.byte	32
 1097 0430 E8       		.byte	-24
 1098 0431 01       		.byte	1
 1099 0432 10       		.byte	16
 1100 0433 40       		.byte	64
 1101 0434 75       		.byte	117
 1102 0435 01       		.byte	1
 1103 0436 88       		.byte	-120
 1104 0437 40       		.byte	64
 1105 0438 99       		.byte	-103
 1106 0439 01       		.byte	1
 1107 043a B5       		.byte	-75
 1108 043b 09       		.byte	9
 1109 043c C4       		.byte	-60
 1110 043d 08       		.byte	8
 1111 043e DE       		.byte	-34
 1112 043f 04       		.byte	4
 1113 0440 E2       		.byte	-30
 1114 0441 01       		.byte	1
 1115 0442 EC       		.byte	-20
 1116 0443 0A       		.byte	10
 1117 0444 10       		.byte	16
 1118 0445 02       		.byte	2
 1119 0446 11       		.byte	17
 1120 0447 01       		.byte	1
 1121 0448 1B       		.byte	27
 1122 0449 01       		.byte	1
 1123 044a 1C       		.byte	28
 1124 044b 02       		.byte	2
 1125 044c 00       		.byte	0
 1126 044d 0B       		.byte	11
 1127 044e 07       		.byte	7
 1128 044f 0C       		.byte	12
 1129 0450 80       		.byte	-128
 1130 0451 80       		.byte	-128
 1131 0452 00       		.byte	0
 1132 0453 00       		.byte	0
 1133 0454 40       		.byte	64
 1134 0455 00       		.byte	0
 1135 0456 00       		.byte	0
 1136 0457 00       		.byte	0
 1137 0458 00       		.byte	0
 1138 0459 00       		.byte	0
 1139 045a 00       		.byte	0
 1140 045b 00       		.byte	0
ARM GAS  C:\Users\Gemma\AppData\Local\Temp\cchfxfRQ.s 			page 21


 1141 045c 00       		.byte	0
 1142 045d 00       		.byte	0
 1143 045e 01       		.byte	1
 1144 045f 00       		.byte	0
 1145 0460 80       		.byte	-128
 1146 0461 00       		.byte	0
 1147 0462 40       		.byte	64
 1148 0463 80       		.byte	-128
 1149 0464 80       		.byte	-128
 1150 0465 00       		.byte	0
 1151 0466 80       		.byte	-128
 1152 0467 00       		.byte	0
 1153 0468 00       		.byte	0
 1154 0469 00       		.byte	0
 1155 046a 00       		.byte	0
 1156 046b 00       		.byte	0
 1157 046c 00       		.byte	0
 1158 046d 0B       		.byte	11
 1159 046e 0B       		.byte	11
 1160 046f 00       		.byte	0
 1161 0470 00       		.byte	0
 1162 0471 00       		.byte	0
 1163 0472 00       		.byte	0
 1164 0473 00       		.byte	0
 1165 0474 40       		.byte	64
 1166 0475 00       		.byte	0
 1167 0476 00       		.byte	0
 1168 0477 40       		.byte	64
 1169 0478 00       		.byte	0
 1170 0479 00       		.byte	0
 1171 047a 00       		.byte	0
 1172 047b 00       		.byte	0
 1173 047c 00       		.byte	0
 1174 047d 00       		.byte	0
 1175 047e 00       		.byte	0
 1176 047f 00       		.byte	0
 1177 0480 BB       		.byte	-69
 1178 0481 00       		.byte	0
 1179 0482 18       		.byte	24
 1180 0483 01       		.byte	1
 1181              		.global	cy_meta_custnvl
 1182              		.section	.cycustnvl,"a",%progbits
 1183              		.align	2
 1184              		.type	cy_meta_custnvl, %object
 1185              		.size	cy_meta_custnvl, 4
 1186              	cy_meta_custnvl:
 1187 0000 00       		.byte	0
 1188 0001 00       		.byte	0
 1189 0002 40       		.byte	64
 1190 0003 05       		.byte	5
 1191              		.global	cy_meta_wonvl
 1192              		.section	.cywolatch,"a",%progbits
 1193              		.align	2
 1194              		.type	cy_meta_wonvl, %object
 1195              		.size	cy_meta_wonvl, 4
 1196              	cy_meta_wonvl:
 1197 0000 BC       		.byte	-68
ARM GAS  C:\Users\Gemma\AppData\Local\Temp\cchfxfRQ.s 			page 22


 1198 0001 90       		.byte	-112
 1199 0002 AC       		.byte	-84
 1200 0003 AF       		.byte	-81
 1201              		.global	cy_meta_flashprotect
 1202              		.section	.cyflashprotect,"a",%progbits
 1203              		.align	2
 1204              		.type	cy_meta_flashprotect, %object
 1205              		.size	cy_meta_flashprotect, 256
 1206              	cy_meta_flashprotect:
 1207 0000 00000000 		.space	256
 1207      00000000 
 1207      00000000 
 1207      00000000 
 1207      00000000 
 1208              		.global	cy_metadata
 1209              		.section	.cymeta,"a",%progbits
 1210              		.align	2
 1211              		.type	cy_metadata, %object
 1212              		.size	cy_metadata, 12
 1213              	cy_metadata:
 1214 0000 00       		.byte	0
 1215 0001 01       		.byte	1
 1216 0002 2E       		.byte	46
 1217 0003 16       		.byte	22
 1218 0004 10       		.byte	16
 1219 0005 69       		.byte	105
 1220 0006 00       		.byte	0
 1221 0007 01       		.byte	1
 1222 0008 00       		.byte	0
 1223 0009 00       		.byte	0
 1224 000a 00       		.byte	0
 1225 000b 00       		.byte	0
 1226              		.text
 1227              	.Letext0:
 1228              		.file 1 "c:\\program files (x86)\\cypress\\psoc creator\\4.2\\psoc creator\\import\\gnu\\arm\\5.4.
 1229              		.file 2 "c:\\program files (x86)\\cypress\\psoc creator\\4.2\\psoc creator\\import\\gnu\\arm\\5.4.
 1230              		.file 3 "Generated_Source\\PSoC5\\cymetadata.c"
 1231              		.section	.debug_info,"",%progbits
 1232              	.Ldebug_info0:
 1233 0000 32010000 		.4byte	0x132
 1234 0004 0400     		.2byte	0x4
 1235 0006 00000000 		.4byte	.Ldebug_abbrev0
 1236 000a 04       		.byte	0x4
 1237 000b 01       		.uleb128 0x1
 1238 000c 0A000000 		.4byte	.LASF17
 1239 0010 0C       		.byte	0xc
 1240 0011 E0010000 		.4byte	.LASF18
 1241 0015 5F010000 		.4byte	.LASF19
 1242 0019 00000000 		.4byte	.Ldebug_line0
 1243 001d 02       		.uleb128 0x2
 1244 001e 01       		.byte	0x1
 1245 001f 06       		.byte	0x6
 1246 0020 D4010000 		.4byte	.LASF0
 1247 0024 03       		.uleb128 0x3
 1248 0025 00000000 		.4byte	.LASF9
 1249 0029 01       		.byte	0x1
 1250 002a 1D       		.byte	0x1d
ARM GAS  C:\Users\Gemma\AppData\Local\Temp\cchfxfRQ.s 			page 23


 1251 002b 2F000000 		.4byte	0x2f
 1252 002f 02       		.uleb128 0x2
 1253 0030 01       		.byte	0x1
 1254 0031 08       		.byte	0x8
 1255 0032 A4000000 		.4byte	.LASF1
 1256 0036 02       		.uleb128 0x2
 1257 0037 02       		.byte	0x2
 1258 0038 05       		.byte	0x5
 1259 0039 C1010000 		.4byte	.LASF2
 1260 003d 02       		.uleb128 0x2
 1261 003e 02       		.byte	0x2
 1262 003f 07       		.byte	0x7
 1263 0040 C4000000 		.4byte	.LASF3
 1264 0044 02       		.uleb128 0x2
 1265 0045 04       		.byte	0x4
 1266 0046 05       		.byte	0x5
 1267 0047 CB010000 		.4byte	.LASF4
 1268 004b 02       		.uleb128 0x2
 1269 004c 04       		.byte	0x4
 1270 004d 07       		.byte	0x7
 1271 004e B2000000 		.4byte	.LASF5
 1272 0052 02       		.uleb128 0x2
 1273 0053 08       		.byte	0x8
 1274 0054 05       		.byte	0x5
 1275 0055 51010000 		.4byte	.LASF6
 1276 0059 02       		.uleb128 0x2
 1277 005a 08       		.byte	0x8
 1278 005b 07       		.byte	0x7
 1279 005c 06010000 		.4byte	.LASF7
 1280 0060 04       		.uleb128 0x4
 1281 0061 04       		.byte	0x4
 1282 0062 05       		.byte	0x5
 1283 0063 696E7400 		.ascii	"int\000"
 1284 0067 02       		.uleb128 0x2
 1285 0068 04       		.byte	0x4
 1286 0069 07       		.byte	0x7
 1287 006a F9000000 		.4byte	.LASF8
 1288 006e 03       		.uleb128 0x3
 1289 006f 1D010000 		.4byte	.LASF10
 1290 0073 02       		.byte	0x2
 1291 0074 18       		.byte	0x18
 1292 0075 24000000 		.4byte	0x24
 1293 0079 05       		.uleb128 0x5
 1294 007a 91000000 		.4byte	0x91
 1295 007e 8A000000 		.4byte	0x8a
 1296 0082 06       		.uleb128 0x6
 1297 0083 8A000000 		.4byte	0x8a
 1298 0087 8304     		.2byte	0x483
 1299 0089 00       		.byte	0
 1300 008a 02       		.uleb128 0x2
 1301 008b 04       		.byte	0x4
 1302 008c 07       		.byte	0x7
 1303 008d 48010000 		.4byte	.LASF11
 1304 0091 07       		.uleb128 0x7
 1305 0092 6E000000 		.4byte	0x6e
 1306 0096 08       		.uleb128 0x8
 1307 0097 E7000000 		.4byte	.LASF12
ARM GAS  C:\Users\Gemma\AppData\Local\Temp\cchfxfRQ.s 			page 24


 1308 009b 03       		.byte	0x3
 1309 009c 1F       		.byte	0x1f
 1310 009d A7000000 		.4byte	0xa7
 1311 00a1 05       		.uleb128 0x5
 1312 00a2 03       		.byte	0x3
 1313 00a3 00000000 		.4byte	cy_meta_configecc
 1314 00a7 07       		.uleb128 0x7
 1315 00a8 79000000 		.4byte	0x79
 1316 00ac 05       		.uleb128 0x5
 1317 00ad 91000000 		.4byte	0x91
 1318 00b1 BC000000 		.4byte	0xbc
 1319 00b5 09       		.uleb128 0x9
 1320 00b6 8A000000 		.4byte	0x8a
 1321 00ba 03       		.byte	0x3
 1322 00bb 00       		.byte	0
 1323 00bc 08       		.uleb128 0x8
 1324 00bd D7000000 		.4byte	.LASF13
 1325 00c1 03       		.byte	0x3
 1326 00c2 BD       		.byte	0xbd
 1327 00c3 CD000000 		.4byte	0xcd
 1328 00c7 05       		.uleb128 0x5
 1329 00c8 03       		.byte	0x3
 1330 00c9 00000000 		.4byte	cy_meta_custnvl
 1331 00cd 07       		.uleb128 0x7
 1332 00ce AC000000 		.4byte	0xac
 1333 00d2 08       		.uleb128 0x8
 1334 00d3 3A010000 		.4byte	.LASF14
 1335 00d7 03       		.byte	0x3
 1336 00d8 CB       		.byte	0xcb
 1337 00d9 E3000000 		.4byte	0xe3
 1338 00dd 05       		.uleb128 0x5
 1339 00de 03       		.byte	0x3
 1340 00df 00000000 		.4byte	cy_meta_wonvl
 1341 00e3 07       		.uleb128 0x7
 1342 00e4 AC000000 		.4byte	0xac
 1343 00e8 05       		.uleb128 0x5
 1344 00e9 91000000 		.4byte	0x91
 1345 00ed F8000000 		.4byte	0xf8
 1346 00f1 09       		.uleb128 0x9
 1347 00f2 8A000000 		.4byte	0x8a
 1348 00f6 FF       		.byte	0xff
 1349 00f7 00       		.byte	0
 1350 00f8 08       		.uleb128 0x8
 1351 00f9 25010000 		.4byte	.LASF15
 1352 00fd 03       		.byte	0x3
 1353 00fe D9       		.byte	0xd9
 1354 00ff 09010000 		.4byte	0x109
 1355 0103 05       		.uleb128 0x5
 1356 0104 03       		.byte	0x3
 1357 0105 00000000 		.4byte	cy_meta_flashprotect
 1358 0109 07       		.uleb128 0x7
 1359 010a E8000000 		.4byte	0xe8
 1360 010e 05       		.uleb128 0x5
 1361 010f 91000000 		.4byte	0x91
 1362 0113 1E010000 		.4byte	0x11e
 1363 0117 09       		.uleb128 0x9
 1364 0118 8A000000 		.4byte	0x8a
ARM GAS  C:\Users\Gemma\AppData\Local\Temp\cchfxfRQ.s 			page 25


 1365 011c 0B       		.byte	0xb
 1366 011d 00       		.byte	0
 1367 011e 0A       		.uleb128 0xa
 1368 011f 98000000 		.4byte	.LASF16
 1369 0123 03       		.byte	0x3
 1370 0124 0601     		.2byte	0x106
 1371 0126 30010000 		.4byte	0x130
 1372 012a 05       		.uleb128 0x5
 1373 012b 03       		.byte	0x3
 1374 012c 00000000 		.4byte	cy_metadata
 1375 0130 07       		.uleb128 0x7
 1376 0131 0E010000 		.4byte	0x10e
 1377 0135 00       		.byte	0
 1378              		.section	.debug_abbrev,"",%progbits
 1379              	.Ldebug_abbrev0:
 1380 0000 01       		.uleb128 0x1
 1381 0001 11       		.uleb128 0x11
 1382 0002 01       		.byte	0x1
 1383 0003 25       		.uleb128 0x25
 1384 0004 0E       		.uleb128 0xe
 1385 0005 13       		.uleb128 0x13
 1386 0006 0B       		.uleb128 0xb
 1387 0007 03       		.uleb128 0x3
 1388 0008 0E       		.uleb128 0xe
 1389 0009 1B       		.uleb128 0x1b
 1390 000a 0E       		.uleb128 0xe
 1391 000b 10       		.uleb128 0x10
 1392 000c 17       		.uleb128 0x17
 1393 000d 00       		.byte	0
 1394 000e 00       		.byte	0
 1395 000f 02       		.uleb128 0x2
 1396 0010 24       		.uleb128 0x24
 1397 0011 00       		.byte	0
 1398 0012 0B       		.uleb128 0xb
 1399 0013 0B       		.uleb128 0xb
 1400 0014 3E       		.uleb128 0x3e
 1401 0015 0B       		.uleb128 0xb
 1402 0016 03       		.uleb128 0x3
 1403 0017 0E       		.uleb128 0xe
 1404 0018 00       		.byte	0
 1405 0019 00       		.byte	0
 1406 001a 03       		.uleb128 0x3
 1407 001b 16       		.uleb128 0x16
 1408 001c 00       		.byte	0
 1409 001d 03       		.uleb128 0x3
 1410 001e 0E       		.uleb128 0xe
 1411 001f 3A       		.uleb128 0x3a
 1412 0020 0B       		.uleb128 0xb
 1413 0021 3B       		.uleb128 0x3b
 1414 0022 0B       		.uleb128 0xb
 1415 0023 49       		.uleb128 0x49
 1416 0024 13       		.uleb128 0x13
 1417 0025 00       		.byte	0
 1418 0026 00       		.byte	0
 1419 0027 04       		.uleb128 0x4
 1420 0028 24       		.uleb128 0x24
 1421 0029 00       		.byte	0
ARM GAS  C:\Users\Gemma\AppData\Local\Temp\cchfxfRQ.s 			page 26


 1422 002a 0B       		.uleb128 0xb
 1423 002b 0B       		.uleb128 0xb
 1424 002c 3E       		.uleb128 0x3e
 1425 002d 0B       		.uleb128 0xb
 1426 002e 03       		.uleb128 0x3
 1427 002f 08       		.uleb128 0x8
 1428 0030 00       		.byte	0
 1429 0031 00       		.byte	0
 1430 0032 05       		.uleb128 0x5
 1431 0033 01       		.uleb128 0x1
 1432 0034 01       		.byte	0x1
 1433 0035 49       		.uleb128 0x49
 1434 0036 13       		.uleb128 0x13
 1435 0037 01       		.uleb128 0x1
 1436 0038 13       		.uleb128 0x13
 1437 0039 00       		.byte	0
 1438 003a 00       		.byte	0
 1439 003b 06       		.uleb128 0x6
 1440 003c 21       		.uleb128 0x21
 1441 003d 00       		.byte	0
 1442 003e 49       		.uleb128 0x49
 1443 003f 13       		.uleb128 0x13
 1444 0040 2F       		.uleb128 0x2f
 1445 0041 05       		.uleb128 0x5
 1446 0042 00       		.byte	0
 1447 0043 00       		.byte	0
 1448 0044 07       		.uleb128 0x7
 1449 0045 26       		.uleb128 0x26
 1450 0046 00       		.byte	0
 1451 0047 49       		.uleb128 0x49
 1452 0048 13       		.uleb128 0x13
 1453 0049 00       		.byte	0
 1454 004a 00       		.byte	0
 1455 004b 08       		.uleb128 0x8
 1456 004c 34       		.uleb128 0x34
 1457 004d 00       		.byte	0
 1458 004e 03       		.uleb128 0x3
 1459 004f 0E       		.uleb128 0xe
 1460 0050 3A       		.uleb128 0x3a
 1461 0051 0B       		.uleb128 0xb
 1462 0052 3B       		.uleb128 0x3b
 1463 0053 0B       		.uleb128 0xb
 1464 0054 49       		.uleb128 0x49
 1465 0055 13       		.uleb128 0x13
 1466 0056 3F       		.uleb128 0x3f
 1467 0057 19       		.uleb128 0x19
 1468 0058 02       		.uleb128 0x2
 1469 0059 18       		.uleb128 0x18
 1470 005a 00       		.byte	0
 1471 005b 00       		.byte	0
 1472 005c 09       		.uleb128 0x9
 1473 005d 21       		.uleb128 0x21
 1474 005e 00       		.byte	0
 1475 005f 49       		.uleb128 0x49
 1476 0060 13       		.uleb128 0x13
 1477 0061 2F       		.uleb128 0x2f
 1478 0062 0B       		.uleb128 0xb
ARM GAS  C:\Users\Gemma\AppData\Local\Temp\cchfxfRQ.s 			page 27


 1479 0063 00       		.byte	0
 1480 0064 00       		.byte	0
 1481 0065 0A       		.uleb128 0xa
 1482 0066 34       		.uleb128 0x34
 1483 0067 00       		.byte	0
 1484 0068 03       		.uleb128 0x3
 1485 0069 0E       		.uleb128 0xe
 1486 006a 3A       		.uleb128 0x3a
 1487 006b 0B       		.uleb128 0xb
 1488 006c 3B       		.uleb128 0x3b
 1489 006d 05       		.uleb128 0x5
 1490 006e 49       		.uleb128 0x49
 1491 006f 13       		.uleb128 0x13
 1492 0070 3F       		.uleb128 0x3f
 1493 0071 19       		.uleb128 0x19
 1494 0072 02       		.uleb128 0x2
 1495 0073 18       		.uleb128 0x18
 1496 0074 00       		.byte	0
 1497 0075 00       		.byte	0
 1498 0076 00       		.byte	0
 1499              		.section	.debug_aranges,"",%progbits
 1500 0000 14000000 		.4byte	0x14
 1501 0004 0200     		.2byte	0x2
 1502 0006 00000000 		.4byte	.Ldebug_info0
 1503 000a 04       		.byte	0x4
 1504 000b 00       		.byte	0
 1505 000c 0000     		.2byte	0
 1506 000e 0000     		.2byte	0
 1507 0010 00000000 		.4byte	0
 1508 0014 00000000 		.4byte	0
 1509              		.section	.debug_line,"",%progbits
 1510              	.Ldebug_line0:
 1511 0000 3D010000 		.section	.debug_str,"MS",%progbits,1
 1511      02003701 
 1511      00000201 
 1511      FB0E0D00 
 1511      01010101 
 1512              	.LASF9:
 1513 0000 5F5F7569 		.ascii	"__uint8_t\000"
 1513      6E74385F 
 1513      7400
 1514              	.LASF17:
 1515 000a 474E5520 		.ascii	"GNU C11 5.4.1 20160609 (release) [ARM/embedded-5-br"
 1515      43313120 
 1515      352E342E 
 1515      31203230 
 1515      31363036 
 1516 003d 616E6368 		.ascii	"anch revision 237715] -mcpu=cortex-m3 -mthumb -g -O"
 1516      20726576 
 1516      6973696F 
 1516      6E203233 
 1516      37373135 
 1517 0070 30202D66 		.ascii	"0 -ffunction-sections -ffat-lto-objects\000"
 1517      66756E63 
 1517      74696F6E 
 1517      2D736563 
 1517      74696F6E 
ARM GAS  C:\Users\Gemma\AppData\Local\Temp\cchfxfRQ.s 			page 28


 1518              	.LASF16:
 1519 0098 63795F6D 		.ascii	"cy_metadata\000"
 1519      65746164 
 1519      61746100 
 1520              	.LASF1:
 1521 00a4 756E7369 		.ascii	"unsigned char\000"
 1521      676E6564 
 1521      20636861 
 1521      7200
 1522              	.LASF5:
 1523 00b2 6C6F6E67 		.ascii	"long unsigned int\000"
 1523      20756E73 
 1523      69676E65 
 1523      6420696E 
 1523      7400
 1524              	.LASF3:
 1525 00c4 73686F72 		.ascii	"short unsigned int\000"
 1525      7420756E 
 1525      7369676E 
 1525      65642069 
 1525      6E7400
 1526              	.LASF13:
 1527 00d7 63795F6D 		.ascii	"cy_meta_custnvl\000"
 1527      6574615F 
 1527      63757374 
 1527      6E766C00 
 1528              	.LASF12:
 1529 00e7 63795F6D 		.ascii	"cy_meta_configecc\000"
 1529      6574615F 
 1529      636F6E66 
 1529      69676563 
 1529      6300
 1530              	.LASF8:
 1531 00f9 756E7369 		.ascii	"unsigned int\000"
 1531      676E6564 
 1531      20696E74 
 1531      00
 1532              	.LASF7:
 1533 0106 6C6F6E67 		.ascii	"long long unsigned int\000"
 1533      206C6F6E 
 1533      6720756E 
 1533      7369676E 
 1533      65642069 
 1534              	.LASF10:
 1535 011d 75696E74 		.ascii	"uint8_t\000"
 1535      385F7400 
 1536              	.LASF15:
 1537 0125 63795F6D 		.ascii	"cy_meta_flashprotect\000"
 1537      6574615F 
 1537      666C6173 
 1537      6870726F 
 1537      74656374 
 1538              	.LASF14:
 1539 013a 63795F6D 		.ascii	"cy_meta_wonvl\000"
 1539      6574615F 
 1539      776F6E76 
 1539      6C00
ARM GAS  C:\Users\Gemma\AppData\Local\Temp\cchfxfRQ.s 			page 29


 1540              	.LASF11:
 1541 0148 73697A65 		.ascii	"sizetype\000"
 1541      74797065 
 1541      00
 1542              	.LASF6:
 1543 0151 6C6F6E67 		.ascii	"long long int\000"
 1543      206C6F6E 
 1543      6720696E 
 1543      7400
 1544              	.LASF19:
 1545 015f 433A5C55 		.ascii	"C:\\Users\\Gemma\\Desktop\\PSoC\\GemmaQ_Assignment5"
 1545      73657273 
 1545      5C47656D 
 1545      6D615C44 
 1545      65736B74 
 1546 018d 5F50536F 		.ascii	"_PSoC5OneWire\\GemmaQ_Assignment5_PSoC5OneWire.cyds"
 1546      43354F6E 
 1546      65576972 
 1546      655C4765 
 1546      6D6D6151 
 1547 01bf 6E00     		.ascii	"n\000"
 1548              	.LASF2:
 1549 01c1 73686F72 		.ascii	"short int\000"
 1549      7420696E 
 1549      7400
 1550              	.LASF4:
 1551 01cb 6C6F6E67 		.ascii	"long int\000"
 1551      20696E74 
 1551      00
 1552              	.LASF0:
 1553 01d4 7369676E 		.ascii	"signed char\000"
 1553      65642063 
 1553      68617200 
 1554              	.LASF18:
 1555 01e0 47656E65 		.ascii	"Generated_Source\\PSoC5\\cymetadata.c\000"
 1555      72617465 
 1555      645F536F 
 1555      75726365 
 1555      5C50536F 
 1556              		.ident	"GCC: (GNU Tools for ARM Embedded Processors) 5.4.1 20160609 (release) [ARM/embedded-5-bran
