ARM GAS  C:\Users\Gemma\AppData\Local\Temp\cc15EvfP.s 			page 1


   1              		.syntax unified
   2              		.cpu cortex-m3
   3              		.fpu softvfp
   4              		.eabi_attribute 20, 1
   5              		.eabi_attribute 21, 1
   6              		.eabi_attribute 23, 3
   7              		.eabi_attribute 24, 1
   8              		.eabi_attribute 25, 1
   9              		.eabi_attribute 26, 1
  10              		.eabi_attribute 30, 1
  11              		.eabi_attribute 34, 1
  12              		.eabi_attribute 18, 4
  13              		.thumb
  14              		.syntax unified
  15              		.file	"cymetadata.c"
  16              		.text
  17              	.Ltext0:
  18              		.cfi_sections	.debug_frame
  19              		.global	cy_metadata
  20              		.global	cy_meta_flashprotect
  21              		.global	cy_meta_wonvl
  22              		.global	cy_meta_custnvl
  23              		.global	cy_meta_configecc
  24              		.section	.cyconfigecc,"a",%progbits
  25              		.align	2
  26              		.type	cy_meta_configecc, %object
  27              		.size	cy_meta_configecc, 216
  28              	cy_meta_configecc:
  29 0000 01       		.byte	1
  30 0001 64       		.byte	100
  31 0002 00       		.byte	0
  32 0003 40       		.byte	64
  33 0004 01       		.byte	1
  34 0005 05       		.byte	5
  35 0006 01       		.byte	1
  36 0007 40       		.byte	64
  37 0008 30       		.byte	48
  38 0009 0A       		.byte	10
  39 000a 01       		.byte	1
  40 000b 40       		.byte	64
  41 000c 17       		.byte	23
  42 000d 0B       		.byte	11
  43 000e 01       		.byte	1
  44 000f 40       		.byte	64
  45 0010 02       		.byte	2
  46 0011 40       		.byte	64
  47 0012 01       		.byte	1
  48 0013 40       		.byte	64
  49 0014 01       		.byte	1
  50 0015 41       		.byte	65
  51 0016 01       		.byte	1
  52 0017 40       		.byte	64
  53 0018 03       		.byte	3
  54 0019 42       		.byte	66
  55 001a 01       		.byte	1
  56 001b 40       		.byte	64
  57 001c 02       		.byte	2
ARM GAS  C:\Users\Gemma\AppData\Local\Temp\cc15EvfP.s 			page 2


  58 001d 50       		.byte	80
  59 001e 01       		.byte	1
  60 001f 40       		.byte	64
  61 0020 01       		.byte	1
  62 0021 51       		.byte	81
  63 0022 01       		.byte	1
  64 0023 40       		.byte	64
  65 0024 8B       		.byte	-117
  66 0025 0D       		.byte	13
  67 0026 E6       		.byte	-26
  68 0027 08       		.byte	8
  69 0028 40       		.byte	64
  70 0029 54       		.byte	84
  71 002a 49       		.byte	73
  72 002b FF       		.byte	-1
  73 002c 4A       		.byte	74
  74 002d FF       		.byte	-1
  75 002e 4B       		.byte	75
  76 002f FF       		.byte	-1
  77 0030 4F       		.byte	79
  78 0031 01       		.byte	1
  79 0032 50       		.byte	80
  80 0033 18       		.byte	24
  81 0034 5A       		.byte	90
  82 0035 04       		.byte	4
  83 0036 5F       		.byte	95
  84 0037 01       		.byte	1
  85 0038 60       		.byte	96
  86 0039 40       		.byte	64
  87 003a 62       		.byte	98
  88 003b 40       		.byte	64
  89 003c 64       		.byte	100
  90 003d 40       		.byte	64
  91 003e 65       		.byte	101
  92 003f 40       		.byte	64
  93 0040 66       		.byte	102
  94 0041 80       		.byte	-128
  95 0042 68       		.byte	104
  96 0043 80       		.byte	-128
  97 0044 6A       		.byte	106
  98 0045 80       		.byte	-128
  99 0046 6C       		.byte	108
 100 0047 80       		.byte	-128
 101 0048 6E       		.byte	110
 102 0049 80       		.byte	-128
 103 004a 92       		.byte	-110
 104 004b 01       		.byte	1
 105 004c AE       		.byte	-82
 106 004d 01       		.byte	1
 107 004e B0       		.byte	-80
 108 004f 01       		.byte	1
 109 0050 BE       		.byte	-66
 110 0051 01       		.byte	1
 111 0052 C0       		.byte	-64
 112 0053 15       		.byte	21
 113 0054 C5       		.byte	-59
 114 0055 EC       		.byte	-20
ARM GAS  C:\Users\Gemma\AppData\Local\Temp\cc15EvfP.s 			page 3


 115 0056 C6       		.byte	-58
 116 0057 02       		.byte	2
 117 0058 C8       		.byte	-56
 118 0059 07       		.byte	7
 119 005a C9       		.byte	-55
 120 005b FF       		.byte	-1
 121 005c CA       		.byte	-54
 122 005d FF       		.byte	-1
 123 005e CB       		.byte	-53
 124 005f FF       		.byte	-1
 125 0060 CD       		.byte	-51
 126 0061 83       		.byte	-125
 127 0062 CE       		.byte	-50
 128 0063 03       		.byte	3
 129 0064 CF       		.byte	-49
 130 0065 01       		.byte	1
 131 0066 D0       		.byte	-48
 132 0067 18       		.byte	24
 133 0068 D2       		.byte	-46
 134 0069 80       		.byte	-128
 135 006a D4       		.byte	-44
 136 006b 01       		.byte	1
 137 006c D6       		.byte	-42
 138 006d 04       		.byte	4
 139 006e D8       		.byte	-40
 140 006f 04       		.byte	4
 141 0070 DA       		.byte	-38
 142 0071 04       		.byte	4
 143 0072 DB       		.byte	-37
 144 0073 04       		.byte	4
 145 0074 DF       		.byte	-33
 146 0075 01       		.byte	1
 147 0076 E0       		.byte	-32
 148 0077 40       		.byte	64
 149 0078 E2       		.byte	-30
 150 0079 40       		.byte	64
 151 007a E4       		.byte	-28
 152 007b 40       		.byte	64
 153 007c E5       		.byte	-27
 154 007d 40       		.byte	64
 155 007e E6       		.byte	-26
 156 007f 80       		.byte	-128
 157 0080 E8       		.byte	-24
 158 0081 80       		.byte	-128
 159 0082 EA       		.byte	-22
 160 0083 80       		.byte	-128
 161 0084 EC       		.byte	-20
 162 0085 80       		.byte	-128
 163 0086 EE       		.byte	-18
 164 0087 80       		.byte	-128
 165 0088 0F       		.byte	15
 166 0089 80       		.byte	-128
 167 008a 17       		.byte	23
 168 008b 80       		.byte	-128
 169 008c 1E       		.byte	30
 170 008d 80       		.byte	-128
 171 008e 42       		.byte	66
ARM GAS  C:\Users\Gemma\AppData\Local\Temp\cc15EvfP.s 			page 4


 172 008f 80       		.byte	-128
 173 0090 47       		.byte	71
 174 0091 80       		.byte	-128
 175 0092 48       		.byte	72
 176 0093 01       		.byte	1
 177 0094 4D       		.byte	77
 178 0095 04       		.byte	4
 179 0096 4F       		.byte	79
 180 0097 81       		.byte	-127
 181 0098 56       		.byte	86
 182 0099 80       		.byte	-128
 183 009a 57       		.byte	87
 184 009b 40       		.byte	64
 185 009c 5D       		.byte	93
 186 009d 04       		.byte	4
 187 009e 5E       		.byte	94
 188 009f 80       		.byte	-128
 189 00a0 5F       		.byte	95
 190 00a1 01       		.byte	1
 191 00a2 66       		.byte	102
 192 00a3 02       		.byte	2
 193 00a4 74       		.byte	116
 194 00a5 01       		.byte	1
 195 00a6 77       		.byte	119
 196 00a7 80       		.byte	-128
 197 00a8 86       		.byte	-122
 198 00a9 02       		.byte	2
 199 00aa C2       		.byte	-62
 200 00ab 10       		.byte	16
 201 00ac C4       		.byte	-60
 202 00ad 80       		.byte	-128
 203 00ae D0       		.byte	-48
 204 00af 11       		.byte	17
 205 00b0 D2       		.byte	-46
 206 00b1 18       		.byte	24
 207 00b2 D6       		.byte	-42
 208 00b3 D0       		.byte	-48
 209 00b4 D8       		.byte	-40
 210 00b5 80       		.byte	-128
 211 00b6 33       		.byte	51
 212 00b7 80       		.byte	-128
 213 00b8 CC       		.byte	-52
 214 00b9 10       		.byte	16
 215 00ba A7       		.byte	-89
 216 00bb 80       		.byte	-128
 217 00bc 87       		.byte	-121
 218 00bd 80       		.byte	-128
 219 00be A7       		.byte	-89
 220 00bf 80       		.byte	-128
 221 00c0 E6       		.byte	-26
 222 00c1 10       		.byte	16
 223 00c2 00       		.byte	0
 224 00c3 01       		.byte	1
 225 00c4 0C       		.byte	12
 226 00c5 01       		.byte	1
 227 00c6 00       		.byte	0
 228 00c7 03       		.byte	3
ARM GAS  C:\Users\Gemma\AppData\Local\Temp\cc15EvfP.s 			page 5


 229 00c8 00       		.byte	0
 230 00c9 0B       		.byte	11
 231 00ca 0B       		.byte	11
 232 00cb 00       		.byte	0
 233 00cc 00       		.byte	0
 234 00cd 00       		.byte	0
 235 00ce 00       		.byte	0
 236 00cf 00       		.byte	0
 237 00d0 00       		.byte	0
 238 00d1 02       		.byte	2
 239 00d2 02       		.byte	2
 240 00d3 00       		.byte	0
 241 00d4 00       		.byte	0
 242 00d5 00       		.byte	0
 243 00d6 00       		.byte	0
 244 00d7 00       		.byte	0
 245              		.section	.cywolatch,"a",%progbits
 246              		.align	2
 247              		.type	cy_meta_wonvl, %object
 248              		.size	cy_meta_wonvl, 4
 249              	cy_meta_wonvl:
 250 0000 BC       		.byte	-68
 251 0001 90       		.byte	-112
 252 0002 AC       		.byte	-84
 253 0003 AF       		.byte	-81
 254              		.section	.cycustnvl,"a",%progbits
 255              		.align	2
 256              		.type	cy_meta_custnvl, %object
 257              		.size	cy_meta_custnvl, 4
 258              	cy_meta_custnvl:
 259 0000 00       		.byte	0
 260 0001 00       		.byte	0
 261 0002 40       		.byte	64
 262 0003 05       		.byte	5
 263              		.section	.cymeta,"a",%progbits
 264              		.align	2
 265              		.type	cy_metadata, %object
 266              		.size	cy_metadata, 12
 267              	cy_metadata:
 268 0000 00       		.byte	0
 269 0001 01       		.byte	1
 270 0002 2E       		.byte	46
 271 0003 16       		.byte	22
 272 0004 10       		.byte	16
 273 0005 69       		.byte	105
 274 0006 00       		.byte	0
 275 0007 01       		.byte	1
 276 0008 00       		.byte	0
 277 0009 00       		.byte	0
 278 000a 00       		.byte	0
 279 000b 00       		.byte	0
 280              		.section	.cyflashprotect,"a",%progbits
 281              		.align	2
 282              		.type	cy_meta_flashprotect, %object
 283              		.size	cy_meta_flashprotect, 256
 284              	cy_meta_flashprotect:
 285 0000 00000000 		.space	256
ARM GAS  C:\Users\Gemma\AppData\Local\Temp\cc15EvfP.s 			page 6


 285      00000000 
 285      00000000 
 285      00000000 
 285      00000000 
 286              		.text
 287              	.Letext0:
 288              		.file 1 "c:\\program files (x86)\\cypress\\psoc creator\\4.2\\psoc creator\\import\\gnu\\arm\\5.4.
 289              		.file 2 "c:\\program files (x86)\\cypress\\psoc creator\\4.2\\psoc creator\\import\\gnu\\arm\\5.4.
 290              		.file 3 "Generated_Source\\PSoC5\\cymetadata.c"
 291              		.section	.debug_info,"",%progbits
 292              	.Ldebug_info0:
 293 0000 30010000 		.4byte	0x130
 294 0004 0400     		.2byte	0x4
 295 0006 00000000 		.4byte	.Ldebug_abbrev0
 296 000a 04       		.byte	0x4
 297 000b 01       		.uleb128 0x1
 298 000c 24000000 		.4byte	.LASF17
 299 0010 0C       		.byte	0xc
 300 0011 CE010000 		.4byte	.LASF18
 301 0015 D7000000 		.4byte	.LASF19
 302 0019 00000000 		.4byte	.Ldebug_line0
 303 001d 02       		.uleb128 0x2
 304 001e 01       		.byte	0x1
 305 001f 06       		.byte	0x6
 306 0020 C2010000 		.4byte	.LASF0
 307 0024 03       		.uleb128 0x3
 308 0025 00000000 		.4byte	.LASF9
 309 0029 01       		.byte	0x1
 310 002a 1D       		.byte	0x1d
 311 002b 2F000000 		.4byte	0x2f
 312 002f 02       		.uleb128 0x2
 313 0030 01       		.byte	0x1
 314 0031 08       		.byte	0x8
 315 0032 16000000 		.4byte	.LASF1
 316 0036 02       		.uleb128 0x2
 317 0037 02       		.byte	0x2
 318 0038 05       		.byte	0x5
 319 0039 AF010000 		.4byte	.LASF2
 320 003d 02       		.uleb128 0x2
 321 003e 02       		.byte	0x2
 322 003f 07       		.byte	0x7
 323 0040 C4000000 		.4byte	.LASF3
 324 0044 02       		.uleb128 0x2
 325 0045 04       		.byte	0x4
 326 0046 05       		.byte	0x5
 327 0047 B9010000 		.4byte	.LASF4
 328 004b 02       		.uleb128 0x2
 329 004c 04       		.byte	0x4
 330 004d 07       		.byte	0x7
 331 004e B2000000 		.4byte	.LASF5
 332 0052 02       		.uleb128 0x2
 333 0053 08       		.byte	0x8
 334 0054 05       		.byte	0x5
 335 0055 A1010000 		.4byte	.LASF6
 336 0059 02       		.uleb128 0x2
 337 005a 08       		.byte	0x8
 338 005b 07       		.byte	0x7
ARM GAS  C:\Users\Gemma\AppData\Local\Temp\cc15EvfP.s 			page 7


 339 005c 56010000 		.4byte	.LASF7
 340 0060 04       		.uleb128 0x4
 341 0061 04       		.byte	0x4
 342 0062 05       		.byte	0x5
 343 0063 696E7400 		.ascii	"int\000"
 344 0067 02       		.uleb128 0x2
 345 0068 04       		.byte	0x4
 346 0069 07       		.byte	0x7
 347 006a 49010000 		.4byte	.LASF8
 348 006e 03       		.uleb128 0x3
 349 006f 6D010000 		.4byte	.LASF10
 350 0073 02       		.byte	0x2
 351 0074 18       		.byte	0x18
 352 0075 24000000 		.4byte	0x24
 353 0079 05       		.uleb128 0x5
 354 007a 90000000 		.4byte	0x90
 355 007e 89000000 		.4byte	0x89
 356 0082 06       		.uleb128 0x6
 357 0083 89000000 		.4byte	0x89
 358 0087 D7       		.byte	0xd7
 359 0088 00       		.byte	0
 360 0089 02       		.uleb128 0x2
 361 008a 04       		.byte	0x4
 362 008b 07       		.byte	0x7
 363 008c 98010000 		.4byte	.LASF11
 364 0090 07       		.uleb128 0x7
 365 0091 6E000000 		.4byte	0x6e
 366 0095 08       		.uleb128 0x8
 367 0096 37010000 		.4byte	.LASF12
 368 009a 03       		.byte	0x3
 369 009b 1F       		.byte	0x1f
 370 009c A6000000 		.4byte	0xa6
 371 00a0 05       		.uleb128 0x5
 372 00a1 03       		.byte	0x3
 373 00a2 00000000 		.4byte	cy_meta_configecc
 374 00a6 07       		.uleb128 0x7
 375 00a7 79000000 		.4byte	0x79
 376 00ab 05       		.uleb128 0x5
 377 00ac 90000000 		.4byte	0x90
 378 00b0 BB000000 		.4byte	0xbb
 379 00b4 06       		.uleb128 0x6
 380 00b5 89000000 		.4byte	0x89
 381 00b9 03       		.byte	0x3
 382 00ba 00       		.byte	0
 383 00bb 08       		.uleb128 0x8
 384 00bc 27010000 		.4byte	.LASF13
 385 00c0 03       		.byte	0x3
 386 00c1 47       		.byte	0x47
 387 00c2 CC000000 		.4byte	0xcc
 388 00c6 05       		.uleb128 0x5
 389 00c7 03       		.byte	0x3
 390 00c8 00000000 		.4byte	cy_meta_custnvl
 391 00cc 07       		.uleb128 0x7
 392 00cd AB000000 		.4byte	0xab
 393 00d1 08       		.uleb128 0x8
 394 00d2 8A010000 		.4byte	.LASF14
 395 00d6 03       		.byte	0x3
ARM GAS  C:\Users\Gemma\AppData\Local\Temp\cc15EvfP.s 			page 8


 396 00d7 55       		.byte	0x55
 397 00d8 E2000000 		.4byte	0xe2
 398 00dc 05       		.uleb128 0x5
 399 00dd 03       		.byte	0x3
 400 00de 00000000 		.4byte	cy_meta_wonvl
 401 00e2 07       		.uleb128 0x7
 402 00e3 AB000000 		.4byte	0xab
 403 00e7 05       		.uleb128 0x5
 404 00e8 90000000 		.4byte	0x90
 405 00ec F7000000 		.4byte	0xf7
 406 00f0 06       		.uleb128 0x6
 407 00f1 89000000 		.4byte	0x89
 408 00f5 FF       		.byte	0xff
 409 00f6 00       		.byte	0
 410 00f7 08       		.uleb128 0x8
 411 00f8 75010000 		.4byte	.LASF15
 412 00fc 03       		.byte	0x3
 413 00fd 63       		.byte	0x63
 414 00fe 08010000 		.4byte	0x108
 415 0102 05       		.uleb128 0x5
 416 0103 03       		.byte	0x3
 417 0104 00000000 		.4byte	cy_meta_flashprotect
 418 0108 07       		.uleb128 0x7
 419 0109 E7000000 		.4byte	0xe7
 420 010d 05       		.uleb128 0x5
 421 010e 90000000 		.4byte	0x90
 422 0112 1D010000 		.4byte	0x11d
 423 0116 06       		.uleb128 0x6
 424 0117 89000000 		.4byte	0x89
 425 011b 0B       		.byte	0xb
 426 011c 00       		.byte	0
 427 011d 08       		.uleb128 0x8
 428 011e 0A000000 		.4byte	.LASF16
 429 0122 03       		.byte	0x3
 430 0123 90       		.byte	0x90
 431 0124 2E010000 		.4byte	0x12e
 432 0128 05       		.uleb128 0x5
 433 0129 03       		.byte	0x3
 434 012a 00000000 		.4byte	cy_metadata
 435 012e 07       		.uleb128 0x7
 436 012f 0D010000 		.4byte	0x10d
 437 0133 00       		.byte	0
 438              		.section	.debug_abbrev,"",%progbits
 439              	.Ldebug_abbrev0:
 440 0000 01       		.uleb128 0x1
 441 0001 11       		.uleb128 0x11
 442 0002 01       		.byte	0x1
 443 0003 25       		.uleb128 0x25
 444 0004 0E       		.uleb128 0xe
 445 0005 13       		.uleb128 0x13
 446 0006 0B       		.uleb128 0xb
 447 0007 03       		.uleb128 0x3
 448 0008 0E       		.uleb128 0xe
 449 0009 1B       		.uleb128 0x1b
 450 000a 0E       		.uleb128 0xe
 451 000b 10       		.uleb128 0x10
 452 000c 17       		.uleb128 0x17
ARM GAS  C:\Users\Gemma\AppData\Local\Temp\cc15EvfP.s 			page 9


 453 000d 00       		.byte	0
 454 000e 00       		.byte	0
 455 000f 02       		.uleb128 0x2
 456 0010 24       		.uleb128 0x24
 457 0011 00       		.byte	0
 458 0012 0B       		.uleb128 0xb
 459 0013 0B       		.uleb128 0xb
 460 0014 3E       		.uleb128 0x3e
 461 0015 0B       		.uleb128 0xb
 462 0016 03       		.uleb128 0x3
 463 0017 0E       		.uleb128 0xe
 464 0018 00       		.byte	0
 465 0019 00       		.byte	0
 466 001a 03       		.uleb128 0x3
 467 001b 16       		.uleb128 0x16
 468 001c 00       		.byte	0
 469 001d 03       		.uleb128 0x3
 470 001e 0E       		.uleb128 0xe
 471 001f 3A       		.uleb128 0x3a
 472 0020 0B       		.uleb128 0xb
 473 0021 3B       		.uleb128 0x3b
 474 0022 0B       		.uleb128 0xb
 475 0023 49       		.uleb128 0x49
 476 0024 13       		.uleb128 0x13
 477 0025 00       		.byte	0
 478 0026 00       		.byte	0
 479 0027 04       		.uleb128 0x4
 480 0028 24       		.uleb128 0x24
 481 0029 00       		.byte	0
 482 002a 0B       		.uleb128 0xb
 483 002b 0B       		.uleb128 0xb
 484 002c 3E       		.uleb128 0x3e
 485 002d 0B       		.uleb128 0xb
 486 002e 03       		.uleb128 0x3
 487 002f 08       		.uleb128 0x8
 488 0030 00       		.byte	0
 489 0031 00       		.byte	0
 490 0032 05       		.uleb128 0x5
 491 0033 01       		.uleb128 0x1
 492 0034 01       		.byte	0x1
 493 0035 49       		.uleb128 0x49
 494 0036 13       		.uleb128 0x13
 495 0037 01       		.uleb128 0x1
 496 0038 13       		.uleb128 0x13
 497 0039 00       		.byte	0
 498 003a 00       		.byte	0
 499 003b 06       		.uleb128 0x6
 500 003c 21       		.uleb128 0x21
 501 003d 00       		.byte	0
 502 003e 49       		.uleb128 0x49
 503 003f 13       		.uleb128 0x13
 504 0040 2F       		.uleb128 0x2f
 505 0041 0B       		.uleb128 0xb
 506 0042 00       		.byte	0
 507 0043 00       		.byte	0
 508 0044 07       		.uleb128 0x7
 509 0045 26       		.uleb128 0x26
ARM GAS  C:\Users\Gemma\AppData\Local\Temp\cc15EvfP.s 			page 10


 510 0046 00       		.byte	0
 511 0047 49       		.uleb128 0x49
 512 0048 13       		.uleb128 0x13
 513 0049 00       		.byte	0
 514 004a 00       		.byte	0
 515 004b 08       		.uleb128 0x8
 516 004c 34       		.uleb128 0x34
 517 004d 00       		.byte	0
 518 004e 03       		.uleb128 0x3
 519 004f 0E       		.uleb128 0xe
 520 0050 3A       		.uleb128 0x3a
 521 0051 0B       		.uleb128 0xb
 522 0052 3B       		.uleb128 0x3b
 523 0053 0B       		.uleb128 0xb
 524 0054 49       		.uleb128 0x49
 525 0055 13       		.uleb128 0x13
 526 0056 3F       		.uleb128 0x3f
 527 0057 19       		.uleb128 0x19
 528 0058 02       		.uleb128 0x2
 529 0059 18       		.uleb128 0x18
 530 005a 00       		.byte	0
 531 005b 00       		.byte	0
 532 005c 00       		.byte	0
 533              		.section	.debug_aranges,"",%progbits
 534 0000 14000000 		.4byte	0x14
 535 0004 0200     		.2byte	0x2
 536 0006 00000000 		.4byte	.Ldebug_info0
 537 000a 04       		.byte	0x4
 538 000b 00       		.byte	0
 539 000c 0000     		.2byte	0
 540 000e 0000     		.2byte	0
 541 0010 00000000 		.4byte	0
 542 0014 00000000 		.4byte	0
 543              		.section	.debug_line,"",%progbits
 544              	.Ldebug_line0:
 545 0000 3D010000 		.section	.debug_str,"MS",%progbits,1
 545      02003701 
 545      00000201 
 545      FB0E0D00 
 545      01010101 
 546              	.LASF9:
 547 0000 5F5F7569 		.ascii	"__uint8_t\000"
 547      6E74385F 
 547      7400
 548              	.LASF16:
 549 000a 63795F6D 		.ascii	"cy_metadata\000"
 549      65746164 
 549      61746100 
 550              	.LASF1:
 551 0016 756E7369 		.ascii	"unsigned char\000"
 551      676E6564 
 551      20636861 
 551      7200
 552              	.LASF17:
 553 0024 474E5520 		.ascii	"GNU C11 5.4.1 20160609 (release) [ARM/embedded-5-br"
 553      43313120 
 553      352E342E 
ARM GAS  C:\Users\Gemma\AppData\Local\Temp\cc15EvfP.s 			page 11


 553      31203230 
 553      31363036 
 554 0057 616E6368 		.ascii	"anch revision 237715] -mcpu=cortex-m3 -mthumb -g -O"
 554      20726576 
 554      6973696F 
 554      6E203233 
 554      37373135 
 555 008a 67202D66 		.ascii	"g -ffunction-sections -ffat-lto-objects\000"
 555      66756E63 
 555      74696F6E 
 555      2D736563 
 555      74696F6E 
 556              	.LASF5:
 557 00b2 6C6F6E67 		.ascii	"long unsigned int\000"
 557      20756E73 
 557      69676E65 
 557      6420696E 
 557      7400
 558              	.LASF3:
 559 00c4 73686F72 		.ascii	"short unsigned int\000"
 559      7420756E 
 559      7369676E 
 559      65642069 
 559      6E7400
 560              	.LASF19:
 561 00d7 433A5C55 		.ascii	"C:\\Users\\Gemma\\Desktop\\PSoC\\TimerInterrupt_exa"
 561      73657273 
 561      5C47656D 
 561      6D615C44 
 561      65736B74 
 562 0105 6D706C65 		.ascii	"mple\\TimerInterrupt_example.cydsn\000"
 562      5C54696D 
 562      6572496E 
 562      74657272 
 562      7570745F 
 563              	.LASF13:
 564 0127 63795F6D 		.ascii	"cy_meta_custnvl\000"
 564      6574615F 
 564      63757374 
 564      6E766C00 
 565              	.LASF12:
 566 0137 63795F6D 		.ascii	"cy_meta_configecc\000"
 566      6574615F 
 566      636F6E66 
 566      69676563 
 566      6300
 567              	.LASF8:
 568 0149 756E7369 		.ascii	"unsigned int\000"
 568      676E6564 
 568      20696E74 
 568      00
 569              	.LASF7:
 570 0156 6C6F6E67 		.ascii	"long long unsigned int\000"
 570      206C6F6E 
 570      6720756E 
 570      7369676E 
 570      65642069 
ARM GAS  C:\Users\Gemma\AppData\Local\Temp\cc15EvfP.s 			page 12


 571              	.LASF10:
 572 016d 75696E74 		.ascii	"uint8_t\000"
 572      385F7400 
 573              	.LASF15:
 574 0175 63795F6D 		.ascii	"cy_meta_flashprotect\000"
 574      6574615F 
 574      666C6173 
 574      6870726F 
 574      74656374 
 575              	.LASF14:
 576 018a 63795F6D 		.ascii	"cy_meta_wonvl\000"
 576      6574615F 
 576      776F6E76 
 576      6C00
 577              	.LASF11:
 578 0198 73697A65 		.ascii	"sizetype\000"
 578      74797065 
 578      00
 579              	.LASF6:
 580 01a1 6C6F6E67 		.ascii	"long long int\000"
 580      206C6F6E 
 580      6720696E 
 580      7400
 581              	.LASF2:
 582 01af 73686F72 		.ascii	"short int\000"
 582      7420696E 
 582      7400
 583              	.LASF4:
 584 01b9 6C6F6E67 		.ascii	"long int\000"
 584      20696E74 
 584      00
 585              	.LASF0:
 586 01c2 7369676E 		.ascii	"signed char\000"
 586      65642063 
 586      68617200 
 587              	.LASF18:
 588 01ce 47656E65 		.ascii	"Generated_Source\\PSoC5\\cymetadata.c\000"
 588      72617465 
 588      645F536F 
 588      75726365 
 588      5C50536F 
 589              		.ident	"GCC: (GNU Tools for ARM Embedded Processors) 5.4.1 20160609 (release) [ARM/embedded-5-bran
