ARM GAS  C:\Users\Gemma\AppData\Local\Temp\ccP3Fpxk.s 			page 1


   1              		.syntax unified
   2              		.cpu cortex-m3
   3              		.fpu softvfp
   4              		.eabi_attribute 20, 1
   5              		.eabi_attribute 21, 1
   6              		.eabi_attribute 23, 3
   7              		.eabi_attribute 24, 1
   8              		.eabi_attribute 25, 1
   9              		.eabi_attribute 26, 1
  10              		.eabi_attribute 30, 1
  11              		.eabi_attribute 34, 1
  12              		.eabi_attribute 18, 4
  13              		.thumb
  14              		.syntax unified
  15              		.file	"isr_1.c"
  16              		.text
  17              	.Ltext0:
  18              		.cfi_sections	.debug_frame
  19              		.section	.text.isr_1_Interrupt,"ax",%progbits
  20              		.align	2
  21              		.global	isr_1_Interrupt
  22              		.thumb
  23              		.thumb_func
  24              		.type	isr_1_Interrupt, %function
  25              	isr_1_Interrupt:
  26              	.LFB66:
  27              		.file 1 "Generated_Source\\PSoC5\\isr_1.c"
   1:Generated_Source\PSoC5/isr_1.c **** /*******************************************************************************
   2:Generated_Source\PSoC5/isr_1.c **** * File Name: isr_1.c  
   3:Generated_Source\PSoC5/isr_1.c **** * Version 1.70
   4:Generated_Source\PSoC5/isr_1.c **** *
   5:Generated_Source\PSoC5/isr_1.c **** *  Description:
   6:Generated_Source\PSoC5/isr_1.c **** *   API for controlling the state of an interrupt.
   7:Generated_Source\PSoC5/isr_1.c **** *
   8:Generated_Source\PSoC5/isr_1.c **** *
   9:Generated_Source\PSoC5/isr_1.c **** *  Note:
  10:Generated_Source\PSoC5/isr_1.c **** *
  11:Generated_Source\PSoC5/isr_1.c **** ********************************************************************************
  12:Generated_Source\PSoC5/isr_1.c **** * Copyright 2008-2015, Cypress Semiconductor Corporation.  All rights reserved.
  13:Generated_Source\PSoC5/isr_1.c **** * You may use this file only in accordance with the license, terms, conditions, 
  14:Generated_Source\PSoC5/isr_1.c **** * disclaimers, and limitations in the end user license agreement accompanying 
  15:Generated_Source\PSoC5/isr_1.c **** * the software package with which this file was provided.
  16:Generated_Source\PSoC5/isr_1.c **** *******************************************************************************/
  17:Generated_Source\PSoC5/isr_1.c **** 
  18:Generated_Source\PSoC5/isr_1.c **** 
  19:Generated_Source\PSoC5/isr_1.c **** #include <cydevice_trm.h>
  20:Generated_Source\PSoC5/isr_1.c **** #include <CyLib.h>
  21:Generated_Source\PSoC5/isr_1.c **** #include <isr_1.h>
  22:Generated_Source\PSoC5/isr_1.c **** #include "cyapicallbacks.h"
  23:Generated_Source\PSoC5/isr_1.c **** 
  24:Generated_Source\PSoC5/isr_1.c **** #if !defined(isr_1__REMOVED) /* Check for removal by optimization */
  25:Generated_Source\PSoC5/isr_1.c **** 
  26:Generated_Source\PSoC5/isr_1.c **** /*******************************************************************************
  27:Generated_Source\PSoC5/isr_1.c **** *  Place your includes, defines and code here 
  28:Generated_Source\PSoC5/isr_1.c **** ********************************************************************************/
  29:Generated_Source\PSoC5/isr_1.c **** /* `#START isr_1_intc` */
  30:Generated_Source\PSoC5/isr_1.c **** #include "project.h"
ARM GAS  C:\Users\Gemma\AppData\Local\Temp\ccP3Fpxk.s 			page 2


  31:Generated_Source\PSoC5/isr_1.c **** /* `#END` */
  32:Generated_Source\PSoC5/isr_1.c **** 
  33:Generated_Source\PSoC5/isr_1.c **** #ifndef CYINT_IRQ_BASE
  34:Generated_Source\PSoC5/isr_1.c **** #define CYINT_IRQ_BASE      16
  35:Generated_Source\PSoC5/isr_1.c **** #endif /* CYINT_IRQ_BASE */
  36:Generated_Source\PSoC5/isr_1.c **** #ifndef CYINT_VECT_TABLE
  37:Generated_Source\PSoC5/isr_1.c **** #define CYINT_VECT_TABLE    ((cyisraddress **) CYREG_NVIC_VECT_OFFSET)
  38:Generated_Source\PSoC5/isr_1.c **** #endif /* CYINT_VECT_TABLE */
  39:Generated_Source\PSoC5/isr_1.c **** 
  40:Generated_Source\PSoC5/isr_1.c **** /* Declared in startup, used to set unused interrupts to. */
  41:Generated_Source\PSoC5/isr_1.c **** CY_ISR_PROTO(IntDefaultHandler);
  42:Generated_Source\PSoC5/isr_1.c **** 
  43:Generated_Source\PSoC5/isr_1.c **** 
  44:Generated_Source\PSoC5/isr_1.c **** /*******************************************************************************
  45:Generated_Source\PSoC5/isr_1.c **** * Function Name: isr_1_Start
  46:Generated_Source\PSoC5/isr_1.c **** ********************************************************************************
  47:Generated_Source\PSoC5/isr_1.c **** *
  48:Generated_Source\PSoC5/isr_1.c **** * Summary:
  49:Generated_Source\PSoC5/isr_1.c **** *  Set up the interrupt and enable it. This function disables the interrupt, 
  50:Generated_Source\PSoC5/isr_1.c **** *  sets the default interrupt vector, sets the priority from the value in the
  51:Generated_Source\PSoC5/isr_1.c **** *  Design Wide Resources Interrupt Editor, then enables the interrupt to the 
  52:Generated_Source\PSoC5/isr_1.c **** *  interrupt controller.
  53:Generated_Source\PSoC5/isr_1.c **** *
  54:Generated_Source\PSoC5/isr_1.c **** * Parameters:  
  55:Generated_Source\PSoC5/isr_1.c **** *   None
  56:Generated_Source\PSoC5/isr_1.c **** *
  57:Generated_Source\PSoC5/isr_1.c **** * Return:
  58:Generated_Source\PSoC5/isr_1.c **** *   None
  59:Generated_Source\PSoC5/isr_1.c **** *
  60:Generated_Source\PSoC5/isr_1.c **** *******************************************************************************/
  61:Generated_Source\PSoC5/isr_1.c **** void isr_1_Start(void)
  62:Generated_Source\PSoC5/isr_1.c **** {
  63:Generated_Source\PSoC5/isr_1.c ****     /* For all we know the interrupt is active. */
  64:Generated_Source\PSoC5/isr_1.c ****     isr_1_Disable();
  65:Generated_Source\PSoC5/isr_1.c **** 
  66:Generated_Source\PSoC5/isr_1.c ****     /* Set the ISR to point to the isr_1 Interrupt. */
  67:Generated_Source\PSoC5/isr_1.c ****     isr_1_SetVector(&isr_1_Interrupt);
  68:Generated_Source\PSoC5/isr_1.c **** 
  69:Generated_Source\PSoC5/isr_1.c ****     /* Set the priority. */
  70:Generated_Source\PSoC5/isr_1.c ****     isr_1_SetPriority((uint8)isr_1_INTC_PRIOR_NUMBER);
  71:Generated_Source\PSoC5/isr_1.c **** 
  72:Generated_Source\PSoC5/isr_1.c ****     /* Enable it. */
  73:Generated_Source\PSoC5/isr_1.c ****     isr_1_Enable();
  74:Generated_Source\PSoC5/isr_1.c **** }
  75:Generated_Source\PSoC5/isr_1.c **** 
  76:Generated_Source\PSoC5/isr_1.c **** 
  77:Generated_Source\PSoC5/isr_1.c **** /*******************************************************************************
  78:Generated_Source\PSoC5/isr_1.c **** * Function Name: isr_1_StartEx
  79:Generated_Source\PSoC5/isr_1.c **** ********************************************************************************
  80:Generated_Source\PSoC5/isr_1.c **** *
  81:Generated_Source\PSoC5/isr_1.c **** * Summary:
  82:Generated_Source\PSoC5/isr_1.c **** *  Sets up the interrupt and enables it. This function disables the interrupt,
  83:Generated_Source\PSoC5/isr_1.c **** *  sets the interrupt vector based on the address passed in, sets the priority 
  84:Generated_Source\PSoC5/isr_1.c **** *  from the value in the Design Wide Resources Interrupt Editor, then enables 
  85:Generated_Source\PSoC5/isr_1.c **** *  the interrupt to the interrupt controller.
  86:Generated_Source\PSoC5/isr_1.c **** *  
  87:Generated_Source\PSoC5/isr_1.c **** *  When defining ISR functions, the CY_ISR and CY_ISR_PROTO macros should be 
ARM GAS  C:\Users\Gemma\AppData\Local\Temp\ccP3Fpxk.s 			page 3


  88:Generated_Source\PSoC5/isr_1.c **** *  used to provide consistent definition across compilers:
  89:Generated_Source\PSoC5/isr_1.c **** *  
  90:Generated_Source\PSoC5/isr_1.c **** *  Function definition example:
  91:Generated_Source\PSoC5/isr_1.c **** *   CY_ISR(MyISR)
  92:Generated_Source\PSoC5/isr_1.c **** *   {
  93:Generated_Source\PSoC5/isr_1.c **** *   }
  94:Generated_Source\PSoC5/isr_1.c **** *   Function prototype example:
  95:Generated_Source\PSoC5/isr_1.c **** *   CY_ISR_PROTO(MyISR);
  96:Generated_Source\PSoC5/isr_1.c **** *
  97:Generated_Source\PSoC5/isr_1.c **** * Parameters:  
  98:Generated_Source\PSoC5/isr_1.c **** *   address: Address of the ISR to set in the interrupt vector table.
  99:Generated_Source\PSoC5/isr_1.c **** *
 100:Generated_Source\PSoC5/isr_1.c **** * Return:
 101:Generated_Source\PSoC5/isr_1.c **** *   None
 102:Generated_Source\PSoC5/isr_1.c **** *
 103:Generated_Source\PSoC5/isr_1.c **** *******************************************************************************/
 104:Generated_Source\PSoC5/isr_1.c **** void isr_1_StartEx(cyisraddress address)
 105:Generated_Source\PSoC5/isr_1.c **** {
 106:Generated_Source\PSoC5/isr_1.c ****     /* For all we know the interrupt is active. */
 107:Generated_Source\PSoC5/isr_1.c ****     isr_1_Disable();
 108:Generated_Source\PSoC5/isr_1.c **** 
 109:Generated_Source\PSoC5/isr_1.c ****     /* Set the ISR to point to the isr_1 Interrupt. */
 110:Generated_Source\PSoC5/isr_1.c ****     isr_1_SetVector(address);
 111:Generated_Source\PSoC5/isr_1.c **** 
 112:Generated_Source\PSoC5/isr_1.c ****     /* Set the priority. */
 113:Generated_Source\PSoC5/isr_1.c ****     isr_1_SetPriority((uint8)isr_1_INTC_PRIOR_NUMBER);
 114:Generated_Source\PSoC5/isr_1.c **** 
 115:Generated_Source\PSoC5/isr_1.c ****     /* Enable it. */
 116:Generated_Source\PSoC5/isr_1.c ****     isr_1_Enable();
 117:Generated_Source\PSoC5/isr_1.c **** }
 118:Generated_Source\PSoC5/isr_1.c **** 
 119:Generated_Source\PSoC5/isr_1.c **** 
 120:Generated_Source\PSoC5/isr_1.c **** /*******************************************************************************
 121:Generated_Source\PSoC5/isr_1.c **** * Function Name: isr_1_Stop
 122:Generated_Source\PSoC5/isr_1.c **** ********************************************************************************
 123:Generated_Source\PSoC5/isr_1.c **** *
 124:Generated_Source\PSoC5/isr_1.c **** * Summary:
 125:Generated_Source\PSoC5/isr_1.c **** *   Disables and removes the interrupt.
 126:Generated_Source\PSoC5/isr_1.c **** *
 127:Generated_Source\PSoC5/isr_1.c **** * Parameters:  
 128:Generated_Source\PSoC5/isr_1.c **** *   None
 129:Generated_Source\PSoC5/isr_1.c **** *
 130:Generated_Source\PSoC5/isr_1.c **** * Return:
 131:Generated_Source\PSoC5/isr_1.c **** *   None
 132:Generated_Source\PSoC5/isr_1.c **** *
 133:Generated_Source\PSoC5/isr_1.c **** *******************************************************************************/
 134:Generated_Source\PSoC5/isr_1.c **** void isr_1_Stop(void)
 135:Generated_Source\PSoC5/isr_1.c **** {
 136:Generated_Source\PSoC5/isr_1.c ****     /* Disable this interrupt. */
 137:Generated_Source\PSoC5/isr_1.c ****     isr_1_Disable();
 138:Generated_Source\PSoC5/isr_1.c **** 
 139:Generated_Source\PSoC5/isr_1.c ****     /* Set the ISR to point to the passive one. */
 140:Generated_Source\PSoC5/isr_1.c ****     isr_1_SetVector(&IntDefaultHandler);
 141:Generated_Source\PSoC5/isr_1.c **** }
 142:Generated_Source\PSoC5/isr_1.c **** 
 143:Generated_Source\PSoC5/isr_1.c **** 
 144:Generated_Source\PSoC5/isr_1.c **** /*******************************************************************************
ARM GAS  C:\Users\Gemma\AppData\Local\Temp\ccP3Fpxk.s 			page 4


 145:Generated_Source\PSoC5/isr_1.c **** * Function Name: isr_1_Interrupt
 146:Generated_Source\PSoC5/isr_1.c **** ********************************************************************************
 147:Generated_Source\PSoC5/isr_1.c **** *
 148:Generated_Source\PSoC5/isr_1.c **** * Summary:
 149:Generated_Source\PSoC5/isr_1.c **** *   The default Interrupt Service Routine for isr_1.
 150:Generated_Source\PSoC5/isr_1.c **** *
 151:Generated_Source\PSoC5/isr_1.c **** *   Add custom code between the coments to keep the next version of this file
 152:Generated_Source\PSoC5/isr_1.c **** *   from over writting your code.
 153:Generated_Source\PSoC5/isr_1.c **** *
 154:Generated_Source\PSoC5/isr_1.c **** * Parameters:  
 155:Generated_Source\PSoC5/isr_1.c **** *
 156:Generated_Source\PSoC5/isr_1.c **** * Return:
 157:Generated_Source\PSoC5/isr_1.c **** *   None
 158:Generated_Source\PSoC5/isr_1.c **** *
 159:Generated_Source\PSoC5/isr_1.c **** *******************************************************************************/
 160:Generated_Source\PSoC5/isr_1.c **** CY_ISR(isr_1_Interrupt)
 161:Generated_Source\PSoC5/isr_1.c **** {
  28              		.loc 1 161 0
  29              		.cfi_startproc
  30              		@ args = 0, pretend = 0, frame = 0
  31              		@ frame_needed = 0, uses_anonymous_args = 0
  32 0000 08B5     		push	{r3, lr}
  33              		.cfi_def_cfa_offset 8
  34              		.cfi_offset 3, -8
  35              		.cfi_offset 14, -4
 162:Generated_Source\PSoC5/isr_1.c ****     #ifdef isr_1_INTERRUPT_INTERRUPT_CALLBACK
 163:Generated_Source\PSoC5/isr_1.c ****         isr_1_Interrupt_InterruptCallback();
 164:Generated_Source\PSoC5/isr_1.c ****     #endif /* isr_1_INTERRUPT_INTERRUPT_CALLBACK */ 
 165:Generated_Source\PSoC5/isr_1.c **** 
 166:Generated_Source\PSoC5/isr_1.c ****     /*  Place your Interrupt code here. */
 167:Generated_Source\PSoC5/isr_1.c ****     /* `#START isr_1_Interrupt` */
 168:Generated_Source\PSoC5/isr_1.c **** 
 169:Generated_Source\PSoC5/isr_1.c ****     if (BlueLED_ReadDataReg()) {
  36              		.loc 1 169 0
  37 0002 FFF7FEFF 		bl	BlueLED_ReadDataReg
  38              	.LVL0:
  39 0006 18B1     		cbz	r0, .L2
 170:Generated_Source\PSoC5/isr_1.c ****         BlueLED_Write(0);
  40              		.loc 1 170 0
  41 0008 0020     		movs	r0, #0
  42 000a FFF7FEFF 		bl	BlueLED_Write
  43              	.LVL1:
  44 000e 02E0     		b	.L3
  45              	.L2:
 171:Generated_Source\PSoC5/isr_1.c ****     } else {
 172:Generated_Source\PSoC5/isr_1.c ****         BlueLED_Write(1);
  46              		.loc 1 172 0
  47 0010 0120     		movs	r0, #1
  48 0012 FFF7FEFF 		bl	BlueLED_Write
  49              	.LVL2:
  50              	.L3:
 173:Generated_Source\PSoC5/isr_1.c ****     }
 174:Generated_Source\PSoC5/isr_1.c ****     
 175:Generated_Source\PSoC5/isr_1.c ****     Timer_ReadStatusRegister(); // Clearing the interrupt
  51              		.loc 1 175 0
  52 0016 FFF7FEFF 		bl	Timer_ReadStatusRegister
  53              	.LVL3:
ARM GAS  C:\Users\Gemma\AppData\Local\Temp\ccP3Fpxk.s 			page 5


  54 001a 08BD     		pop	{r3, pc}
  55              		.cfi_endproc
  56              	.LFE66:
  57              		.size	isr_1_Interrupt, .-isr_1_Interrupt
  58              		.section	.text.isr_1_SetVector,"ax",%progbits
  59              		.align	2
  60              		.global	isr_1_SetVector
  61              		.thumb
  62              		.thumb_func
  63              		.type	isr_1_SetVector, %function
  64              	isr_1_SetVector:
  65              	.LFB67:
 176:Generated_Source\PSoC5/isr_1.c ****     
 177:Generated_Source\PSoC5/isr_1.c ****     /* `#END` */
 178:Generated_Source\PSoC5/isr_1.c **** }
 179:Generated_Source\PSoC5/isr_1.c **** 
 180:Generated_Source\PSoC5/isr_1.c **** 
 181:Generated_Source\PSoC5/isr_1.c **** /*******************************************************************************
 182:Generated_Source\PSoC5/isr_1.c **** * Function Name: isr_1_SetVector
 183:Generated_Source\PSoC5/isr_1.c **** ********************************************************************************
 184:Generated_Source\PSoC5/isr_1.c **** *
 185:Generated_Source\PSoC5/isr_1.c **** * Summary:
 186:Generated_Source\PSoC5/isr_1.c **** *   Change the ISR vector for the Interrupt. Note calling isr_1_Start
 187:Generated_Source\PSoC5/isr_1.c **** *   will override any effect this method would have had. To set the vector 
 188:Generated_Source\PSoC5/isr_1.c **** *   before the component has been started use isr_1_StartEx instead.
 189:Generated_Source\PSoC5/isr_1.c **** * 
 190:Generated_Source\PSoC5/isr_1.c **** *   When defining ISR functions, the CY_ISR and CY_ISR_PROTO macros should be 
 191:Generated_Source\PSoC5/isr_1.c **** *   used to provide consistent definition across compilers:
 192:Generated_Source\PSoC5/isr_1.c **** *
 193:Generated_Source\PSoC5/isr_1.c **** *   Function definition example:
 194:Generated_Source\PSoC5/isr_1.c **** *   CY_ISR(MyISR)
 195:Generated_Source\PSoC5/isr_1.c **** *   {
 196:Generated_Source\PSoC5/isr_1.c **** *   }
 197:Generated_Source\PSoC5/isr_1.c **** *
 198:Generated_Source\PSoC5/isr_1.c **** *   Function prototype example:
 199:Generated_Source\PSoC5/isr_1.c **** *     CY_ISR_PROTO(MyISR);
 200:Generated_Source\PSoC5/isr_1.c **** *
 201:Generated_Source\PSoC5/isr_1.c **** * Parameters:
 202:Generated_Source\PSoC5/isr_1.c **** *   address: Address of the ISR to set in the interrupt vector table.
 203:Generated_Source\PSoC5/isr_1.c **** *
 204:Generated_Source\PSoC5/isr_1.c **** * Return:
 205:Generated_Source\PSoC5/isr_1.c **** *   None
 206:Generated_Source\PSoC5/isr_1.c **** *
 207:Generated_Source\PSoC5/isr_1.c **** *******************************************************************************/
 208:Generated_Source\PSoC5/isr_1.c **** void isr_1_SetVector(cyisraddress address)
 209:Generated_Source\PSoC5/isr_1.c **** {
  66              		.loc 1 209 0
  67              		.cfi_startproc
  68              		@ args = 0, pretend = 0, frame = 0
  69              		@ frame_needed = 0, uses_anonymous_args = 0
  70              		@ link register save eliminated.
  71              	.LVL4:
 210:Generated_Source\PSoC5/isr_1.c ****     cyisraddress * ramVectorTable;
 211:Generated_Source\PSoC5/isr_1.c **** 
 212:Generated_Source\PSoC5/isr_1.c ****     ramVectorTable = (cyisraddress *) *CYINT_VECT_TABLE;
  72              		.loc 1 212 0
  73 0000 014B     		ldr	r3, .L6
ARM GAS  C:\Users\Gemma\AppData\Local\Temp\ccP3Fpxk.s 			page 6


  74 0002 1B68     		ldr	r3, [r3]
  75              	.LVL5:
 213:Generated_Source\PSoC5/isr_1.c **** 
 214:Generated_Source\PSoC5/isr_1.c ****     ramVectorTable[CYINT_IRQ_BASE + (uint32)isr_1__INTC_NUMBER] = address;
  76              		.loc 1 214 0
  77 0004 1864     		str	r0, [r3, #64]
  78 0006 7047     		bx	lr
  79              	.L7:
  80              		.align	2
  81              	.L6:
  82 0008 08ED00E0 		.word	-536810232
  83              		.cfi_endproc
  84              	.LFE67:
  85              		.size	isr_1_SetVector, .-isr_1_SetVector
  86              		.section	.text.isr_1_GetVector,"ax",%progbits
  87              		.align	2
  88              		.global	isr_1_GetVector
  89              		.thumb
  90              		.thumb_func
  91              		.type	isr_1_GetVector, %function
  92              	isr_1_GetVector:
  93              	.LFB68:
 215:Generated_Source\PSoC5/isr_1.c **** }
 216:Generated_Source\PSoC5/isr_1.c **** 
 217:Generated_Source\PSoC5/isr_1.c **** 
 218:Generated_Source\PSoC5/isr_1.c **** /*******************************************************************************
 219:Generated_Source\PSoC5/isr_1.c **** * Function Name: isr_1_GetVector
 220:Generated_Source\PSoC5/isr_1.c **** ********************************************************************************
 221:Generated_Source\PSoC5/isr_1.c **** *
 222:Generated_Source\PSoC5/isr_1.c **** * Summary:
 223:Generated_Source\PSoC5/isr_1.c **** *   Gets the "address" of the current ISR vector for the Interrupt.
 224:Generated_Source\PSoC5/isr_1.c **** *
 225:Generated_Source\PSoC5/isr_1.c **** * Parameters:
 226:Generated_Source\PSoC5/isr_1.c **** *   None
 227:Generated_Source\PSoC5/isr_1.c **** *
 228:Generated_Source\PSoC5/isr_1.c **** * Return:
 229:Generated_Source\PSoC5/isr_1.c **** *   Address of the ISR in the interrupt vector table.
 230:Generated_Source\PSoC5/isr_1.c **** *
 231:Generated_Source\PSoC5/isr_1.c **** *******************************************************************************/
 232:Generated_Source\PSoC5/isr_1.c **** cyisraddress isr_1_GetVector(void)
 233:Generated_Source\PSoC5/isr_1.c **** {
  94              		.loc 1 233 0
  95              		.cfi_startproc
  96              		@ args = 0, pretend = 0, frame = 0
  97              		@ frame_needed = 0, uses_anonymous_args = 0
  98              		@ link register save eliminated.
 234:Generated_Source\PSoC5/isr_1.c ****     cyisraddress * ramVectorTable;
 235:Generated_Source\PSoC5/isr_1.c **** 
 236:Generated_Source\PSoC5/isr_1.c ****     ramVectorTable = (cyisraddress *) *CYINT_VECT_TABLE;
  99              		.loc 1 236 0
 100 0000 014B     		ldr	r3, .L9
 101 0002 1B68     		ldr	r3, [r3]
 102              	.LVL6:
 237:Generated_Source\PSoC5/isr_1.c **** 
 238:Generated_Source\PSoC5/isr_1.c ****     return ramVectorTable[CYINT_IRQ_BASE + (uint32)isr_1__INTC_NUMBER];
 239:Generated_Source\PSoC5/isr_1.c **** }
 103              		.loc 1 239 0
ARM GAS  C:\Users\Gemma\AppData\Local\Temp\ccP3Fpxk.s 			page 7


 104 0004 186C     		ldr	r0, [r3, #64]
 105 0006 7047     		bx	lr
 106              	.L10:
 107              		.align	2
 108              	.L9:
 109 0008 08ED00E0 		.word	-536810232
 110              		.cfi_endproc
 111              	.LFE68:
 112              		.size	isr_1_GetVector, .-isr_1_GetVector
 113              		.section	.text.isr_1_SetPriority,"ax",%progbits
 114              		.align	2
 115              		.global	isr_1_SetPriority
 116              		.thumb
 117              		.thumb_func
 118              		.type	isr_1_SetPriority, %function
 119              	isr_1_SetPriority:
 120              	.LFB69:
 240:Generated_Source\PSoC5/isr_1.c **** 
 241:Generated_Source\PSoC5/isr_1.c **** 
 242:Generated_Source\PSoC5/isr_1.c **** /*******************************************************************************
 243:Generated_Source\PSoC5/isr_1.c **** * Function Name: isr_1_SetPriority
 244:Generated_Source\PSoC5/isr_1.c **** ********************************************************************************
 245:Generated_Source\PSoC5/isr_1.c **** *
 246:Generated_Source\PSoC5/isr_1.c **** * Summary:
 247:Generated_Source\PSoC5/isr_1.c **** *   Sets the Priority of the Interrupt. 
 248:Generated_Source\PSoC5/isr_1.c **** *
 249:Generated_Source\PSoC5/isr_1.c **** *   Note calling isr_1_Start or isr_1_StartEx will 
 250:Generated_Source\PSoC5/isr_1.c **** *   override any effect this API would have had. This API should only be called
 251:Generated_Source\PSoC5/isr_1.c **** *   after isr_1_Start or isr_1_StartEx has been called. 
 252:Generated_Source\PSoC5/isr_1.c **** *   To set the initial priority for the component, use the Design-Wide Resources
 253:Generated_Source\PSoC5/isr_1.c **** *   Interrupt Editor.
 254:Generated_Source\PSoC5/isr_1.c **** *
 255:Generated_Source\PSoC5/isr_1.c **** *   Note This API has no effect on Non-maskable interrupt NMI).
 256:Generated_Source\PSoC5/isr_1.c **** *
 257:Generated_Source\PSoC5/isr_1.c **** * Parameters:
 258:Generated_Source\PSoC5/isr_1.c **** *   priority: Priority of the interrupt, 0 being the highest priority
 259:Generated_Source\PSoC5/isr_1.c **** *             PSoC 3 and PSoC 5LP: Priority is from 0 to 7.
 260:Generated_Source\PSoC5/isr_1.c **** *             PSoC 4: Priority is from 0 to 3.
 261:Generated_Source\PSoC5/isr_1.c **** *
 262:Generated_Source\PSoC5/isr_1.c **** * Return:
 263:Generated_Source\PSoC5/isr_1.c **** *   None
 264:Generated_Source\PSoC5/isr_1.c **** *
 265:Generated_Source\PSoC5/isr_1.c **** *******************************************************************************/
 266:Generated_Source\PSoC5/isr_1.c **** void isr_1_SetPriority(uint8 priority)
 267:Generated_Source\PSoC5/isr_1.c **** {
 121              		.loc 1 267 0
 122              		.cfi_startproc
 123              		@ args = 0, pretend = 0, frame = 0
 124              		@ frame_needed = 0, uses_anonymous_args = 0
 125              		@ link register save eliminated.
 126              	.LVL7:
 268:Generated_Source\PSoC5/isr_1.c ****     *isr_1_INTC_PRIOR = priority << 5;
 127              		.loc 1 268 0
 128 0000 4001     		lsls	r0, r0, #5
 129              	.LVL8:
 130 0002 C0B2     		uxtb	r0, r0
 131 0004 014B     		ldr	r3, .L12
ARM GAS  C:\Users\Gemma\AppData\Local\Temp\ccP3Fpxk.s 			page 8


 132 0006 1870     		strb	r0, [r3]
 133 0008 7047     		bx	lr
 134              	.L13:
 135 000a 00BF     		.align	2
 136              	.L12:
 137 000c 00E400E0 		.word	-536812544
 138              		.cfi_endproc
 139              	.LFE69:
 140              		.size	isr_1_SetPriority, .-isr_1_SetPriority
 141              		.section	.text.isr_1_GetPriority,"ax",%progbits
 142              		.align	2
 143              		.global	isr_1_GetPriority
 144              		.thumb
 145              		.thumb_func
 146              		.type	isr_1_GetPriority, %function
 147              	isr_1_GetPriority:
 148              	.LFB70:
 269:Generated_Source\PSoC5/isr_1.c **** }
 270:Generated_Source\PSoC5/isr_1.c **** 
 271:Generated_Source\PSoC5/isr_1.c **** 
 272:Generated_Source\PSoC5/isr_1.c **** /*******************************************************************************
 273:Generated_Source\PSoC5/isr_1.c **** * Function Name: isr_1_GetPriority
 274:Generated_Source\PSoC5/isr_1.c **** ********************************************************************************
 275:Generated_Source\PSoC5/isr_1.c **** *
 276:Generated_Source\PSoC5/isr_1.c **** * Summary:
 277:Generated_Source\PSoC5/isr_1.c **** *   Gets the Priority of the Interrupt.
 278:Generated_Source\PSoC5/isr_1.c **** *
 279:Generated_Source\PSoC5/isr_1.c **** * Parameters:
 280:Generated_Source\PSoC5/isr_1.c **** *   None
 281:Generated_Source\PSoC5/isr_1.c **** *
 282:Generated_Source\PSoC5/isr_1.c **** * Return:
 283:Generated_Source\PSoC5/isr_1.c **** *   Priority of the interrupt, 0 being the highest priority
 284:Generated_Source\PSoC5/isr_1.c **** *    PSoC 3 and PSoC 5LP: Priority is from 0 to 7.
 285:Generated_Source\PSoC5/isr_1.c **** *    PSoC 4: Priority is from 0 to 3.
 286:Generated_Source\PSoC5/isr_1.c **** *
 287:Generated_Source\PSoC5/isr_1.c **** *******************************************************************************/
 288:Generated_Source\PSoC5/isr_1.c **** uint8 isr_1_GetPriority(void)
 289:Generated_Source\PSoC5/isr_1.c **** {
 149              		.loc 1 289 0
 150              		.cfi_startproc
 151              		@ args = 0, pretend = 0, frame = 0
 152              		@ frame_needed = 0, uses_anonymous_args = 0
 153              		@ link register save eliminated.
 290:Generated_Source\PSoC5/isr_1.c ****     uint8 priority;
 291:Generated_Source\PSoC5/isr_1.c **** 
 292:Generated_Source\PSoC5/isr_1.c **** 
 293:Generated_Source\PSoC5/isr_1.c ****     priority = *isr_1_INTC_PRIOR >> 5;
 154              		.loc 1 293 0
 155 0000 014B     		ldr	r3, .L15
 156 0002 1878     		ldrb	r0, [r3]	@ zero_extendqisi2
 157              	.LVL9:
 294:Generated_Source\PSoC5/isr_1.c **** 
 295:Generated_Source\PSoC5/isr_1.c ****     return priority;
 296:Generated_Source\PSoC5/isr_1.c **** }
 158              		.loc 1 296 0
 159 0004 4009     		lsrs	r0, r0, #5
 160              	.LVL10:
ARM GAS  C:\Users\Gemma\AppData\Local\Temp\ccP3Fpxk.s 			page 9


 161 0006 7047     		bx	lr
 162              	.L16:
 163              		.align	2
 164              	.L15:
 165 0008 00E400E0 		.word	-536812544
 166              		.cfi_endproc
 167              	.LFE70:
 168              		.size	isr_1_GetPriority, .-isr_1_GetPriority
 169              		.section	.text.isr_1_Enable,"ax",%progbits
 170              		.align	2
 171              		.global	isr_1_Enable
 172              		.thumb
 173              		.thumb_func
 174              		.type	isr_1_Enable, %function
 175              	isr_1_Enable:
 176              	.LFB71:
 297:Generated_Source\PSoC5/isr_1.c **** 
 298:Generated_Source\PSoC5/isr_1.c **** 
 299:Generated_Source\PSoC5/isr_1.c **** /*******************************************************************************
 300:Generated_Source\PSoC5/isr_1.c **** * Function Name: isr_1_Enable
 301:Generated_Source\PSoC5/isr_1.c **** ********************************************************************************
 302:Generated_Source\PSoC5/isr_1.c **** *
 303:Generated_Source\PSoC5/isr_1.c **** * Summary:
 304:Generated_Source\PSoC5/isr_1.c **** *   Enables the interrupt to the interrupt controller. Do not call this function
 305:Generated_Source\PSoC5/isr_1.c **** *   unless ISR_Start() has been called or the functionality of the ISR_Start() 
 306:Generated_Source\PSoC5/isr_1.c **** *   function, which sets the vector and the priority, has been called.
 307:Generated_Source\PSoC5/isr_1.c **** *
 308:Generated_Source\PSoC5/isr_1.c **** * Parameters:
 309:Generated_Source\PSoC5/isr_1.c **** *   None
 310:Generated_Source\PSoC5/isr_1.c **** *
 311:Generated_Source\PSoC5/isr_1.c **** * Return:
 312:Generated_Source\PSoC5/isr_1.c **** *   None
 313:Generated_Source\PSoC5/isr_1.c **** *
 314:Generated_Source\PSoC5/isr_1.c **** *******************************************************************************/
 315:Generated_Source\PSoC5/isr_1.c **** void isr_1_Enable(void)
 316:Generated_Source\PSoC5/isr_1.c **** {
 177              		.loc 1 316 0
 178              		.cfi_startproc
 179              		@ args = 0, pretend = 0, frame = 0
 180              		@ frame_needed = 0, uses_anonymous_args = 0
 181              		@ link register save eliminated.
 317:Generated_Source\PSoC5/isr_1.c ****     /* Enable the general interrupt. */
 318:Generated_Source\PSoC5/isr_1.c ****     *isr_1_INTC_SET_EN = isr_1__INTC_MASK;
 182              		.loc 1 318 0
 183 0000 0122     		movs	r2, #1
 184 0002 014B     		ldr	r3, .L18
 185 0004 1A60     		str	r2, [r3]
 186 0006 7047     		bx	lr
 187              	.L19:
 188              		.align	2
 189              	.L18:
 190 0008 00E100E0 		.word	-536813312
 191              		.cfi_endproc
 192              	.LFE71:
 193              		.size	isr_1_Enable, .-isr_1_Enable
 194              		.section	.text.isr_1_GetState,"ax",%progbits
 195              		.align	2
ARM GAS  C:\Users\Gemma\AppData\Local\Temp\ccP3Fpxk.s 			page 10


 196              		.global	isr_1_GetState
 197              		.thumb
 198              		.thumb_func
 199              		.type	isr_1_GetState, %function
 200              	isr_1_GetState:
 201              	.LFB72:
 319:Generated_Source\PSoC5/isr_1.c **** }
 320:Generated_Source\PSoC5/isr_1.c **** 
 321:Generated_Source\PSoC5/isr_1.c **** 
 322:Generated_Source\PSoC5/isr_1.c **** /*******************************************************************************
 323:Generated_Source\PSoC5/isr_1.c **** * Function Name: isr_1_GetState
 324:Generated_Source\PSoC5/isr_1.c **** ********************************************************************************
 325:Generated_Source\PSoC5/isr_1.c **** *
 326:Generated_Source\PSoC5/isr_1.c **** * Summary:
 327:Generated_Source\PSoC5/isr_1.c **** *   Gets the state (enabled, disabled) of the Interrupt.
 328:Generated_Source\PSoC5/isr_1.c **** *
 329:Generated_Source\PSoC5/isr_1.c **** * Parameters:
 330:Generated_Source\PSoC5/isr_1.c **** *   None
 331:Generated_Source\PSoC5/isr_1.c **** *
 332:Generated_Source\PSoC5/isr_1.c **** * Return:
 333:Generated_Source\PSoC5/isr_1.c **** *   1 if enabled, 0 if disabled.
 334:Generated_Source\PSoC5/isr_1.c **** *
 335:Generated_Source\PSoC5/isr_1.c **** *******************************************************************************/
 336:Generated_Source\PSoC5/isr_1.c **** uint8 isr_1_GetState(void)
 337:Generated_Source\PSoC5/isr_1.c **** {
 202              		.loc 1 337 0
 203              		.cfi_startproc
 204              		@ args = 0, pretend = 0, frame = 0
 205              		@ frame_needed = 0, uses_anonymous_args = 0
 206              		@ link register save eliminated.
 338:Generated_Source\PSoC5/isr_1.c ****     /* Get the state of the general interrupt. */
 339:Generated_Source\PSoC5/isr_1.c ****     return ((*isr_1_INTC_SET_EN & (uint32)isr_1__INTC_MASK) != 0u) ? 1u:0u;
 207              		.loc 1 339 0
 208 0000 024B     		ldr	r3, .L21
 209 0002 1868     		ldr	r0, [r3]
 340:Generated_Source\PSoC5/isr_1.c **** }
 210              		.loc 1 340 0
 211 0004 00F00100 		and	r0, r0, #1
 212 0008 7047     		bx	lr
 213              	.L22:
 214 000a 00BF     		.align	2
 215              	.L21:
 216 000c 00E100E0 		.word	-536813312
 217              		.cfi_endproc
 218              	.LFE72:
 219              		.size	isr_1_GetState, .-isr_1_GetState
 220              		.section	.text.isr_1_Disable,"ax",%progbits
 221              		.align	2
 222              		.global	isr_1_Disable
 223              		.thumb
 224              		.thumb_func
 225              		.type	isr_1_Disable, %function
 226              	isr_1_Disable:
 227              	.LFB73:
 341:Generated_Source\PSoC5/isr_1.c **** 
 342:Generated_Source\PSoC5/isr_1.c **** 
 343:Generated_Source\PSoC5/isr_1.c **** /*******************************************************************************
ARM GAS  C:\Users\Gemma\AppData\Local\Temp\ccP3Fpxk.s 			page 11


 344:Generated_Source\PSoC5/isr_1.c **** * Function Name: isr_1_Disable
 345:Generated_Source\PSoC5/isr_1.c **** ********************************************************************************
 346:Generated_Source\PSoC5/isr_1.c **** *
 347:Generated_Source\PSoC5/isr_1.c **** * Summary:
 348:Generated_Source\PSoC5/isr_1.c **** *   Disables the Interrupt in the interrupt controller.
 349:Generated_Source\PSoC5/isr_1.c **** *
 350:Generated_Source\PSoC5/isr_1.c **** * Parameters:
 351:Generated_Source\PSoC5/isr_1.c **** *   None
 352:Generated_Source\PSoC5/isr_1.c **** *
 353:Generated_Source\PSoC5/isr_1.c **** * Return:
 354:Generated_Source\PSoC5/isr_1.c **** *   None
 355:Generated_Source\PSoC5/isr_1.c **** *
 356:Generated_Source\PSoC5/isr_1.c **** *******************************************************************************/
 357:Generated_Source\PSoC5/isr_1.c **** void isr_1_Disable(void)
 358:Generated_Source\PSoC5/isr_1.c **** {
 228              		.loc 1 358 0
 229              		.cfi_startproc
 230              		@ args = 0, pretend = 0, frame = 0
 231              		@ frame_needed = 0, uses_anonymous_args = 0
 232              		@ link register save eliminated.
 359:Generated_Source\PSoC5/isr_1.c ****     /* Disable the general interrupt. */
 360:Generated_Source\PSoC5/isr_1.c ****     *isr_1_INTC_CLR_EN = isr_1__INTC_MASK;
 233              		.loc 1 360 0
 234 0000 0122     		movs	r2, #1
 235 0002 014B     		ldr	r3, .L24
 236 0004 1A60     		str	r2, [r3]
 237 0006 7047     		bx	lr
 238              	.L25:
 239              		.align	2
 240              	.L24:
 241 0008 80E100E0 		.word	-536813184
 242              		.cfi_endproc
 243              	.LFE73:
 244              		.size	isr_1_Disable, .-isr_1_Disable
 245              		.section	.text.isr_1_Start,"ax",%progbits
 246              		.align	2
 247              		.global	isr_1_Start
 248              		.thumb
 249              		.thumb_func
 250              		.type	isr_1_Start, %function
 251              	isr_1_Start:
 252              	.LFB63:
  62:Generated_Source\PSoC5/isr_1.c ****     /* For all we know the interrupt is active. */
 253              		.loc 1 62 0
 254              		.cfi_startproc
 255              		@ args = 0, pretend = 0, frame = 0
 256              		@ frame_needed = 0, uses_anonymous_args = 0
 257 0000 08B5     		push	{r3, lr}
 258              		.cfi_def_cfa_offset 8
 259              		.cfi_offset 3, -8
 260              		.cfi_offset 14, -4
  64:Generated_Source\PSoC5/isr_1.c **** 
 261              		.loc 1 64 0
 262 0002 FFF7FEFF 		bl	isr_1_Disable
 263              	.LVL11:
  67:Generated_Source\PSoC5/isr_1.c **** 
 264              		.loc 1 67 0
ARM GAS  C:\Users\Gemma\AppData\Local\Temp\ccP3Fpxk.s 			page 12


 265 0006 0448     		ldr	r0, .L28
 266 0008 FFF7FEFF 		bl	isr_1_SetVector
 267              	.LVL12:
  70:Generated_Source\PSoC5/isr_1.c **** 
 268              		.loc 1 70 0
 269 000c 0720     		movs	r0, #7
 270 000e FFF7FEFF 		bl	isr_1_SetPriority
 271              	.LVL13:
  73:Generated_Source\PSoC5/isr_1.c **** }
 272              		.loc 1 73 0
 273 0012 FFF7FEFF 		bl	isr_1_Enable
 274              	.LVL14:
 275 0016 08BD     		pop	{r3, pc}
 276              	.L29:
 277              		.align	2
 278              	.L28:
 279 0018 00000000 		.word	isr_1_Interrupt
 280              		.cfi_endproc
 281              	.LFE63:
 282              		.size	isr_1_Start, .-isr_1_Start
 283              		.section	.text.isr_1_StartEx,"ax",%progbits
 284              		.align	2
 285              		.global	isr_1_StartEx
 286              		.thumb
 287              		.thumb_func
 288              		.type	isr_1_StartEx, %function
 289              	isr_1_StartEx:
 290              	.LFB64:
 105:Generated_Source\PSoC5/isr_1.c ****     /* For all we know the interrupt is active. */
 291              		.loc 1 105 0
 292              		.cfi_startproc
 293              		@ args = 0, pretend = 0, frame = 0
 294              		@ frame_needed = 0, uses_anonymous_args = 0
 295              	.LVL15:
 296 0000 10B5     		push	{r4, lr}
 297              		.cfi_def_cfa_offset 8
 298              		.cfi_offset 4, -8
 299              		.cfi_offset 14, -4
 300 0002 0446     		mov	r4, r0
 107:Generated_Source\PSoC5/isr_1.c **** 
 301              		.loc 1 107 0
 302 0004 FFF7FEFF 		bl	isr_1_Disable
 303              	.LVL16:
 110:Generated_Source\PSoC5/isr_1.c **** 
 304              		.loc 1 110 0
 305 0008 2046     		mov	r0, r4
 306 000a FFF7FEFF 		bl	isr_1_SetVector
 307              	.LVL17:
 113:Generated_Source\PSoC5/isr_1.c **** 
 308              		.loc 1 113 0
 309 000e 0720     		movs	r0, #7
 310 0010 FFF7FEFF 		bl	isr_1_SetPriority
 311              	.LVL18:
 116:Generated_Source\PSoC5/isr_1.c **** }
 312              		.loc 1 116 0
 313 0014 FFF7FEFF 		bl	isr_1_Enable
 314              	.LVL19:
ARM GAS  C:\Users\Gemma\AppData\Local\Temp\ccP3Fpxk.s 			page 13


 315 0018 10BD     		pop	{r4, pc}
 316              		.cfi_endproc
 317              	.LFE64:
 318              		.size	isr_1_StartEx, .-isr_1_StartEx
 319 001a 00BF     		.section	.text.isr_1_Stop,"ax",%progbits
 320              		.align	2
 321              		.global	isr_1_Stop
 322              		.thumb
 323              		.thumb_func
 324              		.type	isr_1_Stop, %function
 325              	isr_1_Stop:
 326              	.LFB65:
 135:Generated_Source\PSoC5/isr_1.c ****     /* Disable this interrupt. */
 327              		.loc 1 135 0
 328              		.cfi_startproc
 329              		@ args = 0, pretend = 0, frame = 0
 330              		@ frame_needed = 0, uses_anonymous_args = 0
 331 0000 08B5     		push	{r3, lr}
 332              		.cfi_def_cfa_offset 8
 333              		.cfi_offset 3, -8
 334              		.cfi_offset 14, -4
 137:Generated_Source\PSoC5/isr_1.c **** 
 335              		.loc 1 137 0
 336 0002 FFF7FEFF 		bl	isr_1_Disable
 337              	.LVL20:
 140:Generated_Source\PSoC5/isr_1.c **** }
 338              		.loc 1 140 0
 339 0006 0248     		ldr	r0, .L34
 340 0008 FFF7FEFF 		bl	isr_1_SetVector
 341              	.LVL21:
 342 000c 08BD     		pop	{r3, pc}
 343              	.L35:
 344 000e 00BF     		.align	2
 345              	.L34:
 346 0010 00000000 		.word	IntDefaultHandler
 347              		.cfi_endproc
 348              	.LFE65:
 349              		.size	isr_1_Stop, .-isr_1_Stop
 350              		.section	.text.isr_1_SetPending,"ax",%progbits
 351              		.align	2
 352              		.global	isr_1_SetPending
 353              		.thumb
 354              		.thumb_func
 355              		.type	isr_1_SetPending, %function
 356              	isr_1_SetPending:
 357              	.LFB74:
 361:Generated_Source\PSoC5/isr_1.c **** }
 362:Generated_Source\PSoC5/isr_1.c **** 
 363:Generated_Source\PSoC5/isr_1.c **** 
 364:Generated_Source\PSoC5/isr_1.c **** /*******************************************************************************
 365:Generated_Source\PSoC5/isr_1.c **** * Function Name: isr_1_SetPending
 366:Generated_Source\PSoC5/isr_1.c **** ********************************************************************************
 367:Generated_Source\PSoC5/isr_1.c **** *
 368:Generated_Source\PSoC5/isr_1.c **** * Summary:
 369:Generated_Source\PSoC5/isr_1.c **** *   Causes the Interrupt to enter the pending state, a software method of
 370:Generated_Source\PSoC5/isr_1.c **** *   generating the interrupt.
 371:Generated_Source\PSoC5/isr_1.c **** *
ARM GAS  C:\Users\Gemma\AppData\Local\Temp\ccP3Fpxk.s 			page 14


 372:Generated_Source\PSoC5/isr_1.c **** * Parameters:
 373:Generated_Source\PSoC5/isr_1.c **** *   None
 374:Generated_Source\PSoC5/isr_1.c **** *
 375:Generated_Source\PSoC5/isr_1.c **** * Return:
 376:Generated_Source\PSoC5/isr_1.c **** *   None
 377:Generated_Source\PSoC5/isr_1.c **** *
 378:Generated_Source\PSoC5/isr_1.c **** * Side Effects:
 379:Generated_Source\PSoC5/isr_1.c **** *   If interrupts are enabled and the interrupt is set up properly, the ISR is
 380:Generated_Source\PSoC5/isr_1.c **** *   entered (depending on the priority of this interrupt and other pending 
 381:Generated_Source\PSoC5/isr_1.c **** *   interrupts).
 382:Generated_Source\PSoC5/isr_1.c **** *
 383:Generated_Source\PSoC5/isr_1.c **** *******************************************************************************/
 384:Generated_Source\PSoC5/isr_1.c **** void isr_1_SetPending(void)
 385:Generated_Source\PSoC5/isr_1.c **** {
 358              		.loc 1 385 0
 359              		.cfi_startproc
 360              		@ args = 0, pretend = 0, frame = 0
 361              		@ frame_needed = 0, uses_anonymous_args = 0
 362              		@ link register save eliminated.
 386:Generated_Source\PSoC5/isr_1.c ****     *isr_1_INTC_SET_PD = isr_1__INTC_MASK;
 363              		.loc 1 386 0
 364 0000 0122     		movs	r2, #1
 365 0002 014B     		ldr	r3, .L37
 366 0004 1A60     		str	r2, [r3]
 367 0006 7047     		bx	lr
 368              	.L38:
 369              		.align	2
 370              	.L37:
 371 0008 00E200E0 		.word	-536813056
 372              		.cfi_endproc
 373              	.LFE74:
 374              		.size	isr_1_SetPending, .-isr_1_SetPending
 375              		.section	.text.isr_1_ClearPending,"ax",%progbits
 376              		.align	2
 377              		.global	isr_1_ClearPending
 378              		.thumb
 379              		.thumb_func
 380              		.type	isr_1_ClearPending, %function
 381              	isr_1_ClearPending:
 382              	.LFB75:
 387:Generated_Source\PSoC5/isr_1.c **** }
 388:Generated_Source\PSoC5/isr_1.c **** 
 389:Generated_Source\PSoC5/isr_1.c **** 
 390:Generated_Source\PSoC5/isr_1.c **** /*******************************************************************************
 391:Generated_Source\PSoC5/isr_1.c **** * Function Name: isr_1_ClearPending
 392:Generated_Source\PSoC5/isr_1.c **** ********************************************************************************
 393:Generated_Source\PSoC5/isr_1.c **** *
 394:Generated_Source\PSoC5/isr_1.c **** * Summary:
 395:Generated_Source\PSoC5/isr_1.c **** *   Clears a pending interrupt in the interrupt controller.
 396:Generated_Source\PSoC5/isr_1.c **** *
 397:Generated_Source\PSoC5/isr_1.c **** *   Note Some interrupt sources are clear-on-read and require the block 
 398:Generated_Source\PSoC5/isr_1.c **** *   interrupt/status register to be read/cleared with the appropriate block API 
 399:Generated_Source\PSoC5/isr_1.c **** *   (GPIO, UART, and so on). Otherwise the ISR will continue to remain in 
 400:Generated_Source\PSoC5/isr_1.c **** *   pending state even though the interrupt itself is cleared using this API.
 401:Generated_Source\PSoC5/isr_1.c **** *
 402:Generated_Source\PSoC5/isr_1.c **** * Parameters:
 403:Generated_Source\PSoC5/isr_1.c **** *   None
ARM GAS  C:\Users\Gemma\AppData\Local\Temp\ccP3Fpxk.s 			page 15


 404:Generated_Source\PSoC5/isr_1.c **** *
 405:Generated_Source\PSoC5/isr_1.c **** * Return:
 406:Generated_Source\PSoC5/isr_1.c **** *   None
 407:Generated_Source\PSoC5/isr_1.c **** *
 408:Generated_Source\PSoC5/isr_1.c **** *******************************************************************************/
 409:Generated_Source\PSoC5/isr_1.c **** void isr_1_ClearPending(void)
 410:Generated_Source\PSoC5/isr_1.c **** {
 383              		.loc 1 410 0
 384              		.cfi_startproc
 385              		@ args = 0, pretend = 0, frame = 0
 386              		@ frame_needed = 0, uses_anonymous_args = 0
 387              		@ link register save eliminated.
 411:Generated_Source\PSoC5/isr_1.c ****     *isr_1_INTC_CLR_PD = isr_1__INTC_MASK;
 388              		.loc 1 411 0
 389 0000 0122     		movs	r2, #1
 390 0002 014B     		ldr	r3, .L40
 391 0004 1A60     		str	r2, [r3]
 392 0006 7047     		bx	lr
 393              	.L41:
 394              		.align	2
 395              	.L40:
 396 0008 80E200E0 		.word	-536812928
 397              		.cfi_endproc
 398              	.LFE75:
 399              		.size	isr_1_ClearPending, .-isr_1_ClearPending
 400              		.text
 401              	.Letext0:
 402              		.file 2 "c:\\program files (x86)\\cypress\\psoc creator\\4.2\\psoc creator\\import\\gnu\\arm\\5.4.
 403              		.file 3 "c:\\program files (x86)\\cypress\\psoc creator\\4.2\\psoc creator\\import\\gnu\\arm\\5.4.
 404              		.file 4 "Generated_Source\\PSoC5/cytypes.h"
 405              		.file 5 "Generated_Source\\PSoC5\\BlueLED.h"
 406              		.file 6 "Generated_Source\\PSoC5\\Timer.h"
 407              		.file 7 "Generated_Source\\PSoC5/core_cm3.h"
 408              		.section	.debug_info,"",%progbits
 409              	.Ldebug_info0:
 410 0000 53030000 		.4byte	0x353
 411 0004 0400     		.2byte	0x4
 412 0006 00000000 		.4byte	.Ldebug_abbrev0
 413 000a 04       		.byte	0x4
 414 000b 01       		.uleb128 0x1
 415 000c E2010000 		.4byte	.LASF39
 416 0010 0C       		.byte	0xc
 417 0011 76010000 		.4byte	.LASF40
 418 0015 0B010000 		.4byte	.LASF41
 419 0019 00000000 		.4byte	.Ldebug_ranges0+0
 420 001d 00000000 		.4byte	0
 421 0021 00000000 		.4byte	.Ldebug_line0
 422 0025 02       		.uleb128 0x2
 423 0026 04       		.byte	0x4
 424 0027 05       		.byte	0x5
 425 0028 696E7400 		.ascii	"int\000"
 426 002c 03       		.uleb128 0x3
 427 002d 04       		.byte	0x4
 428 002e 07       		.byte	0x7
 429 002f 9C010000 		.4byte	.LASF0
 430 0033 03       		.uleb128 0x3
 431 0034 08       		.byte	0x8
ARM GAS  C:\Users\Gemma\AppData\Local\Temp\ccP3Fpxk.s 			page 16


 432 0035 05       		.byte	0x5
 433 0036 81020000 		.4byte	.LASF1
 434 003a 03       		.uleb128 0x3
 435 003b 08       		.byte	0x8
 436 003c 04       		.byte	0x4
 437 003d D6020000 		.4byte	.LASF2
 438 0041 03       		.uleb128 0x3
 439 0042 01       		.byte	0x1
 440 0043 06       		.byte	0x6
 441 0044 E2020000 		.4byte	.LASF3
 442 0048 03       		.uleb128 0x3
 443 0049 01       		.byte	0x1
 444 004a 08       		.byte	0x8
 445 004b 94000000 		.4byte	.LASF4
 446 004f 03       		.uleb128 0x3
 447 0050 02       		.byte	0x2
 448 0051 05       		.byte	0x5
 449 0052 A3020000 		.4byte	.LASF5
 450 0056 03       		.uleb128 0x3
 451 0057 02       		.byte	0x2
 452 0058 07       		.byte	0x7
 453 0059 CD000000 		.4byte	.LASF6
 454 005d 04       		.uleb128 0x4
 455 005e 60000000 		.4byte	.LASF12
 456 0062 02       		.byte	0x2
 457 0063 3F       		.byte	0x3f
 458 0064 68000000 		.4byte	0x68
 459 0068 03       		.uleb128 0x3
 460 0069 04       		.byte	0x4
 461 006a 05       		.byte	0x5
 462 006b CD020000 		.4byte	.LASF7
 463 006f 03       		.uleb128 0x3
 464 0070 04       		.byte	0x4
 465 0071 07       		.byte	0x7
 466 0072 BB000000 		.4byte	.LASF8
 467 0076 03       		.uleb128 0x3
 468 0077 08       		.byte	0x8
 469 0078 07       		.byte	0x7
 470 0079 B1010000 		.4byte	.LASF9
 471 007d 03       		.uleb128 0x3
 472 007e 04       		.byte	0x4
 473 007f 07       		.byte	0x7
 474 0080 78020000 		.4byte	.LASF10
 475 0084 03       		.uleb128 0x3
 476 0085 01       		.byte	0x1
 477 0086 08       		.byte	0x8
 478 0087 8F020000 		.4byte	.LASF11
 479 008b 05       		.uleb128 0x5
 480 008c 04       		.byte	0x4
 481 008d 91000000 		.4byte	0x91
 482 0091 06       		.uleb128 0x6
 483 0092 04       		.uleb128 0x4
 484 0093 70020000 		.4byte	.LASF13
 485 0097 03       		.byte	0x3
 486 0098 2C       		.byte	0x2c
 487 0099 5D000000 		.4byte	0x5d
 488 009d 07       		.uleb128 0x7
ARM GAS  C:\Users\Gemma\AppData\Local\Temp\ccP3Fpxk.s 			page 17


 489 009e 8E000000 		.4byte	.LASF14
 490 00a2 04       		.byte	0x4
 491 00a3 E401     		.2byte	0x1e4
 492 00a5 48000000 		.4byte	0x48
 493 00a9 07       		.uleb128 0x7
 494 00aa 95010000 		.4byte	.LASF15
 495 00ae 04       		.byte	0x4
 496 00af E601     		.2byte	0x1e6
 497 00b1 6F000000 		.4byte	0x6f
 498 00b5 03       		.uleb128 0x3
 499 00b6 04       		.byte	0x4
 500 00b7 04       		.byte	0x4
 501 00b8 88000000 		.4byte	.LASF16
 502 00bc 03       		.uleb128 0x3
 503 00bd 08       		.byte	0x8
 504 00be 04       		.byte	0x4
 505 00bf EE020000 		.4byte	.LASF17
 506 00c3 07       		.uleb128 0x7
 507 00c4 B6000000 		.4byte	.LASF18
 508 00c8 04       		.byte	0x4
 509 00c9 8E02     		.2byte	0x28e
 510 00cb CF000000 		.4byte	0xcf
 511 00cf 08       		.uleb128 0x8
 512 00d0 9D000000 		.4byte	0x9d
 513 00d4 07       		.uleb128 0x7
 514 00d5 13000000 		.4byte	.LASF19
 515 00d9 04       		.byte	0x4
 516 00da 9002     		.2byte	0x290
 517 00dc E0000000 		.4byte	0xe0
 518 00e0 08       		.uleb128 0x8
 519 00e1 A9000000 		.4byte	0xa9
 520 00e5 07       		.uleb128 0x7
 521 00e6 C8010000 		.4byte	.LASF20
 522 00ea 04       		.byte	0x4
 523 00eb A002     		.2byte	0x2a0
 524 00ed 8B000000 		.4byte	0x8b
 525 00f1 09       		.uleb128 0x9
 526 00f2 BD020000 		.4byte	.LASF21
 527 00f6 01       		.byte	0x1
 528 00f7 A0       		.byte	0xa0
 529 00f8 00000000 		.4byte	.LFB66
 530 00fc 1C000000 		.4byte	.LFE66-.LFB66
 531 0100 01       		.uleb128 0x1
 532 0101 9C       		.byte	0x9c
 533 0102 3F010000 		.4byte	0x13f
 534 0106 0A       		.uleb128 0xa
 535 0107 06000000 		.4byte	.LVL0
 536 010b 35030000 		.4byte	0x335
 537 010f 0B       		.uleb128 0xb
 538 0110 0E000000 		.4byte	.LVL1
 539 0114 40030000 		.4byte	0x340
 540 0118 22010000 		.4byte	0x122
 541 011c 0C       		.uleb128 0xc
 542 011d 01       		.uleb128 0x1
 543 011e 50       		.byte	0x50
 544 011f 01       		.uleb128 0x1
 545 0120 30       		.byte	0x30
ARM GAS  C:\Users\Gemma\AppData\Local\Temp\ccP3Fpxk.s 			page 18


 546 0121 00       		.byte	0
 547 0122 0B       		.uleb128 0xb
 548 0123 16000000 		.4byte	.LVL2
 549 0127 40030000 		.4byte	0x340
 550 012b 35010000 		.4byte	0x135
 551 012f 0C       		.uleb128 0xc
 552 0130 01       		.uleb128 0x1
 553 0131 50       		.byte	0x50
 554 0132 01       		.uleb128 0x1
 555 0133 31       		.byte	0x31
 556 0134 00       		.byte	0
 557 0135 0A       		.uleb128 0xa
 558 0136 1A000000 		.4byte	.LVL3
 559 013a 4B030000 		.4byte	0x34b
 560 013e 00       		.byte	0
 561 013f 09       		.uleb128 0x9
 562 0140 FB000000 		.4byte	.LASF22
 563 0144 01       		.byte	0x1
 564 0145 D0       		.byte	0xd0
 565 0146 00000000 		.4byte	.LFB67
 566 014a 0C000000 		.4byte	.LFE67-.LFB67
 567 014e 01       		.uleb128 0x1
 568 014f 9C       		.byte	0x9c
 569 0150 6F010000 		.4byte	0x16f
 570 0154 0D       		.uleb128 0xd
 571 0155 A9010000 		.4byte	.LASF25
 572 0159 01       		.byte	0x1
 573 015a D0       		.byte	0xd0
 574 015b E5000000 		.4byte	0xe5
 575 015f 01       		.uleb128 0x1
 576 0160 50       		.byte	0x50
 577 0161 0E       		.uleb128 0xe
 578 0162 94020000 		.4byte	.LASF23
 579 0166 01       		.byte	0x1
 580 0167 D2       		.byte	0xd2
 581 0168 6F010000 		.4byte	0x16f
 582 016c 01       		.uleb128 0x1
 583 016d 53       		.byte	0x53
 584 016e 00       		.byte	0
 585 016f 05       		.uleb128 0x5
 586 0170 04       		.byte	0x4
 587 0171 E5000000 		.4byte	0xe5
 588 0175 0F       		.uleb128 0xf
 589 0176 AD020000 		.4byte	.LASF27
 590 017a 01       		.byte	0x1
 591 017b E8       		.byte	0xe8
 592 017c E5000000 		.4byte	0xe5
 593 0180 00000000 		.4byte	.LFB68
 594 0184 0C000000 		.4byte	.LFE68-.LFB68
 595 0188 01       		.uleb128 0x1
 596 0189 9C       		.byte	0x9c
 597 018a 9C010000 		.4byte	0x19c
 598 018e 0E       		.uleb128 0xe
 599 018f 94020000 		.4byte	.LASF23
 600 0193 01       		.byte	0x1
 601 0194 EA       		.byte	0xea
 602 0195 6F010000 		.4byte	0x16f
ARM GAS  C:\Users\Gemma\AppData\Local\Temp\ccP3Fpxk.s 			page 19


 603 0199 01       		.uleb128 0x1
 604 019a 53       		.byte	0x53
 605 019b 00       		.byte	0
 606 019c 10       		.uleb128 0x10
 607 019d 5B010000 		.4byte	.LASF24
 608 01a1 01       		.byte	0x1
 609 01a2 0A01     		.2byte	0x10a
 610 01a4 00000000 		.4byte	.LFB69
 611 01a8 10000000 		.4byte	.LFE69-.LFB69
 612 01ac 01       		.uleb128 0x1
 613 01ad 9C       		.byte	0x9c
 614 01ae C3010000 		.4byte	0x1c3
 615 01b2 11       		.uleb128 0x11
 616 01b3 6D010000 		.4byte	.LASF26
 617 01b7 01       		.byte	0x1
 618 01b8 0A01     		.2byte	0x10a
 619 01ba 9D000000 		.4byte	0x9d
 620 01be 00000000 		.4byte	.LLST0
 621 01c2 00       		.byte	0
 622 01c3 12       		.uleb128 0x12
 623 01c4 76000000 		.4byte	.LASF28
 624 01c8 01       		.byte	0x1
 625 01c9 2001     		.2byte	0x120
 626 01cb 9D000000 		.4byte	0x9d
 627 01cf 00000000 		.4byte	.LFB70
 628 01d3 0C000000 		.4byte	.LFE70-.LFB70
 629 01d7 01       		.uleb128 0x1
 630 01d8 9C       		.byte	0x9c
 631 01d9 EE010000 		.4byte	0x1ee
 632 01dd 13       		.uleb128 0x13
 633 01de 6D010000 		.4byte	.LASF26
 634 01e2 01       		.byte	0x1
 635 01e3 2201     		.2byte	0x122
 636 01e5 9D000000 		.4byte	0x9d
 637 01e9 21000000 		.4byte	.LLST1
 638 01ed 00       		.byte	0
 639 01ee 14       		.uleb128 0x14
 640 01ef E0000000 		.4byte	.LASF29
 641 01f3 01       		.byte	0x1
 642 01f4 3B01     		.2byte	0x13b
 643 01f6 00000000 		.4byte	.LFB71
 644 01fa 0C000000 		.4byte	.LFE71-.LFB71
 645 01fe 01       		.uleb128 0x1
 646 01ff 9C       		.byte	0x9c
 647 0200 15       		.uleb128 0x15
 648 0201 2A000000 		.4byte	.LASF42
 649 0205 01       		.byte	0x1
 650 0206 5001     		.2byte	0x150
 651 0208 9D000000 		.4byte	0x9d
 652 020c 00000000 		.4byte	.LFB72
 653 0210 10000000 		.4byte	.LFE72-.LFB72
 654 0214 01       		.uleb128 0x1
 655 0215 9C       		.byte	0x9c
 656 0216 14       		.uleb128 0x14
 657 0217 52000000 		.4byte	.LASF30
 658 021b 01       		.byte	0x1
 659 021c 6501     		.2byte	0x165
ARM GAS  C:\Users\Gemma\AppData\Local\Temp\ccP3Fpxk.s 			page 20


 660 021e 00000000 		.4byte	.LFB73
 661 0222 0C000000 		.4byte	.LFE73-.LFB73
 662 0226 01       		.uleb128 0x1
 663 0227 9C       		.byte	0x9c
 664 0228 09       		.uleb128 0x9
 665 0229 6A000000 		.4byte	.LASF31
 666 022d 01       		.byte	0x1
 667 022e 3D       		.byte	0x3d
 668 022f 00000000 		.4byte	.LFB63
 669 0233 1C000000 		.4byte	.LFE63-.LFB63
 670 0237 01       		.uleb128 0x1
 671 0238 9C       		.byte	0x9c
 672 0239 7A020000 		.4byte	0x27a
 673 023d 0A       		.uleb128 0xa
 674 023e 06000000 		.4byte	.LVL11
 675 0242 16020000 		.4byte	0x216
 676 0246 0B       		.uleb128 0xb
 677 0247 0C000000 		.4byte	.LVL12
 678 024b 3F010000 		.4byte	0x13f
 679 024f 5D020000 		.4byte	0x25d
 680 0253 0C       		.uleb128 0xc
 681 0254 01       		.uleb128 0x1
 682 0255 50       		.byte	0x50
 683 0256 05       		.uleb128 0x5
 684 0257 03       		.byte	0x3
 685 0258 00000000 		.4byte	isr_1_Interrupt
 686 025c 00       		.byte	0
 687 025d 0B       		.uleb128 0xb
 688 025e 12000000 		.4byte	.LVL13
 689 0262 9C010000 		.4byte	0x19c
 690 0266 70020000 		.4byte	0x270
 691 026a 0C       		.uleb128 0xc
 692 026b 01       		.uleb128 0x1
 693 026c 50       		.byte	0x50
 694 026d 01       		.uleb128 0x1
 695 026e 37       		.byte	0x37
 696 026f 00       		.byte	0
 697 0270 0A       		.uleb128 0xa
 698 0271 16000000 		.4byte	.LVL14
 699 0275 EE010000 		.4byte	0x1ee
 700 0279 00       		.byte	0
 701 027a 09       		.uleb128 0x9
 702 027b F5020000 		.4byte	.LASF32
 703 027f 01       		.byte	0x1
 704 0280 68       		.byte	0x68
 705 0281 00000000 		.4byte	.LFB64
 706 0285 1A000000 		.4byte	.LFE64-.LFB64
 707 0289 01       		.uleb128 0x1
 708 028a 9C       		.byte	0x9c
 709 028b D8020000 		.4byte	0x2d8
 710 028f 16       		.uleb128 0x16
 711 0290 A9010000 		.4byte	.LASF25
 712 0294 01       		.byte	0x1
 713 0295 68       		.byte	0x68
 714 0296 E5000000 		.4byte	0xe5
 715 029a 38000000 		.4byte	.LLST2
 716 029e 0A       		.uleb128 0xa
ARM GAS  C:\Users\Gemma\AppData\Local\Temp\ccP3Fpxk.s 			page 21


 717 029f 08000000 		.4byte	.LVL16
 718 02a3 16020000 		.4byte	0x216
 719 02a7 0B       		.uleb128 0xb
 720 02a8 0E000000 		.4byte	.LVL17
 721 02ac 3F010000 		.4byte	0x13f
 722 02b0 BB020000 		.4byte	0x2bb
 723 02b4 0C       		.uleb128 0xc
 724 02b5 01       		.uleb128 0x1
 725 02b6 50       		.byte	0x50
 726 02b7 02       		.uleb128 0x2
 727 02b8 74       		.byte	0x74
 728 02b9 00       		.sleb128 0
 729 02ba 00       		.byte	0
 730 02bb 0B       		.uleb128 0xb
 731 02bc 14000000 		.4byte	.LVL18
 732 02c0 9C010000 		.4byte	0x19c
 733 02c4 CE020000 		.4byte	0x2ce
 734 02c8 0C       		.uleb128 0xc
 735 02c9 01       		.uleb128 0x1
 736 02ca 50       		.byte	0x50
 737 02cb 01       		.uleb128 0x1
 738 02cc 37       		.byte	0x37
 739 02cd 00       		.byte	0
 740 02ce 0A       		.uleb128 0xa
 741 02cf 18000000 		.4byte	.LVL19
 742 02d3 EE010000 		.4byte	0x1ee
 743 02d7 00       		.byte	0
 744 02d8 09       		.uleb128 0x9
 745 02d9 03030000 		.4byte	.LASF33
 746 02dd 01       		.byte	0x1
 747 02de 86       		.byte	0x86
 748 02df 00000000 		.4byte	.LFB65
 749 02e3 14000000 		.4byte	.LFE65-.LFB65
 750 02e7 01       		.uleb128 0x1
 751 02e8 9C       		.byte	0x9c
 752 02e9 00030000 		.4byte	0x300
 753 02ed 0A       		.uleb128 0xa
 754 02ee 06000000 		.4byte	.LVL20
 755 02f2 16020000 		.4byte	0x216
 756 02f6 0A       		.uleb128 0xa
 757 02f7 0C000000 		.4byte	.LVL21
 758 02fb 3F010000 		.4byte	0x13f
 759 02ff 00       		.byte	0
 760 0300 14       		.uleb128 0x14
 761 0301 19000000 		.4byte	.LASF34
 762 0305 01       		.byte	0x1
 763 0306 8001     		.2byte	0x180
 764 0308 00000000 		.4byte	.LFB74
 765 030c 0C000000 		.4byte	.LFE74-.LFB74
 766 0310 01       		.uleb128 0x1
 767 0311 9C       		.byte	0x9c
 768 0312 14       		.uleb128 0x14
 769 0313 00000000 		.4byte	.LASF35
 770 0317 01       		.byte	0x1
 771 0318 9901     		.2byte	0x199
 772 031a 00000000 		.4byte	.LFB75
 773 031e 0C000000 		.4byte	.LFE75-.LFB75
ARM GAS  C:\Users\Gemma\AppData\Local\Temp\ccP3Fpxk.s 			page 22


 774 0322 01       		.uleb128 0x1
 775 0323 9C       		.byte	0x9c
 776 0324 17       		.uleb128 0x17
 777 0325 D5010000 		.4byte	.LASF43
 778 0329 07       		.byte	0x7
 779 032a 1207     		.2byte	0x712
 780 032c 30030000 		.4byte	0x330
 781 0330 08       		.uleb128 0x8
 782 0331 92000000 		.4byte	0x92
 783 0335 18       		.uleb128 0x18
 784 0336 A2000000 		.4byte	.LASF36
 785 033a A2000000 		.4byte	.LASF36
 786 033e 05       		.byte	0x5
 787 033f 28       		.byte	0x28
 788 0340 18       		.uleb128 0x18
 789 0341 ED000000 		.4byte	.LASF37
 790 0345 ED000000 		.4byte	.LASF37
 791 0349 05       		.byte	0x5
 792 034a 26       		.byte	0x26
 793 034b 18       		.uleb128 0x18
 794 034c 39000000 		.4byte	.LASF38
 795 0350 39000000 		.4byte	.LASF38
 796 0354 06       		.byte	0x6
 797 0355 5E       		.byte	0x5e
 798 0356 00       		.byte	0
 799              		.section	.debug_abbrev,"",%progbits
 800              	.Ldebug_abbrev0:
 801 0000 01       		.uleb128 0x1
 802 0001 11       		.uleb128 0x11
 803 0002 01       		.byte	0x1
 804 0003 25       		.uleb128 0x25
 805 0004 0E       		.uleb128 0xe
 806 0005 13       		.uleb128 0x13
 807 0006 0B       		.uleb128 0xb
 808 0007 03       		.uleb128 0x3
 809 0008 0E       		.uleb128 0xe
 810 0009 1B       		.uleb128 0x1b
 811 000a 0E       		.uleb128 0xe
 812 000b 55       		.uleb128 0x55
 813 000c 17       		.uleb128 0x17
 814 000d 11       		.uleb128 0x11
 815 000e 01       		.uleb128 0x1
 816 000f 10       		.uleb128 0x10
 817 0010 17       		.uleb128 0x17
 818 0011 00       		.byte	0
 819 0012 00       		.byte	0
 820 0013 02       		.uleb128 0x2
 821 0014 24       		.uleb128 0x24
 822 0015 00       		.byte	0
 823 0016 0B       		.uleb128 0xb
 824 0017 0B       		.uleb128 0xb
 825 0018 3E       		.uleb128 0x3e
 826 0019 0B       		.uleb128 0xb
 827 001a 03       		.uleb128 0x3
 828 001b 08       		.uleb128 0x8
 829 001c 00       		.byte	0
 830 001d 00       		.byte	0
ARM GAS  C:\Users\Gemma\AppData\Local\Temp\ccP3Fpxk.s 			page 23


 831 001e 03       		.uleb128 0x3
 832 001f 24       		.uleb128 0x24
 833 0020 00       		.byte	0
 834 0021 0B       		.uleb128 0xb
 835 0022 0B       		.uleb128 0xb
 836 0023 3E       		.uleb128 0x3e
 837 0024 0B       		.uleb128 0xb
 838 0025 03       		.uleb128 0x3
 839 0026 0E       		.uleb128 0xe
 840 0027 00       		.byte	0
 841 0028 00       		.byte	0
 842 0029 04       		.uleb128 0x4
 843 002a 16       		.uleb128 0x16
 844 002b 00       		.byte	0
 845 002c 03       		.uleb128 0x3
 846 002d 0E       		.uleb128 0xe
 847 002e 3A       		.uleb128 0x3a
 848 002f 0B       		.uleb128 0xb
 849 0030 3B       		.uleb128 0x3b
 850 0031 0B       		.uleb128 0xb
 851 0032 49       		.uleb128 0x49
 852 0033 13       		.uleb128 0x13
 853 0034 00       		.byte	0
 854 0035 00       		.byte	0
 855 0036 05       		.uleb128 0x5
 856 0037 0F       		.uleb128 0xf
 857 0038 00       		.byte	0
 858 0039 0B       		.uleb128 0xb
 859 003a 0B       		.uleb128 0xb
 860 003b 49       		.uleb128 0x49
 861 003c 13       		.uleb128 0x13
 862 003d 00       		.byte	0
 863 003e 00       		.byte	0
 864 003f 06       		.uleb128 0x6
 865 0040 15       		.uleb128 0x15
 866 0041 00       		.byte	0
 867 0042 27       		.uleb128 0x27
 868 0043 19       		.uleb128 0x19
 869 0044 00       		.byte	0
 870 0045 00       		.byte	0
 871 0046 07       		.uleb128 0x7
 872 0047 16       		.uleb128 0x16
 873 0048 00       		.byte	0
 874 0049 03       		.uleb128 0x3
 875 004a 0E       		.uleb128 0xe
 876 004b 3A       		.uleb128 0x3a
 877 004c 0B       		.uleb128 0xb
 878 004d 3B       		.uleb128 0x3b
 879 004e 05       		.uleb128 0x5
 880 004f 49       		.uleb128 0x49
 881 0050 13       		.uleb128 0x13
 882 0051 00       		.byte	0
 883 0052 00       		.byte	0
 884 0053 08       		.uleb128 0x8
 885 0054 35       		.uleb128 0x35
 886 0055 00       		.byte	0
 887 0056 49       		.uleb128 0x49
ARM GAS  C:\Users\Gemma\AppData\Local\Temp\ccP3Fpxk.s 			page 24


 888 0057 13       		.uleb128 0x13
 889 0058 00       		.byte	0
 890 0059 00       		.byte	0
 891 005a 09       		.uleb128 0x9
 892 005b 2E       		.uleb128 0x2e
 893 005c 01       		.byte	0x1
 894 005d 3F       		.uleb128 0x3f
 895 005e 19       		.uleb128 0x19
 896 005f 03       		.uleb128 0x3
 897 0060 0E       		.uleb128 0xe
 898 0061 3A       		.uleb128 0x3a
 899 0062 0B       		.uleb128 0xb
 900 0063 3B       		.uleb128 0x3b
 901 0064 0B       		.uleb128 0xb
 902 0065 27       		.uleb128 0x27
 903 0066 19       		.uleb128 0x19
 904 0067 11       		.uleb128 0x11
 905 0068 01       		.uleb128 0x1
 906 0069 12       		.uleb128 0x12
 907 006a 06       		.uleb128 0x6
 908 006b 40       		.uleb128 0x40
 909 006c 18       		.uleb128 0x18
 910 006d 9742     		.uleb128 0x2117
 911 006f 19       		.uleb128 0x19
 912 0070 01       		.uleb128 0x1
 913 0071 13       		.uleb128 0x13
 914 0072 00       		.byte	0
 915 0073 00       		.byte	0
 916 0074 0A       		.uleb128 0xa
 917 0075 898201   		.uleb128 0x4109
 918 0078 00       		.byte	0
 919 0079 11       		.uleb128 0x11
 920 007a 01       		.uleb128 0x1
 921 007b 31       		.uleb128 0x31
 922 007c 13       		.uleb128 0x13
 923 007d 00       		.byte	0
 924 007e 00       		.byte	0
 925 007f 0B       		.uleb128 0xb
 926 0080 898201   		.uleb128 0x4109
 927 0083 01       		.byte	0x1
 928 0084 11       		.uleb128 0x11
 929 0085 01       		.uleb128 0x1
 930 0086 31       		.uleb128 0x31
 931 0087 13       		.uleb128 0x13
 932 0088 01       		.uleb128 0x1
 933 0089 13       		.uleb128 0x13
 934 008a 00       		.byte	0
 935 008b 00       		.byte	0
 936 008c 0C       		.uleb128 0xc
 937 008d 8A8201   		.uleb128 0x410a
 938 0090 00       		.byte	0
 939 0091 02       		.uleb128 0x2
 940 0092 18       		.uleb128 0x18
 941 0093 9142     		.uleb128 0x2111
 942 0095 18       		.uleb128 0x18
 943 0096 00       		.byte	0
 944 0097 00       		.byte	0
ARM GAS  C:\Users\Gemma\AppData\Local\Temp\ccP3Fpxk.s 			page 25


 945 0098 0D       		.uleb128 0xd
 946 0099 05       		.uleb128 0x5
 947 009a 00       		.byte	0
 948 009b 03       		.uleb128 0x3
 949 009c 0E       		.uleb128 0xe
 950 009d 3A       		.uleb128 0x3a
 951 009e 0B       		.uleb128 0xb
 952 009f 3B       		.uleb128 0x3b
 953 00a0 0B       		.uleb128 0xb
 954 00a1 49       		.uleb128 0x49
 955 00a2 13       		.uleb128 0x13
 956 00a3 02       		.uleb128 0x2
 957 00a4 18       		.uleb128 0x18
 958 00a5 00       		.byte	0
 959 00a6 00       		.byte	0
 960 00a7 0E       		.uleb128 0xe
 961 00a8 34       		.uleb128 0x34
 962 00a9 00       		.byte	0
 963 00aa 03       		.uleb128 0x3
 964 00ab 0E       		.uleb128 0xe
 965 00ac 3A       		.uleb128 0x3a
 966 00ad 0B       		.uleb128 0xb
 967 00ae 3B       		.uleb128 0x3b
 968 00af 0B       		.uleb128 0xb
 969 00b0 49       		.uleb128 0x49
 970 00b1 13       		.uleb128 0x13
 971 00b2 02       		.uleb128 0x2
 972 00b3 18       		.uleb128 0x18
 973 00b4 00       		.byte	0
 974 00b5 00       		.byte	0
 975 00b6 0F       		.uleb128 0xf
 976 00b7 2E       		.uleb128 0x2e
 977 00b8 01       		.byte	0x1
 978 00b9 3F       		.uleb128 0x3f
 979 00ba 19       		.uleb128 0x19
 980 00bb 03       		.uleb128 0x3
 981 00bc 0E       		.uleb128 0xe
 982 00bd 3A       		.uleb128 0x3a
 983 00be 0B       		.uleb128 0xb
 984 00bf 3B       		.uleb128 0x3b
 985 00c0 0B       		.uleb128 0xb
 986 00c1 27       		.uleb128 0x27
 987 00c2 19       		.uleb128 0x19
 988 00c3 49       		.uleb128 0x49
 989 00c4 13       		.uleb128 0x13
 990 00c5 11       		.uleb128 0x11
 991 00c6 01       		.uleb128 0x1
 992 00c7 12       		.uleb128 0x12
 993 00c8 06       		.uleb128 0x6
 994 00c9 40       		.uleb128 0x40
 995 00ca 18       		.uleb128 0x18
 996 00cb 9742     		.uleb128 0x2117
 997 00cd 19       		.uleb128 0x19
 998 00ce 01       		.uleb128 0x1
 999 00cf 13       		.uleb128 0x13
 1000 00d0 00       		.byte	0
 1001 00d1 00       		.byte	0
ARM GAS  C:\Users\Gemma\AppData\Local\Temp\ccP3Fpxk.s 			page 26


 1002 00d2 10       		.uleb128 0x10
 1003 00d3 2E       		.uleb128 0x2e
 1004 00d4 01       		.byte	0x1
 1005 00d5 3F       		.uleb128 0x3f
 1006 00d6 19       		.uleb128 0x19
 1007 00d7 03       		.uleb128 0x3
 1008 00d8 0E       		.uleb128 0xe
 1009 00d9 3A       		.uleb128 0x3a
 1010 00da 0B       		.uleb128 0xb
 1011 00db 3B       		.uleb128 0x3b
 1012 00dc 05       		.uleb128 0x5
 1013 00dd 27       		.uleb128 0x27
 1014 00de 19       		.uleb128 0x19
 1015 00df 11       		.uleb128 0x11
 1016 00e0 01       		.uleb128 0x1
 1017 00e1 12       		.uleb128 0x12
 1018 00e2 06       		.uleb128 0x6
 1019 00e3 40       		.uleb128 0x40
 1020 00e4 18       		.uleb128 0x18
 1021 00e5 9742     		.uleb128 0x2117
 1022 00e7 19       		.uleb128 0x19
 1023 00e8 01       		.uleb128 0x1
 1024 00e9 13       		.uleb128 0x13
 1025 00ea 00       		.byte	0
 1026 00eb 00       		.byte	0
 1027 00ec 11       		.uleb128 0x11
 1028 00ed 05       		.uleb128 0x5
 1029 00ee 00       		.byte	0
 1030 00ef 03       		.uleb128 0x3
 1031 00f0 0E       		.uleb128 0xe
 1032 00f1 3A       		.uleb128 0x3a
 1033 00f2 0B       		.uleb128 0xb
 1034 00f3 3B       		.uleb128 0x3b
 1035 00f4 05       		.uleb128 0x5
 1036 00f5 49       		.uleb128 0x49
 1037 00f6 13       		.uleb128 0x13
 1038 00f7 02       		.uleb128 0x2
 1039 00f8 17       		.uleb128 0x17
 1040 00f9 00       		.byte	0
 1041 00fa 00       		.byte	0
 1042 00fb 12       		.uleb128 0x12
 1043 00fc 2E       		.uleb128 0x2e
 1044 00fd 01       		.byte	0x1
 1045 00fe 3F       		.uleb128 0x3f
 1046 00ff 19       		.uleb128 0x19
 1047 0100 03       		.uleb128 0x3
 1048 0101 0E       		.uleb128 0xe
 1049 0102 3A       		.uleb128 0x3a
 1050 0103 0B       		.uleb128 0xb
 1051 0104 3B       		.uleb128 0x3b
 1052 0105 05       		.uleb128 0x5
 1053 0106 27       		.uleb128 0x27
 1054 0107 19       		.uleb128 0x19
 1055 0108 49       		.uleb128 0x49
 1056 0109 13       		.uleb128 0x13
 1057 010a 11       		.uleb128 0x11
 1058 010b 01       		.uleb128 0x1
ARM GAS  C:\Users\Gemma\AppData\Local\Temp\ccP3Fpxk.s 			page 27


 1059 010c 12       		.uleb128 0x12
 1060 010d 06       		.uleb128 0x6
 1061 010e 40       		.uleb128 0x40
 1062 010f 18       		.uleb128 0x18
 1063 0110 9742     		.uleb128 0x2117
 1064 0112 19       		.uleb128 0x19
 1065 0113 01       		.uleb128 0x1
 1066 0114 13       		.uleb128 0x13
 1067 0115 00       		.byte	0
 1068 0116 00       		.byte	0
 1069 0117 13       		.uleb128 0x13
 1070 0118 34       		.uleb128 0x34
 1071 0119 00       		.byte	0
 1072 011a 03       		.uleb128 0x3
 1073 011b 0E       		.uleb128 0xe
 1074 011c 3A       		.uleb128 0x3a
 1075 011d 0B       		.uleb128 0xb
 1076 011e 3B       		.uleb128 0x3b
 1077 011f 05       		.uleb128 0x5
 1078 0120 49       		.uleb128 0x49
 1079 0121 13       		.uleb128 0x13
 1080 0122 02       		.uleb128 0x2
 1081 0123 17       		.uleb128 0x17
 1082 0124 00       		.byte	0
 1083 0125 00       		.byte	0
 1084 0126 14       		.uleb128 0x14
 1085 0127 2E       		.uleb128 0x2e
 1086 0128 00       		.byte	0
 1087 0129 3F       		.uleb128 0x3f
 1088 012a 19       		.uleb128 0x19
 1089 012b 03       		.uleb128 0x3
 1090 012c 0E       		.uleb128 0xe
 1091 012d 3A       		.uleb128 0x3a
 1092 012e 0B       		.uleb128 0xb
 1093 012f 3B       		.uleb128 0x3b
 1094 0130 05       		.uleb128 0x5
 1095 0131 27       		.uleb128 0x27
 1096 0132 19       		.uleb128 0x19
 1097 0133 11       		.uleb128 0x11
 1098 0134 01       		.uleb128 0x1
 1099 0135 12       		.uleb128 0x12
 1100 0136 06       		.uleb128 0x6
 1101 0137 40       		.uleb128 0x40
 1102 0138 18       		.uleb128 0x18
 1103 0139 9742     		.uleb128 0x2117
 1104 013b 19       		.uleb128 0x19
 1105 013c 00       		.byte	0
 1106 013d 00       		.byte	0
 1107 013e 15       		.uleb128 0x15
 1108 013f 2E       		.uleb128 0x2e
 1109 0140 00       		.byte	0
 1110 0141 3F       		.uleb128 0x3f
 1111 0142 19       		.uleb128 0x19
 1112 0143 03       		.uleb128 0x3
 1113 0144 0E       		.uleb128 0xe
 1114 0145 3A       		.uleb128 0x3a
 1115 0146 0B       		.uleb128 0xb
ARM GAS  C:\Users\Gemma\AppData\Local\Temp\ccP3Fpxk.s 			page 28


 1116 0147 3B       		.uleb128 0x3b
 1117 0148 05       		.uleb128 0x5
 1118 0149 27       		.uleb128 0x27
 1119 014a 19       		.uleb128 0x19
 1120 014b 49       		.uleb128 0x49
 1121 014c 13       		.uleb128 0x13
 1122 014d 11       		.uleb128 0x11
 1123 014e 01       		.uleb128 0x1
 1124 014f 12       		.uleb128 0x12
 1125 0150 06       		.uleb128 0x6
 1126 0151 40       		.uleb128 0x40
 1127 0152 18       		.uleb128 0x18
 1128 0153 9742     		.uleb128 0x2117
 1129 0155 19       		.uleb128 0x19
 1130 0156 00       		.byte	0
 1131 0157 00       		.byte	0
 1132 0158 16       		.uleb128 0x16
 1133 0159 05       		.uleb128 0x5
 1134 015a 00       		.byte	0
 1135 015b 03       		.uleb128 0x3
 1136 015c 0E       		.uleb128 0xe
 1137 015d 3A       		.uleb128 0x3a
 1138 015e 0B       		.uleb128 0xb
 1139 015f 3B       		.uleb128 0x3b
 1140 0160 0B       		.uleb128 0xb
 1141 0161 49       		.uleb128 0x49
 1142 0162 13       		.uleb128 0x13
 1143 0163 02       		.uleb128 0x2
 1144 0164 17       		.uleb128 0x17
 1145 0165 00       		.byte	0
 1146 0166 00       		.byte	0
 1147 0167 17       		.uleb128 0x17
 1148 0168 34       		.uleb128 0x34
 1149 0169 00       		.byte	0
 1150 016a 03       		.uleb128 0x3
 1151 016b 0E       		.uleb128 0xe
 1152 016c 3A       		.uleb128 0x3a
 1153 016d 0B       		.uleb128 0xb
 1154 016e 3B       		.uleb128 0x3b
 1155 016f 05       		.uleb128 0x5
 1156 0170 49       		.uleb128 0x49
 1157 0171 13       		.uleb128 0x13
 1158 0172 3F       		.uleb128 0x3f
 1159 0173 19       		.uleb128 0x19
 1160 0174 3C       		.uleb128 0x3c
 1161 0175 19       		.uleb128 0x19
 1162 0176 00       		.byte	0
 1163 0177 00       		.byte	0
 1164 0178 18       		.uleb128 0x18
 1165 0179 2E       		.uleb128 0x2e
 1166 017a 00       		.byte	0
 1167 017b 3F       		.uleb128 0x3f
 1168 017c 19       		.uleb128 0x19
 1169 017d 3C       		.uleb128 0x3c
 1170 017e 19       		.uleb128 0x19
 1171 017f 6E       		.uleb128 0x6e
 1172 0180 0E       		.uleb128 0xe
ARM GAS  C:\Users\Gemma\AppData\Local\Temp\ccP3Fpxk.s 			page 29


 1173 0181 03       		.uleb128 0x3
 1174 0182 0E       		.uleb128 0xe
 1175 0183 3A       		.uleb128 0x3a
 1176 0184 0B       		.uleb128 0xb
 1177 0185 3B       		.uleb128 0x3b
 1178 0186 0B       		.uleb128 0xb
 1179 0187 00       		.byte	0
 1180 0188 00       		.byte	0
 1181 0189 00       		.byte	0
 1182              		.section	.debug_loc,"",%progbits
 1183              	.Ldebug_loc0:
 1184              	.LLST0:
 1185 0000 00000000 		.4byte	.LVL7
 1186 0004 02000000 		.4byte	.LVL8
 1187 0008 0100     		.2byte	0x1
 1188 000a 50       		.byte	0x50
 1189 000b 02000000 		.4byte	.LVL8
 1190 000f 10000000 		.4byte	.LFE69
 1191 0013 0400     		.2byte	0x4
 1192 0015 F3       		.byte	0xf3
 1193 0016 01       		.uleb128 0x1
 1194 0017 50       		.byte	0x50
 1195 0018 9F       		.byte	0x9f
 1196 0019 00000000 		.4byte	0
 1197 001d 00000000 		.4byte	0
 1198              	.LLST1:
 1199 0021 04000000 		.4byte	.LVL9
 1200 0025 06000000 		.4byte	.LVL10
 1201 0029 0500     		.2byte	0x5
 1202 002b 70       		.byte	0x70
 1203 002c 00       		.sleb128 0
 1204 002d 35       		.byte	0x35
 1205 002e 25       		.byte	0x25
 1206 002f 9F       		.byte	0x9f
 1207 0030 00000000 		.4byte	0
 1208 0034 00000000 		.4byte	0
 1209              	.LLST2:
 1210 0038 00000000 		.4byte	.LVL15
 1211 003c 07000000 		.4byte	.LVL16-1
 1212 0040 0100     		.2byte	0x1
 1213 0042 50       		.byte	0x50
 1214 0043 07000000 		.4byte	.LVL16-1
 1215 0047 1A000000 		.4byte	.LFE64
 1216 004b 0100     		.2byte	0x1
 1217 004d 54       		.byte	0x54
 1218 004e 00000000 		.4byte	0
 1219 0052 00000000 		.4byte	0
 1220              		.section	.debug_aranges,"",%progbits
 1221 0000 7C000000 		.4byte	0x7c
 1222 0004 0200     		.2byte	0x2
 1223 0006 00000000 		.4byte	.Ldebug_info0
 1224 000a 04       		.byte	0x4
 1225 000b 00       		.byte	0
 1226 000c 0000     		.2byte	0
 1227 000e 0000     		.2byte	0
 1228 0010 00000000 		.4byte	.LFB66
 1229 0014 1C000000 		.4byte	.LFE66-.LFB66
ARM GAS  C:\Users\Gemma\AppData\Local\Temp\ccP3Fpxk.s 			page 30


 1230 0018 00000000 		.4byte	.LFB67
 1231 001c 0C000000 		.4byte	.LFE67-.LFB67
 1232 0020 00000000 		.4byte	.LFB68
 1233 0024 0C000000 		.4byte	.LFE68-.LFB68
 1234 0028 00000000 		.4byte	.LFB69
 1235 002c 10000000 		.4byte	.LFE69-.LFB69
 1236 0030 00000000 		.4byte	.LFB70
 1237 0034 0C000000 		.4byte	.LFE70-.LFB70
 1238 0038 00000000 		.4byte	.LFB71
 1239 003c 0C000000 		.4byte	.LFE71-.LFB71
 1240 0040 00000000 		.4byte	.LFB72
 1241 0044 10000000 		.4byte	.LFE72-.LFB72
 1242 0048 00000000 		.4byte	.LFB73
 1243 004c 0C000000 		.4byte	.LFE73-.LFB73
 1244 0050 00000000 		.4byte	.LFB63
 1245 0054 1C000000 		.4byte	.LFE63-.LFB63
 1246 0058 00000000 		.4byte	.LFB64
 1247 005c 1A000000 		.4byte	.LFE64-.LFB64
 1248 0060 00000000 		.4byte	.LFB65
 1249 0064 14000000 		.4byte	.LFE65-.LFB65
 1250 0068 00000000 		.4byte	.LFB74
 1251 006c 0C000000 		.4byte	.LFE74-.LFB74
 1252 0070 00000000 		.4byte	.LFB75
 1253 0074 0C000000 		.4byte	.LFE75-.LFB75
 1254 0078 00000000 		.4byte	0
 1255 007c 00000000 		.4byte	0
 1256              		.section	.debug_ranges,"",%progbits
 1257              	.Ldebug_ranges0:
 1258 0000 00000000 		.4byte	.LFB66
 1259 0004 1C000000 		.4byte	.LFE66
 1260 0008 00000000 		.4byte	.LFB67
 1261 000c 0C000000 		.4byte	.LFE67
 1262 0010 00000000 		.4byte	.LFB68
 1263 0014 0C000000 		.4byte	.LFE68
 1264 0018 00000000 		.4byte	.LFB69
 1265 001c 10000000 		.4byte	.LFE69
 1266 0020 00000000 		.4byte	.LFB70
 1267 0024 0C000000 		.4byte	.LFE70
 1268 0028 00000000 		.4byte	.LFB71
 1269 002c 0C000000 		.4byte	.LFE71
 1270 0030 00000000 		.4byte	.LFB72
 1271 0034 10000000 		.4byte	.LFE72
 1272 0038 00000000 		.4byte	.LFB73
 1273 003c 0C000000 		.4byte	.LFE73
 1274 0040 00000000 		.4byte	.LFB63
 1275 0044 1C000000 		.4byte	.LFE63
 1276 0048 00000000 		.4byte	.LFB64
 1277 004c 1A000000 		.4byte	.LFE64
 1278 0050 00000000 		.4byte	.LFB65
 1279 0054 14000000 		.4byte	.LFE65
 1280 0058 00000000 		.4byte	.LFB74
 1281 005c 0C000000 		.4byte	.LFE74
 1282 0060 00000000 		.4byte	.LFB75
 1283 0064 0C000000 		.4byte	.LFE75
 1284 0068 00000000 		.4byte	0
 1285 006c 00000000 		.4byte	0
 1286              		.section	.debug_line,"",%progbits
ARM GAS  C:\Users\Gemma\AppData\Local\Temp\ccP3Fpxk.s 			page 31


 1287              	.Ldebug_line0:
 1288 0000 55020000 		.section	.debug_str,"MS",%progbits,1
 1288      02006501 
 1288      00000201 
 1288      FB0E0D00 
 1288      01010101 
 1289              	.LASF35:
 1290 0000 6973725F 		.ascii	"isr_1_ClearPending\000"
 1290      315F436C 
 1290      65617250 
 1290      656E6469 
 1290      6E6700
 1291              	.LASF19:
 1292 0013 72656733 		.ascii	"reg32\000"
 1292      3200
 1293              	.LASF34:
 1294 0019 6973725F 		.ascii	"isr_1_SetPending\000"
 1294      315F5365 
 1294      7450656E 
 1294      64696E67 
 1294      00
 1295              	.LASF42:
 1296 002a 6973725F 		.ascii	"isr_1_GetState\000"
 1296      315F4765 
 1296      74537461 
 1296      746500
 1297              	.LASF38:
 1298 0039 54696D65 		.ascii	"Timer_ReadStatusRegister\000"
 1298      725F5265 
 1298      61645374 
 1298      61747573 
 1298      52656769 
 1299              	.LASF30:
 1300 0052 6973725F 		.ascii	"isr_1_Disable\000"
 1300      315F4469 
 1300      7361626C 
 1300      6500
 1301              	.LASF12:
 1302 0060 5F5F696E 		.ascii	"__int32_t\000"
 1302      7433325F 
 1302      7400
 1303              	.LASF31:
 1304 006a 6973725F 		.ascii	"isr_1_Start\000"
 1304      315F5374 
 1304      61727400 
 1305              	.LASF28:
 1306 0076 6973725F 		.ascii	"isr_1_GetPriority\000"
 1306      315F4765 
 1306      74507269 
 1306      6F726974 
 1306      7900
 1307              	.LASF16:
 1308 0088 666C6F61 		.ascii	"float\000"
 1308      7400
 1309              	.LASF14:
 1310 008e 75696E74 		.ascii	"uint8\000"
 1310      3800
ARM GAS  C:\Users\Gemma\AppData\Local\Temp\ccP3Fpxk.s 			page 32


 1311              	.LASF4:
 1312 0094 756E7369 		.ascii	"unsigned char\000"
 1312      676E6564 
 1312      20636861 
 1312      7200
 1313              	.LASF36:
 1314 00a2 426C7565 		.ascii	"BlueLED_ReadDataReg\000"
 1314      4C45445F 
 1314      52656164 
 1314      44617461 
 1314      52656700 
 1315              	.LASF18:
 1316 00b6 72656738 		.ascii	"reg8\000"
 1316      00
 1317              	.LASF8:
 1318 00bb 6C6F6E67 		.ascii	"long unsigned int\000"
 1318      20756E73 
 1318      69676E65 
 1318      6420696E 
 1318      7400
 1319              	.LASF6:
 1320 00cd 73686F72 		.ascii	"short unsigned int\000"
 1320      7420756E 
 1320      7369676E 
 1320      65642069 
 1320      6E7400
 1321              	.LASF29:
 1322 00e0 6973725F 		.ascii	"isr_1_Enable\000"
 1322      315F456E 
 1322      61626C65 
 1322      00
 1323              	.LASF37:
 1324 00ed 426C7565 		.ascii	"BlueLED_Write\000"
 1324      4C45445F 
 1324      57726974 
 1324      6500
 1325              	.LASF22:
 1326 00fb 6973725F 		.ascii	"isr_1_SetVector\000"
 1326      315F5365 
 1326      74566563 
 1326      746F7200 
 1327              	.LASF41:
 1328 010b 433A5C55 		.ascii	"C:\\Users\\Gemma\\Desktop\\PSoC\\TimerInterrupt_exa"
 1328      73657273 
 1328      5C47656D 
 1328      6D615C44 
 1328      65736B74 
 1329 0139 6D706C65 		.ascii	"mple\\TimerInterrupt_example.cydsn\000"
 1329      5C54696D 
 1329      6572496E 
 1329      74657272 
 1329      7570745F 
 1330              	.LASF24:
 1331 015b 6973725F 		.ascii	"isr_1_SetPriority\000"
 1331      315F5365 
 1331      74507269 
 1331      6F726974 
ARM GAS  C:\Users\Gemma\AppData\Local\Temp\ccP3Fpxk.s 			page 33


 1331      7900
 1332              	.LASF26:
 1333 016d 7072696F 		.ascii	"priority\000"
 1333      72697479 
 1333      00
 1334              	.LASF40:
 1335 0176 47656E65 		.ascii	"Generated_Source\\PSoC5\\isr_1.c\000"
 1335      72617465 
 1335      645F536F 
 1335      75726365 
 1335      5C50536F 
 1336              	.LASF15:
 1337 0195 75696E74 		.ascii	"uint32\000"
 1337      333200
 1338              	.LASF0:
 1339 019c 756E7369 		.ascii	"unsigned int\000"
 1339      676E6564 
 1339      20696E74 
 1339      00
 1340              	.LASF25:
 1341 01a9 61646472 		.ascii	"address\000"
 1341      65737300 
 1342              	.LASF9:
 1343 01b1 6C6F6E67 		.ascii	"long long unsigned int\000"
 1343      206C6F6E 
 1343      6720756E 
 1343      7369676E 
 1343      65642069 
 1344              	.LASF20:
 1345 01c8 63796973 		.ascii	"cyisraddress\000"
 1345      72616464 
 1345      72657373 
 1345      00
 1346              	.LASF43:
 1347 01d5 49544D5F 		.ascii	"ITM_RxBuffer\000"
 1347      52784275 
 1347      66666572 
 1347      00
 1348              	.LASF39:
 1349 01e2 474E5520 		.ascii	"GNU C11 5.4.1 20160609 (release) [ARM/embedded-5-br"
 1349      43313120 
 1349      352E342E 
 1349      31203230 
 1349      31363036 
 1350 0215 616E6368 		.ascii	"anch revision 237715] -mcpu=cortex-m3 -mthumb -g -O"
 1350      20726576 
 1350      6973696F 
 1350      6E203233 
 1350      37373135 
 1351 0248 67202D66 		.ascii	"g -ffunction-sections -ffat-lto-objects\000"
 1351      66756E63 
 1351      74696F6E 
 1351      2D736563 
 1351      74696F6E 
 1352              	.LASF13:
 1353 0270 696E7433 		.ascii	"int32_t\000"
 1353      325F7400 
ARM GAS  C:\Users\Gemma\AppData\Local\Temp\ccP3Fpxk.s 			page 34


 1354              	.LASF10:
 1355 0278 73697A65 		.ascii	"sizetype\000"
 1355      74797065 
 1355      00
 1356              	.LASF1:
 1357 0281 6C6F6E67 		.ascii	"long long int\000"
 1357      206C6F6E 
 1357      6720696E 
 1357      7400
 1358              	.LASF11:
 1359 028f 63686172 		.ascii	"char\000"
 1359      00
 1360              	.LASF23:
 1361 0294 72616D56 		.ascii	"ramVectorTable\000"
 1361      6563746F 
 1361      72546162 
 1361      6C6500
 1362              	.LASF5:
 1363 02a3 73686F72 		.ascii	"short int\000"
 1363      7420696E 
 1363      7400
 1364              	.LASF27:
 1365 02ad 6973725F 		.ascii	"isr_1_GetVector\000"
 1365      315F4765 
 1365      74566563 
 1365      746F7200 
 1366              	.LASF21:
 1367 02bd 6973725F 		.ascii	"isr_1_Interrupt\000"
 1367      315F496E 
 1367      74657272 
 1367      75707400 
 1368              	.LASF7:
 1369 02cd 6C6F6E67 		.ascii	"long int\000"
 1369      20696E74 
 1369      00
 1370              	.LASF2:
 1371 02d6 6C6F6E67 		.ascii	"long double\000"
 1371      20646F75 
 1371      626C6500 
 1372              	.LASF3:
 1373 02e2 7369676E 		.ascii	"signed char\000"
 1373      65642063 
 1373      68617200 
 1374              	.LASF17:
 1375 02ee 646F7562 		.ascii	"double\000"
 1375      6C6500
 1376              	.LASF32:
 1377 02f5 6973725F 		.ascii	"isr_1_StartEx\000"
 1377      315F5374 
 1377      61727445 
 1377      7800
 1378              	.LASF33:
 1379 0303 6973725F 		.ascii	"isr_1_Stop\000"
 1379      315F5374 
 1379      6F7000
 1380              		.ident	"GCC: (GNU Tools for ARM Embedded Processors) 5.4.1 20160609 (release) [ARM/embedded-5-bran
