ARM GAS  C:\Users\Gemma\AppData\Local\Temp\ccCXltcM.s 			page 1


   1              		.syntax unified
   2              		.cpu cortex-m3
   3              		.fpu softvfp
   4              		.eabi_attribute 20, 1
   5              		.eabi_attribute 21, 1
   6              		.eabi_attribute 23, 3
   7              		.eabi_attribute 24, 1
   8              		.eabi_attribute 25, 1
   9              		.eabi_attribute 26, 1
  10              		.eabi_attribute 30, 1
  11              		.eabi_attribute 34, 1
  12              		.eabi_attribute 18, 4
  13              		.thumb
  14              		.syntax unified
  15              		.file	"cymetadata.c"
  16              		.text
  17              	.Ltext0:
  18              		.cfi_sections	.debug_frame
  19              		.global	cy_metadata
  20              		.global	cy_meta_flashprotect
  21              		.global	cy_meta_wonvl
  22              		.global	cy_meta_custnvl
  23              		.global	cy_meta_configecc
  24              		.section	.cyconfigecc,"a",%progbits
  25              		.align	2
  26              		.type	cy_meta_configecc, %object
  27              		.size	cy_meta_configecc, 956
  28              	cy_meta_configecc:
  29 0000 01       		.byte	1
  30 0001 45       		.byte	69
  31 0002 00       		.byte	0
  32 0003 40       		.byte	64
  33 0004 01       		.byte	1
  34 0005 64       		.byte	100
  35 0006 00       		.byte	0
  36 0007 40       		.byte	64
  37 0008 02       		.byte	2
  38 0009 65       		.byte	101
  39 000a 00       		.byte	0
  40 000b 40       		.byte	64
  41 000c 4E       		.byte	78
  42 000d 08       		.byte	8
  43 000e 01       		.byte	1
  44 000f 40       		.byte	64
  45 0010 34       		.byte	52
  46 0011 09       		.byte	9
  47 0012 01       		.byte	1
  48 0013 40       		.byte	64
  49 0014 3E       		.byte	62
  50 0015 18       		.byte	24
  51 0016 01       		.byte	1
  52 0017 40       		.byte	64
  53 0018 40       		.byte	64
  54 0019 19       		.byte	25
  55 001a 01       		.byte	1
  56 001b 40       		.byte	64
  57 001c 55       		.byte	85
ARM GAS  C:\Users\Gemma\AppData\Local\Temp\ccCXltcM.s 			page 2


  58 001d 1A       		.byte	26
  59 001e 01       		.byte	1
  60 001f 40       		.byte	64
  61 0020 4C       		.byte	76
  62 0021 1B       		.byte	27
  63 0022 01       		.byte	1
  64 0023 40       		.byte	64
  65 0024 01       		.byte	1
  66 0025 4C       		.byte	76
  67 0026 01       		.byte	1
  68 0027 40       		.byte	64
  69 0028 07       		.byte	7
  70 0029 4D       		.byte	77
  71 002a 01       		.byte	1
  72 002b 40       		.byte	64
  73 002c 04       		.byte	4
  74 002d 50       		.byte	80
  75 002e 01       		.byte	1
  76 002f 40       		.byte	64
  77 0030 12       		.byte	18
  78 0031 03       		.byte	3
  79 0032 88       		.byte	-120
  80 0033 38       		.byte	56
  81 0034 88       		.byte	-120
  82 0035 72       		.byte	114
  83 0036 8A       		.byte	-118
  84 0037 0F       		.byte	15
  85 0038 00       		.byte	0
  86 0039 0F       		.byte	15
  87 003a 04       		.byte	4
  88 003b 0C       		.byte	12
  89 003c 05       		.byte	5
  90 003d 02       		.byte	2
  91 003e 08       		.byte	8
  92 003f 03       		.byte	3
  93 0040 0D       		.byte	13
  94 0041 02       		.byte	2
  95 0042 10       		.byte	16
  96 0043 0C       		.byte	12
  97 0044 12       		.byte	18
  98 0045 03       		.byte	3
  99 0046 14       		.byte	20
 100 0047 02       		.byte	2
 101 0048 17       		.byte	23
 102 0049 01       		.byte	1
 103 004a 18       		.byte	24
 104 004b 03       		.byte	3
 105 004c 1A       		.byte	26
 106 004d 0C       		.byte	12
 107 004e 1C       		.byte	28
 108 004f 0F       		.byte	15
 109 0050 1F       		.byte	31
 110 0051 02       		.byte	2
 111 0052 20       		.byte	32
 112 0053 08       		.byte	8
 113 0054 26       		.byte	38
 114 0055 03       		.byte	3
ARM GAS  C:\Users\Gemma\AppData\Local\Temp\ccCXltcM.s 			page 3


 115 0056 27       		.byte	39
 116 0057 01       		.byte	1
 117 0058 28       		.byte	40
 118 0059 04       		.byte	4
 119 005a 2B       		.byte	43
 120 005b 02       		.byte	2
 121 005c 2C       		.byte	44
 122 005d 01       		.byte	1
 123 005e 33       		.byte	51
 124 005f 01       		.byte	1
 125 0060 34       		.byte	52
 126 0061 0F       		.byte	15
 127 0062 35       		.byte	53
 128 0063 02       		.byte	2
 129 0064 39       		.byte	57
 130 0065 20       		.byte	32
 131 0066 3A       		.byte	58
 132 0067 22       		.byte	34
 133 0068 3F       		.byte	63
 134 0069 04       		.byte	4
 135 006a 54       		.byte	84
 136 006b 18       		.byte	24
 137 006c 58       		.byte	88
 138 006d 04       		.byte	4
 139 006e 59       		.byte	89
 140 006f 04       		.byte	4
 141 0070 5B       		.byte	91
 142 0071 04       		.byte	4
 143 0072 5F       		.byte	95
 144 0073 01       		.byte	1
 145 0074 84       		.byte	-124
 146 0075 14       		.byte	20
 147 0076 85       		.byte	-123
 148 0077 11       		.byte	17
 149 0078 87       		.byte	-121
 150 0079 0E       		.byte	14
 151 007a 89       		.byte	-119
 152 007b 0C       		.byte	12
 153 007c 8B       		.byte	-117
 154 007d 13       		.byte	19
 155 007e 8C       		.byte	-116
 156 007f 10       		.byte	16
 157 0080 8D       		.byte	-115
 158 0081 20       		.byte	32
 159 0082 8E       		.byte	-114
 160 0083 40       		.byte	64
 161 0084 8F       		.byte	-113
 162 0085 03       		.byte	3
 163 0086 90       		.byte	-112
 164 0087 10       		.byte	16
 165 0088 91       		.byte	-111
 166 0089 11       		.byte	17
 167 008a 92       		.byte	-110
 168 008b AC       		.byte	-84
 169 008c 93       		.byte	-109
 170 008d 06       		.byte	6
 171 008e 94       		.byte	-108
ARM GAS  C:\Users\Gemma\AppData\Local\Temp\ccCXltcM.s 			page 4


 172 008f 09       		.byte	9
 173 0090 96       		.byte	-106
 174 0091 D0       		.byte	-48
 175 0092 9B       		.byte	-101
 176 0093 0C       		.byte	12
 177 0094 9E       		.byte	-98
 178 0095 03       		.byte	3
 179 0096 A2       		.byte	-94
 180 0097 20       		.byte	32
 181 0098 A3       		.byte	-93
 182 0099 08       		.byte	8
 183 009a A4       		.byte	-92
 184 009b 0C       		.byte	12
 185 009c A6       		.byte	-90
 186 009d 71       		.byte	113
 187 009e A8       		.byte	-88
 188 009f DC       		.byte	-36
 189 00a0 AA       		.byte	-86
 190 00a1 22       		.byte	34
 191 00a2 B3       		.byte	-77
 192 00a3 0F       		.byte	15
 193 00a4 B4       		.byte	-76
 194 00a5 E0       		.byte	-32
 195 00a6 B5       		.byte	-75
 196 00a7 30       		.byte	48
 197 00a8 B6       		.byte	-74
 198 00a9 1F       		.byte	31
 199 00aa B9       		.byte	-71
 200 00ab 20       		.byte	32
 201 00ac BA       		.byte	-70
 202 00ad 20       		.byte	32
 203 00ae BB       		.byte	-69
 204 00af 08       		.byte	8
 205 00b0 C0       		.byte	-64
 206 00b1 02       		.byte	2
 207 00b2 C5       		.byte	-59
 208 00b3 40       		.byte	64
 209 00b4 C9       		.byte	-55
 210 00b5 FF       		.byte	-1
 211 00b6 CA       		.byte	-54
 212 00b7 07       		.byte	7
 213 00b8 CB       		.byte	-53
 214 00b9 FF       		.byte	-1
 215 00ba CC       		.byte	-52
 216 00bb 40       		.byte	64
 217 00bc CD       		.byte	-51
 218 00bd 20       		.byte	32
 219 00be CE       		.byte	-50
 220 00bf F0       		.byte	-16
 221 00c0 CF       		.byte	-49
 222 00c1 05       		.byte	5
 223 00c2 D0       		.byte	-48
 224 00c3 08       		.byte	8
 225 00c4 D8       		.byte	-40
 226 00c5 04       		.byte	4
 227 00c6 D9       		.byte	-39
 228 00c7 04       		.byte	4
ARM GAS  C:\Users\Gemma\AppData\Local\Temp\ccCXltcM.s 			page 5


 229 00c8 DA       		.byte	-38
 230 00c9 04       		.byte	4
 231 00ca DF       		.byte	-33
 232 00cb 01       		.byte	1
 233 00cc E0       		.byte	-32
 234 00cd 40       		.byte	64
 235 00ce E1       		.byte	-31
 236 00cf A8       		.byte	-88
 237 00d0 E2       		.byte	-30
 238 00d1 40       		.byte	64
 239 00d2 E3       		.byte	-29
 240 00d3 20       		.byte	32
 241 00d4 00       		.byte	0
 242 00d5 80       		.byte	-128
 243 00d6 02       		.byte	2
 244 00d7 10       		.byte	16
 245 00d8 05       		.byte	5
 246 00d9 11       		.byte	17
 247 00da 07       		.byte	7
 248 00db 10       		.byte	16
 249 00dc 09       		.byte	9
 250 00dd 02       		.byte	2
 251 00de 0A       		.byte	10
 252 00df 21       		.byte	33
 253 00e0 0C       		.byte	12
 254 00e1 40       		.byte	64
 255 00e2 0D       		.byte	13
 256 00e3 08       		.byte	8
 257 00e4 0E       		.byte	14
 258 00e5 04       		.byte	4
 259 00e6 0F       		.byte	15
 260 00e7 40       		.byte	64
 261 00e8 10       		.byte	16
 262 00e9 80       		.byte	-128
 263 00ea 11       		.byte	17
 264 00eb 04       		.byte	4
 265 00ec 13       		.byte	19
 266 00ed 10       		.byte	16
 267 00ee 16       		.byte	22
 268 00ef 06       		.byte	6
 269 00f0 17       		.byte	23
 270 00f1 05       		.byte	5
 271 00f2 18       		.byte	24
 272 00f3 08       		.byte	8
 273 00f4 1A       		.byte	26
 274 00f5 01       		.byte	1
 275 00f6 1C       		.byte	28
 276 00f7 40       		.byte	64
 277 00f8 1D       		.byte	29
 278 00f9 01       		.byte	1
 279 00fa 1E       		.byte	30
 280 00fb 04       		.byte	4
 281 00fc 1F       		.byte	31
 282 00fd 10       		.byte	16
 283 00fe 22       		.byte	34
 284 00ff 30       		.byte	48
 285 0100 23       		.byte	35
ARM GAS  C:\Users\Gemma\AppData\Local\Temp\ccCXltcM.s 			page 6


 286 0101 10       		.byte	16
 287 0102 24       		.byte	36
 288 0103 20       		.byte	32
 289 0104 27       		.byte	39
 290 0105 08       		.byte	8
 291 0106 29       		.byte	41
 292 0107 02       		.byte	2
 293 0108 2F       		.byte	47
 294 0109 28       		.byte	40
 295 010a 31       		.byte	49
 296 010b 02       		.byte	2
 297 010c 32       		.byte	50
 298 010d 10       		.byte	16
 299 010e 34       		.byte	52
 300 010f 40       		.byte	64
 301 0110 37       		.byte	55
 302 0111 08       		.byte	8
 303 0112 38       		.byte	56
 304 0113 88       		.byte	-120
 305 0114 39       		.byte	57
 306 0115 04       		.byte	4
 307 0116 3B       		.byte	59
 308 0117 10       		.byte	16
 309 0118 3C       		.byte	60
 310 0119 40       		.byte	64
 311 011a 3E       		.byte	62
 312 011b 04       		.byte	4
 313 011c 40       		.byte	64
 314 011d 04       		.byte	4
 315 011e 48       		.byte	72
 316 011f 40       		.byte	64
 317 0120 49       		.byte	73
 318 0121 02       		.byte	2
 319 0122 50       		.byte	80
 320 0123 C0       		.byte	-64
 321 0124 5E       		.byte	94
 322 0125 02       		.byte	2
 323 0126 65       		.byte	101
 324 0127 80       		.byte	-128
 325 0128 66       		.byte	102
 326 0129 20       		.byte	32
 327 012a C0       		.byte	-64
 328 012b 75       		.byte	117
 329 012c C2       		.byte	-62
 330 012d FD       		.byte	-3
 331 012e C4       		.byte	-60
 332 012f FE       		.byte	-2
 333 0130 CA       		.byte	-54
 334 0131 61       		.byte	97
 335 0132 CC       		.byte	-52
 336 0133 55       		.byte	85
 337 0134 CE       		.byte	-50
 338 0135 5E       		.byte	94
 339 0136 D0       		.byte	-48
 340 0137 04       		.byte	4
 341 0138 D6       		.byte	-42
 342 0139 80       		.byte	-128
ARM GAS  C:\Users\Gemma\AppData\Local\Temp\ccCXltcM.s 			page 7


 343 013a D8       		.byte	-40
 344 013b 30       		.byte	48
 345 013c 02       		.byte	2
 346 013d 04       		.byte	4
 347 013e 04       		.byte	4
 348 013f 18       		.byte	24
 349 0140 05       		.byte	5
 350 0141 01       		.byte	1
 351 0142 08       		.byte	8
 352 0143 C0       		.byte	-64
 353 0144 09       		.byte	9
 354 0145 1C       		.byte	28
 355 0146 0B       		.byte	11
 356 0147 02       		.byte	2
 357 0148 0C       		.byte	12
 358 0149 FF       		.byte	-1
 359 014a 0D       		.byte	13
 360 014b 1E       		.byte	30
 361 014c 10       		.byte	16
 362 014d 3C       		.byte	60
 363 014e 11       		.byte	17
 364 014f 08       		.byte	8
 365 0150 12       		.byte	18
 366 0151 C2       		.byte	-62
 367 0152 14       		.byte	20
 368 0153 80       		.byte	-128
 369 0154 17       		.byte	23
 370 0155 02       		.byte	2
 371 0156 18       		.byte	24
 372 0157 E7       		.byte	-25
 373 0158 19       		.byte	25
 374 0159 04       		.byte	4
 375 015a 1A       		.byte	26
 376 015b 18       		.byte	24
 377 015c 1C       		.byte	28
 378 015d 1C       		.byte	28
 379 015e 1D       		.byte	29
 380 015f 1C       		.byte	28
 381 0160 1E       		.byte	30
 382 0161 E1       		.byte	-31
 383 0162 1F       		.byte	31
 384 0163 02       		.byte	2
 385 0164 20       		.byte	32
 386 0165 10       		.byte	16
 387 0166 21       		.byte	33
 388 0167 01       		.byte	1
 389 0168 25       		.byte	37
 390 0169 12       		.byte	18
 391 016a 26       		.byte	38
 392 016b E3       		.byte	-29
 393 016c 27       		.byte	39
 394 016d 0C       		.byte	12
 395 016e 28       		.byte	40
 396 016f 08       		.byte	8
 397 0170 29       		.byte	41
 398 0171 0C       		.byte	12
 399 0172 2C       		.byte	44
ARM GAS  C:\Users\Gemma\AppData\Local\Temp\ccCXltcM.s 			page 8


 400 0173 44       		.byte	68
 401 0174 2D       		.byte	45
 402 0175 01       		.byte	1
 403 0176 30       		.byte	48
 404 0177 38       		.byte	56
 405 0178 31       		.byte	49
 406 0179 0E       		.byte	14
 407 017a 32       		.byte	50
 408 017b 1F       		.byte	31
 409 017c 35       		.byte	53
 410 017d 01       		.byte	1
 411 017e 36       		.byte	54
 412 017f C0       		.byte	-64
 413 0180 37       		.byte	55
 414 0181 10       		.byte	16
 415 0182 3A       		.byte	58
 416 0183 08       		.byte	8
 417 0184 3B       		.byte	59
 418 0185 02       		.byte	2
 419 0186 3F       		.byte	63
 420 0187 40       		.byte	64
 421 0188 56       		.byte	86
 422 0189 02       		.byte	2
 423 018a 57       		.byte	87
 424 018b 10       		.byte	16
 425 018c 58       		.byte	88
 426 018d 04       		.byte	4
 427 018e 59       		.byte	89
 428 018f 04       		.byte	4
 429 0190 5B       		.byte	91
 430 0191 04       		.byte	4
 431 0192 5F       		.byte	95
 432 0193 01       		.byte	1
 433 0194 85       		.byte	-123
 434 0195 03       		.byte	3
 435 0196 87       		.byte	-121
 436 0197 04       		.byte	4
 437 0198 89       		.byte	-119
 438 0199 0A       		.byte	10
 439 019a 8B       		.byte	-117
 440 019b 04       		.byte	4
 441 019c 8F       		.byte	-113
 442 019d 05       		.byte	5
 443 019e 91       		.byte	-111
 444 019f 03       		.byte	3
 445 01a0 93       		.byte	-109
 446 01a1 0C       		.byte	12
 447 01a2 9B       		.byte	-101
 448 01a3 08       		.byte	8
 449 01a4 9C       		.byte	-100
 450 01a5 01       		.byte	1
 451 01a6 9D       		.byte	-99
 452 01a7 03       		.byte	3
 453 01a8 9F       		.byte	-97
 454 01a9 04       		.byte	4
 455 01aa B1       		.byte	-79
 456 01ab 0F       		.byte	15
ARM GAS  C:\Users\Gemma\AppData\Local\Temp\ccCXltcM.s 			page 9


 457 01ac B2       		.byte	-78
 458 01ad 01       		.byte	1
 459 01ae BB       		.byte	-69
 460 01af 02       		.byte	2
 461 01b0 BE       		.byte	-66
 462 01b1 04       		.byte	4
 463 01b2 D8       		.byte	-40
 464 01b3 04       		.byte	4
 465 01b4 D9       		.byte	-39
 466 01b5 04       		.byte	4
 467 01b6 DF       		.byte	-33
 468 01b7 01       		.byte	1
 469 01b8 04       		.byte	4
 470 01b9 40       		.byte	64
 471 01ba 05       		.byte	5
 472 01bb 10       		.byte	16
 473 01bc 07       		.byte	7
 474 01bd 50       		.byte	80
 475 01be 0A       		.byte	10
 476 01bf 01       		.byte	1
 477 01c0 0C       		.byte	12
 478 01c1 50       		.byte	80
 479 01c2 0D       		.byte	13
 480 01c3 08       		.byte	8
 481 01c4 0F       		.byte	15
 482 01c5 40       		.byte	64
 483 01c6 16       		.byte	22
 484 01c7 06       		.byte	6
 485 01c8 17       		.byte	23
 486 01c9 05       		.byte	5
 487 01ca 1A       		.byte	26
 488 01cb 20       		.byte	32
 489 01cc 1C       		.byte	28
 490 01cd 10       		.byte	16
 491 01ce 1E       		.byte	30
 492 01cf 42       		.byte	66
 493 01d0 1F       		.byte	31
 494 01d1 08       		.byte	8
 495 01d2 21       		.byte	33
 496 01d3 02       		.byte	2
 497 01d4 26       		.byte	38
 498 01d5 40       		.byte	64
 499 01d6 27       		.byte	39
 500 01d7 84       		.byte	-124
 501 01d8 2C       		.byte	44
 502 01d9 18       		.byte	24
 503 01da 2F       		.byte	47
 504 01db 92       		.byte	-110
 505 01dc 30       		.byte	48
 506 01dd 80       		.byte	-128
 507 01de 31       		.byte	49
 508 01df 02       		.byte	2
 509 01e0 32       		.byte	50
 510 01e1 20       		.byte	32
 511 01e2 34       		.byte	52
 512 01e3 40       		.byte	64
 513 01e4 35       		.byte	53
ARM GAS  C:\Users\Gemma\AppData\Local\Temp\ccCXltcM.s 			page 10


 514 01e5 20       		.byte	32
 515 01e6 37       		.byte	55
 516 01e7 85       		.byte	-123
 517 01e8 38       		.byte	56
 518 01e9 88       		.byte	-120
 519 01ea 3B       		.byte	59
 520 01eb 10       		.byte	16
 521 01ec 3C       		.byte	60
 522 01ed 50       		.byte	80
 523 01ee 3D       		.byte	61
 524 01ef 08       		.byte	8
 525 01f0 3E       		.byte	62
 526 01f1 80       		.byte	-128
 527 01f2 4A       		.byte	74
 528 01f3 08       		.byte	8
 529 01f4 4B       		.byte	75
 530 01f5 20       		.byte	32
 531 01f6 5E       		.byte	94
 532 01f7 80       		.byte	-128
 533 01f8 6D       		.byte	109
 534 01f9 08       		.byte	8
 535 01fa 6E       		.byte	110
 536 01fb 20       		.byte	32
 537 01fc 6F       		.byte	111
 538 01fd 02       		.byte	2
 539 01fe 74       		.byte	116
 540 01ff 08       		.byte	8
 541 0200 75       		.byte	117
 542 0201 20       		.byte	32
 543 0202 76       		.byte	118
 544 0203 04       		.byte	4
 545 0204 77       		.byte	119
 546 0205 11       		.byte	17
 547 0206 82       		.byte	-126
 548 0207 10       		.byte	16
 549 0208 8B       		.byte	-117
 550 0209 48       		.byte	72
 551 020a 90       		.byte	-112
 552 020b C8       		.byte	-56
 553 020c 92       		.byte	-110
 554 020d 01       		.byte	1
 555 020e 93       		.byte	-109
 556 020f 30       		.byte	48
 557 0210 94       		.byte	-108
 558 0211 04       		.byte	4
 559 0212 97       		.byte	-105
 560 0213 40       		.byte	64
 561 0214 9C       		.byte	-100
 562 0215 40       		.byte	64
 563 0216 9D       		.byte	-99
 564 0217 90       		.byte	-112
 565 0218 9E       		.byte	-98
 566 0219 16       		.byte	22
 567 021a 9F       		.byte	-97
 568 021b 15       		.byte	21
 569 021c A2       		.byte	-94
 570 021d 20       		.byte	32
ARM GAS  C:\Users\Gemma\AppData\Local\Temp\ccCXltcM.s 			page 11


 571 021e A5       		.byte	-91
 572 021f 0A       		.byte	10
 573 0220 A6       		.byte	-90
 574 0221 01       		.byte	1
 575 0222 A7       		.byte	-89
 576 0223 28       		.byte	40
 577 0224 A8       		.byte	-88
 578 0225 10       		.byte	16
 579 0226 AA       		.byte	-86
 580 0227 20       		.byte	32
 581 0228 C0       		.byte	-64
 582 0229 F0       		.byte	-16
 583 022a C2       		.byte	-62
 584 022b F1       		.byte	-15
 585 022c C4       		.byte	-60
 586 022d F0       		.byte	-16
 587 022e CA       		.byte	-54
 588 022f F0       		.byte	-16
 589 0230 CC       		.byte	-52
 590 0231 FD       		.byte	-3
 591 0232 CE       		.byte	-50
 592 0233 7E       		.byte	126
 593 0234 D6       		.byte	-42
 594 0235 10       		.byte	16
 595 0236 E4       		.byte	-28
 596 0237 04       		.byte	4
 597 0238 05       		.byte	5
 598 0239 06       		.byte	6
 599 023a 09       		.byte	9
 600 023b 04       		.byte	4
 601 023c 0E       		.byte	14
 602 023d 01       		.byte	1
 603 023e 0F       		.byte	15
 604 023f 02       		.byte	2
 605 0240 10       		.byte	16
 606 0241 01       		.byte	1
 607 0242 11       		.byte	17
 608 0243 06       		.byte	6
 609 0244 22       		.byte	34
 610 0245 01       		.byte	1
 611 0246 24       		.byte	36
 612 0247 01       		.byte	1
 613 0248 25       		.byte	37
 614 0249 01       		.byte	1
 615 024a 2A       		.byte	42
 616 024b 01       		.byte	1
 617 024c 33       		.byte	51
 618 024d 01       		.byte	1
 619 024e 35       		.byte	53
 620 024f 06       		.byte	6
 621 0250 36       		.byte	54
 622 0251 01       		.byte	1
 623 0252 39       		.byte	57
 624 0253 20       		.byte	32
 625 0254 3E       		.byte	62
 626 0255 40       		.byte	64
 627 0256 3F       		.byte	63
ARM GAS  C:\Users\Gemma\AppData\Local\Temp\ccCXltcM.s 			page 12


 628 0257 14       		.byte	20
 629 0258 40       		.byte	64
 630 0259 54       		.byte	84
 631 025a 41       		.byte	65
 632 025b 02       		.byte	2
 633 025c 45       		.byte	69
 634 025d 0E       		.byte	14
 635 025e 46       		.byte	70
 636 025f BC       		.byte	-68
 637 0260 48       		.byte	72
 638 0261 0D       		.byte	13
 639 0262 49       		.byte	73
 640 0263 FF       		.byte	-1
 641 0264 4A       		.byte	74
 642 0265 FF       		.byte	-1
 643 0266 4B       		.byte	75
 644 0267 FF       		.byte	-1
 645 0268 4E       		.byte	78
 646 0269 F0       		.byte	-16
 647 026a 4F       		.byte	79
 648 026b 44       		.byte	68
 649 026c 50       		.byte	80
 650 026d 0C       		.byte	12
 651 026e 54       		.byte	84
 652 026f 01       		.byte	1
 653 0270 58       		.byte	88
 654 0271 04       		.byte	4
 655 0272 59       		.byte	89
 656 0273 04       		.byte	4
 657 0274 5A       		.byte	90
 658 0275 04       		.byte	4
 659 0276 5B       		.byte	91
 660 0277 04       		.byte	4
 661 0278 5F       		.byte	95
 662 0279 01       		.byte	1
 663 027a 66       		.byte	102
 664 027b C0       		.byte	-64
 665 027c 6A       		.byte	106
 666 027d 40       		.byte	64
 667 027e 6B       		.byte	107
 668 027f 02       		.byte	2
 669 0280 81       		.byte	-127
 670 0281 01       		.byte	1
 671 0282 83       		.byte	-125
 672 0283 06       		.byte	6
 673 0284 84       		.byte	-124
 674 0285 04       		.byte	4
 675 0286 85       		.byte	-123
 676 0287 03       		.byte	3
 677 0288 86       		.byte	-122
 678 0289 11       		.byte	17
 679 028a 88       		.byte	-120
 680 028b 01       		.byte	1
 681 028c 8A       		.byte	-118
 682 028d 0E       		.byte	14
 683 028e 92       		.byte	-110
 684 028f 20       		.byte	32
ARM GAS  C:\Users\Gemma\AppData\Local\Temp\ccCXltcM.s 			page 13


 685 0290 94       		.byte	-108
 686 0291 07       		.byte	7
 687 0292 95       		.byte	-107
 688 0293 02       		.byte	2
 689 0294 97       		.byte	-105
 690 0295 01       		.byte	1
 691 0296 98       		.byte	-104
 692 0297 07       		.byte	7
 693 0298 99       		.byte	-103
 694 0299 03       		.byte	3
 695 029a 9E       		.byte	-98
 696 029b 20       		.byte	32
 697 029c AC       		.byte	-84
 698 029d 02       		.byte	2
 699 029e AE       		.byte	-82
 700 029f 11       		.byte	17
 701 02a0 B1       		.byte	-79
 702 02a1 04       		.byte	4
 703 02a2 B2       		.byte	-78
 704 02a3 20       		.byte	32
 705 02a4 B3       		.byte	-77
 706 02a5 03       		.byte	3
 707 02a6 B4       		.byte	-76
 708 02a7 07       		.byte	7
 709 02a8 B6       		.byte	-74
 710 02a9 18       		.byte	24
 711 02aa BE       		.byte	-66
 712 02ab 44       		.byte	68
 713 02ac C0       		.byte	-64
 714 02ad 63       		.byte	99
 715 02ae C1       		.byte	-63
 716 02af 04       		.byte	4
 717 02b0 C2       		.byte	-62
 718 02b1 05       		.byte	5
 719 02b2 C4       		.byte	-60
 720 02b3 01       		.byte	1
 721 02b4 C5       		.byte	-59
 722 02b5 C0       		.byte	-64
 723 02b6 C6       		.byte	-58
 724 02b7 E0       		.byte	-32
 725 02b8 C8       		.byte	-56
 726 02b9 0A       		.byte	10
 727 02ba C9       		.byte	-55
 728 02bb FF       		.byte	-1
 729 02bc CA       		.byte	-54
 730 02bd FF       		.byte	-1
 731 02be CB       		.byte	-53
 732 02bf FF       		.byte	-1
 733 02c0 CC       		.byte	-52
 734 02c1 62       		.byte	98
 735 02c2 CD       		.byte	-51
 736 02c3 A0       		.byte	-96
 737 02c4 CE       		.byte	-50
 738 02c5 F0       		.byte	-16
 739 02c6 CF       		.byte	-49
 740 02c7 41       		.byte	65
 741 02c8 D0       		.byte	-48
ARM GAS  C:\Users\Gemma\AppData\Local\Temp\ccCXltcM.s 			page 14


 742 02c9 0C       		.byte	12
 743 02ca D8       		.byte	-40
 744 02cb 04       		.byte	4
 745 02cc D9       		.byte	-39
 746 02cd 04       		.byte	4
 747 02ce DA       		.byte	-38
 748 02cf 04       		.byte	4
 749 02d0 DF       		.byte	-33
 750 02d1 01       		.byte	1
 751 02d2 E6       		.byte	-26
 752 02d3 40       		.byte	64
 753 02d4 E7       		.byte	-25
 754 02d5 02       		.byte	2
 755 02d6 E9       		.byte	-23
 756 02d7 10       		.byte	16
 757 02d8 EA       		.byte	-22
 758 02d9 30       		.byte	48
 759 02da EB       		.byte	-21
 760 02db 10       		.byte	16
 761 02dc ED       		.byte	-19
 762 02dd 10       		.byte	16
 763 02de EE       		.byte	-18
 764 02df 10       		.byte	16
 765 02e0 EF       		.byte	-17
 766 02e1 12       		.byte	18
 767 02e2 00       		.byte	0
 768 02e3 40       		.byte	64
 769 02e4 05       		.byte	5
 770 02e5 10       		.byte	16
 771 02e6 07       		.byte	7
 772 02e7 20       		.byte	32
 773 02e8 09       		.byte	9
 774 02e9 02       		.byte	2
 775 02ea 0E       		.byte	14
 776 02eb 60       		.byte	96
 777 02ec 0F       		.byte	15
 778 02ed 89       		.byte	-119
 779 02ee 10       		.byte	16
 780 02ef 80       		.byte	-128
 781 02f0 11       		.byte	17
 782 02f1 04       		.byte	4
 783 02f2 13       		.byte	19
 784 02f3 10       		.byte	16
 785 02f4 16       		.byte	22
 786 02f5 02       		.byte	2
 787 02f6 19       		.byte	25
 788 02f7 80       		.byte	-128
 789 02f8 1C       		.byte	28
 790 02f9 20       		.byte	32
 791 02fa 1D       		.byte	29
 792 02fb 90       		.byte	-112
 793 02fc 20       		.byte	32
 794 02fd 04       		.byte	4
 795 02fe 22       		.byte	34
 796 02ff 04       		.byte	4
 797 0300 25       		.byte	37
 798 0301 08       		.byte	8
ARM GAS  C:\Users\Gemma\AppData\Local\Temp\ccCXltcM.s 			page 15


 799 0302 26       		.byte	38
 800 0303 04       		.byte	4
 801 0304 27       		.byte	39
 802 0305 60       		.byte	96
 803 0306 29       		.byte	41
 804 0307 04       		.byte	4
 805 0308 31       		.byte	49
 806 0309 02       		.byte	2
 807 030a 32       		.byte	50
 808 030b 02       		.byte	2
 809 030c 36       		.byte	54
 810 030d 14       		.byte	20
 811 030e 38       		.byte	56
 812 030f C8       		.byte	-56
 813 0310 39       		.byte	57
 814 0311 04       		.byte	4
 815 0312 3A       		.byte	58
 816 0313 08       		.byte	8
 817 0314 3B       		.byte	59
 818 0315 10       		.byte	16
 819 0316 3D       		.byte	61
 820 0317 08       		.byte	8
 821 0318 3E       		.byte	62
 822 0319 02       		.byte	2
 823 031a 3F       		.byte	63
 824 031b 08       		.byte	8
 825 031c 40       		.byte	64
 826 031d 40       		.byte	64
 827 031e 42       		.byte	66
 828 031f 08       		.byte	8
 829 0320 45       		.byte	69
 830 0321 80       		.byte	-128
 831 0322 46       		.byte	70
 832 0323 80       		.byte	-128
 833 0324 47       		.byte	71
 834 0325 04       		.byte	4
 835 0326 49       		.byte	73
 836 0327 04       		.byte	4
 837 0328 4A       		.byte	74
 838 0329 02       		.byte	2
 839 032a 4E       		.byte	78
 840 032b 08       		.byte	8
 841 032c 4F       		.byte	79
 842 032d 81       		.byte	-127
 843 032e 50       		.byte	80
 844 032f 80       		.byte	-128
 845 0330 52       		.byte	82
 846 0331 10       		.byte	16
 847 0332 57       		.byte	87
 848 0333 20       		.byte	32
 849 0334 58       		.byte	88
 850 0335 02       		.byte	2
 851 0336 59       		.byte	89
 852 0337 80       		.byte	-128
 853 0338 5A       		.byte	90
 854 0339 08       		.byte	8
 855 033a 5B       		.byte	91
ARM GAS  C:\Users\Gemma\AppData\Local\Temp\ccCXltcM.s 			page 16


 856 033b 10       		.byte	16
 857 033c 80       		.byte	-128
 858 033d 82       		.byte	-126
 859 033e 81       		.byte	-127
 860 033f 04       		.byte	4
 861 0340 83       		.byte	-125
 862 0341 10       		.byte	16
 863 0342 8A       		.byte	-118
 864 0343 02       		.byte	2
 865 0344 90       		.byte	-112
 866 0345 88       		.byte	-120
 867 0346 92       		.byte	-110
 868 0347 40       		.byte	64
 869 0348 93       		.byte	-109
 870 0349 10       		.byte	16
 871 034a 94       		.byte	-108
 872 034b 04       		.byte	4
 873 034c 9A       		.byte	-102
 874 034d 80       		.byte	-128
 875 034e 9B       		.byte	-101
 876 034f 04       		.byte	4
 877 0350 9D       		.byte	-99
 878 0351 10       		.byte	16
 879 0352 9E       		.byte	-98
 880 0353 12       		.byte	18
 881 0354 9F       		.byte	-97
 882 0355 40       		.byte	64
 883 0356 A1       		.byte	-95
 884 0357 06       		.byte	6
 885 0358 A2       		.byte	-94
 886 0359 18       		.byte	24
 887 035a A4       		.byte	-92
 888 035b 90       		.byte	-112
 889 035c A5       		.byte	-91
 890 035d 08       		.byte	8
 891 035e A7       		.byte	-89
 892 035f 20       		.byte	32
 893 0360 B0       		.byte	-80
 894 0361 10       		.byte	16
 895 0362 B1       		.byte	-79
 896 0363 80       		.byte	-128
 897 0364 B2       		.byte	-78
 898 0365 10       		.byte	16
 899 0366 B3       		.byte	-77
 900 0367 80       		.byte	-128
 901 0368 C0       		.byte	-64
 902 0369 61       		.byte	97
 903 036a C2       		.byte	-62
 904 036b F8       		.byte	-8
 905 036c C4       		.byte	-60
 906 036d 8E       		.byte	-114
 907 036e CA       		.byte	-54
 908 036f 02       		.byte	2
 909 0370 CC       		.byte	-52
 910 0371 61       		.byte	97
 911 0372 CE       		.byte	-50
 912 0373 CE       		.byte	-50
ARM GAS  C:\Users\Gemma\AppData\Local\Temp\ccCXltcM.s 			page 17


 913 0374 D0       		.byte	-48
 914 0375 D5       		.byte	-43
 915 0376 D2       		.byte	-46
 916 0377 38       		.byte	56
 917 0378 D6       		.byte	-42
 918 0379 0F       		.byte	15
 919 037a 81       		.byte	-127
 920 037b 02       		.byte	2
 921 037c 10       		.byte	16
 922 037d 40       		.byte	64
 923 037e 75       		.byte	117
 924 037f 02       		.byte	2
 925 0380 88       		.byte	-120
 926 0381 40       		.byte	64
 927 0382 99       		.byte	-103
 928 0383 02       		.byte	2
 929 0384 C4       		.byte	-60
 930 0385 08       		.byte	8
 931 0386 DE       		.byte	-34
 932 0387 04       		.byte	4
 933 0388 E2       		.byte	-30
 934 0389 01       		.byte	1
 935 038a 00       		.byte	0
 936 038b 01       		.byte	1
 937 038c 0C       		.byte	12
 938 038d 01       		.byte	1
 939 038e 10       		.byte	16
 940 038f 01       		.byte	1
 941 0390 1C       		.byte	28
 942 0391 01       		.byte	1
 943 0392 00       		.byte	0
 944 0393 00       		.byte	0
 945 0394 80       		.byte	-128
 946 0395 80       		.byte	-128
 947 0396 00       		.byte	0
 948 0397 00       		.byte	0
 949 0398 40       		.byte	64
 950 0399 00       		.byte	0
 951 039a 00       		.byte	0
 952 039b 00       		.byte	0
 953 039c 80       		.byte	-128
 954 039d 00       		.byte	0
 955 039e 40       		.byte	64
 956 039f 80       		.byte	-128
 957 03a0 80       		.byte	-128
 958 03a1 00       		.byte	0
 959 03a2 80       		.byte	-128
 960 03a3 00       		.byte	0
 961 03a4 00       		.byte	0
 962 03a5 00       		.byte	0
 963 03a6 00       		.byte	0
 964 03a7 00       		.byte	0
 965 03a8 00       		.byte	0
 966 03a9 0B       		.byte	11
 967 03aa 0B       		.byte	11
 968 03ab 00       		.byte	0
 969 03ac 00       		.byte	0
ARM GAS  C:\Users\Gemma\AppData\Local\Temp\ccCXltcM.s 			page 18


 970 03ad 00       		.byte	0
 971 03ae 00       		.byte	0
 972 03af 00       		.byte	0
 973 03b0 04       		.byte	4
 974 03b1 00       		.byte	0
 975 03b2 00       		.byte	0
 976 03b3 06       		.byte	6
 977 03b4 02       		.byte	2
 978 03b5 00       		.byte	0
 979 03b6 00       		.byte	0
 980 03b7 00       		.byte	0
 981 03b8 00       		.byte	0
 982 03b9 00       		.byte	0
 983 03ba 00       		.byte	0
 984 03bb 00       		.byte	0
 985              		.section	.cywolatch,"a",%progbits
 986              		.align	2
 987              		.type	cy_meta_wonvl, %object
 988              		.size	cy_meta_wonvl, 4
 989              	cy_meta_wonvl:
 990 0000 BC       		.byte	-68
 991 0001 90       		.byte	-112
 992 0002 AC       		.byte	-84
 993 0003 AF       		.byte	-81
 994              		.section	.cycustnvl,"a",%progbits
 995              		.align	2
 996              		.type	cy_meta_custnvl, %object
 997              		.size	cy_meta_custnvl, 4
 998              	cy_meta_custnvl:
 999 0000 20       		.byte	32
 1000 0001 00       		.byte	0
 1001 0002 40       		.byte	64
 1002 0003 05       		.byte	5
 1003              		.section	.cymeta,"a",%progbits
 1004              		.align	2
 1005              		.type	cy_metadata, %object
 1006              		.size	cy_metadata, 12
 1007              	cy_metadata:
 1008 0000 00       		.byte	0
 1009 0001 01       		.byte	1
 1010 0002 2E       		.byte	46
 1011 0003 16       		.byte	22
 1012 0004 10       		.byte	16
 1013 0005 69       		.byte	105
 1014 0006 00       		.byte	0
 1015 0007 01       		.byte	1
 1016 0008 00       		.byte	0
 1017 0009 00       		.byte	0
 1018 000a 00       		.byte	0
 1019 000b 00       		.byte	0
 1020              		.section	.cyflashprotect,"a",%progbits
 1021              		.align	2
 1022              		.type	cy_meta_flashprotect, %object
 1023              		.size	cy_meta_flashprotect, 256
 1024              	cy_meta_flashprotect:
 1025 0000 00000000 		.space	256
 1025      00000000 
ARM GAS  C:\Users\Gemma\AppData\Local\Temp\ccCXltcM.s 			page 19


 1025      00000000 
 1025      00000000 
 1025      00000000 
 1026              		.text
 1027              	.Letext0:
 1028              		.file 1 "c:\\program files (x86)\\cypress\\psoc creator\\4.2\\psoc creator\\import\\gnu\\arm\\5.4.
 1029              		.file 2 "c:\\program files (x86)\\cypress\\psoc creator\\4.2\\psoc creator\\import\\gnu\\arm\\5.4.
 1030              		.file 3 "Generated_Source\\PSoC5\\cymetadata.c"
 1031              		.section	.debug_info,"",%progbits
 1032              	.Ldebug_info0:
 1033 0000 31010000 		.4byte	0x131
 1034 0004 0400     		.2byte	0x4
 1035 0006 00000000 		.4byte	.Ldebug_abbrev0
 1036 000a 04       		.byte	0x4
 1037 000b 01       		.uleb128 0x1
 1038 000c 24000000 		.4byte	.LASF17
 1039 0010 0C       		.byte	0xc
 1040 0011 C6010000 		.4byte	.LASF18
 1041 0015 72010000 		.4byte	.LASF19
 1042 0019 00000000 		.4byte	.Ldebug_line0
 1043 001d 02       		.uleb128 0x2
 1044 001e 01       		.byte	0x1
 1045 001f 06       		.byte	0x6
 1046 0020 BA010000 		.4byte	.LASF0
 1047 0024 03       		.uleb128 0x3
 1048 0025 00000000 		.4byte	.LASF9
 1049 0029 01       		.byte	0x1
 1050 002a 1D       		.byte	0x1d
 1051 002b 2F000000 		.4byte	0x2f
 1052 002f 02       		.uleb128 0x2
 1053 0030 01       		.byte	0x1
 1054 0031 08       		.byte	0x8
 1055 0032 16000000 		.4byte	.LASF1
 1056 0036 02       		.uleb128 0x2
 1057 0037 02       		.byte	0x2
 1058 0038 05       		.byte	0x5
 1059 0039 5F010000 		.4byte	.LASF2
 1060 003d 02       		.uleb128 0x2
 1061 003e 02       		.byte	0x2
 1062 003f 07       		.byte	0x7
 1063 0040 C4000000 		.4byte	.LASF3
 1064 0044 02       		.uleb128 0x2
 1065 0045 04       		.byte	0x4
 1066 0046 05       		.byte	0x5
 1067 0047 69010000 		.4byte	.LASF4
 1068 004b 02       		.uleb128 0x2
 1069 004c 04       		.byte	0x4
 1070 004d 07       		.byte	0x7
 1071 004e B2000000 		.4byte	.LASF5
 1072 0052 02       		.uleb128 0x2
 1073 0053 08       		.byte	0x8
 1074 0054 05       		.byte	0x5
 1075 0055 51010000 		.4byte	.LASF6
 1076 0059 02       		.uleb128 0x2
 1077 005a 08       		.byte	0x8
 1078 005b 07       		.byte	0x7
 1079 005c 06010000 		.4byte	.LASF7
ARM GAS  C:\Users\Gemma\AppData\Local\Temp\ccCXltcM.s 			page 20


 1080 0060 04       		.uleb128 0x4
 1081 0061 04       		.byte	0x4
 1082 0062 05       		.byte	0x5
 1083 0063 696E7400 		.ascii	"int\000"
 1084 0067 02       		.uleb128 0x2
 1085 0068 04       		.byte	0x4
 1086 0069 07       		.byte	0x7
 1087 006a F9000000 		.4byte	.LASF8
 1088 006e 03       		.uleb128 0x3
 1089 006f 1D010000 		.4byte	.LASF10
 1090 0073 02       		.byte	0x2
 1091 0074 18       		.byte	0x18
 1092 0075 24000000 		.4byte	0x24
 1093 0079 05       		.uleb128 0x5
 1094 007a 91000000 		.4byte	0x91
 1095 007e 8A000000 		.4byte	0x8a
 1096 0082 06       		.uleb128 0x6
 1097 0083 8A000000 		.4byte	0x8a
 1098 0087 BB03     		.2byte	0x3bb
 1099 0089 00       		.byte	0
 1100 008a 02       		.uleb128 0x2
 1101 008b 04       		.byte	0x4
 1102 008c 07       		.byte	0x7
 1103 008d 48010000 		.4byte	.LASF11
 1104 0091 07       		.uleb128 0x7
 1105 0092 6E000000 		.4byte	0x6e
 1106 0096 08       		.uleb128 0x8
 1107 0097 E7000000 		.4byte	.LASF12
 1108 009b 03       		.byte	0x3
 1109 009c 1F       		.byte	0x1f
 1110 009d A7000000 		.4byte	0xa7
 1111 00a1 05       		.uleb128 0x5
 1112 00a2 03       		.byte	0x3
 1113 00a3 00000000 		.4byte	cy_meta_configecc
 1114 00a7 07       		.uleb128 0x7
 1115 00a8 79000000 		.4byte	0x79
 1116 00ac 05       		.uleb128 0x5
 1117 00ad 91000000 		.4byte	0x91
 1118 00b1 BC000000 		.4byte	0xbc
 1119 00b5 09       		.uleb128 0x9
 1120 00b6 8A000000 		.4byte	0x8a
 1121 00ba 03       		.byte	0x3
 1122 00bb 00       		.byte	0
 1123 00bc 08       		.uleb128 0x8
 1124 00bd D7000000 		.4byte	.LASF13
 1125 00c1 03       		.byte	0x3
 1126 00c2 A4       		.byte	0xa4
 1127 00c3 CD000000 		.4byte	0xcd
 1128 00c7 05       		.uleb128 0x5
 1129 00c8 03       		.byte	0x3
 1130 00c9 00000000 		.4byte	cy_meta_custnvl
 1131 00cd 07       		.uleb128 0x7
 1132 00ce AC000000 		.4byte	0xac
 1133 00d2 08       		.uleb128 0x8
 1134 00d3 3A010000 		.4byte	.LASF14
 1135 00d7 03       		.byte	0x3
 1136 00d8 B2       		.byte	0xb2
ARM GAS  C:\Users\Gemma\AppData\Local\Temp\ccCXltcM.s 			page 21


 1137 00d9 E3000000 		.4byte	0xe3
 1138 00dd 05       		.uleb128 0x5
 1139 00de 03       		.byte	0x3
 1140 00df 00000000 		.4byte	cy_meta_wonvl
 1141 00e3 07       		.uleb128 0x7
 1142 00e4 AC000000 		.4byte	0xac
 1143 00e8 05       		.uleb128 0x5
 1144 00e9 91000000 		.4byte	0x91
 1145 00ed F8000000 		.4byte	0xf8
 1146 00f1 09       		.uleb128 0x9
 1147 00f2 8A000000 		.4byte	0x8a
 1148 00f6 FF       		.byte	0xff
 1149 00f7 00       		.byte	0
 1150 00f8 08       		.uleb128 0x8
 1151 00f9 25010000 		.4byte	.LASF15
 1152 00fd 03       		.byte	0x3
 1153 00fe C0       		.byte	0xc0
 1154 00ff 09010000 		.4byte	0x109
 1155 0103 05       		.uleb128 0x5
 1156 0104 03       		.byte	0x3
 1157 0105 00000000 		.4byte	cy_meta_flashprotect
 1158 0109 07       		.uleb128 0x7
 1159 010a E8000000 		.4byte	0xe8
 1160 010e 05       		.uleb128 0x5
 1161 010f 91000000 		.4byte	0x91
 1162 0113 1E010000 		.4byte	0x11e
 1163 0117 09       		.uleb128 0x9
 1164 0118 8A000000 		.4byte	0x8a
 1165 011c 0B       		.byte	0xb
 1166 011d 00       		.byte	0
 1167 011e 08       		.uleb128 0x8
 1168 011f 0A000000 		.4byte	.LASF16
 1169 0123 03       		.byte	0x3
 1170 0124 ED       		.byte	0xed
 1171 0125 2F010000 		.4byte	0x12f
 1172 0129 05       		.uleb128 0x5
 1173 012a 03       		.byte	0x3
 1174 012b 00000000 		.4byte	cy_metadata
 1175 012f 07       		.uleb128 0x7
 1176 0130 0E010000 		.4byte	0x10e
 1177 0134 00       		.byte	0
 1178              		.section	.debug_abbrev,"",%progbits
 1179              	.Ldebug_abbrev0:
 1180 0000 01       		.uleb128 0x1
 1181 0001 11       		.uleb128 0x11
 1182 0002 01       		.byte	0x1
 1183 0003 25       		.uleb128 0x25
 1184 0004 0E       		.uleb128 0xe
 1185 0005 13       		.uleb128 0x13
 1186 0006 0B       		.uleb128 0xb
 1187 0007 03       		.uleb128 0x3
 1188 0008 0E       		.uleb128 0xe
 1189 0009 1B       		.uleb128 0x1b
 1190 000a 0E       		.uleb128 0xe
 1191 000b 10       		.uleb128 0x10
 1192 000c 17       		.uleb128 0x17
 1193 000d 00       		.byte	0
ARM GAS  C:\Users\Gemma\AppData\Local\Temp\ccCXltcM.s 			page 22


 1194 000e 00       		.byte	0
 1195 000f 02       		.uleb128 0x2
 1196 0010 24       		.uleb128 0x24
 1197 0011 00       		.byte	0
 1198 0012 0B       		.uleb128 0xb
 1199 0013 0B       		.uleb128 0xb
 1200 0014 3E       		.uleb128 0x3e
 1201 0015 0B       		.uleb128 0xb
 1202 0016 03       		.uleb128 0x3
 1203 0017 0E       		.uleb128 0xe
 1204 0018 00       		.byte	0
 1205 0019 00       		.byte	0
 1206 001a 03       		.uleb128 0x3
 1207 001b 16       		.uleb128 0x16
 1208 001c 00       		.byte	0
 1209 001d 03       		.uleb128 0x3
 1210 001e 0E       		.uleb128 0xe
 1211 001f 3A       		.uleb128 0x3a
 1212 0020 0B       		.uleb128 0xb
 1213 0021 3B       		.uleb128 0x3b
 1214 0022 0B       		.uleb128 0xb
 1215 0023 49       		.uleb128 0x49
 1216 0024 13       		.uleb128 0x13
 1217 0025 00       		.byte	0
 1218 0026 00       		.byte	0
 1219 0027 04       		.uleb128 0x4
 1220 0028 24       		.uleb128 0x24
 1221 0029 00       		.byte	0
 1222 002a 0B       		.uleb128 0xb
 1223 002b 0B       		.uleb128 0xb
 1224 002c 3E       		.uleb128 0x3e
 1225 002d 0B       		.uleb128 0xb
 1226 002e 03       		.uleb128 0x3
 1227 002f 08       		.uleb128 0x8
 1228 0030 00       		.byte	0
 1229 0031 00       		.byte	0
 1230 0032 05       		.uleb128 0x5
 1231 0033 01       		.uleb128 0x1
 1232 0034 01       		.byte	0x1
 1233 0035 49       		.uleb128 0x49
 1234 0036 13       		.uleb128 0x13
 1235 0037 01       		.uleb128 0x1
 1236 0038 13       		.uleb128 0x13
 1237 0039 00       		.byte	0
 1238 003a 00       		.byte	0
 1239 003b 06       		.uleb128 0x6
 1240 003c 21       		.uleb128 0x21
 1241 003d 00       		.byte	0
 1242 003e 49       		.uleb128 0x49
 1243 003f 13       		.uleb128 0x13
 1244 0040 2F       		.uleb128 0x2f
 1245 0041 05       		.uleb128 0x5
 1246 0042 00       		.byte	0
 1247 0043 00       		.byte	0
 1248 0044 07       		.uleb128 0x7
 1249 0045 26       		.uleb128 0x26
 1250 0046 00       		.byte	0
ARM GAS  C:\Users\Gemma\AppData\Local\Temp\ccCXltcM.s 			page 23


 1251 0047 49       		.uleb128 0x49
 1252 0048 13       		.uleb128 0x13
 1253 0049 00       		.byte	0
 1254 004a 00       		.byte	0
 1255 004b 08       		.uleb128 0x8
 1256 004c 34       		.uleb128 0x34
 1257 004d 00       		.byte	0
 1258 004e 03       		.uleb128 0x3
 1259 004f 0E       		.uleb128 0xe
 1260 0050 3A       		.uleb128 0x3a
 1261 0051 0B       		.uleb128 0xb
 1262 0052 3B       		.uleb128 0x3b
 1263 0053 0B       		.uleb128 0xb
 1264 0054 49       		.uleb128 0x49
 1265 0055 13       		.uleb128 0x13
 1266 0056 3F       		.uleb128 0x3f
 1267 0057 19       		.uleb128 0x19
 1268 0058 02       		.uleb128 0x2
 1269 0059 18       		.uleb128 0x18
 1270 005a 00       		.byte	0
 1271 005b 00       		.byte	0
 1272 005c 09       		.uleb128 0x9
 1273 005d 21       		.uleb128 0x21
 1274 005e 00       		.byte	0
 1275 005f 49       		.uleb128 0x49
 1276 0060 13       		.uleb128 0x13
 1277 0061 2F       		.uleb128 0x2f
 1278 0062 0B       		.uleb128 0xb
 1279 0063 00       		.byte	0
 1280 0064 00       		.byte	0
 1281 0065 00       		.byte	0
 1282              		.section	.debug_aranges,"",%progbits
 1283 0000 14000000 		.4byte	0x14
 1284 0004 0200     		.2byte	0x2
 1285 0006 00000000 		.4byte	.Ldebug_info0
 1286 000a 04       		.byte	0x4
 1287 000b 00       		.byte	0
 1288 000c 0000     		.2byte	0
 1289 000e 0000     		.2byte	0
 1290 0010 00000000 		.4byte	0
 1291 0014 00000000 		.4byte	0
 1292              		.section	.debug_line,"",%progbits
 1293              	.Ldebug_line0:
 1294 0000 3D010000 		.section	.debug_str,"MS",%progbits,1
 1294      02003701 
 1294      00000201 
 1294      FB0E0D00 
 1294      01010101 
 1295              	.LASF9:
 1296 0000 5F5F7569 		.ascii	"__uint8_t\000"
 1296      6E74385F 
 1296      7400
 1297              	.LASF16:
 1298 000a 63795F6D 		.ascii	"cy_metadata\000"
 1298      65746164 
 1298      61746100 
 1299              	.LASF1:
ARM GAS  C:\Users\Gemma\AppData\Local\Temp\ccCXltcM.s 			page 24


 1300 0016 756E7369 		.ascii	"unsigned char\000"
 1300      676E6564 
 1300      20636861 
 1300      7200
 1301              	.LASF17:
 1302 0024 474E5520 		.ascii	"GNU C11 5.4.1 20160609 (release) [ARM/embedded-5-br"
 1302      43313120 
 1302      352E342E 
 1302      31203230 
 1302      31363036 
 1303 0057 616E6368 		.ascii	"anch revision 237715] -mcpu=cortex-m3 -mthumb -g -O"
 1303      20726576 
 1303      6973696F 
 1303      6E203233 
 1303      37373135 
 1304 008a 67202D66 		.ascii	"g -ffunction-sections -ffat-lto-objects\000"
 1304      66756E63 
 1304      74696F6E 
 1304      2D736563 
 1304      74696F6E 
 1305              	.LASF5:
 1306 00b2 6C6F6E67 		.ascii	"long unsigned int\000"
 1306      20756E73 
 1306      69676E65 
 1306      6420696E 
 1306      7400
 1307              	.LASF3:
 1308 00c4 73686F72 		.ascii	"short unsigned int\000"
 1308      7420756E 
 1308      7369676E 
 1308      65642069 
 1308      6E7400
 1309              	.LASF13:
 1310 00d7 63795F6D 		.ascii	"cy_meta_custnvl\000"
 1310      6574615F 
 1310      63757374 
 1310      6E766C00 
 1311              	.LASF12:
 1312 00e7 63795F6D 		.ascii	"cy_meta_configecc\000"
 1312      6574615F 
 1312      636F6E66 
 1312      69676563 
 1312      6300
 1313              	.LASF8:
 1314 00f9 756E7369 		.ascii	"unsigned int\000"
 1314      676E6564 
 1314      20696E74 
 1314      00
 1315              	.LASF7:
 1316 0106 6C6F6E67 		.ascii	"long long unsigned int\000"
 1316      206C6F6E 
 1316      6720756E 
 1316      7369676E 
 1316      65642069 
 1317              	.LASF10:
 1318 011d 75696E74 		.ascii	"uint8_t\000"
 1318      385F7400 
ARM GAS  C:\Users\Gemma\AppData\Local\Temp\ccCXltcM.s 			page 25


 1319              	.LASF15:
 1320 0125 63795F6D 		.ascii	"cy_meta_flashprotect\000"
 1320      6574615F 
 1320      666C6173 
 1320      6870726F 
 1320      74656374 
 1321              	.LASF14:
 1322 013a 63795F6D 		.ascii	"cy_meta_wonvl\000"
 1322      6574615F 
 1322      776F6E76 
 1322      6C00
 1323              	.LASF11:
 1324 0148 73697A65 		.ascii	"sizetype\000"
 1324      74797065 
 1324      00
 1325              	.LASF6:
 1326 0151 6C6F6E67 		.ascii	"long long int\000"
 1326      206C6F6E 
 1326      6720696E 
 1326      7400
 1327              	.LASF2:
 1328 015f 73686F72 		.ascii	"short int\000"
 1328      7420696E 
 1328      7400
 1329              	.LASF4:
 1330 0169 6C6F6E67 		.ascii	"long int\000"
 1330      20696E74 
 1330      00
 1331              	.LASF19:
 1332 0172 433A5C55 		.ascii	"C:\\Users\\Gemma\\Desktop\\PSoC\\GemmaQ_Assignment2"
 1332      73657273 
 1332      5C47656D 
 1332      6D615C44 
 1332      65736B74 
 1333 01a0 5C47656D 		.ascii	"\\GemmaQ_Assignment2.cydsn\000"
 1333      6D61515F 
 1333      41737369 
 1333      676E6D65 
 1333      6E74322E 
 1334              	.LASF0:
 1335 01ba 7369676E 		.ascii	"signed char\000"
 1335      65642063 
 1335      68617200 
 1336              	.LASF18:
 1337 01c6 47656E65 		.ascii	"Generated_Source\\PSoC5\\cymetadata.c\000"
 1337      72617465 
 1337      645F536F 
 1337      75726365 
 1337      5C50536F 
 1338              		.ident	"GCC: (GNU Tools for ARM Embedded Processors) 5.4.1 20160609 (release) [ARM/embedded-5-bran
