ARM GAS  C:\Users\Gemma\AppData\Local\Temp\ccrhuY44.s 			page 1


   1              		.syntax unified
   2              		.cpu cortex-m3
   3              		.fpu softvfp
   4              		.eabi_attribute 20, 1
   5              		.eabi_attribute 21, 1
   6              		.eabi_attribute 23, 3
   7              		.eabi_attribute 24, 1
   8              		.eabi_attribute 25, 1
   9              		.eabi_attribute 26, 1
  10              		.eabi_attribute 30, 1
  11              		.eabi_attribute 34, 1
  12              		.eabi_attribute 18, 4
  13              		.thumb
  14              		.syntax unified
  15              		.file	"main.c"
  16              		.text
  17              	.Ltext0:
  18              		.cfi_sections	.debug_frame
  19              		.section	.text.main,"ax",%progbits
  20              		.align	2
  21              		.global	main
  22              		.thumb
  23              		.thumb_func
  24              		.type	main, %function
  25              	main:
  26              	.LFB63:
  27              		.file 1 "main.c"
   1:main.c        **** /* ========================================
   2:main.c        ****  *
   3:main.c        ****  * Copyright YOUR COMPANY, THE YEAR
   4:main.c        ****  * All Rights Reserved
   5:main.c        ****  * UNPUBLISHED, LICENSED SOFTWARE.
   6:main.c        ****  *
   7:main.c        ****  * CONFIDENTIAL AND PROPRIETARY INFORMATION
   8:main.c        ****  * WHICH IS THE PROPERTY OF your company.
   9:main.c        ****  *
  10:main.c        ****  * ========================================
  11:main.c        **** */
  12:main.c        **** #include "project.h"
  13:main.c        **** #define ON 1
  14:main.c        **** #define OFF 0
  15:main.c        **** 
  16:main.c        **** int main(void)
  17:main.c        **** {
  28              		.loc 1 17 0
  29              		.cfi_startproc
  30              		@ Volatile: function does not return.
  31              		@ args = 0, pretend = 0, frame = 0
  32              		@ frame_needed = 0, uses_anonymous_args = 0
  33 0000 08B5     		push	{r3, lr}
  34              		.cfi_def_cfa_offset 8
  35              		.cfi_offset 3, -8
  36              		.cfi_offset 14, -4
  18:main.c        ****     CyGlobalIntEnable; /* Enable global interrupts. */
  37              		.loc 1 18 0
  38              		.syntax unified
  39              	@ 18 "main.c" 1
ARM GAS  C:\Users\Gemma\AppData\Local\Temp\ccrhuY44.s 			page 2


  40 0002 62B6     		CPSIE   i
  41              	@ 0 "" 2
  19:main.c        **** 
  20:main.c        ****     /* Place your initialization/startup code here (e.g. MyInst_Start()) */
  21:main.c        **** 
  22:main.c        ****     Button_isr_Start();
  42              		.loc 1 22 0
  43              		.thumb
  44              		.syntax unified
  45 0004 FFF7FEFF 		bl	Button_isr_Start
  46              	.LVL0:
  23:main.c        ****     UART_Start();
  47              		.loc 1 23 0
  48 0008 FFF7FEFF 		bl	UART_Start
  49              	.LVL1:
  24:main.c        ****     //char isr_text[20] = {"Interrupt event!\r\n"};
  25:main.c        ****     
  26:main.c        ****     UART_PutString("Hello!\r\n");
  50              		.loc 1 26 0
  51 000c 0348     		ldr	r0, .L4
  52 000e FFF7FEFF 		bl	UART_PutString
  53              	.LVL2:
  54              	.L2:
  27:main.c        ****     
  28:main.c        ****     for(;;)
  29:main.c        ****     {
  30:main.c        ****         /* Place your application code here. */
  31:main.c        ****         BlueLED_Write(ON);
  55              		.loc 1 31 0 discriminator 1
  56 0012 0120     		movs	r0, #1
  57 0014 FFF7FEFF 		bl	BlueLED_Write
  58              	.LVL3:
  59 0018 FBE7     		b	.L2
  60              	.L5:
  61 001a 00BF     		.align	2
  62              	.L4:
  63 001c 00000000 		.word	.LC0
  64              		.cfi_endproc
  65              	.LFE63:
  66              		.size	main, .-main
  67              		.section	.rodata.str1.4,"aMS",%progbits,1
  68              		.align	2
  69              	.LC0:
  70 0000 48656C6C 		.ascii	"Hello!\015\012\000"
  70      6F210D0A 
  70      00
  71              		.text
  72              	.Letext0:
  73              		.file 2 "c:\\program files (x86)\\cypress\\psoc creator\\4.2\\psoc creator\\import\\gnu\\arm\\5.4.
  74              		.file 3 "c:\\program files (x86)\\cypress\\psoc creator\\4.2\\psoc creator\\import\\gnu\\arm\\5.4.
  75              		.file 4 "Generated_Source\\PSoC5/Button_isr.h"
  76              		.file 5 "Generated_Source\\PSoC5/UART.h"
  77              		.file 6 "Generated_Source\\PSoC5/BlueLED.h"
  78              		.file 7 "Generated_Source\\PSoC5/core_cm3.h"
  79              		.section	.debug_info,"",%progbits
  80              	.Ldebug_info0:
  81 0000 30010000 		.4byte	0x130
ARM GAS  C:\Users\Gemma\AppData\Local\Temp\ccrhuY44.s 			page 3


  82 0004 0400     		.2byte	0x4
  83 0006 00000000 		.4byte	.Ldebug_abbrev0
  84 000a 04       		.byte	0x4
  85 000b 01       		.uleb128 0x1
  86 000c 47000000 		.4byte	.LASF20
  87 0010 0C       		.byte	0xc
  88 0011 3B000000 		.4byte	.LASF21
  89 0015 5A010000 		.4byte	.LASF22
  90 0019 00000000 		.4byte	.Ldebug_ranges0+0
  91 001d 00000000 		.4byte	0
  92 0021 00000000 		.4byte	.Ldebug_line0
  93 0025 02       		.uleb128 0x2
  94 0026 01       		.byte	0x1
  95 0027 06       		.byte	0x6
  96 0028 A2010000 		.4byte	.LASF0
  97 002c 02       		.uleb128 0x2
  98 002d 01       		.byte	0x1
  99 002e 08       		.byte	0x8
 100 002f 17010000 		.4byte	.LASF1
 101 0033 02       		.uleb128 0x2
 102 0034 02       		.byte	0x2
 103 0035 05       		.byte	0x5
 104 0036 CA010000 		.4byte	.LASF2
 105 003a 02       		.uleb128 0x2
 106 003b 02       		.byte	0x2
 107 003c 07       		.byte	0x7
 108 003d 0E000000 		.4byte	.LASF3
 109 0041 03       		.uleb128 0x3
 110 0042 BA010000 		.4byte	.LASF9
 111 0046 02       		.byte	0x2
 112 0047 3F       		.byte	0x3f
 113 0048 4C000000 		.4byte	0x4c
 114 004c 02       		.uleb128 0x2
 115 004d 04       		.byte	0x4
 116 004e 05       		.byte	0x5
 117 004f 2A010000 		.4byte	.LASF4
 118 0053 02       		.uleb128 0x2
 119 0054 04       		.byte	0x4
 120 0055 07       		.byte	0x7
 121 0056 D5000000 		.4byte	.LASF5
 122 005a 02       		.uleb128 0x2
 123 005b 08       		.byte	0x8
 124 005c 05       		.byte	0x5
 125 005d 00000000 		.4byte	.LASF6
 126 0061 02       		.uleb128 0x2
 127 0062 08       		.byte	0x8
 128 0063 07       		.byte	0x7
 129 0064 E7000000 		.4byte	.LASF7
 130 0068 04       		.uleb128 0x4
 131 0069 04       		.byte	0x4
 132 006a 05       		.byte	0x5
 133 006b 696E7400 		.ascii	"int\000"
 134 006f 02       		.uleb128 0x2
 135 0070 04       		.byte	0x4
 136 0071 07       		.byte	0x7
 137 0072 2E000000 		.4byte	.LASF8
 138 0076 03       		.uleb128 0x3
ARM GAS  C:\Users\Gemma\AppData\Local\Temp\ccrhuY44.s 			page 4


 139 0077 D4010000 		.4byte	.LASF10
 140 007b 03       		.byte	0x3
 141 007c 2C       		.byte	0x2c
 142 007d 41000000 		.4byte	0x41
 143 0081 02       		.uleb128 0x2
 144 0082 04       		.byte	0x4
 145 0083 04       		.byte	0x4
 146 0084 C4010000 		.4byte	.LASF11
 147 0088 02       		.uleb128 0x2
 148 0089 08       		.byte	0x8
 149 008a 04       		.byte	0x4
 150 008b 44010000 		.4byte	.LASF12
 151 008f 02       		.uleb128 0x2
 152 0090 01       		.byte	0x1
 153 0091 08       		.byte	0x8
 154 0092 25010000 		.4byte	.LASF13
 155 0096 02       		.uleb128 0x2
 156 0097 08       		.byte	0x8
 157 0098 04       		.byte	0x4
 158 0099 AE010000 		.4byte	.LASF14
 159 009d 02       		.uleb128 0x2
 160 009e 04       		.byte	0x4
 161 009f 07       		.byte	0x7
 162 00a0 DC010000 		.4byte	.LASF15
 163 00a4 05       		.uleb128 0x5
 164 00a5 42000000 		.4byte	.LASF23
 165 00a9 01       		.byte	0x1
 166 00aa 10       		.byte	0x10
 167 00ab 68000000 		.4byte	0x68
 168 00af 00000000 		.4byte	.LFB63
 169 00b3 20000000 		.4byte	.LFE63-.LFB63
 170 00b7 01       		.uleb128 0x1
 171 00b8 9C       		.byte	0x9c
 172 00b9 F6000000 		.4byte	0xf6
 173 00bd 06       		.uleb128 0x6
 174 00be 08000000 		.4byte	.LVL0
 175 00c2 07010000 		.4byte	0x107
 176 00c6 06       		.uleb128 0x6
 177 00c7 0C000000 		.4byte	.LVL1
 178 00cb 12010000 		.4byte	0x112
 179 00cf 07       		.uleb128 0x7
 180 00d0 12000000 		.4byte	.LVL2
 181 00d4 1D010000 		.4byte	0x11d
 182 00d8 E6000000 		.4byte	0xe6
 183 00dc 08       		.uleb128 0x8
 184 00dd 01       		.uleb128 0x1
 185 00de 50       		.byte	0x50
 186 00df 05       		.uleb128 0x5
 187 00e0 03       		.byte	0x3
 188 00e1 00000000 		.4byte	.LC0
 189 00e5 00       		.byte	0
 190 00e6 09       		.uleb128 0x9
 191 00e7 18000000 		.4byte	.LVL3
 192 00eb 28010000 		.4byte	0x128
 193 00ef 08       		.uleb128 0x8
 194 00f0 01       		.uleb128 0x1
 195 00f1 50       		.byte	0x50
ARM GAS  C:\Users\Gemma\AppData\Local\Temp\ccrhuY44.s 			page 5


 196 00f2 01       		.uleb128 0x1
 197 00f3 31       		.byte	0x31
 198 00f4 00       		.byte	0
 199 00f5 00       		.byte	0
 200 00f6 0A       		.uleb128 0xa
 201 00f7 21000000 		.4byte	.LASF24
 202 00fb 07       		.byte	0x7
 203 00fc 1207     		.2byte	0x712
 204 00fe 02010000 		.4byte	0x102
 205 0102 0B       		.uleb128 0xb
 206 0103 76000000 		.4byte	0x76
 207 0107 0C       		.uleb128 0xc
 208 0108 33010000 		.4byte	.LASF16
 209 010c 33010000 		.4byte	.LASF16
 210 0110 04       		.byte	0x4
 211 0111 17       		.byte	0x17
 212 0112 0C       		.uleb128 0xc
 213 0113 0C010000 		.4byte	.LASF17
 214 0117 0C010000 		.4byte	.LASF17
 215 011b 05       		.byte	0x5
 216 011c 54       		.byte	0x54
 217 011d 0C       		.uleb128 0xc
 218 011e 4B010000 		.4byte	.LASF18
 219 0122 4B010000 		.4byte	.LASF18
 220 0126 05       		.byte	0x5
 221 0127 8B       		.byte	0x8b
 222 0128 0C       		.uleb128 0xc
 223 0129 FE000000 		.4byte	.LASF19
 224 012d FE000000 		.4byte	.LASF19
 225 0131 06       		.byte	0x6
 226 0132 26       		.byte	0x26
 227 0133 00       		.byte	0
 228              		.section	.debug_abbrev,"",%progbits
 229              	.Ldebug_abbrev0:
 230 0000 01       		.uleb128 0x1
 231 0001 11       		.uleb128 0x11
 232 0002 01       		.byte	0x1
 233 0003 25       		.uleb128 0x25
 234 0004 0E       		.uleb128 0xe
 235 0005 13       		.uleb128 0x13
 236 0006 0B       		.uleb128 0xb
 237 0007 03       		.uleb128 0x3
 238 0008 0E       		.uleb128 0xe
 239 0009 1B       		.uleb128 0x1b
 240 000a 0E       		.uleb128 0xe
 241 000b 55       		.uleb128 0x55
 242 000c 17       		.uleb128 0x17
 243 000d 11       		.uleb128 0x11
 244 000e 01       		.uleb128 0x1
 245 000f 10       		.uleb128 0x10
 246 0010 17       		.uleb128 0x17
 247 0011 00       		.byte	0
 248 0012 00       		.byte	0
 249 0013 02       		.uleb128 0x2
 250 0014 24       		.uleb128 0x24
 251 0015 00       		.byte	0
 252 0016 0B       		.uleb128 0xb
ARM GAS  C:\Users\Gemma\AppData\Local\Temp\ccrhuY44.s 			page 6


 253 0017 0B       		.uleb128 0xb
 254 0018 3E       		.uleb128 0x3e
 255 0019 0B       		.uleb128 0xb
 256 001a 03       		.uleb128 0x3
 257 001b 0E       		.uleb128 0xe
 258 001c 00       		.byte	0
 259 001d 00       		.byte	0
 260 001e 03       		.uleb128 0x3
 261 001f 16       		.uleb128 0x16
 262 0020 00       		.byte	0
 263 0021 03       		.uleb128 0x3
 264 0022 0E       		.uleb128 0xe
 265 0023 3A       		.uleb128 0x3a
 266 0024 0B       		.uleb128 0xb
 267 0025 3B       		.uleb128 0x3b
 268 0026 0B       		.uleb128 0xb
 269 0027 49       		.uleb128 0x49
 270 0028 13       		.uleb128 0x13
 271 0029 00       		.byte	0
 272 002a 00       		.byte	0
 273 002b 04       		.uleb128 0x4
 274 002c 24       		.uleb128 0x24
 275 002d 00       		.byte	0
 276 002e 0B       		.uleb128 0xb
 277 002f 0B       		.uleb128 0xb
 278 0030 3E       		.uleb128 0x3e
 279 0031 0B       		.uleb128 0xb
 280 0032 03       		.uleb128 0x3
 281 0033 08       		.uleb128 0x8
 282 0034 00       		.byte	0
 283 0035 00       		.byte	0
 284 0036 05       		.uleb128 0x5
 285 0037 2E       		.uleb128 0x2e
 286 0038 01       		.byte	0x1
 287 0039 3F       		.uleb128 0x3f
 288 003a 19       		.uleb128 0x19
 289 003b 03       		.uleb128 0x3
 290 003c 0E       		.uleb128 0xe
 291 003d 3A       		.uleb128 0x3a
 292 003e 0B       		.uleb128 0xb
 293 003f 3B       		.uleb128 0x3b
 294 0040 0B       		.uleb128 0xb
 295 0041 27       		.uleb128 0x27
 296 0042 19       		.uleb128 0x19
 297 0043 49       		.uleb128 0x49
 298 0044 13       		.uleb128 0x13
 299 0045 8701     		.uleb128 0x87
 300 0047 19       		.uleb128 0x19
 301 0048 11       		.uleb128 0x11
 302 0049 01       		.uleb128 0x1
 303 004a 12       		.uleb128 0x12
 304 004b 06       		.uleb128 0x6
 305 004c 40       		.uleb128 0x40
 306 004d 18       		.uleb128 0x18
 307 004e 9742     		.uleb128 0x2117
 308 0050 19       		.uleb128 0x19
 309 0051 01       		.uleb128 0x1
ARM GAS  C:\Users\Gemma\AppData\Local\Temp\ccrhuY44.s 			page 7


 310 0052 13       		.uleb128 0x13
 311 0053 00       		.byte	0
 312 0054 00       		.byte	0
 313 0055 06       		.uleb128 0x6
 314 0056 898201   		.uleb128 0x4109
 315 0059 00       		.byte	0
 316 005a 11       		.uleb128 0x11
 317 005b 01       		.uleb128 0x1
 318 005c 31       		.uleb128 0x31
 319 005d 13       		.uleb128 0x13
 320 005e 00       		.byte	0
 321 005f 00       		.byte	0
 322 0060 07       		.uleb128 0x7
 323 0061 898201   		.uleb128 0x4109
 324 0064 01       		.byte	0x1
 325 0065 11       		.uleb128 0x11
 326 0066 01       		.uleb128 0x1
 327 0067 31       		.uleb128 0x31
 328 0068 13       		.uleb128 0x13
 329 0069 01       		.uleb128 0x1
 330 006a 13       		.uleb128 0x13
 331 006b 00       		.byte	0
 332 006c 00       		.byte	0
 333 006d 08       		.uleb128 0x8
 334 006e 8A8201   		.uleb128 0x410a
 335 0071 00       		.byte	0
 336 0072 02       		.uleb128 0x2
 337 0073 18       		.uleb128 0x18
 338 0074 9142     		.uleb128 0x2111
 339 0076 18       		.uleb128 0x18
 340 0077 00       		.byte	0
 341 0078 00       		.byte	0
 342 0079 09       		.uleb128 0x9
 343 007a 898201   		.uleb128 0x4109
 344 007d 01       		.byte	0x1
 345 007e 11       		.uleb128 0x11
 346 007f 01       		.uleb128 0x1
 347 0080 31       		.uleb128 0x31
 348 0081 13       		.uleb128 0x13
 349 0082 00       		.byte	0
 350 0083 00       		.byte	0
 351 0084 0A       		.uleb128 0xa
 352 0085 34       		.uleb128 0x34
 353 0086 00       		.byte	0
 354 0087 03       		.uleb128 0x3
 355 0088 0E       		.uleb128 0xe
 356 0089 3A       		.uleb128 0x3a
 357 008a 0B       		.uleb128 0xb
 358 008b 3B       		.uleb128 0x3b
 359 008c 05       		.uleb128 0x5
 360 008d 49       		.uleb128 0x49
 361 008e 13       		.uleb128 0x13
 362 008f 3F       		.uleb128 0x3f
 363 0090 19       		.uleb128 0x19
 364 0091 3C       		.uleb128 0x3c
 365 0092 19       		.uleb128 0x19
 366 0093 00       		.byte	0
ARM GAS  C:\Users\Gemma\AppData\Local\Temp\ccrhuY44.s 			page 8


 367 0094 00       		.byte	0
 368 0095 0B       		.uleb128 0xb
 369 0096 35       		.uleb128 0x35
 370 0097 00       		.byte	0
 371 0098 49       		.uleb128 0x49
 372 0099 13       		.uleb128 0x13
 373 009a 00       		.byte	0
 374 009b 00       		.byte	0
 375 009c 0C       		.uleb128 0xc
 376 009d 2E       		.uleb128 0x2e
 377 009e 00       		.byte	0
 378 009f 3F       		.uleb128 0x3f
 379 00a0 19       		.uleb128 0x19
 380 00a1 3C       		.uleb128 0x3c
 381 00a2 19       		.uleb128 0x19
 382 00a3 6E       		.uleb128 0x6e
 383 00a4 0E       		.uleb128 0xe
 384 00a5 03       		.uleb128 0x3
 385 00a6 0E       		.uleb128 0xe
 386 00a7 3A       		.uleb128 0x3a
 387 00a8 0B       		.uleb128 0xb
 388 00a9 3B       		.uleb128 0x3b
 389 00aa 0B       		.uleb128 0xb
 390 00ab 00       		.byte	0
 391 00ac 00       		.byte	0
 392 00ad 00       		.byte	0
 393              		.section	.debug_aranges,"",%progbits
 394 0000 1C000000 		.4byte	0x1c
 395 0004 0200     		.2byte	0x2
 396 0006 00000000 		.4byte	.Ldebug_info0
 397 000a 04       		.byte	0x4
 398 000b 00       		.byte	0
 399 000c 0000     		.2byte	0
 400 000e 0000     		.2byte	0
 401 0010 00000000 		.4byte	.LFB63
 402 0014 20000000 		.4byte	.LFE63-.LFB63
 403 0018 00000000 		.4byte	0
 404 001c 00000000 		.4byte	0
 405              		.section	.debug_ranges,"",%progbits
 406              	.Ldebug_ranges0:
 407 0000 00000000 		.4byte	.LFB63
 408 0004 20000000 		.4byte	.LFE63
 409 0008 00000000 		.4byte	0
 410 000c 00000000 		.4byte	0
 411              		.section	.debug_line,"",%progbits
 412              	.Ldebug_line0:
 413 0000 84010000 		.section	.debug_str,"MS",%progbits,1
 413      02006601 
 413      00000201 
 413      FB0E0D00 
 413      01010101 
 414              	.LASF6:
 415 0000 6C6F6E67 		.ascii	"long long int\000"
 415      206C6F6E 
 415      6720696E 
 415      7400
 416              	.LASF3:
ARM GAS  C:\Users\Gemma\AppData\Local\Temp\ccrhuY44.s 			page 9


 417 000e 73686F72 		.ascii	"short unsigned int\000"
 417      7420756E 
 417      7369676E 
 417      65642069 
 417      6E7400
 418              	.LASF24:
 419 0021 49544D5F 		.ascii	"ITM_RxBuffer\000"
 419      52784275 
 419      66666572 
 419      00
 420              	.LASF8:
 421 002e 756E7369 		.ascii	"unsigned int\000"
 421      676E6564 
 421      20696E74 
 421      00
 422              	.LASF21:
 423 003b 6D61696E 		.ascii	"main.c\000"
 423      2E6300
 424              	.LASF23:
 425 0042 6D61696E 		.ascii	"main\000"
 425      00
 426              	.LASF20:
 427 0047 474E5520 		.ascii	"GNU C11 5.4.1 20160609 (release) [ARM/embedded-5-br"
 427      43313120 
 427      352E342E 
 427      31203230 
 427      31363036 
 428 007a 616E6368 		.ascii	"anch revision 237715] -mcpu=cortex-m3 -mthumb -g -O"
 428      20726576 
 428      6973696F 
 428      6E203233 
 428      37373135 
 429 00ad 67202D66 		.ascii	"g -ffunction-sections -ffat-lto-objects\000"
 429      66756E63 
 429      74696F6E 
 429      2D736563 
 429      74696F6E 
 430              	.LASF5:
 431 00d5 6C6F6E67 		.ascii	"long unsigned int\000"
 431      20756E73 
 431      69676E65 
 431      6420696E 
 431      7400
 432              	.LASF7:
 433 00e7 6C6F6E67 		.ascii	"long long unsigned int\000"
 433      206C6F6E 
 433      6720756E 
 433      7369676E 
 433      65642069 
 434              	.LASF19:
 435 00fe 426C7565 		.ascii	"BlueLED_Write\000"
 435      4C45445F 
 435      57726974 
 435      6500
 436              	.LASF17:
 437 010c 55415254 		.ascii	"UART_Start\000"
 437      5F537461 
ARM GAS  C:\Users\Gemma\AppData\Local\Temp\ccrhuY44.s 			page 10


 437      727400
 438              	.LASF1:
 439 0117 756E7369 		.ascii	"unsigned char\000"
 439      676E6564 
 439      20636861 
 439      7200
 440              	.LASF13:
 441 0125 63686172 		.ascii	"char\000"
 441      00
 442              	.LASF4:
 443 012a 6C6F6E67 		.ascii	"long int\000"
 443      20696E74 
 443      00
 444              	.LASF16:
 445 0133 42757474 		.ascii	"Button_isr_Start\000"
 445      6F6E5F69 
 445      73725F53 
 445      74617274 
 445      00
 446              	.LASF12:
 447 0144 646F7562 		.ascii	"double\000"
 447      6C6500
 448              	.LASF18:
 449 014b 55415254 		.ascii	"UART_PutString\000"
 449      5F507574 
 449      53747269 
 449      6E6700
 450              	.LASF22:
 451 015a 433A5C55 		.ascii	"C:\\Users\\Gemma\\Desktop\\PSoC\\GemmaQ_Assignment2"
 451      73657273 
 451      5C47656D 
 451      6D615C44 
 451      65736B74 
 452 0188 5C47656D 		.ascii	"\\GemmaQ_Assignment2.cydsn\000"
 452      6D61515F 
 452      41737369 
 452      676E6D65 
 452      6E74322E 
 453              	.LASF0:
 454 01a2 7369676E 		.ascii	"signed char\000"
 454      65642063 
 454      68617200 
 455              	.LASF14:
 456 01ae 6C6F6E67 		.ascii	"long double\000"
 456      20646F75 
 456      626C6500 
 457              	.LASF9:
 458 01ba 5F5F696E 		.ascii	"__int32_t\000"
 458      7433325F 
 458      7400
 459              	.LASF11:
 460 01c4 666C6F61 		.ascii	"float\000"
 460      7400
 461              	.LASF2:
 462 01ca 73686F72 		.ascii	"short int\000"
 462      7420696E 
 462      7400
ARM GAS  C:\Users\Gemma\AppData\Local\Temp\ccrhuY44.s 			page 11


 463              	.LASF10:
 464 01d4 696E7433 		.ascii	"int32_t\000"
 464      325F7400 
 465              	.LASF15:
 466 01dc 73697A65 		.ascii	"sizetype\000"
 466      74797065 
 466      00
 467              		.ident	"GCC: (GNU Tools for ARM Embedded Processors) 5.4.1 20160609 (release) [ARM/embedded-5-bran
