ARM GAS  C:\Users\Gemma\AppData\Local\Temp\ccHSwC0a.s 			page 1


   1              		.syntax unified
   2              		.cpu cortex-m3
   3              		.fpu softvfp
   4              		.eabi_attribute 20, 1
   5              		.eabi_attribute 21, 1
   6              		.eabi_attribute 23, 3
   7              		.eabi_attribute 24, 1
   8              		.eabi_attribute 25, 1
   9              		.eabi_attribute 26, 1
  10              		.eabi_attribute 30, 6
  11              		.eabi_attribute 34, 1
  12              		.eabi_attribute 18, 4
  13              		.thumb
  14              		.syntax unified
  15              		.file	"cymetadata.c"
  16              		.text
  17              	.Ltext0:
  18              		.cfi_sections	.debug_frame
  19              		.global	cy_meta_configecc
  20              		.section	.cyconfigecc,"a",%progbits
  21              		.align	2
  22              		.type	cy_meta_configecc, %object
  23              		.size	cy_meta_configecc, 1240
  24              	cy_meta_configecc:
  25 0000 02       		.byte	2
  26 0001 52       		.byte	82
  27 0002 00       		.byte	0
  28 0003 40       		.byte	64
  29 0004 01       		.byte	1
  30 0005 64       		.byte	100
  31 0006 00       		.byte	0
  32 0007 40       		.byte	64
  33 0008 03       		.byte	3
  34 0009 65       		.byte	101
  35 000a 00       		.byte	0
  36 000b 40       		.byte	64
  37 000c 4B       		.byte	75
  38 000d 08       		.byte	8
  39 000e 01       		.byte	1
  40 000f 40       		.byte	64
  41 0010 2C       		.byte	44
  42 0011 09       		.byte	9
  43 0012 01       		.byte	1
  44 0013 40       		.byte	64
  45 0014 01       		.byte	1
  46 0015 0B       		.byte	11
  47 0016 01       		.byte	1
  48 0017 40       		.byte	64
  49 0018 04       		.byte	4
  50 0019 0C       		.byte	12
  51 001a 01       		.byte	1
  52 001b 40       		.byte	64
  53 001c 01       		.byte	1
  54 001d 0D       		.byte	13
  55 001e 01       		.byte	1
  56 001f 40       		.byte	64
  57 0020 28       		.byte	40
ARM GAS  C:\Users\Gemma\AppData\Local\Temp\ccHSwC0a.s 			page 2


  58 0021 14       		.byte	20
  59 0022 01       		.byte	1
  60 0023 40       		.byte	64
  61 0024 0A       		.byte	10
  62 0025 15       		.byte	21
  63 0026 01       		.byte	1
  64 0027 40       		.byte	64
  65 0028 1F       		.byte	31
  66 0029 16       		.byte	22
  67 002a 01       		.byte	1
  68 002b 40       		.byte	64
  69 002c 13       		.byte	19
  70 002d 17       		.byte	23
  71 002e 01       		.byte	1
  72 002f 40       		.byte	64
  73 0030 5F       		.byte	95
  74 0031 18       		.byte	24
  75 0032 01       		.byte	1
  76 0033 40       		.byte	64
  77 0034 3F       		.byte	63
  78 0035 19       		.byte	25
  79 0036 01       		.byte	1
  80 0037 40       		.byte	64
  81 0038 35       		.byte	53
  82 0039 1A       		.byte	26
  83 003a 01       		.byte	1
  84 003b 40       		.byte	64
  85 003c 36       		.byte	54
  86 003d 1B       		.byte	27
  87 003e 01       		.byte	1
  88 003f 40       		.byte	64
  89 0040 03       		.byte	3
  90 0041 40       		.byte	64
  91 0042 01       		.byte	1
  92 0043 40       		.byte	64
  93 0044 02       		.byte	2
  94 0045 41       		.byte	65
  95 0046 01       		.byte	1
  96 0047 40       		.byte	64
  97 0048 02       		.byte	2
  98 0049 42       		.byte	66
  99 004a 01       		.byte	1
 100 004b 40       		.byte	64
 101 004c 05       		.byte	5
 102 004d 43       		.byte	67
 103 004e 01       		.byte	1
 104 004f 40       		.byte	64
 105 0050 02       		.byte	2
 106 0051 44       		.byte	68
 107 0052 01       		.byte	1
 108 0053 40       		.byte	64
 109 0054 01       		.byte	1
 110 0055 45       		.byte	69
 111 0056 01       		.byte	1
 112 0057 40       		.byte	64
 113 0058 04       		.byte	4
 114 0059 46       		.byte	70
ARM GAS  C:\Users\Gemma\AppData\Local\Temp\ccHSwC0a.s 			page 3


 115 005a 01       		.byte	1
 116 005b 40       		.byte	64
 117 005c 01       		.byte	1
 118 005d 47       		.byte	71
 119 005e 01       		.byte	1
 120 005f 40       		.byte	64
 121 0060 06       		.byte	6
 122 0061 48       		.byte	72
 123 0062 01       		.byte	1
 124 0063 40       		.byte	64
 125 0064 04       		.byte	4
 126 0065 49       		.byte	73
 127 0066 01       		.byte	1
 128 0067 40       		.byte	64
 129 0068 01       		.byte	1
 130 0069 4C       		.byte	76
 131 006a 01       		.byte	1
 132 006b 40       		.byte	64
 133 006c 09       		.byte	9
 134 006d 4D       		.byte	77
 135 006e 01       		.byte	1
 136 006f 40       		.byte	64
 137 0070 06       		.byte	6
 138 0071 50       		.byte	80
 139 0072 01       		.byte	1
 140 0073 40       		.byte	64
 141 0074 02       		.byte	2
 142 0075 51       		.byte	81
 143 0076 01       		.byte	1
 144 0077 40       		.byte	64
 145 0078 61       		.byte	97
 146 0079 80       		.byte	-128
 147 007a 64       		.byte	100
 148 007b 40       		.byte	64
 149 007c 88       		.byte	-120
 150 007d 38       		.byte	56
 151 007e 86       		.byte	-122
 152 007f 0D       		.byte	13
 153 0080 88       		.byte	-120
 154 0081 72       		.byte	114
 155 0082 8A       		.byte	-118
 156 0083 0F       		.byte	15
 157 0084 02       		.byte	2
 158 0085 01       		.byte	1
 159 0086 12       		.byte	18
 160 0087 02       		.byte	2
 161 0088 16       		.byte	22
 162 0089 02       		.byte	2
 163 008a 1D       		.byte	29
 164 008b 01       		.byte	1
 165 008c 24       		.byte	36
 166 008d 01       		.byte	1
 167 008e 25       		.byte	37
 168 008f 01       		.byte	1
 169 0090 28       		.byte	40
 170 0091 01       		.byte	1
 171 0092 29       		.byte	41
ARM GAS  C:\Users\Gemma\AppData\Local\Temp\ccHSwC0a.s 			page 4


 172 0093 01       		.byte	1
 173 0094 2D       		.byte	45
 174 0095 01       		.byte	1
 175 0096 2E       		.byte	46
 176 0097 01       		.byte	1
 177 0098 30       		.byte	48
 178 0099 01       		.byte	1
 179 009a 32       		.byte	50
 180 009b 02       		.byte	2
 181 009c 35       		.byte	53
 182 009d 01       		.byte	1
 183 009e 38       		.byte	56
 184 009f 02       		.byte	2
 185 00a0 3E       		.byte	62
 186 00a1 04       		.byte	4
 187 00a2 3F       		.byte	63
 188 00a3 10       		.byte	16
 189 00a4 54       		.byte	84
 190 00a5 18       		.byte	24
 191 00a6 58       		.byte	88
 192 00a7 04       		.byte	4
 193 00a8 59       		.byte	89
 194 00a9 04       		.byte	4
 195 00aa 5B       		.byte	91
 196 00ab 04       		.byte	4
 197 00ac 5C       		.byte	92
 198 00ad 01       		.byte	1
 199 00ae 5D       		.byte	93
 200 00af 10       		.byte	16
 201 00b0 5F       		.byte	95
 202 00b1 01       		.byte	1
 203 00b2 84       		.byte	-124
 204 00b3 14       		.byte	20
 205 00b4 85       		.byte	-123
 206 00b5 80       		.byte	-128
 207 00b6 87       		.byte	-121
 208 00b7 13       		.byte	19
 209 00b8 8C       		.byte	-116
 210 00b9 10       		.byte	16
 211 00ba 8D       		.byte	-115
 212 00bb 71       		.byte	113
 213 00bc 8E       		.byte	-114
 214 00bd AC       		.byte	-84
 215 00be 8F       		.byte	-113
 216 00bf 06       		.byte	6
 217 00c0 90       		.byte	-112
 218 00c1 0C       		.byte	12
 219 00c2 92       		.byte	-110
 220 00c3 71       		.byte	113
 221 00c4 93       		.byte	-109
 222 00c5 0C       		.byte	12
 223 00c6 94       		.byte	-108
 224 00c7 DC       		.byte	-36
 225 00c8 95       		.byte	-107
 226 00c9 2C       		.byte	44
 227 00ca 96       		.byte	-106
 228 00cb 22       		.byte	34
ARM GAS  C:\Users\Gemma\AppData\Local\Temp\ccHSwC0a.s 			page 5


 229 00cc 97       		.byte	-105
 230 00cd 43       		.byte	67
 231 00ce 9A       		.byte	-102
 232 00cf 03       		.byte	3
 233 00d0 9B       		.byte	-101
 234 00d1 08       		.byte	8
 235 00d2 9C       		.byte	-100
 236 00d3 09       		.byte	9
 237 00d4 9E       		.byte	-98
 238 00d5 D0       		.byte	-48
 239 00d6 A1       		.byte	-95
 240 00d7 71       		.byte	113
 241 00d8 A3       		.byte	-93
 242 00d9 0E       		.byte	14
 243 00da A4       		.byte	-92
 244 00db 10       		.byte	16
 245 00dc A6       		.byte	-90
 246 00dd 40       		.byte	64
 247 00de AA       		.byte	-86
 248 00df 20       		.byte	32
 249 00e0 B0       		.byte	-80
 250 00e1 E0       		.byte	-32
 251 00e2 B1       		.byte	-79
 252 00e3 C0       		.byte	-64
 253 00e4 B3       		.byte	-77
 254 00e5 0F       		.byte	15
 255 00e6 B4       		.byte	-76
 256 00e7 1F       		.byte	31
 257 00e8 B5       		.byte	-75
 258 00e9 30       		.byte	48
 259 00ea B9       		.byte	-71
 260 00eb 22       		.byte	34
 261 00ec BA       		.byte	-70
 262 00ed 02       		.byte	2
 263 00ee BB       		.byte	-69
 264 00ef 08       		.byte	8
 265 00f0 BF       		.byte	-65
 266 00f1 10       		.byte	16
 267 00f2 C0       		.byte	-64
 268 00f3 02       		.byte	2
 269 00f4 C5       		.byte	-59
 270 00f5 04       		.byte	4
 271 00f6 C9       		.byte	-55
 272 00f7 FF       		.byte	-1
 273 00f8 CA       		.byte	-54
 274 00f9 07       		.byte	7
 275 00fa CB       		.byte	-53
 276 00fb FF       		.byte	-1
 277 00fc CC       		.byte	-52
 278 00fd 40       		.byte	64
 279 00fe CD       		.byte	-51
 280 00ff 20       		.byte	32
 281 0100 CE       		.byte	-50
 282 0101 F0       		.byte	-16
 283 0102 CF       		.byte	-49
 284 0103 05       		.byte	5
 285 0104 D0       		.byte	-48
ARM GAS  C:\Users\Gemma\AppData\Local\Temp\ccHSwC0a.s 			page 6


 286 0105 08       		.byte	8
 287 0106 D8       		.byte	-40
 288 0107 04       		.byte	4
 289 0108 D9       		.byte	-39
 290 0109 04       		.byte	4
 291 010a DA       		.byte	-38
 292 010b 04       		.byte	4
 293 010c DC       		.byte	-36
 294 010d 11       		.byte	17
 295 010e DD       		.byte	-35
 296 010f 01       		.byte	1
 297 0110 DF       		.byte	-33
 298 0111 01       		.byte	1
 299 0112 E0       		.byte	-32
 300 0113 40       		.byte	64
 301 0114 E1       		.byte	-31
 302 0115 A8       		.byte	-88
 303 0116 E2       		.byte	-30
 304 0117 40       		.byte	64
 305 0118 E3       		.byte	-29
 306 0119 20       		.byte	32
 307 011a 00       		.byte	0
 308 011b 40       		.byte	64
 309 011c 01       		.byte	1
 310 011d 08       		.byte	8
 311 011e 06       		.byte	6
 312 011f 80       		.byte	-128
 313 0120 08       		.byte	8
 314 0121 20       		.byte	32
 315 0122 09       		.byte	9
 316 0123 08       		.byte	8
 317 0124 0A       		.byte	10
 318 0125 46       		.byte	70
 319 0126 0E       		.byte	14
 320 0127 80       		.byte	-128
 321 0128 0F       		.byte	15
 322 0129 20       		.byte	32
 323 012a 10       		.byte	16
 324 012b 28       		.byte	40
 325 012c 15       		.byte	21
 326 012d 14       		.byte	20
 327 012e 17       		.byte	23
 328 012f 40       		.byte	64
 329 0130 19       		.byte	25
 330 0131 01       		.byte	1
 331 0132 1A       		.byte	26
 332 0133 44       		.byte	68
 333 0134 1E       		.byte	30
 334 0135 80       		.byte	-128
 335 0136 1F       		.byte	31
 336 0137 04       		.byte	4
 337 0138 20       		.byte	32
 338 0139 04       		.byte	4
 339 013a 21       		.byte	33
 340 013b 08       		.byte	8
 341 013c 22       		.byte	34
 342 013d 01       		.byte	1
ARM GAS  C:\Users\Gemma\AppData\Local\Temp\ccHSwC0a.s 			page 7


 343 013e 26       		.byte	38
 344 013f 10       		.byte	16
 345 0140 29       		.byte	41
 346 0141 01       		.byte	1
 347 0142 2A       		.byte	42
 348 0143 02       		.byte	2
 349 0144 2D       		.byte	45
 350 0145 14       		.byte	20
 351 0146 2E       		.byte	46
 352 0147 80       		.byte	-128
 353 0148 2F       		.byte	47
 354 0149 2A       		.byte	42
 355 014a 30       		.byte	48
 356 014b 20       		.byte	32
 357 014c 31       		.byte	49
 358 014d 08       		.byte	8
 359 014e 32       		.byte	50
 360 014f 01       		.byte	1
 361 0150 37       		.byte	55
 362 0151 40       		.byte	64
 363 0152 38       		.byte	56
 364 0153 48       		.byte	72
 365 0154 3A       		.byte	58
 366 0155 08       		.byte	8
 367 0156 40       		.byte	64
 368 0157 04       		.byte	4
 369 0158 48       		.byte	72
 370 0159 20       		.byte	32
 371 015a 50       		.byte	80
 372 015b 0C       		.byte	12
 373 015c 5F       		.byte	95
 374 015d 01       		.byte	1
 375 015e 67       		.byte	103
 376 015f 0A       		.byte	10
 377 0160 C0       		.byte	-64
 378 0161 15       		.byte	21
 379 0162 C2       		.byte	-62
 380 0163 3F       		.byte	63
 381 0164 C4       		.byte	-60
 382 0165 E6       		.byte	-26
 383 0166 CA       		.byte	-54
 384 0167 71       		.byte	113
 385 0168 CC       		.byte	-52
 386 0169 17       		.byte	23
 387 016a CE       		.byte	-50
 388 016b 0A       		.byte	10
 389 016c D0       		.byte	-48
 390 016d 04       		.byte	4
 391 016e D6       		.byte	-42
 392 016f 80       		.byte	-128
 393 0170 D8       		.byte	-40
 394 0171 30       		.byte	48
 395 0172 B4       		.byte	-76
 396 0173 40       		.byte	64
 397 0174 38       		.byte	56
 398 0175 02       		.byte	2
 399 0176 3E       		.byte	62
ARM GAS  C:\Users\Gemma\AppData\Local\Temp\ccHSwC0a.s 			page 8


 400 0177 01       		.byte	1
 401 0178 58       		.byte	88
 402 0179 04       		.byte	4
 403 017a 5F       		.byte	95
 404 017b 01       		.byte	1
 405 017c 1C       		.byte	28
 406 017d 40       		.byte	64
 407 017e 40       		.byte	64
 408 017f 54       		.byte	84
 409 0180 49       		.byte	73
 410 0181 FF       		.byte	-1
 411 0182 4A       		.byte	74
 412 0183 FF       		.byte	-1
 413 0184 4B       		.byte	75
 414 0185 FF       		.byte	-1
 415 0186 4F       		.byte	79
 416 0187 01       		.byte	1
 417 0188 50       		.byte	80
 418 0189 18       		.byte	24
 419 018a 52       		.byte	82
 420 018b 80       		.byte	-128
 421 018c 5A       		.byte	90
 422 018d 04       		.byte	4
 423 018e 5B       		.byte	91
 424 018f 04       		.byte	4
 425 0190 5D       		.byte	93
 426 0191 99       		.byte	-103
 427 0192 5F       		.byte	95
 428 0193 01       		.byte	1
 429 0194 60       		.byte	96
 430 0195 40       		.byte	64
 431 0196 62       		.byte	98
 432 0197 40       		.byte	64
 433 0198 64       		.byte	100
 434 0199 40       		.byte	64
 435 019a 65       		.byte	101
 436 019b 40       		.byte	64
 437 019c 66       		.byte	102
 438 019d 80       		.byte	-128
 439 019e 68       		.byte	104
 440 019f 80       		.byte	-128
 441 01a0 6A       		.byte	106
 442 01a1 80       		.byte	-128
 443 01a2 6C       		.byte	108
 444 01a3 80       		.byte	-128
 445 01a4 6E       		.byte	110
 446 01a5 80       		.byte	-128
 447 01a6 C0       		.byte	-64
 448 01a7 54       		.byte	84
 449 01a8 C9       		.byte	-55
 450 01a9 FF       		.byte	-1
 451 01aa CA       		.byte	-54
 452 01ab FF       		.byte	-1
 453 01ac CB       		.byte	-53
 454 01ad FF       		.byte	-1
 455 01ae CD       		.byte	-51
 456 01af 83       		.byte	-125
ARM GAS  C:\Users\Gemma\AppData\Local\Temp\ccHSwC0a.s 			page 9


 457 01b0 CE       		.byte	-50
 458 01b1 03       		.byte	3
 459 01b2 CF       		.byte	-49
 460 01b3 01       		.byte	1
 461 01b4 D0       		.byte	-48
 462 01b5 18       		.byte	24
 463 01b6 DA       		.byte	-38
 464 01b7 04       		.byte	4
 465 01b8 DD       		.byte	-35
 466 01b9 09       		.byte	9
 467 01ba DF       		.byte	-33
 468 01bb 01       		.byte	1
 469 01bc E0       		.byte	-32
 470 01bd 40       		.byte	64
 471 01be E2       		.byte	-30
 472 01bf 40       		.byte	64
 473 01c0 E4       		.byte	-28
 474 01c1 40       		.byte	64
 475 01c2 E5       		.byte	-27
 476 01c3 40       		.byte	64
 477 01c4 E6       		.byte	-26
 478 01c5 80       		.byte	-128
 479 01c6 E8       		.byte	-24
 480 01c7 80       		.byte	-128
 481 01c8 EA       		.byte	-22
 482 01c9 80       		.byte	-128
 483 01ca EC       		.byte	-20
 484 01cb 80       		.byte	-128
 485 01cc EE       		.byte	-18
 486 01cd 80       		.byte	-128
 487 01ce 42       		.byte	66
 488 01cf 80       		.byte	-128
 489 01d0 46       		.byte	70
 490 01d1 80       		.byte	-128
 491 01d2 48       		.byte	72
 492 01d3 02       		.byte	2
 493 01d4 4C       		.byte	76
 494 01d5 02       		.byte	2
 495 01d6 70       		.byte	112
 496 01d7 02       		.byte	2
 497 01d8 9A       		.byte	-102
 498 01d9 80       		.byte	-128
 499 01da A4       		.byte	-92
 500 01db 02       		.byte	2
 501 01dc D0       		.byte	-48
 502 01dd 81       		.byte	-127
 503 01de D2       		.byte	-46
 504 01df 18       		.byte	24
 505 01e0 EC       		.byte	-20
 506 01e1 10       		.byte	16
 507 01e2 12       		.byte	18
 508 01e3 01       		.byte	1
 509 01e4 22       		.byte	34
 510 01e5 01       		.byte	1
 511 01e6 30       		.byte	48
 512 01e7 01       		.byte	1
 513 01e8 3E       		.byte	62
ARM GAS  C:\Users\Gemma\AppData\Local\Temp\ccHSwC0a.s 			page 10


 514 01e9 01       		.byte	1
 515 01ea 40       		.byte	64
 516 01eb 54       		.byte	84
 517 01ec 45       		.byte	69
 518 01ed EC       		.byte	-20
 519 01ee 46       		.byte	70
 520 01ef 02       		.byte	2
 521 01f0 48       		.byte	72
 522 01f1 07       		.byte	7
 523 01f2 49       		.byte	73
 524 01f3 FF       		.byte	-1
 525 01f4 4A       		.byte	74
 526 01f5 FF       		.byte	-1
 527 01f6 4B       		.byte	75
 528 01f7 FF       		.byte	-1
 529 01f8 4D       		.byte	77
 530 01f9 83       		.byte	-125
 531 01fa 4E       		.byte	78
 532 01fb 03       		.byte	3
 533 01fc 4F       		.byte	79
 534 01fd 01       		.byte	1
 535 01fe 50       		.byte	80
 536 01ff 18       		.byte	24
 537 0200 54       		.byte	84
 538 0201 01       		.byte	1
 539 0202 56       		.byte	86
 540 0203 04       		.byte	4
 541 0204 58       		.byte	88
 542 0205 04       		.byte	4
 543 0206 5A       		.byte	90
 544 0207 04       		.byte	4
 545 0208 5B       		.byte	91
 546 0209 04       		.byte	4
 547 020a 5D       		.byte	93
 548 020b 99       		.byte	-103
 549 020c 5F       		.byte	95
 550 020d 01       		.byte	1
 551 020e 60       		.byte	96
 552 020f 40       		.byte	64
 553 0210 62       		.byte	98
 554 0211 40       		.byte	64
 555 0212 64       		.byte	100
 556 0213 40       		.byte	64
 557 0214 65       		.byte	101
 558 0215 40       		.byte	64
 559 0216 66       		.byte	102
 560 0217 80       		.byte	-128
 561 0218 68       		.byte	104
 562 0219 80       		.byte	-128
 563 021a 6A       		.byte	106
 564 021b 80       		.byte	-128
 565 021c 6C       		.byte	108
 566 021d 80       		.byte	-128
 567 021e 6E       		.byte	110
 568 021f 80       		.byte	-128
 569 0220 0C       		.byte	12
 570 0221 02       		.byte	2
ARM GAS  C:\Users\Gemma\AppData\Local\Temp\ccHSwC0a.s 			page 11


 571 0222 16       		.byte	22
 572 0223 80       		.byte	-128
 573 0224 1E       		.byte	30
 574 0225 80       		.byte	-128
 575 0226 46       		.byte	70
 576 0227 80       		.byte	-128
 577 0228 4C       		.byte	76
 578 0229 02       		.byte	2
 579 022a 4D       		.byte	77
 580 022b 04       		.byte	4
 581 022c 4F       		.byte	79
 582 022d 01       		.byte	1
 583 022e 56       		.byte	86
 584 022f 80       		.byte	-128
 585 0230 5D       		.byte	93
 586 0231 04       		.byte	4
 587 0232 5E       		.byte	94
 588 0233 80       		.byte	-128
 589 0234 5F       		.byte	95
 590 0235 01       		.byte	1
 591 0236 65       		.byte	101
 592 0237 02       		.byte	2
 593 0238 85       		.byte	-123
 594 0239 02       		.byte	2
 595 023a C2       		.byte	-62
 596 023b 10       		.byte	16
 597 023c C4       		.byte	-60
 598 023d 10       		.byte	16
 599 023e D0       		.byte	-48
 600 023f 80       		.byte	-128
 601 0240 D2       		.byte	-46
 602 0241 10       		.byte	16
 603 0242 D6       		.byte	-42
 604 0243 D0       		.byte	-48
 605 0244 D8       		.byte	-40
 606 0245 80       		.byte	-128
 607 0246 00       		.byte	0
 608 0247 0E       		.byte	14
 609 0248 01       		.byte	1
 610 0249 12       		.byte	18
 611 024a 03       		.byte	3
 612 024b 85       		.byte	-123
 613 024c 05       		.byte	5
 614 024d 3F       		.byte	63
 615 024e 06       		.byte	6
 616 024f 02       		.byte	2
 617 0250 09       		.byte	9
 618 0251 3F       		.byte	63
 619 0252 10       		.byte	16
 620 0253 0E       		.byte	14
 621 0254 11       		.byte	17
 622 0255 20       		.byte	32
 623 0256 14       		.byte	20
 624 0257 02       		.byte	2
 625 0258 15       		.byte	21
 626 0259 04       		.byte	4
 627 025a 16       		.byte	22
ARM GAS  C:\Users\Gemma\AppData\Local\Temp\ccHSwC0a.s 			page 12


 628 025b 0C       		.byte	12
 629 025c 17       		.byte	23
 630 025d 58       		.byte	88
 631 025e 1A       		.byte	26
 632 025f 01       		.byte	1
 633 0260 1E       		.byte	30
 634 0261 01       		.byte	1
 635 0262 20       		.byte	32
 636 0263 0C       		.byte	12
 637 0264 22       		.byte	34
 638 0265 02       		.byte	2
 639 0266 24       		.byte	36
 640 0267 04       		.byte	4
 641 0268 28       		.byte	40
 642 0269 0C       		.byte	12
 643 026a 29       		.byte	41
 644 026b 09       		.byte	9
 645 026c 2B       		.byte	43
 646 026d 86       		.byte	-122
 647 026e 2C       		.byte	44
 648 026f 08       		.byte	8
 649 0270 31       		.byte	49
 650 0271 03       		.byte	3
 651 0272 33       		.byte	51
 652 0273 1C       		.byte	28
 653 0274 34       		.byte	52
 654 0275 01       		.byte	1
 655 0276 35       		.byte	53
 656 0277 20       		.byte	32
 657 0278 36       		.byte	54
 658 0279 0E       		.byte	14
 659 027a 37       		.byte	55
 660 027b C0       		.byte	-64
 661 027c 3E       		.byte	62
 662 027d 10       		.byte	16
 663 027e 3F       		.byte	63
 664 027f 40       		.byte	64
 665 0280 40       		.byte	64
 666 0281 23       		.byte	35
 667 0282 41       		.byte	65
 668 0283 05       		.byte	5
 669 0284 42       		.byte	66
 670 0285 04       		.byte	4
 671 0286 44       		.byte	68
 672 0287 01       		.byte	1
 673 0288 45       		.byte	69
 674 0289 0C       		.byte	12
 675 028a 46       		.byte	70
 676 028b E0       		.byte	-32
 677 028c 48       		.byte	72
 678 028d 09       		.byte	9
 679 028e 49       		.byte	73
 680 028f FF       		.byte	-1
 681 0290 4A       		.byte	74
 682 0291 FF       		.byte	-1
 683 0292 4B       		.byte	75
 684 0293 FF       		.byte	-1
ARM GAS  C:\Users\Gemma\AppData\Local\Temp\ccHSwC0a.s 			page 13


 685 0294 4C       		.byte	76
 686 0295 62       		.byte	98
 687 0296 4D       		.byte	77
 688 0297 A0       		.byte	-96
 689 0298 4E       		.byte	78
 690 0299 F0       		.byte	-16
 691 029a 4F       		.byte	79
 692 029b 41       		.byte	65
 693 029c 50       		.byte	80
 694 029d 0C       		.byte	12
 695 029e 56       		.byte	86
 696 029f 02       		.byte	2
 697 02a0 57       		.byte	87
 698 02a1 11       		.byte	17
 699 02a2 58       		.byte	88
 700 02a3 04       		.byte	4
 701 02a4 59       		.byte	89
 702 02a5 04       		.byte	4
 703 02a6 5A       		.byte	90
 704 02a7 04       		.byte	4
 705 02a8 5B       		.byte	91
 706 02a9 04       		.byte	4
 707 02aa 5C       		.byte	92
 708 02ab 11       		.byte	17
 709 02ac 5D       		.byte	93
 710 02ad 11       		.byte	17
 711 02ae 5F       		.byte	95
 712 02af 01       		.byte	1
 713 02b0 66       		.byte	102
 714 02b1 40       		.byte	64
 715 02b2 67       		.byte	103
 716 02b3 02       		.byte	2
 717 02b4 69       		.byte	105
 718 02b5 10       		.byte	16
 719 02b6 6A       		.byte	106
 720 02b7 30       		.byte	48
 721 02b8 6B       		.byte	107
 722 02b9 10       		.byte	16
 723 02ba 6D       		.byte	109
 724 02bb 10       		.byte	16
 725 02bc 6E       		.byte	110
 726 02bd 10       		.byte	16
 727 02be 6F       		.byte	111
 728 02bf 12       		.byte	18
 729 02c0 87       		.byte	-121
 730 02c1 15       		.byte	21
 731 02c2 89       		.byte	-119
 732 02c3 03       		.byte	3
 733 02c4 8B       		.byte	-117
 734 02c5 14       		.byte	20
 735 02c6 8D       		.byte	-115
 736 02c7 13       		.byte	19
 737 02c8 8F       		.byte	-113
 738 02c9 0C       		.byte	12
 739 02ca 93       		.byte	-109
 740 02cb 08       		.byte	8
 741 02cc 95       		.byte	-107
ARM GAS  C:\Users\Gemma\AppData\Local\Temp\ccHSwC0a.s 			page 14


 742 02cd 0A       		.byte	10
 743 02ce 97       		.byte	-105
 744 02cf 14       		.byte	20
 745 02d0 A1       		.byte	-95
 746 02d1 13       		.byte	19
 747 02d2 A3       		.byte	-93
 748 02d3 04       		.byte	4
 749 02d4 B1       		.byte	-79
 750 02d5 0F       		.byte	15
 751 02d6 B7       		.byte	-73
 752 02d7 10       		.byte	16
 753 02d8 BB       		.byte	-69
 754 02d9 02       		.byte	2
 755 02da BF       		.byte	-65
 756 02db 40       		.byte	64
 757 02dc C0       		.byte	-64
 758 02dd 42       		.byte	66
 759 02de C1       		.byte	-63
 760 02df 01       		.byte	1
 761 02e0 C5       		.byte	-59
 762 02e1 0B       		.byte	11
 763 02e2 C6       		.byte	-58
 764 02e3 C0       		.byte	-64
 765 02e4 C7       		.byte	-57
 766 02e5 0E       		.byte	14
 767 02e6 C8       		.byte	-56
 768 02e7 19       		.byte	25
 769 02e8 C9       		.byte	-55
 770 02e9 FF       		.byte	-1
 771 02ea CA       		.byte	-54
 772 02eb FF       		.byte	-1
 773 02ec CB       		.byte	-53
 774 02ed FF       		.byte	-1
 775 02ee CE       		.byte	-50
 776 02ef F0       		.byte	-16
 777 02f0 CF       		.byte	-49
 778 02f1 44       		.byte	68
 779 02f2 D0       		.byte	-48
 780 02f3 0C       		.byte	12
 781 02f4 D9       		.byte	-39
 782 02f5 04       		.byte	4
 783 02f6 DA       		.byte	-38
 784 02f7 04       		.byte	4
 785 02f8 DC       		.byte	-36
 786 02f9 10       		.byte	16
 787 02fa DD       		.byte	-35
 788 02fb 01       		.byte	1
 789 02fc DF       		.byte	-33
 790 02fd 01       		.byte	1
 791 02fe E6       		.byte	-26
 792 02ff C0       		.byte	-64
 793 0300 EA       		.byte	-22
 794 0301 40       		.byte	64
 795 0302 EB       		.byte	-21
 796 0303 02       		.byte	2
 797 0304 04       		.byte	4
 798 0305 24       		.byte	36
ARM GAS  C:\Users\Gemma\AppData\Local\Temp\ccHSwC0a.s 			page 15


 799 0306 05       		.byte	5
 800 0307 20       		.byte	32
 801 0308 07       		.byte	7
 802 0309 40       		.byte	64
 803 030a 0C       		.byte	12
 804 030b 44       		.byte	68
 805 030c 0E       		.byte	14
 806 030d 02       		.byte	2
 807 030e 0F       		.byte	15
 808 030f 44       		.byte	68
 809 0310 16       		.byte	22
 810 0311 81       		.byte	-127
 811 0312 17       		.byte	23
 812 0313 28       		.byte	40
 813 0314 1E       		.byte	30
 814 0315 0A       		.byte	10
 815 0316 20       		.byte	32
 816 0317 40       		.byte	64
 817 0318 22       		.byte	34
 818 0319 40       		.byte	64
 819 031a 24       		.byte	36
 820 031b 84       		.byte	-124
 821 031c 25       		.byte	37
 822 031d 41       		.byte	65
 823 031e 26       		.byte	38
 824 031f 08       		.byte	8
 825 0320 27       		.byte	39
 826 0321 14       		.byte	20
 827 0322 2A       		.byte	42
 828 0323 02       		.byte	2
 829 0324 2C       		.byte	44
 830 0325 08       		.byte	8
 831 0326 31       		.byte	49
 832 0327 08       		.byte	8
 833 0328 32       		.byte	50
 834 0329 01       		.byte	1
 835 032a 36       		.byte	54
 836 032b 08       		.byte	8
 837 032c 37       		.byte	55
 838 032d 01       		.byte	1
 839 032e 38       		.byte	56
 840 032f 60       		.byte	96
 841 0330 3A       		.byte	58
 842 0331 08       		.byte	8
 843 0332 3D       		.byte	61
 844 0333 02       		.byte	2
 845 0334 3E       		.byte	62
 846 0335 14       		.byte	20
 847 0336 40       		.byte	64
 848 0337 40       		.byte	64
 849 0338 42       		.byte	66
 850 0339 0A       		.byte	10
 851 033a 44       		.byte	68
 852 033b 44       		.byte	68
 853 033c 45       		.byte	69
 854 033d 60       		.byte	96
 855 033e 47       		.byte	71
ARM GAS  C:\Users\Gemma\AppData\Local\Temp\ccHSwC0a.s 			page 16


 856 033f 04       		.byte	4
 857 0340 49       		.byte	73
 858 0341 08       		.byte	8
 859 0342 4F       		.byte	79
 860 0343 44       		.byte	68
 861 0344 50       		.byte	80
 862 0345 10       		.byte	16
 863 0346 51       		.byte	81
 864 0347 04       		.byte	4
 865 0348 57       		.byte	87
 866 0349 10       		.byte	16
 867 034a 5E       		.byte	94
 868 034b 20       		.byte	32
 869 034c 6E       		.byte	110
 870 034d 14       		.byte	20
 871 034e 6F       		.byte	111
 872 034f 01       		.byte	1
 873 0350 74       		.byte	116
 874 0351 80       		.byte	-128
 875 0352 76       		.byte	118
 876 0353 05       		.byte	5
 877 0354 77       		.byte	119
 878 0355 28       		.byte	40
 879 0356 8B       		.byte	-117
 880 0357 48       		.byte	72
 881 0358 8E       		.byte	-114
 882 0359 04       		.byte	4
 883 035a 8F       		.byte	-113
 884 035b 01       		.byte	1
 885 035c 92       		.byte	-110
 886 035d 02       		.byte	2
 887 035e 94       		.byte	-108
 888 035f 40       		.byte	64
 889 0360 97       		.byte	-105
 890 0361 03       		.byte	3
 891 0362 98       		.byte	-104
 892 0363 20       		.byte	32
 893 0364 9A       		.byte	-102
 894 0365 8A       		.byte	-118
 895 0366 9D       		.byte	-99
 896 0367 08       		.byte	8
 897 0368 9F       		.byte	-97
 898 0369 40       		.byte	64
 899 036a A1       		.byte	-95
 900 036b 08       		.byte	8
 901 036c A2       		.byte	-94
 902 036d 10       		.byte	16
 903 036e A7       		.byte	-89
 904 036f 3A       		.byte	58
 905 0370 C0       		.byte	-64
 906 0371 30       		.byte	48
 907 0372 C2       		.byte	-62
 908 0373 F0       		.byte	-16
 909 0374 C4       		.byte	-60
 910 0375 F0       		.byte	-16
 911 0376 CA       		.byte	-54
 912 0377 21       		.byte	33
ARM GAS  C:\Users\Gemma\AppData\Local\Temp\ccHSwC0a.s 			page 17


 913 0378 CC       		.byte	-52
 914 0379 C3       		.byte	-61
 915 037a CE       		.byte	-50
 916 037b EE       		.byte	-18
 917 037c D0       		.byte	-48
 918 037d FD       		.byte	-3
 919 037e D2       		.byte	-46
 920 037f 10       		.byte	16
 921 0380 D6       		.byte	-42
 922 0381 20       		.byte	32
 923 0382 05       		.byte	5
 924 0383 01       		.byte	1
 925 0384 18       		.byte	24
 926 0385 01       		.byte	1
 927 0386 30       		.byte	48
 928 0387 01       		.byte	1
 929 0388 33       		.byte	51
 930 0389 01       		.byte	1
 931 038a 3E       		.byte	62
 932 038b 01       		.byte	1
 933 038c 3F       		.byte	63
 934 038d 04       		.byte	4
 935 038e 54       		.byte	84
 936 038f 01       		.byte	1
 937 0390 58       		.byte	88
 938 0391 04       		.byte	4
 939 0392 59       		.byte	89
 940 0393 04       		.byte	4
 941 0394 5B       		.byte	91
 942 0395 04       		.byte	4
 943 0396 5D       		.byte	93
 944 0397 10       		.byte	16
 945 0398 5F       		.byte	95
 946 0399 01       		.byte	1
 947 039a 80       		.byte	-128
 948 039b 0C       		.byte	12
 949 039c 81       		.byte	-127
 950 039d 10       		.byte	16
 951 039e 82       		.byte	-126
 952 039f 23       		.byte	35
 953 03a0 84       		.byte	-124
 954 03a1 0C       		.byte	12
 955 03a2 85       		.byte	-123
 956 03a3 08       		.byte	8
 957 03a4 88       		.byte	-120
 958 03a5 04       		.byte	4
 959 03a6 89       		.byte	-119
 960 03a7 18       		.byte	24
 961 03a8 8C       		.byte	-116
 962 03a9 02       		.byte	2
 963 03aa 8D       		.byte	-115
 964 03ab 1C       		.byte	28
 965 03ac 8F       		.byte	-113
 966 03ad 61       		.byte	97
 967 03ae 90       		.byte	-112
 968 03af 0F       		.byte	15
 969 03b0 92       		.byte	-110
ARM GAS  C:\Users\Gemma\AppData\Local\Temp\ccHSwC0a.s 			page 18


 970 03b1 20       		.byte	32
 971 03b2 93       		.byte	-109
 972 03b3 04       		.byte	4
 973 03b4 94       		.byte	-108
 974 03b5 2F       		.byte	47
 975 03b6 97       		.byte	-105
 976 03b7 63       		.byte	99
 977 03b8 98       		.byte	-104
 978 03b9 23       		.byte	35
 979 03ba 99       		.byte	-103
 980 03bb 60       		.byte	96
 981 03bc 9A       		.byte	-102
 982 03bd 0C       		.byte	12
 983 03be 9C       		.byte	-100
 984 03bf 08       		.byte	8
 985 03c0 9D       		.byte	-99
 986 03c1 1C       		.byte	28
 987 03c2 9F       		.byte	-97
 988 03c3 62       		.byte	98
 989 03c4 A0       		.byte	-96
 990 03c5 01       		.byte	1
 991 03c6 A1       		.byte	-95
 992 03c7 40       		.byte	64
 993 03c8 A2       		.byte	-94
 994 03c9 10       		.byte	16
 995 03ca A5       		.byte	-91
 996 03cb 67       		.byte	103
 997 03cc A6       		.byte	-90
 998 03cd 23       		.byte	35
 999 03ce A7       		.byte	-89
 1000 03cf 18       		.byte	24
 1001 03d0 A8       		.byte	-88
 1002 03d1 03       		.byte	3
 1003 03d2 A9       		.byte	-87
 1004 03d3 7F       		.byte	127
 1005 03d4 AD       		.byte	-83
 1006 03d5 24       		.byte	36
 1007 03d6 B0       		.byte	-80
 1008 03d7 2C       		.byte	44
 1009 03d8 B1       		.byte	-79
 1010 03d9 1F       		.byte	31
 1011 03da B4       		.byte	-76
 1012 03db 0F       		.byte	15
 1013 03dc B5       		.byte	-75
 1014 03dd 60       		.byte	96
 1015 03de B6       		.byte	-74
 1016 03df 10       		.byte	16
 1017 03e0 BA       		.byte	-70
 1018 03e1 2A       		.byte	42
 1019 03e2 BB       		.byte	-69
 1020 03e3 02       		.byte	2
 1021 03e4 D8       		.byte	-40
 1022 03e5 04       		.byte	4
 1023 03e6 D9       		.byte	-39
 1024 03e7 04       		.byte	4
 1025 03e8 DC       		.byte	-36
 1026 03e9 11       		.byte	17
ARM GAS  C:\Users\Gemma\AppData\Local\Temp\ccHSwC0a.s 			page 19


 1027 03ea DF       		.byte	-33
 1028 03eb 01       		.byte	1
 1029 03ec 04       		.byte	4
 1030 03ed 80       		.byte	-128
 1031 03ee 06       		.byte	6
 1032 03ef 2E       		.byte	46
 1033 03f0 07       		.byte	7
 1034 03f1 60       		.byte	96
 1035 03f2 08       		.byte	8
 1036 03f3 20       		.byte	32
 1037 03f4 0C       		.byte	12
 1038 03f5 80       		.byte	-128
 1039 03f6 0D       		.byte	13
 1040 03f7 20       		.byte	32
 1041 03f8 0E       		.byte	14
 1042 03f9 50       		.byte	80
 1043 03fa 0F       		.byte	15
 1044 03fb 02       		.byte	2
 1045 03fc 17       		.byte	23
 1046 03fd 15       		.byte	21
 1047 03fe 18       		.byte	24
 1048 03ff 40       		.byte	64
 1049 0400 1D       		.byte	29
 1050 0401 20       		.byte	32
 1051 0402 1E       		.byte	30
 1052 0403 52       		.byte	82
 1053 0404 1F       		.byte	31
 1054 0405 2A       		.byte	42
 1055 0406 22       		.byte	34
 1056 0407 04       		.byte	4
 1057 0408 25       		.byte	37
 1058 0409 10       		.byte	16
 1059 040a 27       		.byte	39
 1060 040b 40       		.byte	64
 1061 040c 2E       		.byte	46
 1062 040d 82       		.byte	-126
 1063 040e 2F       		.byte	47
 1064 040f 28       		.byte	40
 1065 0410 36       		.byte	54
 1066 0411 01       		.byte	1
 1067 0412 37       		.byte	55
 1068 0413 54       		.byte	84
 1069 0414 39       		.byte	57
 1070 0415 08       		.byte	8
 1071 0416 3E       		.byte	62
 1072 0417 68       		.byte	104
 1073 0418 3F       		.byte	63
 1074 0419 02       		.byte	2
 1075 041a 59       		.byte	89
 1076 041b 20       		.byte	32
 1077 041c 5A       		.byte	90
 1078 041d 89       		.byte	-119
 1079 041e 80       		.byte	-128
 1080 041f 40       		.byte	64
 1081 0420 88       		.byte	-120
 1082 0421 08       		.byte	8
 1083 0422 89       		.byte	-119
ARM GAS  C:\Users\Gemma\AppData\Local\Temp\ccHSwC0a.s 			page 20


 1084 0423 04       		.byte	4
 1085 0424 8A       		.byte	-118
 1086 0425 81       		.byte	-127
 1087 0426 8B       		.byte	-117
 1088 0427 01       		.byte	1
 1089 0428 8D       		.byte	-115
 1090 0429 10       		.byte	16
 1091 042a 8F       		.byte	-113
 1092 042b 01       		.byte	1
 1093 042c 90       		.byte	-112
 1094 042d 80       		.byte	-128
 1095 042e 91       		.byte	-111
 1096 042f 08       		.byte	8
 1097 0430 92       		.byte	-110
 1098 0431 80       		.byte	-128
 1099 0432 97       		.byte	-105
 1100 0433 01       		.byte	1
 1101 0434 98       		.byte	-104
 1102 0435 20       		.byte	32
 1103 0436 99       		.byte	-103
 1104 0437 20       		.byte	32
 1105 0438 9A       		.byte	-102
 1106 0439 04       		.byte	4
 1107 043a 9B       		.byte	-101
 1108 043b 34       		.byte	52
 1109 043c 9F       		.byte	-97
 1110 043d 40       		.byte	64
 1111 043e A0       		.byte	-96
 1112 043f 80       		.byte	-128
 1113 0440 A4       		.byte	-92
 1114 0441 08       		.byte	8
 1115 0442 A5       		.byte	-91
 1116 0443 20       		.byte	32
 1117 0444 A7       		.byte	-89
 1118 0445 2A       		.byte	42
 1119 0446 C0       		.byte	-64
 1120 0447 F0       		.byte	-16
 1121 0448 C2       		.byte	-62
 1122 0449 F2       		.byte	-14
 1123 044a C4       		.byte	-60
 1124 044b 70       		.byte	112
 1125 044c CA       		.byte	-54
 1126 044d F0       		.byte	-16
 1127 044e CC       		.byte	-52
 1128 044f F0       		.byte	-16
 1129 0450 CE       		.byte	-50
 1130 0451 F2       		.byte	-14
 1131 0452 D6       		.byte	-42
 1132 0453 0F       		.byte	15
 1133 0454 E4       		.byte	-28
 1134 0455 04       		.byte	4
 1135 0456 EC       		.byte	-20
 1136 0457 10       		.byte	16
 1137 0458 33       		.byte	51
 1138 0459 80       		.byte	-128
 1139 045a 37       		.byte	55
 1140 045b 80       		.byte	-128
ARM GAS  C:\Users\Gemma\AppData\Local\Temp\ccHSwC0a.s 			page 21


 1141 045c CC       		.byte	-52
 1142 045d 30       		.byte	48
 1143 045e 9F       		.byte	-97
 1144 045f 80       		.byte	-128
 1145 0460 A7       		.byte	-89
 1146 0461 80       		.byte	-128
 1147 0462 9F       		.byte	-97
 1148 0463 80       		.byte	-128
 1149 0464 A7       		.byte	-89
 1150 0465 80       		.byte	-128
 1151 0466 12       		.byte	18
 1152 0467 08       		.byte	8
 1153 0468 13       		.byte	19
 1154 0469 80       		.byte	-128
 1155 046a 9F       		.byte	-97
 1156 046b 80       		.byte	-128
 1157 046c A7       		.byte	-89
 1158 046d 80       		.byte	-128
 1159 046e C4       		.byte	-60
 1160 046f 40       		.byte	64
 1161 0470 7C       		.byte	124
 1162 0471 20       		.byte	32
 1163 0472 DE       		.byte	-34
 1164 0473 01       		.byte	1
 1165 0474 9C       		.byte	-100
 1166 0475 20       		.byte	32
 1167 0476 45       		.byte	69
 1168 0477 08       		.byte	8
 1169 0478 B4       		.byte	-76
 1170 0479 20       		.byte	32
 1171 047a D0       		.byte	-48
 1172 047b 01       		.byte	1
 1173 047c E8       		.byte	-24
 1174 047d 02       		.byte	2
 1175 047e A5       		.byte	-91
 1176 047f 08       		.byte	8
 1177 0480 25       		.byte	37
 1178 0481 10       		.byte	16
 1179 0482 87       		.byte	-121
 1180 0483 80       		.byte	-128
 1181 0484 A2       		.byte	-94
 1182 0485 08       		.byte	8
 1183 0486 A7       		.byte	-89
 1184 0487 80       		.byte	-128
 1185 0488 C8       		.byte	-56
 1186 0489 20       		.byte	32
 1187 048a E6       		.byte	-26
 1188 048b 10       		.byte	16
 1189 048c 36       		.byte	54
 1190 048d 08       		.byte	8
 1191 048e A2       		.byte	-94
 1192 048f 08       		.byte	8
 1193 0490 B5       		.byte	-75
 1194 0491 10       		.byte	16
 1195 0492 CC       		.byte	-52
 1196 0493 80       		.byte	-128
 1197 0494 A5       		.byte	-91
ARM GAS  C:\Users\Gemma\AppData\Local\Temp\ccHSwC0a.s 			page 22


 1198 0495 08       		.byte	8
 1199 0496 10       		.byte	16
 1200 0497 20       		.byte	32
 1201 0498 70       		.byte	112
 1202 0499 01       		.byte	1
 1203 049a 80       		.byte	-128
 1204 049b 01       		.byte	1
 1205 049c 88       		.byte	-120
 1206 049d 20       		.byte	32
 1207 049e B5       		.byte	-75
 1208 049f 08       		.byte	8
 1209 04a0 C4       		.byte	-60
 1210 04a1 08       		.byte	8
 1211 04a2 DC       		.byte	-36
 1212 04a3 01       		.byte	1
 1213 04a4 E6       		.byte	-26
 1214 04a5 04       		.byte	4
 1215 04a6 EC       		.byte	-20
 1216 04a7 08       		.byte	8
 1217 04a8 00       		.byte	0
 1218 04a9 02       		.byte	2
 1219 04aa 0C       		.byte	12
 1220 04ab 02       		.byte	2
 1221 04ac 10       		.byte	16
 1222 04ad 02       		.byte	2
 1223 04ae 11       		.byte	17
 1224 04af 01       		.byte	1
 1225 04b0 1B       		.byte	27
 1226 04b1 01       		.byte	1
 1227 04b2 1C       		.byte	28
 1228 04b3 02       		.byte	2
 1229 04b4 00       		.byte	0
 1230 04b5 0B       		.byte	11
 1231 04b6 07       		.byte	7
 1232 04b7 0C       		.byte	12
 1233 04b8 00       		.byte	0
 1234 04b9 00       		.byte	0
 1235 04ba 00       		.byte	0
 1236 04bb 00       		.byte	0
 1237 04bc 00       		.byte	0
 1238 04bd 00       		.byte	0
 1239 04be 01       		.byte	1
 1240 04bf 00       		.byte	0
 1241 04c0 80       		.byte	-128
 1242 04c1 00       		.byte	0
 1243 04c2 40       		.byte	64
 1244 04c3 80       		.byte	-128
 1245 04c4 80       		.byte	-128
 1246 04c5 00       		.byte	0
 1247 04c6 80       		.byte	-128
 1248 04c7 00       		.byte	0
 1249 04c8 00       		.byte	0
 1250 04c9 00       		.byte	0
 1251 04ca 00       		.byte	0
 1252 04cb 00       		.byte	0
 1253 04cc 00       		.byte	0
 1254 04cd 0B       		.byte	11
ARM GAS  C:\Users\Gemma\AppData\Local\Temp\ccHSwC0a.s 			page 23


 1255 04ce 0B       		.byte	11
 1256 04cf 00       		.byte	0
 1257 04d0 00       		.byte	0
 1258 04d1 00       		.byte	0
 1259 04d2 00       		.byte	0
 1260 04d3 00       		.byte	0
 1261 04d4 BB       		.byte	-69
 1262 04d5 00       		.byte	0
 1263 04d6 18       		.byte	24
 1264 04d7 01       		.byte	1
 1265              		.global	cy_meta_custnvl
 1266              		.section	.cycustnvl,"a",%progbits
 1267              		.align	2
 1268              		.type	cy_meta_custnvl, %object
 1269              		.size	cy_meta_custnvl, 4
 1270              	cy_meta_custnvl:
 1271 0000 00       		.byte	0
 1272 0001 00       		.byte	0
 1273 0002 40       		.byte	64
 1274 0003 05       		.byte	5
 1275              		.global	cy_meta_wonvl
 1276              		.section	.cywolatch,"a",%progbits
 1277              		.align	2
 1278              		.type	cy_meta_wonvl, %object
 1279              		.size	cy_meta_wonvl, 4
 1280              	cy_meta_wonvl:
 1281 0000 BC       		.byte	-68
 1282 0001 90       		.byte	-112
 1283 0002 AC       		.byte	-84
 1284 0003 AF       		.byte	-81
 1285              		.global	cy_meta_flashprotect
 1286              		.section	.cyflashprotect,"a",%progbits
 1287              		.align	2
 1288              		.type	cy_meta_flashprotect, %object
 1289              		.size	cy_meta_flashprotect, 256
 1290              	cy_meta_flashprotect:
 1291 0000 00000000 		.space	256
 1291      00000000 
 1291      00000000 
 1291      00000000 
 1291      00000000 
 1292              		.global	cy_metadata
 1293              		.section	.cymeta,"a",%progbits
 1294              		.align	2
 1295              		.type	cy_metadata, %object
 1296              		.size	cy_metadata, 12
 1297              	cy_metadata:
 1298 0000 00       		.byte	0
 1299 0001 01       		.byte	1
 1300 0002 2E       		.byte	46
 1301 0003 16       		.byte	22
 1302 0004 10       		.byte	16
 1303 0005 69       		.byte	105
 1304 0006 00       		.byte	0
 1305 0007 01       		.byte	1
 1306 0008 00       		.byte	0
 1307 0009 00       		.byte	0
ARM GAS  C:\Users\Gemma\AppData\Local\Temp\ccHSwC0a.s 			page 24


 1308 000a 00       		.byte	0
 1309 000b 00       		.byte	0
 1310              		.text
 1311              	.Letext0:
 1312              		.file 1 "c:\\program files (x86)\\cypress\\psoc creator\\4.2\\psoc creator\\import\\gnu\\arm\\5.4.
 1313              		.file 2 "c:\\program files (x86)\\cypress\\psoc creator\\4.2\\psoc creator\\import\\gnu\\arm\\5.4.
 1314              		.file 3 "Generated_Source\\PSoC5\\cymetadata.c"
 1315              		.section	.debug_info,"",%progbits
 1316              	.Ldebug_info0:
 1317 0000 32010000 		.4byte	0x132
 1318 0004 0400     		.2byte	0x4
 1319 0006 00000000 		.4byte	.Ldebug_abbrev0
 1320 000a 04       		.byte	0x4
 1321 000b 01       		.uleb128 0x1
 1322 000c 0A000000 		.4byte	.LASF17
 1323 0010 0C       		.byte	0xc
 1324 0011 D8010000 		.4byte	.LASF18
 1325 0015 B2000000 		.4byte	.LASF19
 1326 0019 00000000 		.4byte	.Ldebug_line0
 1327 001d 02       		.uleb128 0x2
 1328 001e 01       		.byte	0x1
 1329 001f 06       		.byte	0x6
 1330 0020 CC010000 		.4byte	.LASF0
 1331 0024 03       		.uleb128 0x3
 1332 0025 00000000 		.4byte	.LASF9
 1333 0029 01       		.byte	0x1
 1334 002a 1D       		.byte	0x1d
 1335 002b 2F000000 		.4byte	0x2f
 1336 002f 02       		.uleb128 0x2
 1337 0030 01       		.byte	0x1
 1338 0031 08       		.byte	0x8
 1339 0032 A4000000 		.4byte	.LASF1
 1340 0036 02       		.uleb128 0x2
 1341 0037 02       		.byte	0x2
 1342 0038 05       		.byte	0x5
 1343 0039 B9010000 		.4byte	.LASF2
 1344 003d 02       		.uleb128 0x2
 1345 003e 02       		.byte	0x2
 1346 003f 07       		.byte	0x7
 1347 0040 1E010000 		.4byte	.LASF3
 1348 0044 02       		.uleb128 0x2
 1349 0045 04       		.byte	0x4
 1350 0046 05       		.byte	0x5
 1351 0047 C3010000 		.4byte	.LASF4
 1352 004b 02       		.uleb128 0x2
 1353 004c 04       		.byte	0x4
 1354 004d 07       		.byte	0x7
 1355 004e 0C010000 		.4byte	.LASF5
 1356 0052 02       		.uleb128 0x2
 1357 0053 08       		.byte	0x8
 1358 0054 05       		.byte	0x5
 1359 0055 AB010000 		.4byte	.LASF6
 1360 0059 02       		.uleb128 0x2
 1361 005a 08       		.byte	0x8
 1362 005b 07       		.byte	0x7
 1363 005c 60010000 		.4byte	.LASF7
 1364 0060 04       		.uleb128 0x4
ARM GAS  C:\Users\Gemma\AppData\Local\Temp\ccHSwC0a.s 			page 25


 1365 0061 04       		.byte	0x4
 1366 0062 05       		.byte	0x5
 1367 0063 696E7400 		.ascii	"int\000"
 1368 0067 02       		.uleb128 0x2
 1369 0068 04       		.byte	0x4
 1370 0069 07       		.byte	0x7
 1371 006a 53010000 		.4byte	.LASF8
 1372 006e 03       		.uleb128 0x3
 1373 006f 77010000 		.4byte	.LASF10
 1374 0073 02       		.byte	0x2
 1375 0074 18       		.byte	0x18
 1376 0075 24000000 		.4byte	0x24
 1377 0079 05       		.uleb128 0x5
 1378 007a 91000000 		.4byte	0x91
 1379 007e 8A000000 		.4byte	0x8a
 1380 0082 06       		.uleb128 0x6
 1381 0083 8A000000 		.4byte	0x8a
 1382 0087 D704     		.2byte	0x4d7
 1383 0089 00       		.byte	0
 1384 008a 02       		.uleb128 0x2
 1385 008b 04       		.byte	0x4
 1386 008c 07       		.byte	0x7
 1387 008d A2010000 		.4byte	.LASF11
 1388 0091 07       		.uleb128 0x7
 1389 0092 6E000000 		.4byte	0x6e
 1390 0096 08       		.uleb128 0x8
 1391 0097 41010000 		.4byte	.LASF12
 1392 009b 03       		.byte	0x3
 1393 009c 1F       		.byte	0x1f
 1394 009d A7000000 		.4byte	0xa7
 1395 00a1 05       		.uleb128 0x5
 1396 00a2 03       		.byte	0x3
 1397 00a3 00000000 		.4byte	cy_meta_configecc
 1398 00a7 07       		.uleb128 0x7
 1399 00a8 79000000 		.4byte	0x79
 1400 00ac 05       		.uleb128 0x5
 1401 00ad 91000000 		.4byte	0x91
 1402 00b1 BC000000 		.4byte	0xbc
 1403 00b5 09       		.uleb128 0x9
 1404 00b6 8A000000 		.4byte	0x8a
 1405 00ba 03       		.byte	0x3
 1406 00bb 00       		.byte	0
 1407 00bc 08       		.uleb128 0x8
 1408 00bd 31010000 		.4byte	.LASF13
 1409 00c1 03       		.byte	0x3
 1410 00c2 C7       		.byte	0xc7
 1411 00c3 CD000000 		.4byte	0xcd
 1412 00c7 05       		.uleb128 0x5
 1413 00c8 03       		.byte	0x3
 1414 00c9 00000000 		.4byte	cy_meta_custnvl
 1415 00cd 07       		.uleb128 0x7
 1416 00ce AC000000 		.4byte	0xac
 1417 00d2 08       		.uleb128 0x8
 1418 00d3 94010000 		.4byte	.LASF14
 1419 00d7 03       		.byte	0x3
 1420 00d8 D5       		.byte	0xd5
 1421 00d9 E3000000 		.4byte	0xe3
ARM GAS  C:\Users\Gemma\AppData\Local\Temp\ccHSwC0a.s 			page 26


 1422 00dd 05       		.uleb128 0x5
 1423 00de 03       		.byte	0x3
 1424 00df 00000000 		.4byte	cy_meta_wonvl
 1425 00e3 07       		.uleb128 0x7
 1426 00e4 AC000000 		.4byte	0xac
 1427 00e8 05       		.uleb128 0x5
 1428 00e9 91000000 		.4byte	0x91
 1429 00ed F8000000 		.4byte	0xf8
 1430 00f1 09       		.uleb128 0x9
 1431 00f2 8A000000 		.4byte	0x8a
 1432 00f6 FF       		.byte	0xff
 1433 00f7 00       		.byte	0
 1434 00f8 08       		.uleb128 0x8
 1435 00f9 7F010000 		.4byte	.LASF15
 1436 00fd 03       		.byte	0x3
 1437 00fe E3       		.byte	0xe3
 1438 00ff 09010000 		.4byte	0x109
 1439 0103 05       		.uleb128 0x5
 1440 0104 03       		.byte	0x3
 1441 0105 00000000 		.4byte	cy_meta_flashprotect
 1442 0109 07       		.uleb128 0x7
 1443 010a E8000000 		.4byte	0xe8
 1444 010e 05       		.uleb128 0x5
 1445 010f 91000000 		.4byte	0x91
 1446 0113 1E010000 		.4byte	0x11e
 1447 0117 09       		.uleb128 0x9
 1448 0118 8A000000 		.4byte	0x8a
 1449 011c 0B       		.byte	0xb
 1450 011d 00       		.byte	0
 1451 011e 0A       		.uleb128 0xa
 1452 011f 98000000 		.4byte	.LASF16
 1453 0123 03       		.byte	0x3
 1454 0124 1001     		.2byte	0x110
 1455 0126 30010000 		.4byte	0x130
 1456 012a 05       		.uleb128 0x5
 1457 012b 03       		.byte	0x3
 1458 012c 00000000 		.4byte	cy_metadata
 1459 0130 07       		.uleb128 0x7
 1460 0131 0E010000 		.4byte	0x10e
 1461 0135 00       		.byte	0
 1462              		.section	.debug_abbrev,"",%progbits
 1463              	.Ldebug_abbrev0:
 1464 0000 01       		.uleb128 0x1
 1465 0001 11       		.uleb128 0x11
 1466 0002 01       		.byte	0x1
 1467 0003 25       		.uleb128 0x25
 1468 0004 0E       		.uleb128 0xe
 1469 0005 13       		.uleb128 0x13
 1470 0006 0B       		.uleb128 0xb
 1471 0007 03       		.uleb128 0x3
 1472 0008 0E       		.uleb128 0xe
 1473 0009 1B       		.uleb128 0x1b
 1474 000a 0E       		.uleb128 0xe
 1475 000b 10       		.uleb128 0x10
 1476 000c 17       		.uleb128 0x17
 1477 000d 00       		.byte	0
 1478 000e 00       		.byte	0
ARM GAS  C:\Users\Gemma\AppData\Local\Temp\ccHSwC0a.s 			page 27


 1479 000f 02       		.uleb128 0x2
 1480 0010 24       		.uleb128 0x24
 1481 0011 00       		.byte	0
 1482 0012 0B       		.uleb128 0xb
 1483 0013 0B       		.uleb128 0xb
 1484 0014 3E       		.uleb128 0x3e
 1485 0015 0B       		.uleb128 0xb
 1486 0016 03       		.uleb128 0x3
 1487 0017 0E       		.uleb128 0xe
 1488 0018 00       		.byte	0
 1489 0019 00       		.byte	0
 1490 001a 03       		.uleb128 0x3
 1491 001b 16       		.uleb128 0x16
 1492 001c 00       		.byte	0
 1493 001d 03       		.uleb128 0x3
 1494 001e 0E       		.uleb128 0xe
 1495 001f 3A       		.uleb128 0x3a
 1496 0020 0B       		.uleb128 0xb
 1497 0021 3B       		.uleb128 0x3b
 1498 0022 0B       		.uleb128 0xb
 1499 0023 49       		.uleb128 0x49
 1500 0024 13       		.uleb128 0x13
 1501 0025 00       		.byte	0
 1502 0026 00       		.byte	0
 1503 0027 04       		.uleb128 0x4
 1504 0028 24       		.uleb128 0x24
 1505 0029 00       		.byte	0
 1506 002a 0B       		.uleb128 0xb
 1507 002b 0B       		.uleb128 0xb
 1508 002c 3E       		.uleb128 0x3e
 1509 002d 0B       		.uleb128 0xb
 1510 002e 03       		.uleb128 0x3
 1511 002f 08       		.uleb128 0x8
 1512 0030 00       		.byte	0
 1513 0031 00       		.byte	0
 1514 0032 05       		.uleb128 0x5
 1515 0033 01       		.uleb128 0x1
 1516 0034 01       		.byte	0x1
 1517 0035 49       		.uleb128 0x49
 1518 0036 13       		.uleb128 0x13
 1519 0037 01       		.uleb128 0x1
 1520 0038 13       		.uleb128 0x13
 1521 0039 00       		.byte	0
 1522 003a 00       		.byte	0
 1523 003b 06       		.uleb128 0x6
 1524 003c 21       		.uleb128 0x21
 1525 003d 00       		.byte	0
 1526 003e 49       		.uleb128 0x49
 1527 003f 13       		.uleb128 0x13
 1528 0040 2F       		.uleb128 0x2f
 1529 0041 05       		.uleb128 0x5
 1530 0042 00       		.byte	0
 1531 0043 00       		.byte	0
 1532 0044 07       		.uleb128 0x7
 1533 0045 26       		.uleb128 0x26
 1534 0046 00       		.byte	0
 1535 0047 49       		.uleb128 0x49
ARM GAS  C:\Users\Gemma\AppData\Local\Temp\ccHSwC0a.s 			page 28


 1536 0048 13       		.uleb128 0x13
 1537 0049 00       		.byte	0
 1538 004a 00       		.byte	0
 1539 004b 08       		.uleb128 0x8
 1540 004c 34       		.uleb128 0x34
 1541 004d 00       		.byte	0
 1542 004e 03       		.uleb128 0x3
 1543 004f 0E       		.uleb128 0xe
 1544 0050 3A       		.uleb128 0x3a
 1545 0051 0B       		.uleb128 0xb
 1546 0052 3B       		.uleb128 0x3b
 1547 0053 0B       		.uleb128 0xb
 1548 0054 49       		.uleb128 0x49
 1549 0055 13       		.uleb128 0x13
 1550 0056 3F       		.uleb128 0x3f
 1551 0057 19       		.uleb128 0x19
 1552 0058 02       		.uleb128 0x2
 1553 0059 18       		.uleb128 0x18
 1554 005a 00       		.byte	0
 1555 005b 00       		.byte	0
 1556 005c 09       		.uleb128 0x9
 1557 005d 21       		.uleb128 0x21
 1558 005e 00       		.byte	0
 1559 005f 49       		.uleb128 0x49
 1560 0060 13       		.uleb128 0x13
 1561 0061 2F       		.uleb128 0x2f
 1562 0062 0B       		.uleb128 0xb
 1563 0063 00       		.byte	0
 1564 0064 00       		.byte	0
 1565 0065 0A       		.uleb128 0xa
 1566 0066 34       		.uleb128 0x34
 1567 0067 00       		.byte	0
 1568 0068 03       		.uleb128 0x3
 1569 0069 0E       		.uleb128 0xe
 1570 006a 3A       		.uleb128 0x3a
 1571 006b 0B       		.uleb128 0xb
 1572 006c 3B       		.uleb128 0x3b
 1573 006d 05       		.uleb128 0x5
 1574 006e 49       		.uleb128 0x49
 1575 006f 13       		.uleb128 0x13
 1576 0070 3F       		.uleb128 0x3f
 1577 0071 19       		.uleb128 0x19
 1578 0072 02       		.uleb128 0x2
 1579 0073 18       		.uleb128 0x18
 1580 0074 00       		.byte	0
 1581 0075 00       		.byte	0
 1582 0076 00       		.byte	0
 1583              		.section	.debug_aranges,"",%progbits
 1584 0000 14000000 		.4byte	0x14
 1585 0004 0200     		.2byte	0x2
 1586 0006 00000000 		.4byte	.Ldebug_info0
 1587 000a 04       		.byte	0x4
 1588 000b 00       		.byte	0
 1589 000c 0000     		.2byte	0
 1590 000e 0000     		.2byte	0
 1591 0010 00000000 		.4byte	0
 1592 0014 00000000 		.4byte	0
ARM GAS  C:\Users\Gemma\AppData\Local\Temp\ccHSwC0a.s 			page 29


 1593              		.section	.debug_line,"",%progbits
 1594              	.Ldebug_line0:
 1595 0000 3D010000 		.section	.debug_str,"MS",%progbits,1
 1595      02003701 
 1595      00000201 
 1595      FB0E0D00 
 1595      01010101 
 1596              	.LASF9:
 1597 0000 5F5F7569 		.ascii	"__uint8_t\000"
 1597      6E74385F 
 1597      7400
 1598              	.LASF17:
 1599 000a 474E5520 		.ascii	"GNU C11 5.4.1 20160609 (release) [ARM/embedded-5-br"
 1599      43313120 
 1599      352E342E 
 1599      31203230 
 1599      31363036 
 1600 003d 616E6368 		.ascii	"anch revision 237715] -mcpu=cortex-m3 -mthumb -g -O"
 1600      20726576 
 1600      6973696F 
 1600      6E203233 
 1600      37373135 
 1601 0070 30202D66 		.ascii	"0 -ffunction-sections -ffat-lto-objects\000"
 1601      66756E63 
 1601      74696F6E 
 1601      2D736563 
 1601      74696F6E 
 1602              	.LASF16:
 1603 0098 63795F6D 		.ascii	"cy_metadata\000"
 1603      65746164 
 1603      61746100 
 1604              	.LASF1:
 1605 00a4 756E7369 		.ascii	"unsigned char\000"
 1605      676E6564 
 1605      20636861 
 1605      7200
 1606              	.LASF19:
 1607 00b2 433A5C55 		.ascii	"C:\\Users\\Gemma\\Desktop\\PSoC\\GemmaQ_Assignment3"
 1607      73657273 
 1607      5C47656D 
 1607      6D615C44 
 1607      65736B74 
 1608 00e0 5F50536F 		.ascii	"_PSoC5DAQ\\GemmaQ_Assignment3_PSoC5DAQ.cydsn\000"
 1608      43354441 
 1608      515C4765 
 1608      6D6D6151 
 1608      5F417373 
 1609              	.LASF5:
 1610 010c 6C6F6E67 		.ascii	"long unsigned int\000"
 1610      20756E73 
 1610      69676E65 
 1610      6420696E 
 1610      7400
 1611              	.LASF3:
 1612 011e 73686F72 		.ascii	"short unsigned int\000"
 1612      7420756E 
 1612      7369676E 
ARM GAS  C:\Users\Gemma\AppData\Local\Temp\ccHSwC0a.s 			page 30


 1612      65642069 
 1612      6E7400
 1613              	.LASF13:
 1614 0131 63795F6D 		.ascii	"cy_meta_custnvl\000"
 1614      6574615F 
 1614      63757374 
 1614      6E766C00 
 1615              	.LASF12:
 1616 0141 63795F6D 		.ascii	"cy_meta_configecc\000"
 1616      6574615F 
 1616      636F6E66 
 1616      69676563 
 1616      6300
 1617              	.LASF8:
 1618 0153 756E7369 		.ascii	"unsigned int\000"
 1618      676E6564 
 1618      20696E74 
 1618      00
 1619              	.LASF7:
 1620 0160 6C6F6E67 		.ascii	"long long unsigned int\000"
 1620      206C6F6E 
 1620      6720756E 
 1620      7369676E 
 1620      65642069 
 1621              	.LASF10:
 1622 0177 75696E74 		.ascii	"uint8_t\000"
 1622      385F7400 
 1623              	.LASF15:
 1624 017f 63795F6D 		.ascii	"cy_meta_flashprotect\000"
 1624      6574615F 
 1624      666C6173 
 1624      6870726F 
 1624      74656374 
 1625              	.LASF14:
 1626 0194 63795F6D 		.ascii	"cy_meta_wonvl\000"
 1626      6574615F 
 1626      776F6E76 
 1626      6C00
 1627              	.LASF11:
 1628 01a2 73697A65 		.ascii	"sizetype\000"
 1628      74797065 
 1628      00
 1629              	.LASF6:
 1630 01ab 6C6F6E67 		.ascii	"long long int\000"
 1630      206C6F6E 
 1630      6720696E 
 1630      7400
 1631              	.LASF2:
 1632 01b9 73686F72 		.ascii	"short int\000"
 1632      7420696E 
 1632      7400
 1633              	.LASF4:
 1634 01c3 6C6F6E67 		.ascii	"long int\000"
 1634      20696E74 
 1634      00
 1635              	.LASF0:
 1636 01cc 7369676E 		.ascii	"signed char\000"
ARM GAS  C:\Users\Gemma\AppData\Local\Temp\ccHSwC0a.s 			page 31


 1636      65642063 
 1636      68617200 
 1637              	.LASF18:
 1638 01d8 47656E65 		.ascii	"Generated_Source\\PSoC5\\cymetadata.c\000"
 1638      72617465 
 1638      645F536F 
 1638      75726365 
 1638      5C50536F 
 1639              		.ident	"GCC: (GNU Tools for ARM Embedded Processors) 5.4.1 20160609 (release) [ARM/embedded-5-bran
