ARM GAS  C:\Users\Gemma\AppData\Local\Temp\cckZpjkg.s 			page 1


   1              		.syntax unified
   2              		.cpu cortex-m3
   3              		.fpu softvfp
   4              		.eabi_attribute 20, 1
   5              		.eabi_attribute 21, 1
   6              		.eabi_attribute 23, 3
   7              		.eabi_attribute 24, 1
   8              		.eabi_attribute 25, 1
   9              		.eabi_attribute 26, 1
  10              		.eabi_attribute 30, 6
  11              		.eabi_attribute 34, 1
  12              		.eabi_attribute 18, 4
  13              		.thumb
  14              		.syntax unified
  15              		.file	"main.c"
  16              		.text
  17              	.Ltext0:
  18              		.cfi_sections	.debug_frame
  19              		.global	new_data
  20              		.bss
  21              		.type	new_data, %object
  22              		.size	new_data, 1
  23              	new_data:
  24 0000 00       		.space	1
  25              		.global	Vout_sum
  26 0001 000000   		.align	2
  27              		.type	Vout_sum, %object
  28              		.size	Vout_sum, 4
  29              	Vout_sum:
  30 0004 00000000 		.space	4
  31              		.global	n
  32              		.align	2
  33              		.type	n, %object
  34              		.size	n, 4
  35              	n:
  36 0008 00000000 		.space	4
  37              		.global	Vout_sum_isr
  38              		.align	2
  39              		.type	Vout_sum_isr, %object
  40              		.size	Vout_sum_isr, 4
  41              	Vout_sum_isr:
  42 000c 00000000 		.space	4
  43              		.global	n_isr
  44              		.align	2
  45              		.type	n_isr, %object
  46              		.size	n_isr, 4
  47              	n_isr:
  48 0010 00000000 		.space	4
  49              		.global	temp
  50              		.align	2
  51              		.type	temp, %object
  52              		.size	temp, 4
  53              	temp:
  54 0014 00000000 		.space	4
  55              		.comm	Vout_average,4,4
  56              		.section	.rodata
  57              		.align	2
ARM GAS  C:\Users\Gemma\AppData\Local\Temp\cckZpjkg.s 			page 2


  58              	.LC0:
  59 0000 434F4D20 		.ascii	"COM Port Open\015\012\000"
  59      506F7274 
  59      204F7065 
  59      6E0D0A00 
  60              		.section	.text.main,"ax",%progbits
  61              		.align	2
  62              		.global	main
  63              		.thumb
  64              		.thumb_func
  65              		.type	main, %function
  66              	main:
  67              	.LFB64:
  68              		.file 1 "main.c"
   1:main.c        **** /* ================================================================
   2:main.c        ****  *
   3:main.c        ****  * Copyright: Gemma Qin,  Metropolia UAS, Finland, 2024
   4:main.c        ****  *
   5:main.c        ****  * PSoC Design Course 2024: Exercise 3, DAQ
   6:main.c        ****  *
   7:main.c        ****  * Collect temperature data from a sensor. 
   8:main.c        ****  *
   9:main.c        ****  * ================================================================
  10:main.c        **** */
  11:main.c        **** 
  12:main.c        **** #include <project.h>
  13:main.c        **** #include "stdio.h"
  14:main.c        **** 
  15:main.c        **** /* Project Defines */
  16:main.c        **** #define TRANSMIT_BUFFER_SIZE  16
  17:main.c        **** 
  18:main.c        **** /* Global variables */
  19:main.c        **** // Flag for data transmission:
  20:main.c        **** volatile uint8 new_data = 0;   
  21:main.c        **** 
  22:main.c        **** // Running average related variables:
  23:main.c        **** uint32 Vout_sum = 0;
  24:main.c        **** uint32 n = 0;
  25:main.c        **** uint32 Vout_sum_isr = 0;
  26:main.c        **** uint32 n_isr = 0;
  27:main.c        **** 
  28:main.c        **** // Data to be transmitted:
  29:main.c        **** float32 temp = 0;
  30:main.c        **** float32 Vout_average;
  31:main.c        **** 
  32:main.c        **** /* Function declarations */
  33:main.c        **** void tempCalc();
  34:main.c        **** void sendDataAsJson();
  35:main.c        **** 
  36:main.c        **** /* Interrupt declarations */
  37:main.c        **** CY_ISR_PROTO(MyADCIsr);
  38:main.c        **** CY_ISR(MyClockIsr);
  39:main.c        **** 
  40:main.c        **** /*******************************************************************************
  41:main.c        **** * Function Name: main
  42:main.c        **** ********************************************************************************
  43:main.c        **** *
ARM GAS  C:\Users\Gemma\AppData\Local\Temp\cckZpjkg.s 			page 3


  44:main.c        **** * Summary:
  45:main.c        **** *  Initialises components and interrupts.
  46:main.c        **** *  If flag is set, transmit respective information to UART, then clears flag.
  47:main.c        **** *
  48:main.c        **** * Parameters:
  49:main.c        **** *  None.
  50:main.c        **** *
  51:main.c        **** * Return:
  52:main.c        **** *  None.
  53:main.c        **** *
  54:main.c        **** *******************************************************************************/
  55:main.c        **** int main()
  56:main.c        **** {
  69              		.loc 1 56 0
  70              		.cfi_startproc
  71              		@ args = 0, pretend = 0, frame = 0
  72              		@ frame_needed = 1, uses_anonymous_args = 0
  73 0000 80B5     		push	{r7, lr}
  74              		.cfi_def_cfa_offset 8
  75              		.cfi_offset 7, -8
  76              		.cfi_offset 14, -4
  77 0002 00AF     		add	r7, sp, #0
  78              		.cfi_def_cfa_register 7
  57:main.c        ****     CyGlobalIntEnable; /* Enable global interrupts. */
  79              		.loc 1 57 0
  80              		.syntax unified
  81              	@ 57 "main.c" 1
  82 0004 62B6     		CPSIE   i
  83              	@ 0 "" 2
  58:main.c        **** 
  59:main.c        ****     /* Start the components and interrupts */
  60:main.c        ****     ADC_DelSig_1_Start();
  84              		.loc 1 60 0
  85              		.thumb
  86              		.syntax unified
  87 0006 FFF7FEFF 		bl	ADC_DelSig_1_Start
  61:main.c        ****     UART_1_Start();
  88              		.loc 1 61 0
  89 000a FFF7FEFF 		bl	UART_1_Start
  62:main.c        ****     Timer_Start();
  90              		.loc 1 62 0
  91 000e FFF7FEFF 		bl	Timer_Start
  63:main.c        **** 
  64:main.c        ****     ADC_Isr_StartEx(MyADCIsr);
  92              		.loc 1 64 0
  93 0012 0C48     		ldr	r0, .L4
  94 0014 FFF7FEFF 		bl	ADC_Isr_StartEx
  65:main.c        ****     Clock_Isr_StartEx(MyClockIsr);
  95              		.loc 1 65 0
  96 0018 0B48     		ldr	r0, .L4+4
  97 001a FFF7FEFF 		bl	Clock_Isr_StartEx
  66:main.c        **** 
  67:main.c        ****     /* Send message to verify COM port is connected properly */
  68:main.c        ****     UART_1_PutString("COM Port Open\r\n");
  98              		.loc 1 68 0
  99 001e 0B48     		ldr	r0, .L4+8
 100 0020 FFF7FEFF 		bl	UART_1_PutString
ARM GAS  C:\Users\Gemma\AppData\Local\Temp\cckZpjkg.s 			page 4


  69:main.c        **** 
  70:main.c        ****     /* Start the ADC conversion */
  71:main.c        ****     ADC_DelSig_1_StartConvert();
 101              		.loc 1 71 0
 102 0024 FFF7FEFF 		bl	ADC_DelSig_1_StartConvert
 103              	.L3:
  72:main.c        **** 
  73:main.c        ****     for(;;)
  74:main.c        ****     {   
  75:main.c        ****         if (new_data) {
 104              		.loc 1 75 0
 105 0028 094B     		ldr	r3, .L4+12
 106 002a 1B78     		ldrb	r3, [r3]
 107 002c DBB2     		uxtb	r3, r3
 108 002e 002B     		cmp	r3, #0
 109 0030 FAD0     		beq	.L3
  76:main.c        ****             tempCalc();
 110              		.loc 1 76 0
 111 0032 FFF7FEFF 		bl	tempCalc
  77:main.c        ****             sendDataAsJson();
 112              		.loc 1 77 0
 113 0036 FFF7FEFF 		bl	sendDataAsJson
  78:main.c        ****             new_data = 0;        
 114              		.loc 1 78 0
 115 003a 054B     		ldr	r3, .L4+12
 116 003c 0022     		movs	r2, #0
 117 003e 1A70     		strb	r2, [r3]
  79:main.c        ****         }
  80:main.c        ****     }
 118              		.loc 1 80 0
 119 0040 F2E7     		b	.L3
 120              	.L5:
 121 0042 00BF     		.align	2
 122              	.L4:
 123 0044 00000000 		.word	MyADCIsr
 124 0048 00000000 		.word	MyClockIsr
 125 004c 00000000 		.word	.LC0
 126 0050 00000000 		.word	new_data
 127              		.cfi_endproc
 128              	.LFE64:
 129              		.size	main, .-main
 130              		.global	__aeabi_ui2f
 131              		.global	__aeabi_fdiv
 132              		.section	.text.tempCalc,"ax",%progbits
 133              		.align	2
 134              		.global	tempCalc
 135              		.thumb
 136              		.thumb_func
 137              		.type	tempCalc, %function
 138              	tempCalc:
 139              	.LFB65:
  81:main.c        **** }
  82:main.c        **** 
  83:main.c        **** /*******************************************************************************
  84:main.c        **** * Function Name: tempCalc
  85:main.c        **** ********************************************************************************
  86:main.c        **** *
ARM GAS  C:\Users\Gemma\AppData\Local\Temp\cckZpjkg.s 			page 5


  87:main.c        **** * Summary:
  88:main.c        **** *  Calculates the average of Vout and the temperature. 
  89:main.c        **** *
  90:main.c        **** * Parameters:
  91:main.c        **** *  None.
  92:main.c        **** *
  93:main.c        **** * Return:
  94:main.c        **** *  None.
  95:main.c        **** *
  96:main.c        **** *******************************************************************************/
  97:main.c        **** void tempCalc() {
 140              		.loc 1 97 0
 141              		.cfi_startproc
 142              		@ args = 0, pretend = 0, frame = 0
 143              		@ frame_needed = 1, uses_anonymous_args = 0
 144 0000 80B5     		push	{r7, lr}
 145              		.cfi_def_cfa_offset 8
 146              		.cfi_offset 7, -8
 147              		.cfi_offset 14, -4
 148 0002 00AF     		add	r7, sp, #0
 149              		.cfi_def_cfa_register 7
  98:main.c        ****     Vout_average = Vout_sum_isr / n_isr;    // Calculates running average
 150              		.loc 1 98 0
 151 0004 0B4B     		ldr	r3, .L8
 152 0006 1A68     		ldr	r2, [r3]
 153 0008 0B4B     		ldr	r3, .L8+4
 154 000a 1B68     		ldr	r3, [r3]
 155 000c B2FBF3F3 		udiv	r3, r2, r3
 156 0010 1846     		mov	r0, r3
 157 0012 FFF7FEFF 		bl	__aeabi_ui2f
 158 0016 0246     		mov	r2, r0
 159 0018 084B     		ldr	r3, .L8+8
 160 001a 1A60     		str	r2, [r3]	@ float
  99:main.c        ****     temp = Vout_average / 10;   // Converts to temperature: Vout = 10mV/C * T from LM35 datasheet
 161              		.loc 1 99 0
 162 001c 074B     		ldr	r3, .L8+8
 163 001e 1B68     		ldr	r3, [r3]	@ float
 164 0020 0749     		ldr	r1, .L8+12
 165 0022 1846     		mov	r0, r3
 166 0024 FFF7FEFF 		bl	__aeabi_fdiv
 167 0028 0346     		mov	r3, r0
 168 002a 1A46     		mov	r2, r3
 169 002c 054B     		ldr	r3, .L8+16
 170 002e 1A60     		str	r2, [r3]	@ float
 100:main.c        ****     return;
 171              		.loc 1 100 0
 172 0030 00BF     		nop
 101:main.c        **** }
 173              		.loc 1 101 0
 174 0032 80BD     		pop	{r7, pc}
 175              	.L9:
 176              		.align	2
 177              	.L8:
 178 0034 00000000 		.word	Vout_sum_isr
 179 0038 00000000 		.word	n_isr
 180 003c 00000000 		.word	Vout_average
 181 0040 00002041 		.word	1092616192
ARM GAS  C:\Users\Gemma\AppData\Local\Temp\cckZpjkg.s 			page 6


 182 0044 00000000 		.word	temp
 183              		.cfi_endproc
 184              	.LFE65:
 185              		.size	tempCalc, .-tempCalc
 186              		.global	__aeabi_f2iz
 187              		.global	__aeabi_f2d
 188              		.section	.rodata
 189              		.align	2
 190              	.LC1:
 191 0010 7B202241 		.ascii	"{ \"ADC\": %d , \"LM35\": %.1f }\015\012\000"
 191      4443223A 
 191      20256420 
 191      2C20224C 
 191      4D333522 
 192              		.section	.text.sendDataAsJson,"ax",%progbits
 193              		.align	2
 194              		.global	sendDataAsJson
 195              		.thumb
 196              		.thumb_func
 197              		.type	sendDataAsJson, %function
 198              	sendDataAsJson:
 199              	.LFB66:
 102:main.c        **** 
 103:main.c        **** /*******************************************************************************
 104:main.c        **** * Function Name: sendDataAsJson
 105:main.c        **** ********************************************************************************
 106:main.c        **** *
 107:main.c        **** * Summary:
 108:main.c        **** *  Parses data into JSON format, transmits to UART.
 109:main.c        **** *
 110:main.c        **** * Parameters:
 111:main.c        **** *  None.
 112:main.c        **** *
 113:main.c        **** * Return:
 114:main.c        **** *  None.
 115:main.c        **** *
 116:main.c        **** *******************************************************************************/
 117:main.c        **** void sendDataAsJson() {
 200              		.loc 1 117 0
 201              		.cfi_startproc
 202              		@ args = 0, pretend = 0, frame = 24
 203              		@ frame_needed = 1, uses_anonymous_args = 0
 204 0000 B0B5     		push	{r4, r5, r7, lr}
 205              		.cfi_def_cfa_offset 16
 206              		.cfi_offset 4, -16
 207              		.cfi_offset 5, -12
 208              		.cfi_offset 7, -8
 209              		.cfi_offset 14, -4
 210 0002 88B0     		sub	sp, sp, #32
 211              		.cfi_def_cfa_offset 48
 212 0004 02AF     		add	r7, sp, #8
 213              		.cfi_def_cfa 7, 40
 118:main.c        ****     char transmit_buffer[TRANSMIT_BUFFER_SIZE];
 119:main.c        ****     uint16 int_Vout_ave = (int)Vout_average;
 214              		.loc 1 119 0
 215 0006 0F4B     		ldr	r3, .L12
 216 0008 1B68     		ldr	r3, [r3]	@ float
ARM GAS  C:\Users\Gemma\AppData\Local\Temp\cckZpjkg.s 			page 7


 217 000a 1846     		mov	r0, r3
 218 000c FFF7FEFF 		bl	__aeabi_f2iz
 219 0010 0346     		mov	r3, r0
 220 0012 FB82     		strh	r3, [r7, #22]	@ movhi
 120:main.c        ****     sprintf(transmit_buffer, "{ \"ADC\": %d , \"LM35\": %.1f }\r\n", int_Vout_ave, temp);
 221              		.loc 1 120 0
 222 0014 FD8A     		ldrh	r5, [r7, #22]
 223 0016 0C4B     		ldr	r3, .L12+4
 224 0018 1B68     		ldr	r3, [r3]	@ float
 225 001a 1846     		mov	r0, r3
 226 001c FFF7FEFF 		bl	__aeabi_f2d
 227 0020 0346     		mov	r3, r0
 228 0022 0C46     		mov	r4, r1
 229 0024 381D     		adds	r0, r7, #4
 230 0026 CDE90034 		strd	r3, [sp]
 231 002a 2A46     		mov	r2, r5
 232 002c 0749     		ldr	r1, .L12+8
 233 002e FFF7FEFF 		bl	sprintf
 121:main.c        ****     UART_1_PutString(transmit_buffer);
 234              		.loc 1 121 0
 235 0032 3B1D     		adds	r3, r7, #4
 236 0034 1846     		mov	r0, r3
 237 0036 FFF7FEFF 		bl	UART_1_PutString
 122:main.c        ****     return;
 238              		.loc 1 122 0
 239 003a 00BF     		nop
 123:main.c        **** }
 240              		.loc 1 123 0
 241 003c 1837     		adds	r7, r7, #24
 242              		.cfi_def_cfa_offset 16
 243 003e BD46     		mov	sp, r7
 244              		.cfi_def_cfa_register 13
 245              		@ sp needed
 246 0040 B0BD     		pop	{r4, r5, r7, pc}
 247              	.L13:
 248 0042 00BF     		.align	2
 249              	.L12:
 250 0044 00000000 		.word	Vout_average
 251 0048 00000000 		.word	temp
 252 004c 10000000 		.word	.LC1
 253              		.cfi_endproc
 254              	.LFE66:
 255              		.size	sendDataAsJson, .-sendDataAsJson
 256              		.section	.text.MyADCIsr,"ax",%progbits
 257              		.align	2
 258              		.global	MyADCIsr
 259              		.thumb
 260              		.thumb_func
 261              		.type	MyADCIsr, %function
 262              	MyADCIsr:
 263              	.LFB67:
 124:main.c        **** 
 125:main.c        **** /*******************************************************************************
 126:main.c        **** * Function Name: MyADCIsr         ADC Interrupt Service Routine
 127:main.c        **** ********************************************************************************
 128:main.c        **** *
 129:main.c        **** * Summary:
ARM GAS  C:\Users\Gemma\AppData\Local\Temp\cckZpjkg.s 			page 8


 130:main.c        **** *  Reads Vout data from sensor, adds to running average aand increment sampling
 131:main.c        **** *  counter by one.
 132:main.c        **** *
 133:main.c        **** * Parameters:  
 134:main.c        **** *
 135:main.c        **** * Return:
 136:main.c        **** *   None
 137:main.c        **** *
 138:main.c        **** *******************************************************************************/
 139:main.c        **** CY_ISR(MyADCIsr) {
 264              		.loc 1 139 0
 265              		.cfi_startproc
 266              		@ args = 0, pretend = 0, frame = 8
 267              		@ frame_needed = 1, uses_anonymous_args = 0
 268 0000 80B5     		push	{r7, lr}
 269              		.cfi_def_cfa_offset 8
 270              		.cfi_offset 7, -8
 271              		.cfi_offset 14, -4
 272 0002 82B0     		sub	sp, sp, #8
 273              		.cfi_def_cfa_offset 16
 274 0004 00AF     		add	r7, sp, #0
 275              		.cfi_def_cfa_register 7
 140:main.c        ****     uint32 Output = ADC_DelSig_1_CountsTo_mVolts(ADC_DelSig_1_GetResult16());
 276              		.loc 1 140 0
 277 0006 FFF7FEFF 		bl	ADC_DelSig_1_GetResult16
 278 000a 0346     		mov	r3, r0
 279 000c 1846     		mov	r0, r3
 280 000e FFF7FEFF 		bl	ADC_DelSig_1_CountsTo_mVolts
 281 0012 0346     		mov	r3, r0
 282 0014 7B60     		str	r3, [r7, #4]
 141:main.c        ****     Vout_sum += Output;
 283              		.loc 1 141 0
 284 0016 074B     		ldr	r3, .L15
 285 0018 1A68     		ldr	r2, [r3]
 286 001a 7B68     		ldr	r3, [r7, #4]
 287 001c 1344     		add	r3, r3, r2
 288 001e 054A     		ldr	r2, .L15
 289 0020 1360     		str	r3, [r2]
 142:main.c        ****     n++;
 290              		.loc 1 142 0
 291 0022 054B     		ldr	r3, .L15+4
 292 0024 1B68     		ldr	r3, [r3]
 293 0026 0133     		adds	r3, r3, #1
 294 0028 034A     		ldr	r2, .L15+4
 295 002a 1360     		str	r3, [r2]
 143:main.c        **** }
 296              		.loc 1 143 0
 297 002c 00BF     		nop
 298 002e 0837     		adds	r7, r7, #8
 299              		.cfi_def_cfa_offset 8
 300 0030 BD46     		mov	sp, r7
 301              		.cfi_def_cfa_register 13
 302              		@ sp needed
 303 0032 80BD     		pop	{r7, pc}
 304              	.L16:
 305              		.align	2
 306              	.L15:
ARM GAS  C:\Users\Gemma\AppData\Local\Temp\cckZpjkg.s 			page 9


 307 0034 00000000 		.word	Vout_sum
 308 0038 00000000 		.word	n
 309              		.cfi_endproc
 310              	.LFE67:
 311              		.size	MyADCIsr, .-MyADCIsr
 312              		.section	.text.MyClockIsr,"ax",%progbits
 313              		.align	2
 314              		.global	MyClockIsr
 315              		.thumb
 316              		.thumb_func
 317              		.type	MyClockIsr, %function
 318              	MyClockIsr:
 319              	.LFB68:
 144:main.c        **** 
 145:main.c        **** /*******************************************************************************
 146:main.c        **** * Function Name: MyClockIsr         Timer Interrupt Service Routine
 147:main.c        **** ********************************************************************************
 148:main.c        **** *
 149:main.c        **** * Summary:
 150:main.c        **** *  Reads the control register and returns it's value.
 151:main.c        **** *  Copies and resets respective parameters while ADC interrupt is disabled.
 152:main.c        **** *  Sets flag to transmit information to UART.
 153:main.c        **** *
 154:main.c        **** * Parameters:  
 155:main.c        **** *
 156:main.c        **** * Return:
 157:main.c        **** *   None
 158:main.c        **** *
 159:main.c        **** *******************************************************************************/
 160:main.c        **** CY_ISR(MyClockIsr) {
 320              		.loc 1 160 0
 321              		.cfi_startproc
 322              		@ args = 0, pretend = 0, frame = 0
 323              		@ frame_needed = 1, uses_anonymous_args = 0
 324 0000 80B5     		push	{r7, lr}
 325              		.cfi_def_cfa_offset 8
 326              		.cfi_offset 7, -8
 327              		.cfi_offset 14, -4
 328 0002 00AF     		add	r7, sp, #0
 329              		.cfi_def_cfa_register 7
 161:main.c        ****     Timer_ReadStatusRegister();
 330              		.loc 1 161 0
 331 0004 FFF7FEFF 		bl	Timer_ReadStatusRegister
 162:main.c        ****     ADC_Isr_Disable();
 332              		.loc 1 162 0
 333 0008 FFF7FEFF 		bl	ADC_Isr_Disable
 163:main.c        ****     Vout_sum_isr = Vout_sum;
 334              		.loc 1 163 0
 335 000c 0A4B     		ldr	r3, .L18
 336 000e 1B68     		ldr	r3, [r3]
 337 0010 0A4A     		ldr	r2, .L18+4
 338 0012 1360     		str	r3, [r2]
 164:main.c        ****     n_isr = n;
 339              		.loc 1 164 0
 340 0014 0A4B     		ldr	r3, .L18+8
 341 0016 1B68     		ldr	r3, [r3]
 342 0018 0A4A     		ldr	r2, .L18+12
ARM GAS  C:\Users\Gemma\AppData\Local\Temp\cckZpjkg.s 			page 10


 343 001a 1360     		str	r3, [r2]
 165:main.c        ****     Vout_sum = 0;
 344              		.loc 1 165 0
 345 001c 064B     		ldr	r3, .L18
 346 001e 0022     		movs	r2, #0
 347 0020 1A60     		str	r2, [r3]
 166:main.c        ****     n = 0;
 348              		.loc 1 166 0
 349 0022 074B     		ldr	r3, .L18+8
 350 0024 0022     		movs	r2, #0
 351 0026 1A60     		str	r2, [r3]
 167:main.c        ****     ADC_Isr_Enable();
 352              		.loc 1 167 0
 353 0028 FFF7FEFF 		bl	ADC_Isr_Enable
 168:main.c        ****     new_data = 1;
 354              		.loc 1 168 0
 355 002c 064B     		ldr	r3, .L18+16
 356 002e 0122     		movs	r2, #1
 357 0030 1A70     		strb	r2, [r3]
 169:main.c        **** }
 358              		.loc 1 169 0
 359 0032 00BF     		nop
 360 0034 80BD     		pop	{r7, pc}
 361              	.L19:
 362 0036 00BF     		.align	2
 363              	.L18:
 364 0038 00000000 		.word	Vout_sum
 365 003c 00000000 		.word	Vout_sum_isr
 366 0040 00000000 		.word	n
 367 0044 00000000 		.word	n_isr
 368 0048 00000000 		.word	new_data
 369              		.cfi_endproc
 370              	.LFE68:
 371              		.size	MyClockIsr, .-MyClockIsr
 372              		.text
 373              	.Letext0:
 374              		.file 2 "c:\\program files (x86)\\cypress\\psoc creator\\4.2\\psoc creator\\import\\gnu\\arm\\5.4.
 375              		.file 3 "c:\\program files (x86)\\cypress\\psoc creator\\4.2\\psoc creator\\import\\gnu\\arm\\5.4.
 376              		.file 4 "Generated_Source\\PSoC5/cytypes.h"
 377              		.file 5 "Generated_Source\\PSoC5/core_cm3.h"
 378              		.section	.debug_info,"",%progbits
 379              	.Ldebug_info0:
 380 0000 F9010000 		.4byte	0x1f9
 381 0004 0400     		.2byte	0x4
 382 0006 00000000 		.4byte	.Ldebug_abbrev0
 383 000a 04       		.byte	0x4
 384 000b 01       		.uleb128 0x1
 385 000c 09000000 		.4byte	.LASF32
 386 0010 0C       		.byte	0xc
 387 0011 00020000 		.4byte	.LASF33
 388 0015 FA000000 		.4byte	.LASF34
 389 0019 00000000 		.4byte	.Ldebug_ranges0+0
 390 001d 00000000 		.4byte	0
 391 0021 00000000 		.4byte	.Ldebug_line0
 392 0025 02       		.uleb128 0x2
 393 0026 01       		.byte	0x1
 394 0027 06       		.byte	0x6
ARM GAS  C:\Users\Gemma\AppData\Local\Temp\cckZpjkg.s 			page 11


 395 0028 D3000000 		.4byte	.LASF0
 396 002c 02       		.uleb128 0x2
 397 002d 01       		.byte	0x1
 398 002e 08       		.byte	0x8
 399 002f DF000000 		.4byte	.LASF1
 400 0033 02       		.uleb128 0x2
 401 0034 02       		.byte	0x2
 402 0035 05       		.byte	0x5
 403 0036 0C020000 		.4byte	.LASF2
 404 003a 02       		.uleb128 0x2
 405 003b 02       		.byte	0x2
 406 003c 07       		.byte	0x7
 407 003d 6B010000 		.4byte	.LASF3
 408 0041 03       		.uleb128 0x3
 409 0042 97000000 		.4byte	.LASF9
 410 0046 02       		.byte	0x2
 411 0047 3F       		.byte	0x3f
 412 0048 4C000000 		.4byte	0x4c
 413 004c 02       		.uleb128 0x2
 414 004d 04       		.byte	0x4
 415 004e 05       		.byte	0x5
 416 004f 7E010000 		.4byte	.LASF4
 417 0053 02       		.uleb128 0x2
 418 0054 04       		.byte	0x4
 419 0055 07       		.byte	0x7
 420 0056 54010000 		.4byte	.LASF5
 421 005a 02       		.uleb128 0x2
 422 005b 08       		.byte	0x8
 423 005c 05       		.byte	0x5
 424 005d F2010000 		.4byte	.LASF6
 425 0061 02       		.uleb128 0x2
 426 0062 08       		.byte	0x8
 427 0063 07       		.byte	0x7
 428 0064 BD010000 		.4byte	.LASF7
 429 0068 04       		.uleb128 0x4
 430 0069 04       		.byte	0x4
 431 006a 05       		.byte	0x5
 432 006b 696E7400 		.ascii	"int\000"
 433 006f 02       		.uleb128 0x2
 434 0070 04       		.byte	0x4
 435 0071 07       		.byte	0x7
 436 0072 B0010000 		.4byte	.LASF8
 437 0076 03       		.uleb128 0x3
 438 0077 E1010000 		.4byte	.LASF10
 439 007b 03       		.byte	0x3
 440 007c 2C       		.byte	0x2c
 441 007d 41000000 		.4byte	0x41
 442 0081 05       		.uleb128 0x5
 443 0082 16020000 		.4byte	.LASF11
 444 0086 04       		.byte	0x4
 445 0087 E401     		.2byte	0x1e4
 446 0089 2C000000 		.4byte	0x2c
 447 008d 05       		.uleb128 0x5
 448 008e A2010000 		.4byte	.LASF12
 449 0092 04       		.byte	0x4
 450 0093 E501     		.2byte	0x1e5
 451 0095 3A000000 		.4byte	0x3a
ARM GAS  C:\Users\Gemma\AppData\Local\Temp\cckZpjkg.s 			page 12


 452 0099 05       		.uleb128 0x5
 453 009a A9010000 		.4byte	.LASF13
 454 009e 04       		.byte	0x4
 455 009f E601     		.2byte	0x1e6
 456 00a1 53000000 		.4byte	0x53
 457 00a5 05       		.uleb128 0x5
 458 00a6 2B020000 		.4byte	.LASF14
 459 00aa 04       		.byte	0x4
 460 00ab EA01     		.2byte	0x1ea
 461 00ad B1000000 		.4byte	0xb1
 462 00b1 02       		.uleb128 0x2
 463 00b2 04       		.byte	0x4
 464 00b3 04       		.byte	0x4
 465 00b4 C2000000 		.4byte	.LASF15
 466 00b8 02       		.uleb128 0x2
 467 00b9 08       		.byte	0x8
 468 00ba 04       		.byte	0x4
 469 00bb 96010000 		.4byte	.LASF16
 470 00bf 02       		.uleb128 0x2
 471 00c0 01       		.byte	0x1
 472 00c1 08       		.byte	0x8
 473 00c2 07020000 		.4byte	.LASF17
 474 00c6 06       		.uleb128 0x6
 475 00c7 81000000 		.4byte	0x81
 476 00cb 02       		.uleb128 0x2
 477 00cc 08       		.byte	0x8
 478 00cd 04       		.byte	0x4
 479 00ce 33020000 		.4byte	.LASF18
 480 00d2 02       		.uleb128 0x2
 481 00d3 04       		.byte	0x4
 482 00d4 07       		.byte	0x7
 483 00d5 E9010000 		.4byte	.LASF19
 484 00d9 07       		.uleb128 0x7
 485 00da 9D010000 		.4byte	.LASF23
 486 00de 01       		.byte	0x1
 487 00df 37       		.byte	0x37
 488 00e0 68000000 		.4byte	0x68
 489 00e4 00000000 		.4byte	.LFB64
 490 00e8 54000000 		.4byte	.LFE64-.LFB64
 491 00ec 01       		.uleb128 0x1
 492 00ed 9C       		.byte	0x9c
 493 00ee 08       		.uleb128 0x8
 494 00ef 22020000 		.4byte	.LASF35
 495 00f3 01       		.byte	0x1
 496 00f4 61       		.byte	0x61
 497 00f5 00000000 		.4byte	.LFB65
 498 00f9 48000000 		.4byte	.LFE65-.LFB65
 499 00fd 01       		.uleb128 0x1
 500 00fe 9C       		.byte	0x9c
 501 00ff 09       		.uleb128 0x9
 502 0100 87010000 		.4byte	.LASF36
 503 0104 01       		.byte	0x1
 504 0105 75       		.byte	0x75
 505 0106 00000000 		.4byte	.LFB66
 506 010a 50000000 		.4byte	.LFE66-.LFB66
 507 010e 01       		.uleb128 0x1
 508 010f 9C       		.byte	0x9c
ARM GAS  C:\Users\Gemma\AppData\Local\Temp\cckZpjkg.s 			page 13


 509 0110 31010000 		.4byte	0x131
 510 0114 0A       		.uleb128 0xa
 511 0115 3F020000 		.4byte	.LASF20
 512 0119 01       		.byte	0x1
 513 011a 76       		.byte	0x76
 514 011b 31010000 		.4byte	0x131
 515 011f 02       		.uleb128 0x2
 516 0120 91       		.byte	0x91
 517 0121 5C       		.sleb128 -36
 518 0122 0A       		.uleb128 0xa
 519 0123 A8000000 		.4byte	.LASF21
 520 0127 01       		.byte	0x1
 521 0128 77       		.byte	0x77
 522 0129 8D000000 		.4byte	0x8d
 523 012d 02       		.uleb128 0x2
 524 012e 91       		.byte	0x91
 525 012f 6E       		.sleb128 -18
 526 0130 00       		.byte	0
 527 0131 0B       		.uleb128 0xb
 528 0132 BF000000 		.4byte	0xbf
 529 0136 41010000 		.4byte	0x141
 530 013a 0C       		.uleb128 0xc
 531 013b D2000000 		.4byte	0xd2
 532 013f 0F       		.byte	0xf
 533 0140 00       		.byte	0
 534 0141 0D       		.uleb128 0xd
 535 0142 4F020000 		.4byte	.LASF37
 536 0146 01       		.byte	0x1
 537 0147 8B       		.byte	0x8b
 538 0148 00000000 		.4byte	.LFB67
 539 014c 3C000000 		.4byte	.LFE67-.LFB67
 540 0150 01       		.uleb128 0x1
 541 0151 9C       		.byte	0x9c
 542 0152 65010000 		.4byte	0x165
 543 0156 0A       		.uleb128 0xa
 544 0157 A1000000 		.4byte	.LASF22
 545 015b 01       		.byte	0x1
 546 015c 8C       		.byte	0x8c
 547 015d 99000000 		.4byte	0x99
 548 0161 02       		.uleb128 0x2
 549 0162 91       		.byte	0x91
 550 0163 74       		.sleb128 -12
 551 0164 00       		.byte	0
 552 0165 0E       		.uleb128 0xe
 553 0166 C8000000 		.4byte	.LASF24
 554 016a 01       		.byte	0x1
 555 016b A0       		.byte	0xa0
 556 016c 00000000 		.4byte	.LFB68
 557 0170 4C000000 		.4byte	.LFE68-.LFB68
 558 0174 01       		.uleb128 0x1
 559 0175 9C       		.byte	0x9c
 560 0176 0F       		.uleb128 0xf
 561 0177 D4010000 		.4byte	.LASF25
 562 017b 05       		.byte	0x5
 563 017c 1207     		.2byte	0x712
 564 017e 82010000 		.4byte	0x182
 565 0182 06       		.uleb128 0x6
ARM GAS  C:\Users\Gemma\AppData\Local\Temp\cckZpjkg.s 			page 14


 566 0183 76000000 		.4byte	0x76
 567 0187 10       		.uleb128 0x10
 568 0188 00000000 		.4byte	.LASF26
 569 018c 01       		.byte	0x1
 570 018d 14       		.byte	0x14
 571 018e C6000000 		.4byte	0xc6
 572 0192 05       		.uleb128 0x5
 573 0193 03       		.byte	0x3
 574 0194 00000000 		.4byte	new_data
 575 0198 10       		.uleb128 0x10
 576 0199 58020000 		.4byte	.LASF27
 577 019d 01       		.byte	0x1
 578 019e 17       		.byte	0x17
 579 019f 99000000 		.4byte	0x99
 580 01a3 05       		.uleb128 0x5
 581 01a4 03       		.byte	0x3
 582 01a5 00000000 		.4byte	Vout_sum
 583 01a9 11       		.uleb128 0x11
 584 01aa 6E00     		.ascii	"n\000"
 585 01ac 01       		.byte	0x1
 586 01ad 18       		.byte	0x18
 587 01ae 99000000 		.4byte	0x99
 588 01b2 05       		.uleb128 0x5
 589 01b3 03       		.byte	0x3
 590 01b4 00000000 		.4byte	n
 591 01b8 10       		.uleb128 0x10
 592 01b9 B5000000 		.4byte	.LASF28
 593 01bd 01       		.byte	0x1
 594 01be 19       		.byte	0x19
 595 01bf 99000000 		.4byte	0x99
 596 01c3 05       		.uleb128 0x5
 597 01c4 03       		.byte	0x3
 598 01c5 00000000 		.4byte	Vout_sum_isr
 599 01c9 10       		.uleb128 0x10
 600 01ca 1C020000 		.4byte	.LASF29
 601 01ce 01       		.byte	0x1
 602 01cf 1A       		.byte	0x1a
 603 01d0 99000000 		.4byte	0x99
 604 01d4 05       		.uleb128 0x5
 605 01d5 03       		.byte	0x3
 606 01d6 00000000 		.4byte	n_isr
 607 01da 10       		.uleb128 0x10
 608 01db 66010000 		.4byte	.LASF30
 609 01df 01       		.byte	0x1
 610 01e0 1D       		.byte	0x1d
 611 01e1 A5000000 		.4byte	0xa5
 612 01e5 05       		.uleb128 0x5
 613 01e6 03       		.byte	0x3
 614 01e7 00000000 		.4byte	temp
 615 01eb 10       		.uleb128 0x10
 616 01ec ED000000 		.4byte	.LASF31
 617 01f0 01       		.byte	0x1
 618 01f1 1E       		.byte	0x1e
 619 01f2 A5000000 		.4byte	0xa5
 620 01f6 05       		.uleb128 0x5
 621 01f7 03       		.byte	0x3
 622 01f8 00000000 		.4byte	Vout_average
ARM GAS  C:\Users\Gemma\AppData\Local\Temp\cckZpjkg.s 			page 15


 623 01fc 00       		.byte	0
 624              		.section	.debug_abbrev,"",%progbits
 625              	.Ldebug_abbrev0:
 626 0000 01       		.uleb128 0x1
 627 0001 11       		.uleb128 0x11
 628 0002 01       		.byte	0x1
 629 0003 25       		.uleb128 0x25
 630 0004 0E       		.uleb128 0xe
 631 0005 13       		.uleb128 0x13
 632 0006 0B       		.uleb128 0xb
 633 0007 03       		.uleb128 0x3
 634 0008 0E       		.uleb128 0xe
 635 0009 1B       		.uleb128 0x1b
 636 000a 0E       		.uleb128 0xe
 637 000b 55       		.uleb128 0x55
 638 000c 17       		.uleb128 0x17
 639 000d 11       		.uleb128 0x11
 640 000e 01       		.uleb128 0x1
 641 000f 10       		.uleb128 0x10
 642 0010 17       		.uleb128 0x17
 643 0011 00       		.byte	0
 644 0012 00       		.byte	0
 645 0013 02       		.uleb128 0x2
 646 0014 24       		.uleb128 0x24
 647 0015 00       		.byte	0
 648 0016 0B       		.uleb128 0xb
 649 0017 0B       		.uleb128 0xb
 650 0018 3E       		.uleb128 0x3e
 651 0019 0B       		.uleb128 0xb
 652 001a 03       		.uleb128 0x3
 653 001b 0E       		.uleb128 0xe
 654 001c 00       		.byte	0
 655 001d 00       		.byte	0
 656 001e 03       		.uleb128 0x3
 657 001f 16       		.uleb128 0x16
 658 0020 00       		.byte	0
 659 0021 03       		.uleb128 0x3
 660 0022 0E       		.uleb128 0xe
 661 0023 3A       		.uleb128 0x3a
 662 0024 0B       		.uleb128 0xb
 663 0025 3B       		.uleb128 0x3b
 664 0026 0B       		.uleb128 0xb
 665 0027 49       		.uleb128 0x49
 666 0028 13       		.uleb128 0x13
 667 0029 00       		.byte	0
 668 002a 00       		.byte	0
 669 002b 04       		.uleb128 0x4
 670 002c 24       		.uleb128 0x24
 671 002d 00       		.byte	0
 672 002e 0B       		.uleb128 0xb
 673 002f 0B       		.uleb128 0xb
 674 0030 3E       		.uleb128 0x3e
 675 0031 0B       		.uleb128 0xb
 676 0032 03       		.uleb128 0x3
 677 0033 08       		.uleb128 0x8
 678 0034 00       		.byte	0
 679 0035 00       		.byte	0
ARM GAS  C:\Users\Gemma\AppData\Local\Temp\cckZpjkg.s 			page 16


 680 0036 05       		.uleb128 0x5
 681 0037 16       		.uleb128 0x16
 682 0038 00       		.byte	0
 683 0039 03       		.uleb128 0x3
 684 003a 0E       		.uleb128 0xe
 685 003b 3A       		.uleb128 0x3a
 686 003c 0B       		.uleb128 0xb
 687 003d 3B       		.uleb128 0x3b
 688 003e 05       		.uleb128 0x5
 689 003f 49       		.uleb128 0x49
 690 0040 13       		.uleb128 0x13
 691 0041 00       		.byte	0
 692 0042 00       		.byte	0
 693 0043 06       		.uleb128 0x6
 694 0044 35       		.uleb128 0x35
 695 0045 00       		.byte	0
 696 0046 49       		.uleb128 0x49
 697 0047 13       		.uleb128 0x13
 698 0048 00       		.byte	0
 699 0049 00       		.byte	0
 700 004a 07       		.uleb128 0x7
 701 004b 2E       		.uleb128 0x2e
 702 004c 00       		.byte	0
 703 004d 3F       		.uleb128 0x3f
 704 004e 19       		.uleb128 0x19
 705 004f 03       		.uleb128 0x3
 706 0050 0E       		.uleb128 0xe
 707 0051 3A       		.uleb128 0x3a
 708 0052 0B       		.uleb128 0xb
 709 0053 3B       		.uleb128 0x3b
 710 0054 0B       		.uleb128 0xb
 711 0055 49       		.uleb128 0x49
 712 0056 13       		.uleb128 0x13
 713 0057 11       		.uleb128 0x11
 714 0058 01       		.uleb128 0x1
 715 0059 12       		.uleb128 0x12
 716 005a 06       		.uleb128 0x6
 717 005b 40       		.uleb128 0x40
 718 005c 18       		.uleb128 0x18
 719 005d 9642     		.uleb128 0x2116
 720 005f 19       		.uleb128 0x19
 721 0060 00       		.byte	0
 722 0061 00       		.byte	0
 723 0062 08       		.uleb128 0x8
 724 0063 2E       		.uleb128 0x2e
 725 0064 00       		.byte	0
 726 0065 3F       		.uleb128 0x3f
 727 0066 19       		.uleb128 0x19
 728 0067 03       		.uleb128 0x3
 729 0068 0E       		.uleb128 0xe
 730 0069 3A       		.uleb128 0x3a
 731 006a 0B       		.uleb128 0xb
 732 006b 3B       		.uleb128 0x3b
 733 006c 0B       		.uleb128 0xb
 734 006d 11       		.uleb128 0x11
 735 006e 01       		.uleb128 0x1
 736 006f 12       		.uleb128 0x12
ARM GAS  C:\Users\Gemma\AppData\Local\Temp\cckZpjkg.s 			page 17


 737 0070 06       		.uleb128 0x6
 738 0071 40       		.uleb128 0x40
 739 0072 18       		.uleb128 0x18
 740 0073 9642     		.uleb128 0x2116
 741 0075 19       		.uleb128 0x19
 742 0076 00       		.byte	0
 743 0077 00       		.byte	0
 744 0078 09       		.uleb128 0x9
 745 0079 2E       		.uleb128 0x2e
 746 007a 01       		.byte	0x1
 747 007b 3F       		.uleb128 0x3f
 748 007c 19       		.uleb128 0x19
 749 007d 03       		.uleb128 0x3
 750 007e 0E       		.uleb128 0xe
 751 007f 3A       		.uleb128 0x3a
 752 0080 0B       		.uleb128 0xb
 753 0081 3B       		.uleb128 0x3b
 754 0082 0B       		.uleb128 0xb
 755 0083 11       		.uleb128 0x11
 756 0084 01       		.uleb128 0x1
 757 0085 12       		.uleb128 0x12
 758 0086 06       		.uleb128 0x6
 759 0087 40       		.uleb128 0x40
 760 0088 18       		.uleb128 0x18
 761 0089 9642     		.uleb128 0x2116
 762 008b 19       		.uleb128 0x19
 763 008c 01       		.uleb128 0x1
 764 008d 13       		.uleb128 0x13
 765 008e 00       		.byte	0
 766 008f 00       		.byte	0
 767 0090 0A       		.uleb128 0xa
 768 0091 34       		.uleb128 0x34
 769 0092 00       		.byte	0
 770 0093 03       		.uleb128 0x3
 771 0094 0E       		.uleb128 0xe
 772 0095 3A       		.uleb128 0x3a
 773 0096 0B       		.uleb128 0xb
 774 0097 3B       		.uleb128 0x3b
 775 0098 0B       		.uleb128 0xb
 776 0099 49       		.uleb128 0x49
 777 009a 13       		.uleb128 0x13
 778 009b 02       		.uleb128 0x2
 779 009c 18       		.uleb128 0x18
 780 009d 00       		.byte	0
 781 009e 00       		.byte	0
 782 009f 0B       		.uleb128 0xb
 783 00a0 01       		.uleb128 0x1
 784 00a1 01       		.byte	0x1
 785 00a2 49       		.uleb128 0x49
 786 00a3 13       		.uleb128 0x13
 787 00a4 01       		.uleb128 0x1
 788 00a5 13       		.uleb128 0x13
 789 00a6 00       		.byte	0
 790 00a7 00       		.byte	0
 791 00a8 0C       		.uleb128 0xc
 792 00a9 21       		.uleb128 0x21
 793 00aa 00       		.byte	0
ARM GAS  C:\Users\Gemma\AppData\Local\Temp\cckZpjkg.s 			page 18


 794 00ab 49       		.uleb128 0x49
 795 00ac 13       		.uleb128 0x13
 796 00ad 2F       		.uleb128 0x2f
 797 00ae 0B       		.uleb128 0xb
 798 00af 00       		.byte	0
 799 00b0 00       		.byte	0
 800 00b1 0D       		.uleb128 0xd
 801 00b2 2E       		.uleb128 0x2e
 802 00b3 01       		.byte	0x1
 803 00b4 3F       		.uleb128 0x3f
 804 00b5 19       		.uleb128 0x19
 805 00b6 03       		.uleb128 0x3
 806 00b7 0E       		.uleb128 0xe
 807 00b8 3A       		.uleb128 0x3a
 808 00b9 0B       		.uleb128 0xb
 809 00ba 3B       		.uleb128 0x3b
 810 00bb 0B       		.uleb128 0xb
 811 00bc 27       		.uleb128 0x27
 812 00bd 19       		.uleb128 0x19
 813 00be 11       		.uleb128 0x11
 814 00bf 01       		.uleb128 0x1
 815 00c0 12       		.uleb128 0x12
 816 00c1 06       		.uleb128 0x6
 817 00c2 40       		.uleb128 0x40
 818 00c3 18       		.uleb128 0x18
 819 00c4 9642     		.uleb128 0x2116
 820 00c6 19       		.uleb128 0x19
 821 00c7 01       		.uleb128 0x1
 822 00c8 13       		.uleb128 0x13
 823 00c9 00       		.byte	0
 824 00ca 00       		.byte	0
 825 00cb 0E       		.uleb128 0xe
 826 00cc 2E       		.uleb128 0x2e
 827 00cd 00       		.byte	0
 828 00ce 3F       		.uleb128 0x3f
 829 00cf 19       		.uleb128 0x19
 830 00d0 03       		.uleb128 0x3
 831 00d1 0E       		.uleb128 0xe
 832 00d2 3A       		.uleb128 0x3a
 833 00d3 0B       		.uleb128 0xb
 834 00d4 3B       		.uleb128 0x3b
 835 00d5 0B       		.uleb128 0xb
 836 00d6 27       		.uleb128 0x27
 837 00d7 19       		.uleb128 0x19
 838 00d8 11       		.uleb128 0x11
 839 00d9 01       		.uleb128 0x1
 840 00da 12       		.uleb128 0x12
 841 00db 06       		.uleb128 0x6
 842 00dc 40       		.uleb128 0x40
 843 00dd 18       		.uleb128 0x18
 844 00de 9642     		.uleb128 0x2116
 845 00e0 19       		.uleb128 0x19
 846 00e1 00       		.byte	0
 847 00e2 00       		.byte	0
 848 00e3 0F       		.uleb128 0xf
 849 00e4 34       		.uleb128 0x34
 850 00e5 00       		.byte	0
ARM GAS  C:\Users\Gemma\AppData\Local\Temp\cckZpjkg.s 			page 19


 851 00e6 03       		.uleb128 0x3
 852 00e7 0E       		.uleb128 0xe
 853 00e8 3A       		.uleb128 0x3a
 854 00e9 0B       		.uleb128 0xb
 855 00ea 3B       		.uleb128 0x3b
 856 00eb 05       		.uleb128 0x5
 857 00ec 49       		.uleb128 0x49
 858 00ed 13       		.uleb128 0x13
 859 00ee 3F       		.uleb128 0x3f
 860 00ef 19       		.uleb128 0x19
 861 00f0 3C       		.uleb128 0x3c
 862 00f1 19       		.uleb128 0x19
 863 00f2 00       		.byte	0
 864 00f3 00       		.byte	0
 865 00f4 10       		.uleb128 0x10
 866 00f5 34       		.uleb128 0x34
 867 00f6 00       		.byte	0
 868 00f7 03       		.uleb128 0x3
 869 00f8 0E       		.uleb128 0xe
 870 00f9 3A       		.uleb128 0x3a
 871 00fa 0B       		.uleb128 0xb
 872 00fb 3B       		.uleb128 0x3b
 873 00fc 0B       		.uleb128 0xb
 874 00fd 49       		.uleb128 0x49
 875 00fe 13       		.uleb128 0x13
 876 00ff 3F       		.uleb128 0x3f
 877 0100 19       		.uleb128 0x19
 878 0101 02       		.uleb128 0x2
 879 0102 18       		.uleb128 0x18
 880 0103 00       		.byte	0
 881 0104 00       		.byte	0
 882 0105 11       		.uleb128 0x11
 883 0106 34       		.uleb128 0x34
 884 0107 00       		.byte	0
 885 0108 03       		.uleb128 0x3
 886 0109 08       		.uleb128 0x8
 887 010a 3A       		.uleb128 0x3a
 888 010b 0B       		.uleb128 0xb
 889 010c 3B       		.uleb128 0x3b
 890 010d 0B       		.uleb128 0xb
 891 010e 49       		.uleb128 0x49
 892 010f 13       		.uleb128 0x13
 893 0110 3F       		.uleb128 0x3f
 894 0111 19       		.uleb128 0x19
 895 0112 02       		.uleb128 0x2
 896 0113 18       		.uleb128 0x18
 897 0114 00       		.byte	0
 898 0115 00       		.byte	0
 899 0116 00       		.byte	0
 900              		.section	.debug_aranges,"",%progbits
 901 0000 3C000000 		.4byte	0x3c
 902 0004 0200     		.2byte	0x2
 903 0006 00000000 		.4byte	.Ldebug_info0
 904 000a 04       		.byte	0x4
 905 000b 00       		.byte	0
 906 000c 0000     		.2byte	0
 907 000e 0000     		.2byte	0
ARM GAS  C:\Users\Gemma\AppData\Local\Temp\cckZpjkg.s 			page 20


 908 0010 00000000 		.4byte	.LFB64
 909 0014 54000000 		.4byte	.LFE64-.LFB64
 910 0018 00000000 		.4byte	.LFB65
 911 001c 48000000 		.4byte	.LFE65-.LFB65
 912 0020 00000000 		.4byte	.LFB66
 913 0024 50000000 		.4byte	.LFE66-.LFB66
 914 0028 00000000 		.4byte	.LFB67
 915 002c 3C000000 		.4byte	.LFE67-.LFB67
 916 0030 00000000 		.4byte	.LFB68
 917 0034 4C000000 		.4byte	.LFE68-.LFB68
 918 0038 00000000 		.4byte	0
 919 003c 00000000 		.4byte	0
 920              		.section	.debug_ranges,"",%progbits
 921              	.Ldebug_ranges0:
 922 0000 00000000 		.4byte	.LFB64
 923 0004 54000000 		.4byte	.LFE64
 924 0008 00000000 		.4byte	.LFB65
 925 000c 48000000 		.4byte	.LFE65
 926 0010 00000000 		.4byte	.LFB66
 927 0014 50000000 		.4byte	.LFE66
 928 0018 00000000 		.4byte	.LFB67
 929 001c 3C000000 		.4byte	.LFE67
 930 0020 00000000 		.4byte	.LFB68
 931 0024 4C000000 		.4byte	.LFE68
 932 0028 00000000 		.4byte	0
 933 002c 00000000 		.4byte	0
 934              		.section	.debug_line,"",%progbits
 935              	.Ldebug_line0:
 936 0000 C4010000 		.section	.debug_str,"MS",%progbits,1
 936      02004C01 
 936      00000201 
 936      FB0E0D00 
 936      01010101 
 937              	.LASF26:
 938 0000 6E65775F 		.ascii	"new_data\000"
 938      64617461 
 938      00
 939              	.LASF32:
 940 0009 474E5520 		.ascii	"GNU C11 5.4.1 20160609 (release) [ARM/embedded-5-br"
 940      43313120 
 940      352E342E 
 940      31203230 
 940      31363036 
 941 003c 616E6368 		.ascii	"anch revision 237715] -mcpu=cortex-m3 -mthumb -g -O"
 941      20726576 
 941      6973696F 
 941      6E203233 
 941      37373135 
 942 006f 30202D66 		.ascii	"0 -ffunction-sections -ffat-lto-objects\000"
 942      66756E63 
 942      74696F6E 
 942      2D736563 
 942      74696F6E 
 943              	.LASF9:
 944 0097 5F5F696E 		.ascii	"__int32_t\000"
 944      7433325F 
 944      7400
ARM GAS  C:\Users\Gemma\AppData\Local\Temp\cckZpjkg.s 			page 21


 945              	.LASF22:
 946 00a1 4F757470 		.ascii	"Output\000"
 946      757400
 947              	.LASF21:
 948 00a8 696E745F 		.ascii	"int_Vout_ave\000"
 948      566F7574 
 948      5F617665 
 948      00
 949              	.LASF28:
 950 00b5 566F7574 		.ascii	"Vout_sum_isr\000"
 950      5F73756D 
 950      5F697372 
 950      00
 951              	.LASF15:
 952 00c2 666C6F61 		.ascii	"float\000"
 952      7400
 953              	.LASF24:
 954 00c8 4D79436C 		.ascii	"MyClockIsr\000"
 954      6F636B49 
 954      737200
 955              	.LASF0:
 956 00d3 7369676E 		.ascii	"signed char\000"
 956      65642063 
 956      68617200 
 957              	.LASF1:
 958 00df 756E7369 		.ascii	"unsigned char\000"
 958      676E6564 
 958      20636861 
 958      7200
 959              	.LASF31:
 960 00ed 566F7574 		.ascii	"Vout_average\000"
 960      5F617665 
 960      72616765 
 960      00
 961              	.LASF34:
 962 00fa 433A5C55 		.ascii	"C:\\Users\\Gemma\\Desktop\\PSoC\\GemmaQ_Assignment3"
 962      73657273 
 962      5C47656D 
 962      6D615C44 
 962      65736B74 
 963 0128 5F50536F 		.ascii	"_PSoC5DAQ\\GemmaQ_Assignment3_PSoC5DAQ.cydsn\000"
 963      43354441 
 963      515C4765 
 963      6D6D6151 
 963      5F417373 
 964              	.LASF5:
 965 0154 6C6F6E67 		.ascii	"long unsigned int\000"
 965      20756E73 
 965      69676E65 
 965      6420696E 
 965      7400
 966              	.LASF30:
 967 0166 74656D70 		.ascii	"temp\000"
 967      00
 968              	.LASF3:
 969 016b 73686F72 		.ascii	"short unsigned int\000"
 969      7420756E 
ARM GAS  C:\Users\Gemma\AppData\Local\Temp\cckZpjkg.s 			page 22


 969      7369676E 
 969      65642069 
 969      6E7400
 970              	.LASF4:
 971 017e 6C6F6E67 		.ascii	"long int\000"
 971      20696E74 
 971      00
 972              	.LASF36:
 973 0187 73656E64 		.ascii	"sendDataAsJson\000"
 973      44617461 
 973      41734A73 
 973      6F6E00
 974              	.LASF16:
 975 0196 646F7562 		.ascii	"double\000"
 975      6C6500
 976              	.LASF23:
 977 019d 6D61696E 		.ascii	"main\000"
 977      00
 978              	.LASF12:
 979 01a2 75696E74 		.ascii	"uint16\000"
 979      313600
 980              	.LASF13:
 981 01a9 75696E74 		.ascii	"uint32\000"
 981      333200
 982              	.LASF8:
 983 01b0 756E7369 		.ascii	"unsigned int\000"
 983      676E6564 
 983      20696E74 
 983      00
 984              	.LASF7:
 985 01bd 6C6F6E67 		.ascii	"long long unsigned int\000"
 985      206C6F6E 
 985      6720756E 
 985      7369676E 
 985      65642069 
 986              	.LASF25:
 987 01d4 49544D5F 		.ascii	"ITM_RxBuffer\000"
 987      52784275 
 987      66666572 
 987      00
 988              	.LASF10:
 989 01e1 696E7433 		.ascii	"int32_t\000"
 989      325F7400 
 990              	.LASF19:
 991 01e9 73697A65 		.ascii	"sizetype\000"
 991      74797065 
 991      00
 992              	.LASF6:
 993 01f2 6C6F6E67 		.ascii	"long long int\000"
 993      206C6F6E 
 993      6720696E 
 993      7400
 994              	.LASF33:
 995 0200 6D61696E 		.ascii	"main.c\000"
 995      2E6300
 996              	.LASF17:
 997 0207 63686172 		.ascii	"char\000"
ARM GAS  C:\Users\Gemma\AppData\Local\Temp\cckZpjkg.s 			page 23


 997      00
 998              	.LASF2:
 999 020c 73686F72 		.ascii	"short int\000"
 999      7420696E 
 999      7400
 1000              	.LASF11:
 1001 0216 75696E74 		.ascii	"uint8\000"
 1001      3800
 1002              	.LASF29:
 1003 021c 6E5F6973 		.ascii	"n_isr\000"
 1003      7200
 1004              	.LASF35:
 1005 0222 74656D70 		.ascii	"tempCalc\000"
 1005      43616C63 
 1005      00
 1006              	.LASF14:
 1007 022b 666C6F61 		.ascii	"float32\000"
 1007      74333200 
 1008              	.LASF18:
 1009 0233 6C6F6E67 		.ascii	"long double\000"
 1009      20646F75 
 1009      626C6500 
 1010              	.LASF20:
 1011 023f 7472616E 		.ascii	"transmit_buffer\000"
 1011      736D6974 
 1011      5F627566 
 1011      66657200 
 1012              	.LASF37:
 1013 024f 4D794144 		.ascii	"MyADCIsr\000"
 1013      43497372 
 1013      00
 1014              	.LASF27:
 1015 0258 566F7574 		.ascii	"Vout_sum\000"
 1015      5F73756D 
 1015      00
 1016              		.ident	"GCC: (GNU Tools for ARM Embedded Processors) 5.4.1 20160609 (release) [ARM/embedded-5-bran
