ARM GAS  C:\Users\Gemma\AppData\Local\Temp\cctQ4goY.s 			page 1


   1              		.syntax unified
   2              		.cpu cortex-m3
   3              		.fpu softvfp
   4              		.eabi_attribute 20, 1
   5              		.eabi_attribute 21, 1
   6              		.eabi_attribute 23, 3
   7              		.eabi_attribute 24, 1
   8              		.eabi_attribute 25, 1
   9              		.eabi_attribute 26, 1
  10              		.eabi_attribute 30, 6
  11              		.eabi_attribute 34, 1
  12              		.eabi_attribute 18, 4
  13              		.thumb
  14              		.syntax unified
  15              		.file	"main.c"
  16              		.text
  17              	.Ltext0:
  18              		.cfi_sections	.debug_frame
  19              		.global	new_data
  20              		.bss
  21              		.type	new_data, %object
  22              		.size	new_data, 1
  23              	new_data:
  24 0000 00       		.space	1
  25              		.global	Vout_sum
  26 0001 000000   		.align	2
  27              		.type	Vout_sum, %object
  28              		.size	Vout_sum, 4
  29              	Vout_sum:
  30 0004 00000000 		.space	4
  31              		.global	n
  32              		.align	2
  33              		.type	n, %object
  34              		.size	n, 4
  35              	n:
  36 0008 00000000 		.space	4
  37              		.global	Vout_sum_isr
  38              		.align	2
  39              		.type	Vout_sum_isr, %object
  40              		.size	Vout_sum_isr, 4
  41              	Vout_sum_isr:
  42 000c 00000000 		.space	4
  43              		.global	n_isr
  44              		.align	2
  45              		.type	n_isr, %object
  46              		.size	n_isr, 4
  47              	n_isr:
  48 0010 00000000 		.space	4
  49              		.global	temp
  50              		.align	2
  51              		.type	temp, %object
  52              		.size	temp, 4
  53              	temp:
  54 0014 00000000 		.space	4
  55              		.comm	Vout_average,4,4
  56              		.section	.rodata
  57              		.align	2
ARM GAS  C:\Users\Gemma\AppData\Local\Temp\cctQ4goY.s 			page 2


  58              	.LC0:
  59 0000 434F4D20 		.ascii	"COM Port Open\015\012\000"
  59      506F7274 
  59      204F7065 
  59      6E0D0A00 
  60              		.align	2
  61              	.LC1:
  62 0010 44696420 		.ascii	"Did something\015\012\000"
  62      736F6D65 
  62      7468696E 
  62      670D0A00 
  63              		.section	.text.main,"ax",%progbits
  64              		.align	2
  65              		.global	main
  66              		.thumb
  67              		.thumb_func
  68              		.type	main, %function
  69              	main:
  70              	.LFB64:
  71              		.file 1 "main.c"
   1:main.c        **** /* ================================================================
   2:main.c        ****  *
   3:main.c        ****  * Copyright: Gemma Qin,  Metropolia UAS, Finland, 2024
   4:main.c        ****  *
   5:main.c        ****  * PSoC Design Course 2024: Exercise 4, SPI & I2C
   6:main.c        ****  *
   7:main.c        ****  * Connect digital sensors to PSoC, and transfer the data to 
   8:main.c        ****  * computer. 
   9:main.c        ****  *
  10:main.c        ****  * ================================================================
  11:main.c        **** */
  12:main.c        **** 
  13:main.c        **** #include <project.h>
  14:main.c        **** #include "stdio.h"
  15:main.c        **** 
  16:main.c        **** /* Project Defines */
  17:main.c        **** #define TRANSMIT_BUFFER_SIZE  16
  18:main.c        **** 
  19:main.c        **** /* Global variables */
  20:main.c        **** // Flag for data transmission:
  21:main.c        **** volatile uint8 new_data = 0;   
  22:main.c        **** 
  23:main.c        **** // Running average related variables:
  24:main.c        **** uint32 Vout_sum = 0;
  25:main.c        **** uint32 n = 0;
  26:main.c        **** uint32 Vout_sum_isr = 0;
  27:main.c        **** uint32 n_isr = 0;
  28:main.c        **** 
  29:main.c        **** // Data to be transmitted:
  30:main.c        **** float32 temp = 0;
  31:main.c        **** float32 Vout_average;
  32:main.c        **** 
  33:main.c        **** /* Function declarations */
  34:main.c        **** void tempCalc();
  35:main.c        **** void sendDataAsJson();
  36:main.c        **** 
  37:main.c        **** /* Interrupt declarations */
ARM GAS  C:\Users\Gemma\AppData\Local\Temp\cctQ4goY.s 			page 3


  38:main.c        **** CY_ISR_PROTO(MyADCIsr);
  39:main.c        **** CY_ISR(MyClockIsr);
  40:main.c        **** 
  41:main.c        **** /*******************************************************************************
  42:main.c        **** * Function Name: main
  43:main.c        **** ********************************************************************************
  44:main.c        **** *
  45:main.c        **** * Summary:
  46:main.c        **** *  Initialises components and interrupts.
  47:main.c        **** *  If flag is set, transmit respective information to UART, then clears flag.
  48:main.c        **** *
  49:main.c        **** * Parameters:
  50:main.c        **** *  None.
  51:main.c        **** *
  52:main.c        **** * Return:
  53:main.c        **** *  None.
  54:main.c        **** *
  55:main.c        **** *******************************************************************************/
  56:main.c        **** int main()
  57:main.c        **** {
  72              		.loc 1 57 0
  73              		.cfi_startproc
  74              		@ args = 0, pretend = 0, frame = 8
  75              		@ frame_needed = 1, uses_anonymous_args = 0
  76 0000 80B5     		push	{r7, lr}
  77              		.cfi_def_cfa_offset 8
  78              		.cfi_offset 7, -8
  79              		.cfi_offset 14, -4
  80 0002 82B0     		sub	sp, sp, #8
  81              		.cfi_def_cfa_offset 16
  82 0004 00AF     		add	r7, sp, #0
  83              		.cfi_def_cfa_register 7
  58:main.c        ****     CyGlobalIntEnable; /* Enable global interrupts. */
  84              		.loc 1 58 0
  85              		.syntax unified
  86              	@ 58 "main.c" 1
  87 0006 62B6     		CPSIE   i
  88              	@ 0 "" 2
  59:main.c        **** 
  60:main.c        ****     /* Start the components and interrupts */
  61:main.c        ****     //ADC_DelSig_Start();
  62:main.c        ****     UART_Start();
  89              		.loc 1 62 0
  90              		.thumb
  91              		.syntax unified
  92 0008 FFF7FEFF 		bl	UART_Start
  63:main.c        ****     I2C_Start();
  93              		.loc 1 63 0
  94 000c FFF7FEFF 		bl	I2C_Start
  64:main.c        ****     //Timer_Start();
  65:main.c        **** 
  66:main.c        ****     //ADC_Isr_StartEx(MyADCIsr);
  67:main.c        ****     //Clock_Isr_StartEx(MyClockIsr);
  68:main.c        **** 
  69:main.c        ****     /* Send message to verify COM port is connected properly */
  70:main.c        ****     UART_PutString("COM Port Open\r\n");
  95              		.loc 1 70 0
ARM GAS  C:\Users\Gemma\AppData\Local\Temp\cctQ4goY.s 			page 4


  96 0010 1D48     		ldr	r0, .L4
  97 0012 FFF7FEFF 		bl	UART_PutString
  71:main.c        **** 
  72:main.c        ****     /* Start the ADC conversion */
  73:main.c        ****     //ADC_DelSig_StartConvert();
  74:main.c        ****     
  75:main.c        ****     uint8 slaveAddress = 0x4A;//0b1001010;
  98              		.loc 1 75 0
  99 0016 4A23     		movs	r3, #74
 100 0018 FB71     		strb	r3, [r7, #7]
  76:main.c        ****     
  77:main.c        ****     I2C_MasterSendStart(slaveAddress, 0);
 101              		.loc 1 77 0
 102 001a FB79     		ldrb	r3, [r7, #7]	@ zero_extendqisi2
 103 001c 0021     		movs	r1, #0
 104 001e 1846     		mov	r0, r3
 105 0020 FFF7FEFF 		bl	I2C_MasterSendStart
  78:main.c        ****     uint8 retval = I2C_MasterStatus();
 106              		.loc 1 78 0
 107 0024 FFF7FEFF 		bl	I2C_MasterStatus
 108 0028 0346     		mov	r3, r0
 109 002a BB71     		strb	r3, [r7, #6]
  79:main.c        ****     I2C_MasterWriteByte(0);  // Reading temp, command 0
 110              		.loc 1 79 0
 111 002c 0020     		movs	r0, #0
 112 002e FFF7FEFF 		bl	I2C_MasterWriteByte
  80:main.c        ****     retval = I2C_MasterStatus();
 113              		.loc 1 80 0
 114 0032 FFF7FEFF 		bl	I2C_MasterStatus
 115 0036 0346     		mov	r3, r0
 116 0038 BB71     		strb	r3, [r7, #6]
  81:main.c        ****     UART_PutString("Did something\r\n");
 117              		.loc 1 81 0
 118 003a 1448     		ldr	r0, .L4+4
 119 003c FFF7FEFF 		bl	UART_PutString
  82:main.c        ****     I2C_MasterSendRestart(slaveAddress, 1);
 120              		.loc 1 82 0
 121 0040 FB79     		ldrb	r3, [r7, #7]	@ zero_extendqisi2
 122 0042 0121     		movs	r1, #1
 123 0044 1846     		mov	r0, r3
 124 0046 FFF7FEFF 		bl	I2C_MasterSendRestart
  83:main.c        ****     retval = I2C_MasterStatus();
 125              		.loc 1 83 0
 126 004a FFF7FEFF 		bl	I2C_MasterStatus
 127 004e 0346     		mov	r3, r0
 128 0050 BB71     		strb	r3, [r7, #6]
  84:main.c        ****     
  85:main.c        ****     uint8 acknNak = I2C_ACK_DATA;
 129              		.loc 1 85 0
 130 0052 0123     		movs	r3, #1
 131 0054 7B71     		strb	r3, [r7, #5]
  86:main.c        ****     uint8 temp = I2C_MasterReadByte(acknNak);
 132              		.loc 1 86 0
 133 0056 7B79     		ldrb	r3, [r7, #5]	@ zero_extendqisi2
 134 0058 1846     		mov	r0, r3
 135 005a FFF7FEFF 		bl	I2C_MasterReadByte
 136 005e 0346     		mov	r3, r0
ARM GAS  C:\Users\Gemma\AppData\Local\Temp\cctQ4goY.s 			page 5


 137 0060 3B71     		strb	r3, [r7, #4]
  87:main.c        ****     retval = I2C_MasterStatus();
 138              		.loc 1 87 0
 139 0062 FFF7FEFF 		bl	I2C_MasterStatus
 140 0066 0346     		mov	r3, r0
 141 0068 BB71     		strb	r3, [r7, #6]
  88:main.c        ****     I2C_MasterSendStop();
 142              		.loc 1 88 0
 143 006a FFF7FEFF 		bl	I2C_MasterSendStop
 144              	.L3:
  89:main.c        ****     
  90:main.c        **** 
  91:main.c        ****     for(;;)
  92:main.c        ****     {   
  93:main.c        ****         if (new_data) {
 145              		.loc 1 93 0
 146 006e 084B     		ldr	r3, .L4+8
 147 0070 1B78     		ldrb	r3, [r3]
 148 0072 DBB2     		uxtb	r3, r3
 149 0074 002B     		cmp	r3, #0
 150 0076 FAD0     		beq	.L3
  94:main.c        ****             tempCalc();
 151              		.loc 1 94 0
 152 0078 FFF7FEFF 		bl	tempCalc
  95:main.c        ****             sendDataAsJson();
 153              		.loc 1 95 0
 154 007c FFF7FEFF 		bl	sendDataAsJson
  96:main.c        ****             new_data = 0;        
 155              		.loc 1 96 0
 156 0080 034B     		ldr	r3, .L4+8
 157 0082 0022     		movs	r2, #0
 158 0084 1A70     		strb	r2, [r3]
  97:main.c        ****         }
  98:main.c        ****     }
 159              		.loc 1 98 0
 160 0086 F2E7     		b	.L3
 161              	.L5:
 162              		.align	2
 163              	.L4:
 164 0088 00000000 		.word	.LC0
 165 008c 10000000 		.word	.LC1
 166 0090 00000000 		.word	new_data
 167              		.cfi_endproc
 168              	.LFE64:
 169              		.size	main, .-main
 170              		.global	__aeabi_ui2f
 171              		.global	__aeabi_fdiv
 172              		.section	.text.tempCalc,"ax",%progbits
 173              		.align	2
 174              		.global	tempCalc
 175              		.thumb
 176              		.thumb_func
 177              		.type	tempCalc, %function
 178              	tempCalc:
 179              	.LFB65:
  99:main.c        **** }
 100:main.c        **** 
ARM GAS  C:\Users\Gemma\AppData\Local\Temp\cctQ4goY.s 			page 6


 101:main.c        **** /*******************************************************************************
 102:main.c        **** * Function Name: tempCalc
 103:main.c        **** ********************************************************************************
 104:main.c        **** *
 105:main.c        **** * Summary:
 106:main.c        **** *  Calculates the average of Vout and the temperature. 
 107:main.c        **** *
 108:main.c        **** * Parameters:
 109:main.c        **** *  None.
 110:main.c        **** *
 111:main.c        **** * Return:
 112:main.c        **** *  None.
 113:main.c        **** *
 114:main.c        **** *******************************************************************************/
 115:main.c        **** void tempCalc() {
 180              		.loc 1 115 0
 181              		.cfi_startproc
 182              		@ args = 0, pretend = 0, frame = 0
 183              		@ frame_needed = 1, uses_anonymous_args = 0
 184 0000 80B5     		push	{r7, lr}
 185              		.cfi_def_cfa_offset 8
 186              		.cfi_offset 7, -8
 187              		.cfi_offset 14, -4
 188 0002 00AF     		add	r7, sp, #0
 189              		.cfi_def_cfa_register 7
 116:main.c        ****     Vout_average = Vout_sum_isr / n_isr;    // Calculates running average
 190              		.loc 1 116 0
 191 0004 0B4B     		ldr	r3, .L8
 192 0006 1A68     		ldr	r2, [r3]
 193 0008 0B4B     		ldr	r3, .L8+4
 194 000a 1B68     		ldr	r3, [r3]
 195 000c B2FBF3F3 		udiv	r3, r2, r3
 196 0010 1846     		mov	r0, r3
 197 0012 FFF7FEFF 		bl	__aeabi_ui2f
 198 0016 0246     		mov	r2, r0
 199 0018 084B     		ldr	r3, .L8+8
 200 001a 1A60     		str	r2, [r3]	@ float
 117:main.c        ****     temp = Vout_average / 10;   // Converts to temperature: Vout = 10mV/C * T from LM35 datasheet
 201              		.loc 1 117 0
 202 001c 074B     		ldr	r3, .L8+8
 203 001e 1B68     		ldr	r3, [r3]	@ float
 204 0020 0749     		ldr	r1, .L8+12
 205 0022 1846     		mov	r0, r3
 206 0024 FFF7FEFF 		bl	__aeabi_fdiv
 207 0028 0346     		mov	r3, r0
 208 002a 1A46     		mov	r2, r3
 209 002c 054B     		ldr	r3, .L8+16
 210 002e 1A60     		str	r2, [r3]	@ float
 118:main.c        ****     return;
 211              		.loc 1 118 0
 212 0030 00BF     		nop
 119:main.c        **** }
 213              		.loc 1 119 0
 214 0032 80BD     		pop	{r7, pc}
 215              	.L9:
 216              		.align	2
 217              	.L8:
ARM GAS  C:\Users\Gemma\AppData\Local\Temp\cctQ4goY.s 			page 7


 218 0034 00000000 		.word	Vout_sum_isr
 219 0038 00000000 		.word	n_isr
 220 003c 00000000 		.word	Vout_average
 221 0040 00002041 		.word	1092616192
 222 0044 00000000 		.word	temp
 223              		.cfi_endproc
 224              	.LFE65:
 225              		.size	tempCalc, .-tempCalc
 226              		.global	__aeabi_f2iz
 227              		.global	__aeabi_f2d
 228              		.section	.rodata
 229              		.align	2
 230              	.LC2:
 231 0020 7B202241 		.ascii	"{ \"ADC\": %d , \"LM35\": %.1f }\015\012\000"
 231      4443223A 
 231      20256420 
 231      2C20224C 
 231      4D333522 
 232              		.section	.text.sendDataAsJson,"ax",%progbits
 233              		.align	2
 234              		.global	sendDataAsJson
 235              		.thumb
 236              		.thumb_func
 237              		.type	sendDataAsJson, %function
 238              	sendDataAsJson:
 239              	.LFB66:
 120:main.c        **** 
 121:main.c        **** /*******************************************************************************
 122:main.c        **** * Function Name: sendDataAsJson
 123:main.c        **** ********************************************************************************
 124:main.c        **** *
 125:main.c        **** * Summary:
 126:main.c        **** *  Parses data into JSON format, transmits to UART.
 127:main.c        **** *
 128:main.c        **** * Parameters:
 129:main.c        **** *  None.
 130:main.c        **** *
 131:main.c        **** * Return:
 132:main.c        **** *  None.
 133:main.c        **** *
 134:main.c        **** *******************************************************************************/
 135:main.c        **** void sendDataAsJson() {
 240              		.loc 1 135 0
 241              		.cfi_startproc
 242              		@ args = 0, pretend = 0, frame = 24
 243              		@ frame_needed = 1, uses_anonymous_args = 0
 244 0000 B0B5     		push	{r4, r5, r7, lr}
 245              		.cfi_def_cfa_offset 16
 246              		.cfi_offset 4, -16
 247              		.cfi_offset 5, -12
 248              		.cfi_offset 7, -8
 249              		.cfi_offset 14, -4
 250 0002 88B0     		sub	sp, sp, #32
 251              		.cfi_def_cfa_offset 48
 252 0004 02AF     		add	r7, sp, #8
 253              		.cfi_def_cfa 7, 40
 136:main.c        ****     char transmit_buffer[TRANSMIT_BUFFER_SIZE];
ARM GAS  C:\Users\Gemma\AppData\Local\Temp\cctQ4goY.s 			page 8


 137:main.c        ****     uint16 int_Vout_ave = (int)Vout_average;
 254              		.loc 1 137 0
 255 0006 0F4B     		ldr	r3, .L12
 256 0008 1B68     		ldr	r3, [r3]	@ float
 257 000a 1846     		mov	r0, r3
 258 000c FFF7FEFF 		bl	__aeabi_f2iz
 259 0010 0346     		mov	r3, r0
 260 0012 FB82     		strh	r3, [r7, #22]	@ movhi
 138:main.c        ****     sprintf(transmit_buffer, "{ \"ADC\": %d , \"LM35\": %.1f }\r\n", int_Vout_ave, temp);
 261              		.loc 1 138 0
 262 0014 FD8A     		ldrh	r5, [r7, #22]
 263 0016 0C4B     		ldr	r3, .L12+4
 264 0018 1B68     		ldr	r3, [r3]	@ float
 265 001a 1846     		mov	r0, r3
 266 001c FFF7FEFF 		bl	__aeabi_f2d
 267 0020 0346     		mov	r3, r0
 268 0022 0C46     		mov	r4, r1
 269 0024 381D     		adds	r0, r7, #4
 270 0026 CDE90034 		strd	r3, [sp]
 271 002a 2A46     		mov	r2, r5
 272 002c 0749     		ldr	r1, .L12+8
 273 002e FFF7FEFF 		bl	sprintf
 139:main.c        ****     UART_PutString(transmit_buffer);
 274              		.loc 1 139 0
 275 0032 3B1D     		adds	r3, r7, #4
 276 0034 1846     		mov	r0, r3
 277 0036 FFF7FEFF 		bl	UART_PutString
 140:main.c        ****     return;
 278              		.loc 1 140 0
 279 003a 00BF     		nop
 141:main.c        **** }
 280              		.loc 1 141 0
 281 003c 1837     		adds	r7, r7, #24
 282              		.cfi_def_cfa_offset 16
 283 003e BD46     		mov	sp, r7
 284              		.cfi_def_cfa_register 13
 285              		@ sp needed
 286 0040 B0BD     		pop	{r4, r5, r7, pc}
 287              	.L13:
 288 0042 00BF     		.align	2
 289              	.L12:
 290 0044 00000000 		.word	Vout_average
 291 0048 00000000 		.word	temp
 292 004c 20000000 		.word	.LC2
 293              		.cfi_endproc
 294              	.LFE66:
 295              		.size	sendDataAsJson, .-sendDataAsJson
 296              		.section	.text.MyADCIsr,"ax",%progbits
 297              		.align	2
 298              		.global	MyADCIsr
 299              		.thumb
 300              		.thumb_func
 301              		.type	MyADCIsr, %function
 302              	MyADCIsr:
 303              	.LFB67:
 142:main.c        **** 
 143:main.c        **** /*******************************************************************************
ARM GAS  C:\Users\Gemma\AppData\Local\Temp\cctQ4goY.s 			page 9


 144:main.c        **** * Function Name: MyADCIsr         ADC Interrupt Service Routine
 145:main.c        **** ********************************************************************************
 146:main.c        **** *
 147:main.c        **** * Summary:
 148:main.c        **** *  Reads Vout data from sensor, adds to running average aand increment sampling
 149:main.c        **** *  counter by one.
 150:main.c        **** *
 151:main.c        **** * Parameters:  
 152:main.c        **** *
 153:main.c        **** * Return:
 154:main.c        **** *   None
 155:main.c        **** *
 156:main.c        **** *******************************************************************************/
 157:main.c        **** CY_ISR(MyADCIsr) {
 304              		.loc 1 157 0
 305              		.cfi_startproc
 306              		@ args = 0, pretend = 0, frame = 0
 307              		@ frame_needed = 1, uses_anonymous_args = 0
 308              		@ link register save eliminated.
 309 0000 80B4     		push	{r7}
 310              		.cfi_def_cfa_offset 4
 311              		.cfi_offset 7, -4
 312 0002 00AF     		add	r7, sp, #0
 313              		.cfi_def_cfa_register 7
 158:main.c        ****     //uint32 Output = ADC_DelSig_CountsTo_mVolts(ADC_DelSig_GetResult16());
 159:main.c        ****     //Vout_sum += Output;
 160:main.c        ****     //n++;
 161:main.c        **** }
 314              		.loc 1 161 0
 315 0004 00BF     		nop
 316 0006 BD46     		mov	sp, r7
 317              		.cfi_def_cfa_register 13
 318              		@ sp needed
 319 0008 80BC     		pop	{r7}
 320              		.cfi_restore 7
 321              		.cfi_def_cfa_offset 0
 322 000a 7047     		bx	lr
 323              		.cfi_endproc
 324              	.LFE67:
 325              		.size	MyADCIsr, .-MyADCIsr
 326              		.section	.text.MyClockIsr,"ax",%progbits
 327              		.align	2
 328              		.global	MyClockIsr
 329              		.thumb
 330              		.thumb_func
 331              		.type	MyClockIsr, %function
 332              	MyClockIsr:
 333              	.LFB68:
 162:main.c        **** 
 163:main.c        **** /*******************************************************************************
 164:main.c        **** * Function Name: MyClockIsr         Timer Interrupt Service Routine
 165:main.c        **** ********************************************************************************
 166:main.c        **** *
 167:main.c        **** * Summary:
 168:main.c        **** *  Reads the control register and returns it's value.
 169:main.c        **** *  Copies and resets respective parameters while ADC interrupt is disabled.
 170:main.c        **** *  Sets flag to transmit information to UART.
ARM GAS  C:\Users\Gemma\AppData\Local\Temp\cctQ4goY.s 			page 10


 171:main.c        **** *
 172:main.c        **** * Parameters:  
 173:main.c        **** *
 174:main.c        **** * Return:
 175:main.c        **** *   None
 176:main.c        **** *
 177:main.c        **** *******************************************************************************/
 178:main.c        **** CY_ISR(MyClockIsr) {
 334              		.loc 1 178 0
 335              		.cfi_startproc
 336              		@ args = 0, pretend = 0, frame = 0
 337              		@ frame_needed = 1, uses_anonymous_args = 0
 338              		@ link register save eliminated.
 339 0000 80B4     		push	{r7}
 340              		.cfi_def_cfa_offset 4
 341              		.cfi_offset 7, -4
 342 0002 00AF     		add	r7, sp, #0
 343              		.cfi_def_cfa_register 7
 179:main.c        ****     //Timer_ReadStatusRegister();
 180:main.c        ****     //ADC_Isr_Disable();
 181:main.c        ****     //Vout_sum_isr = Vout_sum;
 182:main.c        ****     //n_isr = n;
 183:main.c        ****     //Vout_sum = 0;
 184:main.c        ****     //n = 0;
 185:main.c        ****     //ADC_Isr_Enable();
 186:main.c        ****     //new_data = 1;
 187:main.c        **** }
 344              		.loc 1 187 0
 345 0004 00BF     		nop
 346 0006 BD46     		mov	sp, r7
 347              		.cfi_def_cfa_register 13
 348              		@ sp needed
 349 0008 80BC     		pop	{r7}
 350              		.cfi_restore 7
 351              		.cfi_def_cfa_offset 0
 352 000a 7047     		bx	lr
 353              		.cfi_endproc
 354              	.LFE68:
 355              		.size	MyClockIsr, .-MyClockIsr
 356              		.text
 357              	.Letext0:
 358              		.file 2 "c:\\program files (x86)\\cypress\\psoc creator\\4.2\\psoc creator\\import\\gnu\\arm\\5.4.
 359              		.file 3 "c:\\program files (x86)\\cypress\\psoc creator\\4.2\\psoc creator\\import\\gnu\\arm\\5.4.
 360              		.file 4 "Generated_Source\\PSoC5/cytypes.h"
 361              		.file 5 "Generated_Source\\PSoC5/core_cm3.h"
 362              		.section	.debug_info,"",%progbits
 363              	.Ldebug_info0:
 364 0000 23020000 		.4byte	0x223
 365 0004 0400     		.2byte	0x4
 366 0006 00000000 		.4byte	.Ldebug_abbrev0
 367 000a 04       		.byte	0x4
 368 000b 01       		.uleb128 0x1
 369 000c 09000000 		.4byte	.LASF34
 370 0010 0C       		.byte	0xc
 371 0011 1B020000 		.4byte	.LASF35
 372 0015 B6000000 		.4byte	.LASF36
 373 0019 00000000 		.4byte	.Ldebug_ranges0+0
ARM GAS  C:\Users\Gemma\AppData\Local\Temp\cctQ4goY.s 			page 11


 374 001d 00000000 		.4byte	0
 375 0021 00000000 		.4byte	.Ldebug_line0
 376 0025 02       		.uleb128 0x2
 377 0026 01       		.byte	0x1
 378 0027 06       		.byte	0x6
 379 0028 34010000 		.4byte	.LASF0
 380 002c 02       		.uleb128 0x2
 381 002d 01       		.byte	0x1
 382 002e 08       		.byte	0x8
 383 002f 40010000 		.4byte	.LASF1
 384 0033 02       		.uleb128 0x2
 385 0034 02       		.byte	0x2
 386 0035 05       		.byte	0x5
 387 0036 27020000 		.4byte	.LASF2
 388 003a 02       		.uleb128 0x2
 389 003b 02       		.byte	0x2
 390 003c 07       		.byte	0x7
 391 003d 79010000 		.4byte	.LASF3
 392 0041 03       		.uleb128 0x3
 393 0042 97000000 		.4byte	.LASF9
 394 0046 02       		.byte	0x2
 395 0047 3F       		.byte	0x3f
 396 0048 4C000000 		.4byte	0x4c
 397 004c 02       		.uleb128 0x2
 398 004d 04       		.byte	0x4
 399 004e 05       		.byte	0x5
 400 004f 8C010000 		.4byte	.LASF4
 401 0053 02       		.uleb128 0x2
 402 0054 04       		.byte	0x4
 403 0055 07       		.byte	0x7
 404 0056 62010000 		.4byte	.LASF5
 405 005a 02       		.uleb128 0x2
 406 005b 08       		.byte	0x8
 407 005c 05       		.byte	0x5
 408 005d 0D020000 		.4byte	.LASF6
 409 0061 02       		.uleb128 0x2
 410 0062 08       		.byte	0x8
 411 0063 07       		.byte	0x7
 412 0064 CB010000 		.4byte	.LASF7
 413 0068 04       		.uleb128 0x4
 414 0069 04       		.byte	0x4
 415 006a 05       		.byte	0x5
 416 006b 696E7400 		.ascii	"int\000"
 417 006f 02       		.uleb128 0x2
 418 0070 04       		.byte	0x4
 419 0071 07       		.byte	0x7
 420 0072 BE010000 		.4byte	.LASF8
 421 0076 03       		.uleb128 0x3
 422 0077 FC010000 		.4byte	.LASF10
 423 007b 03       		.byte	0x3
 424 007c 2C       		.byte	0x2c
 425 007d 41000000 		.4byte	0x41
 426 0081 05       		.uleb128 0x5
 427 0082 31020000 		.4byte	.LASF11
 428 0086 04       		.byte	0x4
 429 0087 E401     		.2byte	0x1e4
 430 0089 2C000000 		.4byte	0x2c
ARM GAS  C:\Users\Gemma\AppData\Local\Temp\cctQ4goY.s 			page 12


 431 008d 05       		.uleb128 0x5
 432 008e B0010000 		.4byte	.LASF12
 433 0092 04       		.byte	0x4
 434 0093 E501     		.2byte	0x1e5
 435 0095 3A000000 		.4byte	0x3a
 436 0099 05       		.uleb128 0x5
 437 009a B7010000 		.4byte	.LASF13
 438 009e 04       		.byte	0x4
 439 009f E601     		.2byte	0x1e6
 440 00a1 53000000 		.4byte	0x53
 441 00a5 05       		.uleb128 0x5
 442 00a6 46020000 		.4byte	.LASF14
 443 00aa 04       		.byte	0x4
 444 00ab EA01     		.2byte	0x1ea
 445 00ad B1000000 		.4byte	0xb1
 446 00b1 02       		.uleb128 0x2
 447 00b2 04       		.byte	0x4
 448 00b3 04       		.byte	0x4
 449 00b4 23010000 		.4byte	.LASF15
 450 00b8 02       		.uleb128 0x2
 451 00b9 08       		.byte	0x8
 452 00ba 04       		.byte	0x4
 453 00bb A4010000 		.4byte	.LASF16
 454 00bf 02       		.uleb128 0x2
 455 00c0 01       		.byte	0x1
 456 00c1 08       		.byte	0x8
 457 00c2 22020000 		.4byte	.LASF17
 458 00c6 06       		.uleb128 0x6
 459 00c7 81000000 		.4byte	0x81
 460 00cb 02       		.uleb128 0x2
 461 00cc 08       		.byte	0x8
 462 00cd 04       		.byte	0x4
 463 00ce 4E020000 		.4byte	.LASF18
 464 00d2 02       		.uleb128 0x2
 465 00d3 04       		.byte	0x4
 466 00d4 07       		.byte	0x7
 467 00d5 04020000 		.4byte	.LASF19
 468 00d9 07       		.uleb128 0x7
 469 00da AB010000 		.4byte	.LASF37
 470 00de 01       		.byte	0x1
 471 00df 38       		.byte	0x38
 472 00e0 68000000 		.4byte	0x68
 473 00e4 00000000 		.4byte	.LFB64
 474 00e8 94000000 		.4byte	.LFE64-.LFB64
 475 00ec 01       		.uleb128 0x1
 476 00ed 9C       		.byte	0x9c
 477 00ee 2B010000 		.4byte	0x12b
 478 00f2 08       		.uleb128 0x8
 479 00f3 E2010000 		.4byte	.LASF20
 480 00f7 01       		.byte	0x1
 481 00f8 4B       		.byte	0x4b
 482 00f9 81000000 		.4byte	0x81
 483 00fd 02       		.uleb128 0x2
 484 00fe 91       		.byte	0x91
 485 00ff 77       		.sleb128 -9
 486 0100 08       		.uleb128 0x8
 487 0101 4E010000 		.4byte	.LASF21
ARM GAS  C:\Users\Gemma\AppData\Local\Temp\cctQ4goY.s 			page 13


 488 0105 01       		.byte	0x1
 489 0106 4E       		.byte	0x4e
 490 0107 81000000 		.4byte	0x81
 491 010b 02       		.uleb128 0x2
 492 010c 91       		.byte	0x91
 493 010d 76       		.sleb128 -10
 494 010e 08       		.uleb128 0x8
 495 010f AE000000 		.4byte	.LASF22
 496 0113 01       		.byte	0x1
 497 0114 55       		.byte	0x55
 498 0115 81000000 		.4byte	0x81
 499 0119 02       		.uleb128 0x2
 500 011a 91       		.byte	0x91
 501 011b 75       		.sleb128 -11
 502 011c 08       		.uleb128 0x8
 503 011d 74010000 		.4byte	.LASF23
 504 0121 01       		.byte	0x1
 505 0122 56       		.byte	0x56
 506 0123 81000000 		.4byte	0x81
 507 0127 02       		.uleb128 0x2
 508 0128 91       		.byte	0x91
 509 0129 74       		.sleb128 -12
 510 012a 00       		.byte	0
 511 012b 09       		.uleb128 0x9
 512 012c 3D020000 		.4byte	.LASF38
 513 0130 01       		.byte	0x1
 514 0131 73       		.byte	0x73
 515 0132 00000000 		.4byte	.LFB65
 516 0136 48000000 		.4byte	.LFE65-.LFB65
 517 013a 01       		.uleb128 0x1
 518 013b 9C       		.byte	0x9c
 519 013c 0A       		.uleb128 0xa
 520 013d 95010000 		.4byte	.LASF39
 521 0141 01       		.byte	0x1
 522 0142 87       		.byte	0x87
 523 0143 00000000 		.4byte	.LFB66
 524 0147 50000000 		.4byte	.LFE66-.LFB66
 525 014b 01       		.uleb128 0x1
 526 014c 9C       		.byte	0x9c
 527 014d 6E010000 		.4byte	0x16e
 528 0151 08       		.uleb128 0x8
 529 0152 5A020000 		.4byte	.LASF24
 530 0156 01       		.byte	0x1
 531 0157 88       		.byte	0x88
 532 0158 6E010000 		.4byte	0x16e
 533 015c 02       		.uleb128 0x2
 534 015d 91       		.byte	0x91
 535 015e 5C       		.sleb128 -36
 536 015f 08       		.uleb128 0x8
 537 0160 A1000000 		.4byte	.LASF25
 538 0164 01       		.byte	0x1
 539 0165 89       		.byte	0x89
 540 0166 8D000000 		.4byte	0x8d
 541 016a 02       		.uleb128 0x2
 542 016b 91       		.byte	0x91
 543 016c 6E       		.sleb128 -18
 544 016d 00       		.byte	0
ARM GAS  C:\Users\Gemma\AppData\Local\Temp\cctQ4goY.s 			page 14


 545 016e 0B       		.uleb128 0xb
 546 016f BF000000 		.4byte	0xbf
 547 0173 7E010000 		.4byte	0x17e
 548 0177 0C       		.uleb128 0xc
 549 0178 D2000000 		.4byte	0xd2
 550 017c 0F       		.byte	0xf
 551 017d 00       		.byte	0
 552 017e 0D       		.uleb128 0xd
 553 017f 6A020000 		.4byte	.LASF26
 554 0183 01       		.byte	0x1
 555 0184 9D       		.byte	0x9d
 556 0185 00000000 		.4byte	.LFB67
 557 0189 0C000000 		.4byte	.LFE67-.LFB67
 558 018d 01       		.uleb128 0x1
 559 018e 9C       		.byte	0x9c
 560 018f 0D       		.uleb128 0xd
 561 0190 29010000 		.4byte	.LASF27
 562 0194 01       		.byte	0x1
 563 0195 B2       		.byte	0xb2
 564 0196 00000000 		.4byte	.LFB68
 565 019a 0C000000 		.4byte	.LFE68-.LFB68
 566 019e 01       		.uleb128 0x1
 567 019f 9C       		.byte	0x9c
 568 01a0 0E       		.uleb128 0xe
 569 01a1 EF010000 		.4byte	.LASF28
 570 01a5 05       		.byte	0x5
 571 01a6 1207     		.2byte	0x712
 572 01a8 AC010000 		.4byte	0x1ac
 573 01ac 06       		.uleb128 0x6
 574 01ad 76000000 		.4byte	0x76
 575 01b1 0F       		.uleb128 0xf
 576 01b2 00000000 		.4byte	.LASF29
 577 01b6 01       		.byte	0x1
 578 01b7 15       		.byte	0x15
 579 01b8 C6000000 		.4byte	0xc6
 580 01bc 05       		.uleb128 0x5
 581 01bd 03       		.byte	0x3
 582 01be 00000000 		.4byte	new_data
 583 01c2 0F       		.uleb128 0xf
 584 01c3 73020000 		.4byte	.LASF30
 585 01c7 01       		.byte	0x1
 586 01c8 18       		.byte	0x18
 587 01c9 99000000 		.4byte	0x99
 588 01cd 05       		.uleb128 0x5
 589 01ce 03       		.byte	0x3
 590 01cf 00000000 		.4byte	Vout_sum
 591 01d3 10       		.uleb128 0x10
 592 01d4 6E00     		.ascii	"n\000"
 593 01d6 01       		.byte	0x1
 594 01d7 19       		.byte	0x19
 595 01d8 99000000 		.4byte	0x99
 596 01dc 05       		.uleb128 0x5
 597 01dd 03       		.byte	0x3
 598 01de 00000000 		.4byte	n
 599 01e2 0F       		.uleb128 0xf
 600 01e3 16010000 		.4byte	.LASF31
 601 01e7 01       		.byte	0x1
ARM GAS  C:\Users\Gemma\AppData\Local\Temp\cctQ4goY.s 			page 15


 602 01e8 1A       		.byte	0x1a
 603 01e9 99000000 		.4byte	0x99
 604 01ed 05       		.uleb128 0x5
 605 01ee 03       		.byte	0x3
 606 01ef 00000000 		.4byte	Vout_sum_isr
 607 01f3 0F       		.uleb128 0xf
 608 01f4 37020000 		.4byte	.LASF32
 609 01f8 01       		.byte	0x1
 610 01f9 1B       		.byte	0x1b
 611 01fa 99000000 		.4byte	0x99
 612 01fe 05       		.uleb128 0x5
 613 01ff 03       		.byte	0x3
 614 0200 00000000 		.4byte	n_isr
 615 0204 0F       		.uleb128 0xf
 616 0205 74010000 		.4byte	.LASF23
 617 0209 01       		.byte	0x1
 618 020a 1E       		.byte	0x1e
 619 020b A5000000 		.4byte	0xa5
 620 020f 05       		.uleb128 0x5
 621 0210 03       		.byte	0x3
 622 0211 00000000 		.4byte	temp
 623 0215 0F       		.uleb128 0xf
 624 0216 55010000 		.4byte	.LASF33
 625 021a 01       		.byte	0x1
 626 021b 1F       		.byte	0x1f
 627 021c A5000000 		.4byte	0xa5
 628 0220 05       		.uleb128 0x5
 629 0221 03       		.byte	0x3
 630 0222 00000000 		.4byte	Vout_average
 631 0226 00       		.byte	0
 632              		.section	.debug_abbrev,"",%progbits
 633              	.Ldebug_abbrev0:
 634 0000 01       		.uleb128 0x1
 635 0001 11       		.uleb128 0x11
 636 0002 01       		.byte	0x1
 637 0003 25       		.uleb128 0x25
 638 0004 0E       		.uleb128 0xe
 639 0005 13       		.uleb128 0x13
 640 0006 0B       		.uleb128 0xb
 641 0007 03       		.uleb128 0x3
 642 0008 0E       		.uleb128 0xe
 643 0009 1B       		.uleb128 0x1b
 644 000a 0E       		.uleb128 0xe
 645 000b 55       		.uleb128 0x55
 646 000c 17       		.uleb128 0x17
 647 000d 11       		.uleb128 0x11
 648 000e 01       		.uleb128 0x1
 649 000f 10       		.uleb128 0x10
 650 0010 17       		.uleb128 0x17
 651 0011 00       		.byte	0
 652 0012 00       		.byte	0
 653 0013 02       		.uleb128 0x2
 654 0014 24       		.uleb128 0x24
 655 0015 00       		.byte	0
 656 0016 0B       		.uleb128 0xb
 657 0017 0B       		.uleb128 0xb
 658 0018 3E       		.uleb128 0x3e
ARM GAS  C:\Users\Gemma\AppData\Local\Temp\cctQ4goY.s 			page 16


 659 0019 0B       		.uleb128 0xb
 660 001a 03       		.uleb128 0x3
 661 001b 0E       		.uleb128 0xe
 662 001c 00       		.byte	0
 663 001d 00       		.byte	0
 664 001e 03       		.uleb128 0x3
 665 001f 16       		.uleb128 0x16
 666 0020 00       		.byte	0
 667 0021 03       		.uleb128 0x3
 668 0022 0E       		.uleb128 0xe
 669 0023 3A       		.uleb128 0x3a
 670 0024 0B       		.uleb128 0xb
 671 0025 3B       		.uleb128 0x3b
 672 0026 0B       		.uleb128 0xb
 673 0027 49       		.uleb128 0x49
 674 0028 13       		.uleb128 0x13
 675 0029 00       		.byte	0
 676 002a 00       		.byte	0
 677 002b 04       		.uleb128 0x4
 678 002c 24       		.uleb128 0x24
 679 002d 00       		.byte	0
 680 002e 0B       		.uleb128 0xb
 681 002f 0B       		.uleb128 0xb
 682 0030 3E       		.uleb128 0x3e
 683 0031 0B       		.uleb128 0xb
 684 0032 03       		.uleb128 0x3
 685 0033 08       		.uleb128 0x8
 686 0034 00       		.byte	0
 687 0035 00       		.byte	0
 688 0036 05       		.uleb128 0x5
 689 0037 16       		.uleb128 0x16
 690 0038 00       		.byte	0
 691 0039 03       		.uleb128 0x3
 692 003a 0E       		.uleb128 0xe
 693 003b 3A       		.uleb128 0x3a
 694 003c 0B       		.uleb128 0xb
 695 003d 3B       		.uleb128 0x3b
 696 003e 05       		.uleb128 0x5
 697 003f 49       		.uleb128 0x49
 698 0040 13       		.uleb128 0x13
 699 0041 00       		.byte	0
 700 0042 00       		.byte	0
 701 0043 06       		.uleb128 0x6
 702 0044 35       		.uleb128 0x35
 703 0045 00       		.byte	0
 704 0046 49       		.uleb128 0x49
 705 0047 13       		.uleb128 0x13
 706 0048 00       		.byte	0
 707 0049 00       		.byte	0
 708 004a 07       		.uleb128 0x7
 709 004b 2E       		.uleb128 0x2e
 710 004c 01       		.byte	0x1
 711 004d 3F       		.uleb128 0x3f
 712 004e 19       		.uleb128 0x19
 713 004f 03       		.uleb128 0x3
 714 0050 0E       		.uleb128 0xe
 715 0051 3A       		.uleb128 0x3a
ARM GAS  C:\Users\Gemma\AppData\Local\Temp\cctQ4goY.s 			page 17


 716 0052 0B       		.uleb128 0xb
 717 0053 3B       		.uleb128 0x3b
 718 0054 0B       		.uleb128 0xb
 719 0055 49       		.uleb128 0x49
 720 0056 13       		.uleb128 0x13
 721 0057 11       		.uleb128 0x11
 722 0058 01       		.uleb128 0x1
 723 0059 12       		.uleb128 0x12
 724 005a 06       		.uleb128 0x6
 725 005b 40       		.uleb128 0x40
 726 005c 18       		.uleb128 0x18
 727 005d 9642     		.uleb128 0x2116
 728 005f 19       		.uleb128 0x19
 729 0060 01       		.uleb128 0x1
 730 0061 13       		.uleb128 0x13
 731 0062 00       		.byte	0
 732 0063 00       		.byte	0
 733 0064 08       		.uleb128 0x8
 734 0065 34       		.uleb128 0x34
 735 0066 00       		.byte	0
 736 0067 03       		.uleb128 0x3
 737 0068 0E       		.uleb128 0xe
 738 0069 3A       		.uleb128 0x3a
 739 006a 0B       		.uleb128 0xb
 740 006b 3B       		.uleb128 0x3b
 741 006c 0B       		.uleb128 0xb
 742 006d 49       		.uleb128 0x49
 743 006e 13       		.uleb128 0x13
 744 006f 02       		.uleb128 0x2
 745 0070 18       		.uleb128 0x18
 746 0071 00       		.byte	0
 747 0072 00       		.byte	0
 748 0073 09       		.uleb128 0x9
 749 0074 2E       		.uleb128 0x2e
 750 0075 00       		.byte	0
 751 0076 3F       		.uleb128 0x3f
 752 0077 19       		.uleb128 0x19
 753 0078 03       		.uleb128 0x3
 754 0079 0E       		.uleb128 0xe
 755 007a 3A       		.uleb128 0x3a
 756 007b 0B       		.uleb128 0xb
 757 007c 3B       		.uleb128 0x3b
 758 007d 0B       		.uleb128 0xb
 759 007e 11       		.uleb128 0x11
 760 007f 01       		.uleb128 0x1
 761 0080 12       		.uleb128 0x12
 762 0081 06       		.uleb128 0x6
 763 0082 40       		.uleb128 0x40
 764 0083 18       		.uleb128 0x18
 765 0084 9642     		.uleb128 0x2116
 766 0086 19       		.uleb128 0x19
 767 0087 00       		.byte	0
 768 0088 00       		.byte	0
 769 0089 0A       		.uleb128 0xa
 770 008a 2E       		.uleb128 0x2e
 771 008b 01       		.byte	0x1
 772 008c 3F       		.uleb128 0x3f
ARM GAS  C:\Users\Gemma\AppData\Local\Temp\cctQ4goY.s 			page 18


 773 008d 19       		.uleb128 0x19
 774 008e 03       		.uleb128 0x3
 775 008f 0E       		.uleb128 0xe
 776 0090 3A       		.uleb128 0x3a
 777 0091 0B       		.uleb128 0xb
 778 0092 3B       		.uleb128 0x3b
 779 0093 0B       		.uleb128 0xb
 780 0094 11       		.uleb128 0x11
 781 0095 01       		.uleb128 0x1
 782 0096 12       		.uleb128 0x12
 783 0097 06       		.uleb128 0x6
 784 0098 40       		.uleb128 0x40
 785 0099 18       		.uleb128 0x18
 786 009a 9642     		.uleb128 0x2116
 787 009c 19       		.uleb128 0x19
 788 009d 01       		.uleb128 0x1
 789 009e 13       		.uleb128 0x13
 790 009f 00       		.byte	0
 791 00a0 00       		.byte	0
 792 00a1 0B       		.uleb128 0xb
 793 00a2 01       		.uleb128 0x1
 794 00a3 01       		.byte	0x1
 795 00a4 49       		.uleb128 0x49
 796 00a5 13       		.uleb128 0x13
 797 00a6 01       		.uleb128 0x1
 798 00a7 13       		.uleb128 0x13
 799 00a8 00       		.byte	0
 800 00a9 00       		.byte	0
 801 00aa 0C       		.uleb128 0xc
 802 00ab 21       		.uleb128 0x21
 803 00ac 00       		.byte	0
 804 00ad 49       		.uleb128 0x49
 805 00ae 13       		.uleb128 0x13
 806 00af 2F       		.uleb128 0x2f
 807 00b0 0B       		.uleb128 0xb
 808 00b1 00       		.byte	0
 809 00b2 00       		.byte	0
 810 00b3 0D       		.uleb128 0xd
 811 00b4 2E       		.uleb128 0x2e
 812 00b5 00       		.byte	0
 813 00b6 3F       		.uleb128 0x3f
 814 00b7 19       		.uleb128 0x19
 815 00b8 03       		.uleb128 0x3
 816 00b9 0E       		.uleb128 0xe
 817 00ba 3A       		.uleb128 0x3a
 818 00bb 0B       		.uleb128 0xb
 819 00bc 3B       		.uleb128 0x3b
 820 00bd 0B       		.uleb128 0xb
 821 00be 27       		.uleb128 0x27
 822 00bf 19       		.uleb128 0x19
 823 00c0 11       		.uleb128 0x11
 824 00c1 01       		.uleb128 0x1
 825 00c2 12       		.uleb128 0x12
 826 00c3 06       		.uleb128 0x6
 827 00c4 40       		.uleb128 0x40
 828 00c5 18       		.uleb128 0x18
 829 00c6 9742     		.uleb128 0x2117
ARM GAS  C:\Users\Gemma\AppData\Local\Temp\cctQ4goY.s 			page 19


 830 00c8 19       		.uleb128 0x19
 831 00c9 00       		.byte	0
 832 00ca 00       		.byte	0
 833 00cb 0E       		.uleb128 0xe
 834 00cc 34       		.uleb128 0x34
 835 00cd 00       		.byte	0
 836 00ce 03       		.uleb128 0x3
 837 00cf 0E       		.uleb128 0xe
 838 00d0 3A       		.uleb128 0x3a
 839 00d1 0B       		.uleb128 0xb
 840 00d2 3B       		.uleb128 0x3b
 841 00d3 05       		.uleb128 0x5
 842 00d4 49       		.uleb128 0x49
 843 00d5 13       		.uleb128 0x13
 844 00d6 3F       		.uleb128 0x3f
 845 00d7 19       		.uleb128 0x19
 846 00d8 3C       		.uleb128 0x3c
 847 00d9 19       		.uleb128 0x19
 848 00da 00       		.byte	0
 849 00db 00       		.byte	0
 850 00dc 0F       		.uleb128 0xf
 851 00dd 34       		.uleb128 0x34
 852 00de 00       		.byte	0
 853 00df 03       		.uleb128 0x3
 854 00e0 0E       		.uleb128 0xe
 855 00e1 3A       		.uleb128 0x3a
 856 00e2 0B       		.uleb128 0xb
 857 00e3 3B       		.uleb128 0x3b
 858 00e4 0B       		.uleb128 0xb
 859 00e5 49       		.uleb128 0x49
 860 00e6 13       		.uleb128 0x13
 861 00e7 3F       		.uleb128 0x3f
 862 00e8 19       		.uleb128 0x19
 863 00e9 02       		.uleb128 0x2
 864 00ea 18       		.uleb128 0x18
 865 00eb 00       		.byte	0
 866 00ec 00       		.byte	0
 867 00ed 10       		.uleb128 0x10
 868 00ee 34       		.uleb128 0x34
 869 00ef 00       		.byte	0
 870 00f0 03       		.uleb128 0x3
 871 00f1 08       		.uleb128 0x8
 872 00f2 3A       		.uleb128 0x3a
 873 00f3 0B       		.uleb128 0xb
 874 00f4 3B       		.uleb128 0x3b
 875 00f5 0B       		.uleb128 0xb
 876 00f6 49       		.uleb128 0x49
 877 00f7 13       		.uleb128 0x13
 878 00f8 3F       		.uleb128 0x3f
 879 00f9 19       		.uleb128 0x19
 880 00fa 02       		.uleb128 0x2
 881 00fb 18       		.uleb128 0x18
 882 00fc 00       		.byte	0
 883 00fd 00       		.byte	0
 884 00fe 00       		.byte	0
 885              		.section	.debug_aranges,"",%progbits
 886 0000 3C000000 		.4byte	0x3c
ARM GAS  C:\Users\Gemma\AppData\Local\Temp\cctQ4goY.s 			page 20


 887 0004 0200     		.2byte	0x2
 888 0006 00000000 		.4byte	.Ldebug_info0
 889 000a 04       		.byte	0x4
 890 000b 00       		.byte	0
 891 000c 0000     		.2byte	0
 892 000e 0000     		.2byte	0
 893 0010 00000000 		.4byte	.LFB64
 894 0014 94000000 		.4byte	.LFE64-.LFB64
 895 0018 00000000 		.4byte	.LFB65
 896 001c 48000000 		.4byte	.LFE65-.LFB65
 897 0020 00000000 		.4byte	.LFB66
 898 0024 50000000 		.4byte	.LFE66-.LFB66
 899 0028 00000000 		.4byte	.LFB67
 900 002c 0C000000 		.4byte	.LFE67-.LFB67
 901 0030 00000000 		.4byte	.LFB68
 902 0034 0C000000 		.4byte	.LFE68-.LFB68
 903 0038 00000000 		.4byte	0
 904 003c 00000000 		.4byte	0
 905              		.section	.debug_ranges,"",%progbits
 906              	.Ldebug_ranges0:
 907 0000 00000000 		.4byte	.LFB64
 908 0004 94000000 		.4byte	.LFE64
 909 0008 00000000 		.4byte	.LFB65
 910 000c 48000000 		.4byte	.LFE65
 911 0010 00000000 		.4byte	.LFB66
 912 0014 50000000 		.4byte	.LFE66
 913 0018 00000000 		.4byte	.LFB67
 914 001c 0C000000 		.4byte	.LFE67
 915 0020 00000000 		.4byte	.LFB68
 916 0024 0C000000 		.4byte	.LFE68
 917 0028 00000000 		.4byte	0
 918 002c 00000000 		.4byte	0
 919              		.section	.debug_line,"",%progbits
 920              	.Ldebug_line0:
 921 0000 C3010000 		.section	.debug_str,"MS",%progbits,1
 921      02004C01 
 921      00000201 
 921      FB0E0D00 
 921      01010101 
 922              	.LASF29:
 923 0000 6E65775F 		.ascii	"new_data\000"
 923      64617461 
 923      00
 924              	.LASF34:
 925 0009 474E5520 		.ascii	"GNU C11 5.4.1 20160609 (release) [ARM/embedded-5-br"
 925      43313120 
 925      352E342E 
 925      31203230 
 925      31363036 
 926 003c 616E6368 		.ascii	"anch revision 237715] -mcpu=cortex-m3 -mthumb -g -O"
 926      20726576 
 926      6973696F 
 926      6E203233 
 926      37373135 
 927 006f 30202D66 		.ascii	"0 -ffunction-sections -ffat-lto-objects\000"
 927      66756E63 
 927      74696F6E 
ARM GAS  C:\Users\Gemma\AppData\Local\Temp\cctQ4goY.s 			page 21


 927      2D736563 
 927      74696F6E 
 928              	.LASF9:
 929 0097 5F5F696E 		.ascii	"__int32_t\000"
 929      7433325F 
 929      7400
 930              	.LASF25:
 931 00a1 696E745F 		.ascii	"int_Vout_ave\000"
 931      566F7574 
 931      5F617665 
 931      00
 932              	.LASF22:
 933 00ae 61636B6E 		.ascii	"acknNak\000"
 933      4E616B00 
 934              	.LASF36:
 935 00b6 433A5C55 		.ascii	"C:\\Users\\Gemma\\Desktop\\PSoC\\GemmaQ_Assignment4"
 935      73657273 
 935      5C47656D 
 935      6D615C44 
 935      65736B74 
 936 00e4 5F50536F 		.ascii	"_PSoC5Serial\\GemmaQ_Assignment4_PSoC5Serial.cydsn\000"
 936      43355365 
 936      7269616C 
 936      5C47656D 
 936      6D61515F 
 937              	.LASF31:
 938 0116 566F7574 		.ascii	"Vout_sum_isr\000"
 938      5F73756D 
 938      5F697372 
 938      00
 939              	.LASF15:
 940 0123 666C6F61 		.ascii	"float\000"
 940      7400
 941              	.LASF27:
 942 0129 4D79436C 		.ascii	"MyClockIsr\000"
 942      6F636B49 
 942      737200
 943              	.LASF0:
 944 0134 7369676E 		.ascii	"signed char\000"
 944      65642063 
 944      68617200 
 945              	.LASF1:
 946 0140 756E7369 		.ascii	"unsigned char\000"
 946      676E6564 
 946      20636861 
 946      7200
 947              	.LASF21:
 948 014e 72657476 		.ascii	"retval\000"
 948      616C00
 949              	.LASF33:
 950 0155 566F7574 		.ascii	"Vout_average\000"
 950      5F617665 
 950      72616765 
 950      00
 951              	.LASF5:
 952 0162 6C6F6E67 		.ascii	"long unsigned int\000"
 952      20756E73 
ARM GAS  C:\Users\Gemma\AppData\Local\Temp\cctQ4goY.s 			page 22


 952      69676E65 
 952      6420696E 
 952      7400
 953              	.LASF23:
 954 0174 74656D70 		.ascii	"temp\000"
 954      00
 955              	.LASF3:
 956 0179 73686F72 		.ascii	"short unsigned int\000"
 956      7420756E 
 956      7369676E 
 956      65642069 
 956      6E7400
 957              	.LASF4:
 958 018c 6C6F6E67 		.ascii	"long int\000"
 958      20696E74 
 958      00
 959              	.LASF39:
 960 0195 73656E64 		.ascii	"sendDataAsJson\000"
 960      44617461 
 960      41734A73 
 960      6F6E00
 961              	.LASF16:
 962 01a4 646F7562 		.ascii	"double\000"
 962      6C6500
 963              	.LASF37:
 964 01ab 6D61696E 		.ascii	"main\000"
 964      00
 965              	.LASF12:
 966 01b0 75696E74 		.ascii	"uint16\000"
 966      313600
 967              	.LASF13:
 968 01b7 75696E74 		.ascii	"uint32\000"
 968      333200
 969              	.LASF8:
 970 01be 756E7369 		.ascii	"unsigned int\000"
 970      676E6564 
 970      20696E74 
 970      00
 971              	.LASF7:
 972 01cb 6C6F6E67 		.ascii	"long long unsigned int\000"
 972      206C6F6E 
 972      6720756E 
 972      7369676E 
 972      65642069 
 973              	.LASF20:
 974 01e2 736C6176 		.ascii	"slaveAddress\000"
 974      65416464 
 974      72657373 
 974      00
 975              	.LASF28:
 976 01ef 49544D5F 		.ascii	"ITM_RxBuffer\000"
 976      52784275 
 976      66666572 
 976      00
 977              	.LASF10:
 978 01fc 696E7433 		.ascii	"int32_t\000"
 978      325F7400 
ARM GAS  C:\Users\Gemma\AppData\Local\Temp\cctQ4goY.s 			page 23


 979              	.LASF19:
 980 0204 73697A65 		.ascii	"sizetype\000"
 980      74797065 
 980      00
 981              	.LASF6:
 982 020d 6C6F6E67 		.ascii	"long long int\000"
 982      206C6F6E 
 982      6720696E 
 982      7400
 983              	.LASF35:
 984 021b 6D61696E 		.ascii	"main.c\000"
 984      2E6300
 985              	.LASF17:
 986 0222 63686172 		.ascii	"char\000"
 986      00
 987              	.LASF2:
 988 0227 73686F72 		.ascii	"short int\000"
 988      7420696E 
 988      7400
 989              	.LASF11:
 990 0231 75696E74 		.ascii	"uint8\000"
 990      3800
 991              	.LASF32:
 992 0237 6E5F6973 		.ascii	"n_isr\000"
 992      7200
 993              	.LASF38:
 994 023d 74656D70 		.ascii	"tempCalc\000"
 994      43616C63 
 994      00
 995              	.LASF14:
 996 0246 666C6F61 		.ascii	"float32\000"
 996      74333200 
 997              	.LASF18:
 998 024e 6C6F6E67 		.ascii	"long double\000"
 998      20646F75 
 998      626C6500 
 999              	.LASF24:
 1000 025a 7472616E 		.ascii	"transmit_buffer\000"
 1000      736D6974 
 1000      5F627566 
 1000      66657200 
 1001              	.LASF26:
 1002 026a 4D794144 		.ascii	"MyADCIsr\000"
 1002      43497372 
 1002      00
 1003              	.LASF30:
 1004 0273 566F7574 		.ascii	"Vout_sum\000"
 1004      5F73756D 
 1004      00
 1005              		.ident	"GCC: (GNU Tools for ARM Embedded Processors) 5.4.1 20160609 (release) [ARM/embedded-5-bran
