ARM GAS  C:\Users\Gemma\AppData\Local\Temp\ccFpFg7Z.s 			page 1


   1              		.syntax unified
   2              		.cpu cortex-m3
   3              		.fpu softvfp
   4              		.eabi_attribute 20, 1
   5              		.eabi_attribute 21, 1
   6              		.eabi_attribute 23, 3
   7              		.eabi_attribute 24, 1
   8              		.eabi_attribute 25, 1
   9              		.eabi_attribute 26, 1
  10              		.eabi_attribute 30, 1
  11              		.eabi_attribute 34, 1
  12              		.eabi_attribute 18, 4
  13              		.thumb
  14              		.syntax unified
  15              		.file	"main.c"
  16              		.text
  17              	.Ltext0:
  18              		.cfi_sections	.debug_frame
  19              		.section	.text.main,"ax",%progbits
  20              		.align	2
  21              		.global	main
  22              		.thumb
  23              		.thumb_func
  24              		.type	main, %function
  25              	main:
  26              	.LFB63:
  27              		.file 1 "main.c"
   1:main.c        **** /* ========================================
   2:main.c        ****  *
   3:main.c        ****  * Copyright Gemma Qin, Metropolia UAS, Finland, 2024
   4:main.c        ****  * All Rights Reserved
   5:main.c        ****  * UNPUBLISHED, LICENSED SOFTWARE.
   6:main.c        ****  *
   7:main.c        ****  * CC-NA-SA 4.0
   8:main.c        ****  *
   9:main.c        ****  * ========================================
  10:main.c        **** */
  11:main.c        **** #include "project.h"
  12:main.c        **** 
  13:main.c        **** int main(void)
  14:main.c        **** {
  28              		.loc 1 14 0
  29              		.cfi_startproc
  30              		@ Volatile: function does not return.
  31              		@ args = 0, pretend = 0, frame = 0
  32              		@ frame_needed = 0, uses_anonymous_args = 0
  33 0000 08B5     		push	{r3, lr}
  34              		.cfi_def_cfa_offset 8
  35              		.cfi_offset 3, -8
  36              		.cfi_offset 14, -4
  15:main.c        ****     CyGlobalIntEnable; /* Enable global interrupts. */
  37              		.loc 1 15 0
  38              		.syntax unified
  39              	@ 15 "main.c" 1
  40 0002 62B6     		CPSIE   i
  41              	@ 0 "" 2
  42              		.thumb
ARM GAS  C:\Users\Gemma\AppData\Local\Temp\ccFpFg7Z.s 			page 2


  43              		.syntax unified
  44              	.L2:
  16:main.c        ****     /* Place your initialization/startup code here (e.g. MyInst_Start()) */
  17:main.c        **** 
  18:main.c        ****     for(;;)  /* Forever loop */
  19:main.c        ****     {
  20:main.c        ****         if (!Button_Read()) {
  45              		.loc 1 20 0
  46 0004 FFF7FEFF 		bl	Button_Read
  47              	.LVL0:
  48 0008 0028     		cmp	r0, #0
  49 000a FBD1     		bne	.L2
  21:main.c        ****         LED1_Write(1);
  50              		.loc 1 21 0
  51 000c 0120     		movs	r0, #1
  52 000e FFF7FEFF 		bl	LED1_Write
  53              	.LVL1:
  22:main.c        ****         CyDelay(200); 
  54              		.loc 1 22 0
  55 0012 C820     		movs	r0, #200
  56 0014 FFF7FEFF 		bl	CyDelay
  57              	.LVL2:
  23:main.c        ****         LED1_Write(0);
  58              		.loc 1 23 0
  59 0018 0020     		movs	r0, #0
  60 001a FFF7FEFF 		bl	LED1_Write
  61              	.LVL3:
  24:main.c        ****         CyDelay(800);
  62              		.loc 1 24 0
  63 001e 4FF44870 		mov	r0, #800
  64 0022 FFF7FEFF 		bl	CyDelay
  65              	.LVL4:
  66 0026 EDE7     		b	.L2
  67              		.cfi_endproc
  68              	.LFE63:
  69              		.size	main, .-main
  70              		.text
  71              	.Letext0:
  72              		.file 2 "c:\\program files (x86)\\cypress\\psoc creator\\4.2\\psoc creator\\import\\gnu\\arm\\5.4.
  73              		.file 3 "c:\\program files (x86)\\cypress\\psoc creator\\4.2\\psoc creator\\import\\gnu\\arm\\5.4.
  74              		.file 4 "Generated_Source\\PSoC5/Button.h"
  75              		.file 5 "Generated_Source\\PSoC5/LED1.h"
  76              		.file 6 "Generated_Source\\PSoC5/CyLib.h"
  77              		.file 7 "Generated_Source\\PSoC5/core_cm3.h"
  78              		.section	.debug_info,"",%progbits
  79              	.Ldebug_info0:
  80 0000 41010000 		.4byte	0x141
  81 0004 0400     		.2byte	0x4
  82 0006 00000000 		.4byte	.Ldebug_abbrev0
  83 000a 04       		.byte	0x4
  84 000b 01       		.uleb128 0x1
  85 000c 3A000000 		.4byte	.LASF19
  86 0010 0C       		.byte	0xc
  87 0011 2E000000 		.4byte	.LASF20
  88 0015 56010000 		.4byte	.LASF21
  89 0019 00000000 		.4byte	.Ldebug_ranges0+0
  90 001d 00000000 		.4byte	0
ARM GAS  C:\Users\Gemma\AppData\Local\Temp\ccFpFg7Z.s 			page 3


  91 0021 00000000 		.4byte	.Ldebug_line0
  92 0025 02       		.uleb128 0x2
  93 0026 01       		.byte	0x1
  94 0027 06       		.byte	0x6
  95 0028 29010000 		.4byte	.LASF0
  96 002c 02       		.uleb128 0x2
  97 002d 01       		.byte	0x1
  98 002e 08       		.byte	0x8
  99 002f F9000000 		.4byte	.LASF1
 100 0033 02       		.uleb128 0x2
 101 0034 02       		.byte	0x2
 102 0035 05       		.byte	0x5
 103 0036 A4010000 		.4byte	.LASF2
 104 003a 02       		.uleb128 0x2
 105 003b 02       		.byte	0x2
 106 003c 07       		.byte	0x7
 107 003d 0E000000 		.4byte	.LASF3
 108 0041 03       		.uleb128 0x3
 109 0042 41010000 		.4byte	.LASF9
 110 0046 02       		.byte	0x2
 111 0047 3F       		.byte	0x3f
 112 0048 4C000000 		.4byte	0x4c
 113 004c 02       		.uleb128 0x2
 114 004d 04       		.byte	0x4
 115 004e 05       		.byte	0x5
 116 004f 0C010000 		.4byte	.LASF4
 117 0053 02       		.uleb128 0x2
 118 0054 04       		.byte	0x4
 119 0055 07       		.byte	0x7
 120 0056 D0000000 		.4byte	.LASF5
 121 005a 02       		.uleb128 0x2
 122 005b 08       		.byte	0x8
 123 005c 05       		.byte	0x5
 124 005d 00000000 		.4byte	.LASF6
 125 0061 02       		.uleb128 0x2
 126 0062 08       		.byte	0x8
 127 0063 07       		.byte	0x7
 128 0064 E2000000 		.4byte	.LASF7
 129 0068 04       		.uleb128 0x4
 130 0069 04       		.byte	0x4
 131 006a 05       		.byte	0x5
 132 006b 696E7400 		.ascii	"int\000"
 133 006f 02       		.uleb128 0x2
 134 0070 04       		.byte	0x4
 135 0071 07       		.byte	0x7
 136 0072 21000000 		.4byte	.LASF8
 137 0076 03       		.uleb128 0x3
 138 0077 AE010000 		.4byte	.LASF10
 139 007b 03       		.byte	0x3
 140 007c 2C       		.byte	0x2c
 141 007d 41000000 		.4byte	0x41
 142 0081 02       		.uleb128 0x2
 143 0082 04       		.byte	0x4
 144 0083 04       		.byte	0x4
 145 0084 9E010000 		.4byte	.LASF11
 146 0088 02       		.uleb128 0x2
 147 0089 08       		.byte	0x8
ARM GAS  C:\Users\Gemma\AppData\Local\Temp\ccFpFg7Z.s 			page 4


 148 008a 04       		.byte	0x4
 149 008b 15010000 		.4byte	.LASF12
 150 008f 02       		.uleb128 0x2
 151 0090 01       		.byte	0x1
 152 0091 08       		.byte	0x8
 153 0092 07010000 		.4byte	.LASF13
 154 0096 02       		.uleb128 0x2
 155 0097 04       		.byte	0x4
 156 0098 07       		.byte	0x7
 157 0099 C2010000 		.4byte	.LASF14
 158 009d 02       		.uleb128 0x2
 159 009e 08       		.byte	0x8
 160 009f 04       		.byte	0x4
 161 00a0 35010000 		.4byte	.LASF15
 162 00a4 05       		.uleb128 0x5
 163 00a5 35000000 		.4byte	.LASF22
 164 00a9 01       		.byte	0x1
 165 00aa 0D       		.byte	0xd
 166 00ab 68000000 		.4byte	0x68
 167 00af 00000000 		.4byte	.LFB63
 168 00b3 28000000 		.4byte	.LFE63-.LFB63
 169 00b7 01       		.uleb128 0x1
 170 00b8 9C       		.byte	0x9c
 171 00b9 12010000 		.4byte	0x112
 172 00bd 06       		.uleb128 0x6
 173 00be 08000000 		.4byte	.LVL0
 174 00c2 23010000 		.4byte	0x123
 175 00c6 07       		.uleb128 0x7
 176 00c7 12000000 		.4byte	.LVL1
 177 00cb 2E010000 		.4byte	0x12e
 178 00cf D9000000 		.4byte	0xd9
 179 00d3 08       		.uleb128 0x8
 180 00d4 01       		.uleb128 0x1
 181 00d5 50       		.byte	0x50
 182 00d6 01       		.uleb128 0x1
 183 00d7 31       		.byte	0x31
 184 00d8 00       		.byte	0
 185 00d9 07       		.uleb128 0x7
 186 00da 18000000 		.4byte	.LVL2
 187 00de 39010000 		.4byte	0x139
 188 00e2 ED000000 		.4byte	0xed
 189 00e6 08       		.uleb128 0x8
 190 00e7 01       		.uleb128 0x1
 191 00e8 50       		.byte	0x50
 192 00e9 02       		.uleb128 0x2
 193 00ea 08       		.byte	0x8
 194 00eb C8       		.byte	0xc8
 195 00ec 00       		.byte	0
 196 00ed 07       		.uleb128 0x7
 197 00ee 1E000000 		.4byte	.LVL3
 198 00f2 2E010000 		.4byte	0x12e
 199 00f6 00010000 		.4byte	0x100
 200 00fa 08       		.uleb128 0x8
 201 00fb 01       		.uleb128 0x1
 202 00fc 50       		.byte	0x50
 203 00fd 01       		.uleb128 0x1
 204 00fe 30       		.byte	0x30
ARM GAS  C:\Users\Gemma\AppData\Local\Temp\ccFpFg7Z.s 			page 5


 205 00ff 00       		.byte	0
 206 0100 09       		.uleb128 0x9
 207 0101 26000000 		.4byte	.LVL4
 208 0105 39010000 		.4byte	0x139
 209 0109 08       		.uleb128 0x8
 210 010a 01       		.uleb128 0x1
 211 010b 50       		.byte	0x50
 212 010c 03       		.uleb128 0x3
 213 010d 0A       		.byte	0xa
 214 010e 2003     		.2byte	0x320
 215 0110 00       		.byte	0
 216 0111 00       		.byte	0
 217 0112 0A       		.uleb128 0xa
 218 0113 1C010000 		.4byte	.LASF23
 219 0117 07       		.byte	0x7
 220 0118 1207     		.2byte	0x712
 221 011a 1E010000 		.4byte	0x11e
 222 011e 0B       		.uleb128 0xb
 223 011f 76000000 		.4byte	0x76
 224 0123 0C       		.uleb128 0xc
 225 0124 B6010000 		.4byte	.LASF16
 226 0128 B6010000 		.4byte	.LASF16
 227 012c 04       		.byte	0x4
 228 012d 29       		.byte	0x29
 229 012e 0C       		.uleb128 0xc
 230 012f 4B010000 		.4byte	.LASF17
 231 0133 4B010000 		.4byte	.LASF17
 232 0137 05       		.byte	0x5
 233 0138 26       		.byte	0x26
 234 0139 0C       		.uleb128 0xc
 235 013a C8000000 		.4byte	.LASF18
 236 013e C8000000 		.4byte	.LASF18
 237 0142 06       		.byte	0x6
 238 0143 76       		.byte	0x76
 239 0144 00       		.byte	0
 240              		.section	.debug_abbrev,"",%progbits
 241              	.Ldebug_abbrev0:
 242 0000 01       		.uleb128 0x1
 243 0001 11       		.uleb128 0x11
 244 0002 01       		.byte	0x1
 245 0003 25       		.uleb128 0x25
 246 0004 0E       		.uleb128 0xe
 247 0005 13       		.uleb128 0x13
 248 0006 0B       		.uleb128 0xb
 249 0007 03       		.uleb128 0x3
 250 0008 0E       		.uleb128 0xe
 251 0009 1B       		.uleb128 0x1b
 252 000a 0E       		.uleb128 0xe
 253 000b 55       		.uleb128 0x55
 254 000c 17       		.uleb128 0x17
 255 000d 11       		.uleb128 0x11
 256 000e 01       		.uleb128 0x1
 257 000f 10       		.uleb128 0x10
 258 0010 17       		.uleb128 0x17
 259 0011 00       		.byte	0
 260 0012 00       		.byte	0
 261 0013 02       		.uleb128 0x2
ARM GAS  C:\Users\Gemma\AppData\Local\Temp\ccFpFg7Z.s 			page 6


 262 0014 24       		.uleb128 0x24
 263 0015 00       		.byte	0
 264 0016 0B       		.uleb128 0xb
 265 0017 0B       		.uleb128 0xb
 266 0018 3E       		.uleb128 0x3e
 267 0019 0B       		.uleb128 0xb
 268 001a 03       		.uleb128 0x3
 269 001b 0E       		.uleb128 0xe
 270 001c 00       		.byte	0
 271 001d 00       		.byte	0
 272 001e 03       		.uleb128 0x3
 273 001f 16       		.uleb128 0x16
 274 0020 00       		.byte	0
 275 0021 03       		.uleb128 0x3
 276 0022 0E       		.uleb128 0xe
 277 0023 3A       		.uleb128 0x3a
 278 0024 0B       		.uleb128 0xb
 279 0025 3B       		.uleb128 0x3b
 280 0026 0B       		.uleb128 0xb
 281 0027 49       		.uleb128 0x49
 282 0028 13       		.uleb128 0x13
 283 0029 00       		.byte	0
 284 002a 00       		.byte	0
 285 002b 04       		.uleb128 0x4
 286 002c 24       		.uleb128 0x24
 287 002d 00       		.byte	0
 288 002e 0B       		.uleb128 0xb
 289 002f 0B       		.uleb128 0xb
 290 0030 3E       		.uleb128 0x3e
 291 0031 0B       		.uleb128 0xb
 292 0032 03       		.uleb128 0x3
 293 0033 08       		.uleb128 0x8
 294 0034 00       		.byte	0
 295 0035 00       		.byte	0
 296 0036 05       		.uleb128 0x5
 297 0037 2E       		.uleb128 0x2e
 298 0038 01       		.byte	0x1
 299 0039 3F       		.uleb128 0x3f
 300 003a 19       		.uleb128 0x19
 301 003b 03       		.uleb128 0x3
 302 003c 0E       		.uleb128 0xe
 303 003d 3A       		.uleb128 0x3a
 304 003e 0B       		.uleb128 0xb
 305 003f 3B       		.uleb128 0x3b
 306 0040 0B       		.uleb128 0xb
 307 0041 27       		.uleb128 0x27
 308 0042 19       		.uleb128 0x19
 309 0043 49       		.uleb128 0x49
 310 0044 13       		.uleb128 0x13
 311 0045 8701     		.uleb128 0x87
 312 0047 19       		.uleb128 0x19
 313 0048 11       		.uleb128 0x11
 314 0049 01       		.uleb128 0x1
 315 004a 12       		.uleb128 0x12
 316 004b 06       		.uleb128 0x6
 317 004c 40       		.uleb128 0x40
 318 004d 18       		.uleb128 0x18
ARM GAS  C:\Users\Gemma\AppData\Local\Temp\ccFpFg7Z.s 			page 7


 319 004e 9742     		.uleb128 0x2117
 320 0050 19       		.uleb128 0x19
 321 0051 01       		.uleb128 0x1
 322 0052 13       		.uleb128 0x13
 323 0053 00       		.byte	0
 324 0054 00       		.byte	0
 325 0055 06       		.uleb128 0x6
 326 0056 898201   		.uleb128 0x4109
 327 0059 00       		.byte	0
 328 005a 11       		.uleb128 0x11
 329 005b 01       		.uleb128 0x1
 330 005c 31       		.uleb128 0x31
 331 005d 13       		.uleb128 0x13
 332 005e 00       		.byte	0
 333 005f 00       		.byte	0
 334 0060 07       		.uleb128 0x7
 335 0061 898201   		.uleb128 0x4109
 336 0064 01       		.byte	0x1
 337 0065 11       		.uleb128 0x11
 338 0066 01       		.uleb128 0x1
 339 0067 31       		.uleb128 0x31
 340 0068 13       		.uleb128 0x13
 341 0069 01       		.uleb128 0x1
 342 006a 13       		.uleb128 0x13
 343 006b 00       		.byte	0
 344 006c 00       		.byte	0
 345 006d 08       		.uleb128 0x8
 346 006e 8A8201   		.uleb128 0x410a
 347 0071 00       		.byte	0
 348 0072 02       		.uleb128 0x2
 349 0073 18       		.uleb128 0x18
 350 0074 9142     		.uleb128 0x2111
 351 0076 18       		.uleb128 0x18
 352 0077 00       		.byte	0
 353 0078 00       		.byte	0
 354 0079 09       		.uleb128 0x9
 355 007a 898201   		.uleb128 0x4109
 356 007d 01       		.byte	0x1
 357 007e 11       		.uleb128 0x11
 358 007f 01       		.uleb128 0x1
 359 0080 31       		.uleb128 0x31
 360 0081 13       		.uleb128 0x13
 361 0082 00       		.byte	0
 362 0083 00       		.byte	0
 363 0084 0A       		.uleb128 0xa
 364 0085 34       		.uleb128 0x34
 365 0086 00       		.byte	0
 366 0087 03       		.uleb128 0x3
 367 0088 0E       		.uleb128 0xe
 368 0089 3A       		.uleb128 0x3a
 369 008a 0B       		.uleb128 0xb
 370 008b 3B       		.uleb128 0x3b
 371 008c 05       		.uleb128 0x5
 372 008d 49       		.uleb128 0x49
 373 008e 13       		.uleb128 0x13
 374 008f 3F       		.uleb128 0x3f
 375 0090 19       		.uleb128 0x19
ARM GAS  C:\Users\Gemma\AppData\Local\Temp\ccFpFg7Z.s 			page 8


 376 0091 3C       		.uleb128 0x3c
 377 0092 19       		.uleb128 0x19
 378 0093 00       		.byte	0
 379 0094 00       		.byte	0
 380 0095 0B       		.uleb128 0xb
 381 0096 35       		.uleb128 0x35
 382 0097 00       		.byte	0
 383 0098 49       		.uleb128 0x49
 384 0099 13       		.uleb128 0x13
 385 009a 00       		.byte	0
 386 009b 00       		.byte	0
 387 009c 0C       		.uleb128 0xc
 388 009d 2E       		.uleb128 0x2e
 389 009e 00       		.byte	0
 390 009f 3F       		.uleb128 0x3f
 391 00a0 19       		.uleb128 0x19
 392 00a1 3C       		.uleb128 0x3c
 393 00a2 19       		.uleb128 0x19
 394 00a3 6E       		.uleb128 0x6e
 395 00a4 0E       		.uleb128 0xe
 396 00a5 03       		.uleb128 0x3
 397 00a6 0E       		.uleb128 0xe
 398 00a7 3A       		.uleb128 0x3a
 399 00a8 0B       		.uleb128 0xb
 400 00a9 3B       		.uleb128 0x3b
 401 00aa 0B       		.uleb128 0xb
 402 00ab 00       		.byte	0
 403 00ac 00       		.byte	0
 404 00ad 00       		.byte	0
 405              		.section	.debug_aranges,"",%progbits
 406 0000 1C000000 		.4byte	0x1c
 407 0004 0200     		.2byte	0x2
 408 0006 00000000 		.4byte	.Ldebug_info0
 409 000a 04       		.byte	0x4
 410 000b 00       		.byte	0
 411 000c 0000     		.2byte	0
 412 000e 0000     		.2byte	0
 413 0010 00000000 		.4byte	.LFB63
 414 0014 28000000 		.4byte	.LFE63-.LFB63
 415 0018 00000000 		.4byte	0
 416 001c 00000000 		.4byte	0
 417              		.section	.debug_ranges,"",%progbits
 418              	.Ldebug_ranges0:
 419 0000 00000000 		.4byte	.LFB63
 420 0004 28000000 		.4byte	.LFE63
 421 0008 00000000 		.4byte	0
 422 000c 00000000 		.4byte	0
 423              		.section	.debug_line,"",%progbits
 424              	.Ldebug_line0:
 425 0000 7B010000 		.section	.debug_str,"MS",%progbits,1
 425      02006001 
 425      00000201 
 425      FB0E0D00 
 425      01010101 
 426              	.LASF6:
 427 0000 6C6F6E67 		.ascii	"long long int\000"
 427      206C6F6E 
ARM GAS  C:\Users\Gemma\AppData\Local\Temp\ccFpFg7Z.s 			page 9


 427      6720696E 
 427      7400
 428              	.LASF3:
 429 000e 73686F72 		.ascii	"short unsigned int\000"
 429      7420756E 
 429      7369676E 
 429      65642069 
 429      6E7400
 430              	.LASF8:
 431 0021 756E7369 		.ascii	"unsigned int\000"
 431      676E6564 
 431      20696E74 
 431      00
 432              	.LASF20:
 433 002e 6D61696E 		.ascii	"main.c\000"
 433      2E6300
 434              	.LASF22:
 435 0035 6D61696E 		.ascii	"main\000"
 435      00
 436              	.LASF19:
 437 003a 474E5520 		.ascii	"GNU C11 5.4.1 20160609 (release) [ARM/embedded-5-br"
 437      43313120 
 437      352E342E 
 437      31203230 
 437      31363036 
 438 006d 616E6368 		.ascii	"anch revision 237715] -mcpu=cortex-m3 -mthumb -g -O"
 438      20726576 
 438      6973696F 
 438      6E203233 
 438      37373135 
 439 00a0 67202D66 		.ascii	"g -ffunction-sections -ffat-lto-objects\000"
 439      66756E63 
 439      74696F6E 
 439      2D736563 
 439      74696F6E 
 440              	.LASF18:
 441 00c8 43794465 		.ascii	"CyDelay\000"
 441      6C617900 
 442              	.LASF5:
 443 00d0 6C6F6E67 		.ascii	"long unsigned int\000"
 443      20756E73 
 443      69676E65 
 443      6420696E 
 443      7400
 444              	.LASF7:
 445 00e2 6C6F6E67 		.ascii	"long long unsigned int\000"
 445      206C6F6E 
 445      6720756E 
 445      7369676E 
 445      65642069 
 446              	.LASF1:
 447 00f9 756E7369 		.ascii	"unsigned char\000"
 447      676E6564 
 447      20636861 
 447      7200
 448              	.LASF13:
 449 0107 63686172 		.ascii	"char\000"
ARM GAS  C:\Users\Gemma\AppData\Local\Temp\ccFpFg7Z.s 			page 10


 449      00
 450              	.LASF4:
 451 010c 6C6F6E67 		.ascii	"long int\000"
 451      20696E74 
 451      00
 452              	.LASF12:
 453 0115 646F7562 		.ascii	"double\000"
 453      6C6500
 454              	.LASF23:
 455 011c 49544D5F 		.ascii	"ITM_RxBuffer\000"
 455      52784275 
 455      66666572 
 455      00
 456              	.LASF0:
 457 0129 7369676E 		.ascii	"signed char\000"
 457      65642063 
 457      68617200 
 458              	.LASF15:
 459 0135 6C6F6E67 		.ascii	"long double\000"
 459      20646F75 
 459      626C6500 
 460              	.LASF9:
 461 0141 5F5F696E 		.ascii	"__int32_t\000"
 461      7433325F 
 461      7400
 462              	.LASF17:
 463 014b 4C454431 		.ascii	"LED1_Write\000"
 463      5F577269 
 463      746500
 464              	.LASF21:
 465 0156 433A5C55 		.ascii	"C:\\Users\\Gemma\\Desktop\\PSoC\\GemmaQ_Assignment1"
 465      73657273 
 465      5C47656D 
 465      6D615C44 
 465      65736B74 
 466 0184 5C47656D 		.ascii	"\\GemmaQ_Assignment1.cydsn\000"
 466      6D61515F 
 466      41737369 
 466      676E6D65 
 466      6E74312E 
 467              	.LASF11:
 468 019e 666C6F61 		.ascii	"float\000"
 468      7400
 469              	.LASF2:
 470 01a4 73686F72 		.ascii	"short int\000"
 470      7420696E 
 470      7400
 471              	.LASF10:
 472 01ae 696E7433 		.ascii	"int32_t\000"
 472      325F7400 
 473              	.LASF16:
 474 01b6 42757474 		.ascii	"Button_Read\000"
 474      6F6E5F52 
 474      65616400 
 475              	.LASF14:
 476 01c2 73697A65 		.ascii	"sizetype\000"
 476      74797065 
ARM GAS  C:\Users\Gemma\AppData\Local\Temp\ccFpFg7Z.s 			page 11


 476      00
 477              		.ident	"GCC: (GNU Tools for ARM Embedded Processors) 5.4.1 20160609 (release) [ARM/embedded-5-bran
